[2026-05-03 16:07:56,829][gurobipy][INFO] - Set parameter WLSAccessID
[2026-05-03 16:07:56,829][gurobipy][INFO] - Set parameter WLSSecret
[2026-05-03 16:07:56,829][gurobipy][INFO] - Set parameter LicenseID to value 2619742
[2026-05-03 16:07:56,838][gurobipy][INFO] - Academic license 2619742 - for non-commercial use only - registered to it___@mail.huji.ac.il
[2026-05-03 16:07:56,839][gurobipy][INFO] - Set parameter OutputFlag to value 1
[2026-05-03 16:07:56,839][gurobipy][INFO] - Set parameter MIPGap to value 0
[2026-05-03 16:07:56,839][gurobipy][INFO] - Set parameter TimeLimit to value 300
[2026-05-03 16:19:09,597][gurobipy][INFO] - Set parameter NonConvex to value 2
[2026-05-03 16:19:16,121][gurobipy][INFO] - Gurobi Optimizer version 13.0.1 build v13.0.1rc0 (linux64 - "Ubuntu 22.04.5 LTS")
[2026-05-03 16:19:16,121][gurobipy][INFO] - 
[2026-05-03 16:19:16,121][gurobipy][INFO] - CPU model: Intel(R) Xeon(R) Platinum 8358 CPU @ 2.60GHz, instruction set [SSE2|AVX|AVX2|AVX512]
[2026-05-03 16:19:16,121][gurobipy][INFO] - Thread count: 64 physical cores, 128 logical processors, using up to 32 threads
[2026-05-03 16:19:16,121][gurobipy][INFO] - 
[2026-05-03 16:19:16,121][gurobipy][INFO] - Non-default parameters:
[2026-05-03 16:19:16,121][gurobipy][INFO] - TimeLimit  300
[2026-05-03 16:19:16,121][gurobipy][INFO] - MIPGap  0
[2026-05-03 16:19:16,121][gurobipy][INFO] - NonConvex  2
[2026-05-03 16:19:16,122][gurobipy][INFO] - 
[2026-05-03 16:19:16,122][gurobipy][INFO] - Academic license 2619742 - for non-commercial use only - registered to it___@mail.huji.ac.il
[2026-05-03 16:19:16,122][gurobipy][INFO] - Optimize a model with 16967095 rows, 60818 columns and 33934190 nonzeros (Min)
[2026-05-03 16:19:16,485][gurobipy][INFO] - Model fingerprint: 0xddf8ce03
[2026-05-03 16:19:16,485][gurobipy][INFO] - Model has 60818 linear objective coefficients and an objective constant of 4.9999999999999994e-01
[2026-05-03 16:19:16,486][gurobipy][INFO] - Model has 40 quadratic constraints
[2026-05-03 16:19:16,486][gurobipy][INFO] - Variable types: 20 continuous, 60798 integer (60798 binary)
[2026-05-03 16:19:16,546][gurobipy][INFO] - Coefficient statistics:
[2026-05-03 16:19:16,546][gurobipy][INFO] -   Matrix range     [1e+00, 1e+00]
[2026-05-03 16:19:16,546][gurobipy][INFO] -   QMatrix range    [1e+00, 1e+00]
[2026-05-03 16:19:16,546][gurobipy][INFO] -   QLMatrix range   [5e-03, 1e+00]
[2026-05-03 16:19:16,546][gurobipy][INFO] -   Objective range  [8e-06, 3e-02]
[2026-05-03 16:19:16,546][gurobipy][INFO] -   Bounds range     [1e+00, 1e+00]
[2026-05-03 16:19:16,546][gurobipy][INFO] -   RHS range        [1e+00, 1e+00]
[2026-05-03 16:19:16,546][gurobipy][INFO] - 
[2026-05-03 16:19:16,995][gurobipy][INFO] - Found heuristic solution: objective 0.5000000
[2026-05-03 16:19:24,911][gurobipy][INFO] - Presolve removed 0 rows and 0 columns (presolve time = 5s)...
[2026-05-03 16:19:30,091][gurobipy][INFO] - Presolve removed 0 rows and 0 columns (presolve time = 10s)...
[2026-05-03 16:19:34,744][gurobipy][INFO] - Presolve removed 0 rows and 0 columns (presolve time = 15s)...
[2026-05-03 16:19:40,146][gurobipy][INFO] - Presolve removed 0 rows and 0 columns (presolve time = 20s)...
[2026-05-03 16:19:44,781][gurobipy][INFO] - Presolve removed 0 rows and 0 columns (presolve time = 25s)...
[2026-05-03 16:19:50,105][gurobipy][INFO] - Presolve removed 0 rows and 0 columns (presolve time = 30s)...
[2026-05-03 16:19:55,458][gurobipy][INFO] - Presolve removed 0 rows and 0 columns (presolve time = 36s)...
[2026-05-03 16:19:59,685][gurobipy][INFO] - Presolve removed 716056 rows and 0 columns (presolve time = 40s)...
[2026-05-03 16:20:04,683][gurobipy][INFO] - Presolve removed 716410 rows and 0 columns (presolve time = 45s)...
[2026-05-03 16:20:09,722][gurobipy][INFO] - Presolve removed 719814 rows and 0 columns (presolve time = 50s)...
[2026-05-03 16:20:14,682][gurobipy][INFO] - Presolve removed 720348 rows and 0 columns (presolve time = 55s)...
[2026-05-03 16:20:19,686][gurobipy][INFO] - Presolve removed 725177 rows and 0 columns (presolve time = 60s)...
[2026-05-03 16:20:25,424][gurobipy][INFO] - Presolve removed 730537 rows and 0 columns (presolve time = 66s)...
[2026-05-03 16:20:29,754][gurobipy][INFO] - Presolve removed 734183 rows and 0 columns (presolve time = 70s)...
[2026-05-03 16:20:35,636][gurobipy][INFO] - Presolve removed 734189 rows and 0 columns (presolve time = 76s)...
[2026-05-03 16:20:40,467][gurobipy][INFO] - Presolve removed 735779 rows and 0 columns (presolve time = 81s)...
[2026-05-03 16:20:44,699][gurobipy][INFO] - Presolve removed 741769 rows and 0 columns (presolve time = 85s)...
[2026-05-03 16:20:49,725][gurobipy][INFO] - Presolve removed 742052 rows and 0 columns (presolve time = 90s)...
[2026-05-03 16:20:54,708][gurobipy][INFO] - Presolve removed 742138 rows and 0 columns (presolve time = 95s)...
[2026-05-03 16:21:00,220][gurobipy][INFO] - Presolve removed 742183 rows and 0 columns (presolve time = 101s)...
[2026-05-03 16:21:05,343][gurobipy][INFO] - Presolve removed 742869 rows and 0 columns (presolve time = 106s)...
[2026-05-03 16:21:10,014][gurobipy][INFO] - Presolve removed 745080 rows and 0 columns (presolve time = 110s)...
[2026-05-03 16:21:14,826][gurobipy][INFO] - Presolve removed 748688 rows and 0 columns (presolve time = 115s)...
[2026-05-03 16:21:19,796][gurobipy][INFO] - Presolve removed 751354 rows and 0 columns (presolve time = 120s)...
[2026-05-03 16:21:24,698][gurobipy][INFO] - Presolve removed 751549 rows and 0 columns (presolve time = 125s)...
[2026-05-03 16:21:30,513][gurobipy][INFO] - Presolve removed 751553 rows and 0 columns (presolve time = 131s)...
[2026-05-03 16:21:35,224][gurobipy][INFO] - Presolve removed 751632 rows and 0 columns (presolve time = 136s)...
[2026-05-03 16:21:40,047][gurobipy][INFO] - Presolve removed 756564 rows and 0 columns (presolve time = 140s)...
[2026-05-03 16:21:45,403][gurobipy][INFO] - Presolve removed 756569 rows and 0 columns (presolve time = 146s)...
[2026-05-03 16:21:49,979][gurobipy][INFO] - Presolve removed 758471 rows and 0 columns (presolve time = 150s)...
[2026-05-03 16:21:54,802][gurobipy][INFO] - Presolve removed 758471 rows and 0 columns (presolve time = 155s)...
[2026-05-03 16:22:00,238][gurobipy][INFO] - Presolve removed 758934 rows and 0 columns (presolve time = 161s)...
[2026-05-03 16:22:04,688][gurobipy][INFO] - Presolve removed 763198 rows and 0 columns (presolve time = 165s)...
[2026-05-03 16:22:10,715][gurobipy][INFO] - Presolve removed 763811 rows and 0 columns (presolve time = 171s)...
[2026-05-03 16:22:15,276][gurobipy][INFO] - Presolve removed 763814 rows and 0 columns (presolve time = 176s)...
[2026-05-03 16:22:19,746][gurobipy][INFO] - Presolve removed 768763 rows and 0 columns (presolve time = 180s)...
[2026-05-03 16:22:24,745][gurobipy][INFO] - Presolve removed 768763 rows and 0 columns (presolve time = 185s)...
[2026-05-03 16:22:30,228][gurobipy][INFO] - Presolve removed 768906 rows and 0 columns (presolve time = 191s)...
[2026-05-03 16:22:35,533][gurobipy][INFO] - Presolve removed 779255 rows and 0 columns (presolve time = 196s)...
[2026-05-03 16:22:40,676][gurobipy][INFO] - Presolve removed 784258 rows and 0 columns (presolve time = 201s)...
[2026-05-03 16:22:44,684][gurobipy][INFO] - Presolve removed 784288 rows and 0 columns (presolve time = 205s)...
[2026-05-03 16:22:50,311][gurobipy][INFO] - Presolve removed 784288 rows and 0 columns (presolve time = 211s)...
[2026-05-03 16:22:55,239][gurobipy][INFO] - Presolve removed 784303 rows and 0 columns (presolve time = 216s)...
[2026-05-03 16:23:00,426][gurobipy][INFO] - Presolve removed 785239 rows and 0 columns (presolve time = 221s)...
[2026-05-03 16:23:04,752][gurobipy][INFO] - Presolve removed 785239 rows and 0 columns (presolve time = 225s)...
[2026-05-03 16:23:10,162][gurobipy][INFO] - Presolve removed 785251 rows and 0 columns (presolve time = 230s)...
[2026-05-03 16:23:14,688][gurobipy][INFO] - Presolve removed 787151 rows and 0 columns (presolve time = 235s)...
[2026-05-03 16:23:19,849][gurobipy][INFO] - Presolve removed 789607 rows and 0 columns (presolve time = 240s)...
[2026-05-03 16:23:24,724][gurobipy][INFO] - Presolve removed 789607 rows and 0 columns (presolve time = 245s)...
[2026-05-03 16:23:30,258][gurobipy][INFO] - Presolve removed 791392 rows and 0 columns (presolve time = 251s)...
[2026-05-03 16:23:34,919][gurobipy][INFO] - Presolve removed 797609 rows and 0 columns (presolve time = 255s)...
[2026-05-03 16:23:40,358][gurobipy][INFO] - Presolve removed 800151 rows and 0 columns (presolve time = 261s)...
[2026-05-03 16:23:44,710][gurobipy][INFO] - Presolve removed 800510 rows and 0 columns (presolve time = 265s)...
[2026-05-03 16:23:50,029][gurobipy][INFO] - Presolve removed 806218 rows and 0 columns (presolve time = 270s)...
[2026-05-03 16:23:55,619][gurobipy][INFO] - Presolve removed 806218 rows and 0 columns (presolve time = 276s)...
[2026-05-03 16:23:59,713][gurobipy][INFO] - Presolve removed 806802 rows and 0 columns (presolve time = 280s)...
[2026-05-03 16:24:05,684][gurobipy][INFO] - Presolve removed 808779 rows and 0 columns (presolve time = 286s)...
[2026-05-03 16:24:10,188][gurobipy][INFO] - Presolve removed 808975 rows and 0 columns (presolve time = 291s)...
[2026-05-03 16:24:14,731][gurobipy][INFO] - Presolve removed 810792 rows and 0 columns (presolve time = 295s)...
[2026-05-03 16:24:16,992][gurobipy][INFO] - Presolve added 0 rows and 20 columns
[2026-05-03 16:24:16,993][gurobipy][INFO] - Presolve removed 812464 rows and 0 columns
[2026-05-03 16:24:16,993][gurobipy][INFO] - Presolve time: 297.31s
[2026-05-03 16:24:17,716][gurobipy][INFO] - 
[2026-05-03 16:24:17,717][gurobipy][INFO] - Explored 0 nodes (0 simplex iterations) in 301.59 seconds (179.08 work units)
[2026-05-03 16:24:17,717][gurobipy][INFO] - Thread count was 1 (of 128 available processors)
[2026-05-03 16:24:17,717][gurobipy][INFO] - 
[2026-05-03 16:24:17,717][gurobipy][INFO] - Solution count 1: 0.5 
[2026-05-03 16:24:17,717][gurobipy][INFO] - 
[2026-05-03 16:24:17,717][gurobipy][INFO] - Time limit reached
[2026-05-03 16:24:17,936][gurobipy][INFO] - Best objective 5.000000000000e-01, best bound -, gap -
