[2026-05-03 15:42:42,755][gurobipy][INFO] - Set parameter WLSAccessID
[2026-05-03 15:42:42,756][gurobipy][INFO] - Set parameter WLSSecret
[2026-05-03 15:42:42,756][gurobipy][INFO] - Set parameter LicenseID to value 2619742
[2026-05-03 15:42:42,765][gurobipy][INFO] - Academic license 2619742 - for non-commercial use only - registered to it___@mail.huji.ac.il
[2026-05-03 15:42:42,765][gurobipy][INFO] - Set parameter OutputFlag to value 1
[2026-05-03 15:42:42,766][gurobipy][INFO] - Set parameter MIPGap to value 0
[2026-05-03 15:42:42,766][gurobipy][INFO] - Set parameter TimeLimit to value 300
[2026-05-03 16:17:07,026][gurobipy][INFO] - Set parameter NonConvex to value 2
[2026-05-03 16:20:02,935][gurobipy][INFO] - Gurobi Optimizer version 13.0.1 build v13.0.1rc0 (linux64 - "Ubuntu 22.04.5 LTS")
[2026-05-03 16:20:02,936][gurobipy][INFO] - 
[2026-05-03 16:20:02,936][gurobipy][INFO] - CPU model: Intel(R) Xeon(R) Platinum 8358 CPU @ 2.60GHz, instruction set [SSE2|AVX|AVX2|AVX512]
[2026-05-03 16:20:02,936][gurobipy][INFO] - Thread count: 64 physical cores, 128 logical processors, using up to 32 threads
[2026-05-03 16:20:02,936][gurobipy][INFO] - 
[2026-05-03 16:20:02,936][gurobipy][INFO] - Non-default parameters:
[2026-05-03 16:20:02,937][gurobipy][INFO] - TimeLimit  300
[2026-05-03 16:20:02,937][gurobipy][INFO] - MIPGap  0
[2026-05-03 16:20:02,937][gurobipy][INFO] - NonConvex  2
[2026-05-03 16:20:02,937][gurobipy][INFO] - 
[2026-05-03 16:20:02,937][gurobipy][INFO] - Academic license 2619742 - for non-commercial use only - registered to it___@mail.huji.ac.il
[2026-05-03 16:20:02,937][gurobipy][INFO] - Optimize a model with 51368326 rows, 3395624 columns and 102736652 nonzeros (Min)
[2026-05-03 16:20:05,883][gurobipy][INFO] - Model fingerprint: 0x759a96b1
[2026-05-03 16:20:05,886][gurobipy][INFO] - Model has 3395624 linear objective coefficients and an objective constant of 0.5
[2026-05-03 16:20:05,886][gurobipy][INFO] - Model has 40 quadratic constraints
[2026-05-03 16:20:05,888][gurobipy][INFO] - Variable types: 20 continuous, 3395604 integer (3395604 binary)
[2026-05-03 16:20:06,320][gurobipy][INFO] - Coefficient statistics:
[2026-05-03 16:20:06,320][gurobipy][INFO] -   Matrix range     [1e+00, 1e+00]
[2026-05-03 16:20:06,320][gurobipy][INFO] -   QMatrix range    [1e+00, 1e+00]
[2026-05-03 16:20:06,320][gurobipy][INFO] -   QLMatrix range   [9e-07, 1e+00]
[2026-05-03 16:20:06,320][gurobipy][INFO] -   Objective range  [1e-07, 3e-02]
[2026-05-03 16:20:06,320][gurobipy][INFO] -   Bounds range     [1e+00, 1e+00]
[2026-05-03 16:20:06,320][gurobipy][INFO] -   RHS range        [1e+00, 1e+00]
[2026-05-03 16:20:06,320][gurobipy][INFO] - 
[2026-05-03 16:20:08,184][gurobipy][INFO] - Found heuristic solution: objective 0.5000000
[2026-05-03 16:20:30,844][gurobipy][INFO] - Presolve removed 0 rows and 0 columns (presolve time = 10s)...
[2026-05-03 16:20:33,016][gurobipy][INFO] - Presolve removed 0 rows and 0 columns (presolve time = 12s)...
[2026-05-03 16:20:47,233][gurobipy][INFO] - Presolve removed 0 rows and 0 columns (presolve time = 26s)...
[2026-05-03 16:20:52,114][gurobipy][INFO] - Presolve removed 0 rows and 0 columns (presolve time = 31s)...
[2026-05-03 16:21:05,367][gurobipy][INFO] - Presolve removed 0 rows and 0 columns (presolve time = 44s)...
[2026-05-03 16:21:07,728][gurobipy][INFO] - Presolve removed 0 rows and 0 columns (presolve time = 47s)...
[2026-05-03 16:21:15,507][gurobipy][INFO] - Presolve removed 0 rows and 0 columns (presolve time = 54s)...
[2026-05-03 16:21:26,576][gurobipy][INFO] - Presolve removed 0 rows and 0 columns (presolve time = 65s)...
[2026-05-03 16:21:33,300][gurobipy][INFO] - Presolve removed 0 rows and 0 columns (presolve time = 72s)...
