[2026-04-30 14:48:47,812][gurobipy][INFO] - Set parameter WLSAccessID
[2026-04-30 14:48:47,812][gurobipy][INFO] - Set parameter WLSSecret
[2026-04-30 14:48:47,812][gurobipy][INFO] - Set parameter LicenseID to value 2619742
[2026-04-30 14:48:47,862][gurobipy][INFO] - Academic license 2619742 - for non-commercial use only - registered to it___@mail.huji.ac.il
[2026-04-30 14:48:47,864][gurobipy][INFO] - Set parameter OutputFlag to value 1
[2026-04-30 14:48:47,864][gurobipy][INFO] - Set parameter MIPGap to value 0
[2026-04-30 14:48:47,864][gurobipy][INFO] - Set parameter TimeLimit to value 300
[2026-04-30 14:49:03,023][gurobipy][INFO] - Set parameter NonConvex to value 2
[2026-04-30 14:49:03,292][gurobipy][INFO] - Gurobi Optimizer version 13.0.1 build v13.0.1rc0 (linux64 - "Ubuntu 22.04.5 LTS")
[2026-04-30 14:49:03,292][gurobipy][INFO] - 
[2026-04-30 14:49:03,292][gurobipy][INFO] - CPU model: Intel(R) Xeon(R) Platinum 8358 CPU @ 2.60GHz, instruction set [SSE2|AVX|AVX2|AVX512]
[2026-04-30 14:49:03,292][gurobipy][INFO] - Thread count: 64 physical cores, 128 logical processors, using up to 32 threads
[2026-04-30 14:49:03,292][gurobipy][INFO] - 
[2026-04-30 14:49:03,292][gurobipy][INFO] - Non-default parameters:
[2026-04-30 14:49:03,292][gurobipy][INFO] - TimeLimit  300
[2026-04-30 14:49:03,292][gurobipy][INFO] - MIPGap  0
[2026-04-30 14:49:03,292][gurobipy][INFO] - NonConvex  2
[2026-04-30 14:49:03,292][gurobipy][INFO] - 
[2026-04-30 14:49:03,293][gurobipy][INFO] - Academic license 2619742 - for non-commercial use only - registered to it___@mail.huji.ac.il
[2026-04-30 14:49:03,293][gurobipy][INFO] - Optimize a model with 301870 rows, 5020 columns and 603740 nonzeros (Min)
[2026-04-30 14:49:03,301][gurobipy][INFO] - Model fingerprint: 0xa835fb29
[2026-04-30 14:49:03,301][gurobipy][INFO] - Model has 5020 linear objective coefficients and an objective constant of 0.5
[2026-04-30 14:49:03,301][gurobipy][INFO] - Model has 40 quadratic constraints
[2026-04-30 14:49:03,301][gurobipy][INFO] - Variable types: 20 continuous, 5000 integer (5000 binary)
[2026-04-30 14:49:03,303][gurobipy][INFO] - Coefficient statistics:
[2026-04-30 14:49:03,303][gurobipy][INFO] -   Matrix range     [1e+00, 1e+00]
[2026-04-30 14:49:03,303][gurobipy][INFO] -   QMatrix range    [1e+00, 1e+00]
[2026-04-30 14:49:03,303][gurobipy][INFO] -   QLMatrix range   [2e-04, 1e+00]
[2026-04-30 14:49:03,303][gurobipy][INFO] -   Objective range  [1e-04, 3e-02]
[2026-04-30 14:49:03,303][gurobipy][INFO] -   Bounds range     [1e+00, 1e+00]
[2026-04-30 14:49:03,303][gurobipy][INFO] -   RHS range        [1e+00, 1e+00]
[2026-04-30 14:49:03,303][gurobipy][INFO] - 
[2026-04-30 14:49:03,310][gurobipy][INFO] - Found heuristic solution: objective 0.5000000
[2026-04-30 14:49:08,387][gurobipy][INFO] - Presolve removed 114039 rows and 0 columns (presolve time = 5s)...
[2026-04-30 14:49:13,386][gurobipy][INFO] - Presolve removed 114690 rows and 0 columns (presolve time = 10s)...
[2026-04-30 14:49:18,428][gurobipy][INFO] - Presolve removed 114690 rows and 0 columns (presolve time = 15s)...
[2026-04-30 14:49:23,380][gurobipy][INFO] - Presolve removed 114690 rows and 0 columns (presolve time = 20s)...
[2026-04-30 14:49:28,413][gurobipy][INFO] - Presolve removed 114690 rows and 0 columns (presolve time = 25s)...
[2026-04-30 14:49:33,414][gurobipy][INFO] - Presolve removed 114690 rows and 0 columns (presolve time = 30s)...
[2026-04-30 14:49:38,446][gurobipy][INFO] - Presolve removed 114690 rows and 0 columns (presolve time = 35s)...
[2026-04-30 14:49:43,691][gurobipy][INFO] - Presolve removed 114690 rows and 0 columns (presolve time = 40s)...
[2026-04-30 14:49:43,691][gurobipy][INFO] - Presolve added 0 rows and 14 columns
[2026-04-30 14:49:43,691][gurobipy][INFO] - Presolve removed 114662 rows and 0 columns
[2026-04-30 14:49:43,691][gurobipy][INFO] - Presolve time: 40.35s
[2026-04-30 14:49:43,692][gurobipy][INFO] - Presolved: 387228 rows, 305034 columns, 1225981 nonzeros
[2026-04-30 14:49:43,692][gurobipy][INFO] - Presolved model has 200000 SOS constraint(s)
[2026-04-30 14:49:45,178][gurobipy][INFO] - Variable types: 200034 continuous, 105000 integer (105000 binary)
[2026-04-30 14:53:23,587][gurobipy][INFO] - 
[2026-04-30 14:53:23,588][gurobipy][INFO] - Deterministic concurrent LP optimizer: primal simplex, dual simplex, and barrier
[2026-04-30 14:53:23,588][gurobipy][INFO] - Showing barrier log only...
[2026-04-30 14:53:23,588][gurobipy][INFO] - 
[2026-04-30 14:53:26,905][gurobipy][INFO] - Root barrier log...
[2026-04-30 14:53:26,905][gurobipy][INFO] - 
[2026-04-30 14:53:33,116][gurobipy][INFO] - Elapsed ordering time = 5s
[2026-04-30 14:53:38,116][gurobipy][INFO] - Elapsed ordering time = 10s
[2026-04-30 14:53:40,744][gurobipy][INFO] - Ordering time: 12.63s
[2026-04-30 14:53:41,407][gurobipy][INFO] - 
[2026-04-30 14:53:41,407][gurobipy][INFO] - Barrier statistics:
[2026-04-30 14:53:41,407][gurobipy][INFO] -  Dense cols : 169
[2026-04-30 14:53:41,407][gurobipy][INFO] -  AA' NZ     : 1.654e+07
[2026-04-30 14:53:41,407][gurobipy][INFO] -  Factor NZ  : 3.477e+07 (roughly 500 MB of memory)
[2026-04-30 14:53:41,407][gurobipy][INFO] -  Factor Ops : 5.191e+09 (less than 1 second per iteration)
[2026-04-30 14:53:41,407][gurobipy][INFO] -  Threads    : 30
[2026-04-30 14:53:44,562][gurobipy][INFO] - 
[2026-04-30 14:53:44,562][gurobipy][INFO] -                   Objective                Residual
[2026-04-30 14:53:44,562][gurobipy][INFO] - Iter       Primal          Dual         Primal    Dual     Compl     Time
[2026-04-30 14:53:44,775][gurobipy][INFO] -    0   7.81970012e+01 -3.49340362e+04  3.49e+04 5.50e-05  1.46e+00   281s
[2026-04-30 14:53:48,140][gurobipy][INFO] -    1   8.42049334e+00 -2.82483915e+04  7.20e+03 2.53e-02  3.67e-01   285s
[2026-04-30 14:53:51,590][gurobipy][INFO] -    2   8.36214015e+00 -2.60522660e+04  5.62e+03 1.86e-02  2.66e-01   288s
[2026-04-30 14:53:56,027][gurobipy][INFO] -    3   5.90412464e+00 -1.99071672e+04  2.60e+03 3.49e-03  1.09e-01   293s
[2026-04-30 14:54:00,026][gurobipy][INFO] -    4   5.03105422e+00 -1.32944512e+04  1.61e+03 9.65e-04  5.59e-02   297s
[2026-04-30 14:54:02,927][gurobipy][INFO] -    5   4.54158131e+00 -5.25516125e+03  1.05e+03 3.45e-13  1.92e-02   300s
[2026-04-30 14:54:03,831][gurobipy][INFO] - 
[2026-04-30 14:54:03,832][gurobipy][INFO] - Barrier performed 5 iterations in 300.41 seconds (177.64 work units)
[2026-04-30 14:54:03,832][gurobipy][INFO] - Time limit reached
[2026-04-30 14:54:03,832][gurobipy][INFO] - 
[2026-04-30 14:54:04,502][gurobipy][INFO] - 
[2026-04-30 14:54:04,507][gurobipy][INFO] - 
[2026-04-30 14:54:04,507][gurobipy][INFO] - Root relaxation: time limit, 12358 iterations, 40.92 seconds (23.53 work units)
[2026-04-30 14:54:04,574][gurobipy][INFO] - 
[2026-04-30 14:54:04,574][gurobipy][INFO] -     Nodes    |    Current Node    |     Objective Bounds      |     Work
[2026-04-30 14:54:04,574][gurobipy][INFO] -  Expl Unexpl |  Obj  Depth IntInf | Incumbent    BestBd   Gap | It/Node Time
[2026-04-30 14:54:04,574][gurobipy][INFO] - 
[2026-04-30 14:54:04,574][gurobipy][INFO] -      0     0          -    0         0.50000    0.00000   100%     -  301s
[2026-04-30 14:54:04,747][gurobipy][INFO] - 
[2026-04-30 14:54:04,747][gurobipy][INFO] - Explored 1 nodes (12358 simplex iterations) in 301.45 seconds (159.72 work units)
[2026-04-30 14:54:04,747][gurobipy][INFO] - Thread count was 32 (of 128 available processors)
[2026-04-30 14:54:04,747][gurobipy][INFO] - 
[2026-04-30 14:54:04,747][gurobipy][INFO] - Solution count 1: 0.5 
[2026-04-30 14:54:04,747][gurobipy][INFO] - 
[2026-04-30 14:54:04,747][gurobipy][INFO] - Time limit reached
[2026-04-30 14:54:04,828][gurobipy][INFO] - Best objective 5.000000000000e-01, best bound 3.875049695186e-14, gap 100.0000%
