[2026-05-03 16:07:36,593][gurobipy][INFO] - Set parameter WLSAccessID
[2026-05-03 16:07:36,593][gurobipy][INFO] - Set parameter WLSSecret
[2026-05-03 16:07:36,593][gurobipy][INFO] - Set parameter LicenseID to value 2619742
[2026-05-03 16:07:36,602][gurobipy][INFO] - Academic license 2619742 - for non-commercial use only - registered to it___@mail.huji.ac.il
[2026-05-03 16:07:36,603][gurobipy][INFO] - Set parameter OutputFlag to value 1
[2026-05-03 16:07:36,603][gurobipy][INFO] - Set parameter MIPGap to value 0
[2026-05-03 16:07:36,603][gurobipy][INFO] - Set parameter TimeLimit to value 300
[2026-05-03 16:12:04,989][gurobipy][INFO] - Set parameter NonConvex to value 2
[2026-05-03 16:12:09,522][gurobipy][INFO] - Gurobi Optimizer version 13.0.1 build v13.0.1rc0 (linux64 - "Ubuntu 22.04.5 LTS")
[2026-05-03 16:12:09,522][gurobipy][INFO] - 
[2026-05-03 16:12:09,522][gurobipy][INFO] - CPU model: Intel(R) Xeon(R) Platinum 8358 CPU @ 2.60GHz, instruction set [SSE2|AVX|AVX2|AVX512]
[2026-05-03 16:12:09,522][gurobipy][INFO] - Thread count: 64 physical cores, 128 logical processors, using up to 32 threads
[2026-05-03 16:12:09,522][gurobipy][INFO] - 
[2026-05-03 16:12:09,522][gurobipy][INFO] - Non-default parameters:
[2026-05-03 16:12:09,522][gurobipy][INFO] - TimeLimit  300
[2026-05-03 16:12:09,522][gurobipy][INFO] - MIPGap  0
[2026-05-03 16:12:09,522][gurobipy][INFO] - NonConvex  2
[2026-05-03 16:12:09,522][gurobipy][INFO] - 
[2026-05-03 16:12:09,523][gurobipy][INFO] - Academic license 2619742 - for non-commercial use only - registered to it___@mail.huji.ac.il
[2026-05-03 16:12:09,523][gurobipy][INFO] - Optimize a model with 6758283 rows, 60818 columns and 13516566 nonzeros (Min)
[2026-05-03 16:12:09,688][gurobipy][INFO] - Model fingerprint: 0x4983002f
[2026-05-03 16:12:09,688][gurobipy][INFO] - Model has 60818 linear objective coefficients and an objective constant of 4.9999999999999994e-01
[2026-05-03 16:12:09,688][gurobipy][INFO] - Model has 40 quadratic constraints
[2026-05-03 16:12:09,688][gurobipy][INFO] - Variable types: 20 continuous, 60798 integer (60798 binary)
[2026-05-03 16:12:09,719][gurobipy][INFO] - Coefficient statistics:
[2026-05-03 16:12:09,719][gurobipy][INFO] -   Matrix range     [1e+00, 1e+00]
[2026-05-03 16:12:09,719][gurobipy][INFO] -   QMatrix range    [1e+00, 1e+00]
[2026-05-03 16:12:09,719][gurobipy][INFO] -   QLMatrix range   [2e-04, 1e+00]
[2026-05-03 16:12:09,719][gurobipy][INFO] -   Objective range  [8e-06, 3e-02]
[2026-05-03 16:12:09,719][gurobipy][INFO] -   Bounds range     [1e+00, 1e+00]
[2026-05-03 16:12:09,719][gurobipy][INFO] -   RHS range        [1e+00, 1e+00]
[2026-05-03 16:12:09,719][gurobipy][INFO] - 
[2026-05-03 16:12:09,909][gurobipy][INFO] - Found heuristic solution: objective 0.5000000
[2026-05-03 16:12:16,822][gurobipy][INFO] - Presolve removed 0 rows and 0 columns (presolve time = 6s)...
[2026-05-03 16:12:21,012][gurobipy][INFO] - Presolve removed 0 rows and 0 columns (presolve time = 10s)...
[2026-05-03 16:12:26,011][gurobipy][INFO] - Presolve removed 0 rows and 0 columns (presolve time = 15s)...
[2026-05-03 16:12:31,048][gurobipy][INFO] - Presolve removed 389885 rows and 0 columns (presolve time = 20s)...
[2026-05-03 16:12:36,373][gurobipy][INFO] - Presolve removed 397577 rows and 0 columns (presolve time = 25s)...
[2026-05-03 16:12:41,051][gurobipy][INFO] - Presolve removed 400609 rows and 0 columns (presolve time = 30s)...
[2026-05-03 16:12:46,187][gurobipy][INFO] - Presolve removed 400699 rows and 0 columns (presolve time = 35s)...
[2026-05-03 16:12:51,017][gurobipy][INFO] - Presolve removed 400699 rows and 0 columns (presolve time = 40s)...
[2026-05-03 16:12:56,319][gurobipy][INFO] - Presolve removed 400699 rows and 0 columns (presolve time = 45s)...
[2026-05-03 16:13:01,484][gurobipy][INFO] - Presolve removed 400699 rows and 0 columns (presolve time = 50s)...
[2026-05-03 16:13:06,276][gurobipy][INFO] - Presolve removed 403087 rows and 0 columns (presolve time = 55s)...
[2026-05-03 16:13:11,291][gurobipy][INFO] - Presolve removed 403087 rows and 0 columns (presolve time = 60s)...
[2026-05-03 16:13:16,058][gurobipy][INFO] - Presolve removed 403087 rows and 0 columns (presolve time = 65s)...
[2026-05-03 16:13:21,015][gurobipy][INFO] - Presolve removed 406867 rows and 0 columns (presolve time = 70s)...
[2026-05-03 16:13:26,267][gurobipy][INFO] - Presolve removed 407777 rows and 0 columns (presolve time = 75s)...
[2026-05-03 16:13:31,240][gurobipy][INFO] - Presolve removed 408318 rows and 0 columns (presolve time = 80s)...
[2026-05-03 16:13:36,278][gurobipy][INFO] - Presolve removed 408318 rows and 0 columns (presolve time = 85s)...
[2026-05-03 16:13:41,317][gurobipy][INFO] - Presolve removed 408318 rows and 0 columns (presolve time = 90s)...
[2026-05-03 16:13:46,143][gurobipy][INFO] - Presolve removed 408767 rows and 0 columns (presolve time = 95s)...
[2026-05-03 16:13:51,015][gurobipy][INFO] - Presolve removed 412973 rows and 0 columns (presolve time = 100s)...
[2026-05-03 16:13:56,034][gurobipy][INFO] - Presolve removed 415326 rows and 0 columns (presolve time = 105s)...
[2026-05-03 16:14:01,350][gurobipy][INFO] - Presolve removed 415468 rows and 0 columns (presolve time = 110s)...
[2026-05-03 16:14:06,420][gurobipy][INFO] - Presolve removed 420760 rows and 0 columns (presolve time = 115s)...
[2026-05-03 16:14:11,190][gurobipy][INFO] - Presolve removed 425358 rows and 0 columns (presolve time = 120s)...
[2026-05-03 16:14:16,009][gurobipy][INFO] - Presolve removed 425358 rows and 0 columns (presolve time = 125s)...
[2026-05-03 16:14:21,011][gurobipy][INFO] - Presolve removed 425358 rows and 0 columns (presolve time = 130s)...
[2026-05-03 16:14:26,421][gurobipy][INFO] - Presolve removed 425358 rows and 0 columns (presolve time = 135s)...
[2026-05-03 16:14:31,147][gurobipy][INFO] - Presolve removed 425358 rows and 0 columns (presolve time = 140s)...
[2026-05-03 16:14:36,061][gurobipy][INFO] - Presolve removed 425358 rows and 0 columns (presolve time = 145s)...
[2026-05-03 16:14:41,040][gurobipy][INFO] - Presolve removed 425358 rows and 0 columns (presolve time = 150s)...
[2026-05-03 16:14:46,108][gurobipy][INFO] - Presolve removed 425358 rows and 0 columns (presolve time = 155s)...
[2026-05-03 16:14:51,144][gurobipy][INFO] - Presolve removed 425358 rows and 0 columns (presolve time = 160s)...
[2026-05-03 16:14:56,114][gurobipy][INFO] - Presolve removed 425358 rows and 0 columns (presolve time = 165s)...
[2026-05-03 16:15:01,115][gurobipy][INFO] - Presolve removed 425358 rows and 0 columns (presolve time = 170s)...
[2026-05-03 16:15:06,323][gurobipy][INFO] - Presolve removed 425358 rows and 0 columns (presolve time = 175s)...
[2026-05-03 16:15:11,332][gurobipy][INFO] - Presolve removed 425358 rows and 0 columns (presolve time = 180s)...
[2026-05-03 16:15:16,131][gurobipy][INFO] - Presolve removed 425358 rows and 0 columns (presolve time = 185s)...
[2026-05-03 16:15:21,269][gurobipy][INFO] - Presolve removed 425358 rows and 0 columns (presolve time = 190s)...
[2026-05-03 16:15:26,377][gurobipy][INFO] - Presolve removed 425358 rows and 0 columns (presolve time = 195s)...
[2026-05-03 16:15:31,335][gurobipy][INFO] - Presolve removed 425358 rows and 0 columns (presolve time = 200s)...
[2026-05-03 16:15:36,359][gurobipy][INFO] - Presolve removed 425358 rows and 0 columns (presolve time = 205s)...
[2026-05-03 16:15:41,136][gurobipy][INFO] - Presolve removed 425358 rows and 0 columns (presolve time = 210s)...
[2026-05-03 16:15:46,407][gurobipy][INFO] - Presolve removed 425358 rows and 0 columns (presolve time = 215s)...
[2026-05-03 16:15:51,070][gurobipy][INFO] - Presolve removed 425358 rows and 0 columns (presolve time = 220s)...
[2026-05-03 16:15:56,248][gurobipy][INFO] - Presolve removed 425358 rows and 0 columns (presolve time = 225s)...
[2026-05-03 16:16:01,704][gurobipy][INFO] - Presolve removed 425358 rows and 0 columns (presolve time = 231s)...
[2026-05-03 16:16:06,010][gurobipy][INFO] - Presolve removed 425358 rows and 0 columns (presolve time = 235s)...
[2026-05-03 16:16:11,257][gurobipy][INFO] - Presolve removed 425358 rows and 0 columns (presolve time = 240s)...
[2026-05-03 16:16:16,451][gurobipy][INFO] - Presolve removed 425358 rows and 0 columns (presolve time = 245s)...
[2026-05-03 16:16:29,378][gurobipy][INFO] - Presolve removed 425359 rows and 1 columns (presolve time = 258s)...
[2026-05-03 16:16:29,378][gurobipy][INFO] - Presolve added 0 rows and 23 columns
[2026-05-03 16:16:29,378][gurobipy][INFO] - Presolve removed 425315 rows and 0 columns
[2026-05-03 16:16:29,378][gurobipy][INFO] - Presolve time: 258.37s
[2026-05-03 16:16:29,431][gurobipy][INFO] - Presolved: 8764908 rows, 3708721 columns, 22453850 nonzeros
[2026-05-03 16:16:29,432][gurobipy][INFO] - Presolved model has 2431920 SOS constraint(s)
[2026-05-03 16:16:54,376][gurobipy][INFO] - Variable types: 2431960 continuous, 1276761 integer (1276758 binary)
[2026-05-03 16:17:09,885][gurobipy][INFO] - 
[2026-05-03 16:17:09,885][gurobipy][INFO] - Explored 1 nodes (0 simplex iterations) in 300.36 seconds (207.04 work units)
[2026-05-03 16:17:09,885][gurobipy][INFO] - Thread count was 32 (of 128 available processors)
[2026-05-03 16:17:09,885][gurobipy][INFO] - 
[2026-05-03 16:17:09,885][gurobipy][INFO] - Solution count 1: 0.5 
[2026-05-03 16:17:09,885][gurobipy][INFO] - 
[2026-05-03 16:17:09,885][gurobipy][INFO] - Time limit reached
[2026-05-03 16:17:09,971][gurobipy][INFO] - Best objective 5.000000000000e-01, best bound -5.732534808173e-13, gap 100.0000%
