[2026-05-03 16:07:35,249][gurobipy][INFO] - Set parameter WLSAccessID
[2026-05-03 16:07:35,249][gurobipy][INFO] - Set parameter WLSSecret
[2026-05-03 16:07:35,250][gurobipy][INFO] - Set parameter LicenseID to value 2619742
[2026-05-03 16:07:35,280][gurobipy][INFO] - Academic license 2619742 - for non-commercial use only - registered to it___@mail.huji.ac.il
[2026-05-03 16:07:35,282][gurobipy][INFO] - Set parameter OutputFlag to value 1
[2026-05-03 16:07:35,283][gurobipy][INFO] - Set parameter MIPGap to value 0
[2026-05-03 16:07:35,283][gurobipy][INFO] - Set parameter TimeLimit to value 300
[2026-05-03 16:08:42,522][gurobipy][INFO] - Set parameter NonConvex to value 2
[2026-05-03 16:08:45,362][gurobipy][INFO] - Gurobi Optimizer version 13.0.1 build v13.0.1rc0 (linux64 - "Ubuntu 22.04.5 LTS")
[2026-05-03 16:08:45,362][gurobipy][INFO] - 
[2026-05-03 16:08:45,362][gurobipy][INFO] - CPU model: Intel(R) Xeon(R) Platinum 8358 CPU @ 2.60GHz, instruction set [SSE2|AVX|AVX2|AVX512]
[2026-05-03 16:08:45,362][gurobipy][INFO] - Thread count: 64 physical cores, 128 logical processors, using up to 32 threads
[2026-05-03 16:08:45,363][gurobipy][INFO] - 
[2026-05-03 16:08:45,363][gurobipy][INFO] - Non-default parameters:
[2026-05-03 16:08:45,363][gurobipy][INFO] - TimeLimit  300
[2026-05-03 16:08:45,363][gurobipy][INFO] - MIPGap  0
[2026-05-03 16:08:45,363][gurobipy][INFO] - NonConvex  2
[2026-05-03 16:08:45,363][gurobipy][INFO] - 
[2026-05-03 16:08:45,363][gurobipy][INFO] - Academic license 2619742 - for non-commercial use only - registered to it___@mail.huji.ac.il
[2026-05-03 16:08:45,363][gurobipy][INFO] - Optimize a model with 1671692 rows, 60818 columns and 3343384 nonzeros (Min)
[2026-05-03 16:08:45,429][gurobipy][INFO] - Model fingerprint: 0x2c2992f0
[2026-05-03 16:08:45,429][gurobipy][INFO] - Model has 60818 linear objective coefficients and an objective constant of 4.9999999999999994e-01
[2026-05-03 16:08:45,429][gurobipy][INFO] - Model has 40 quadratic constraints
[2026-05-03 16:08:45,429][gurobipy][INFO] - Variable types: 20 continuous, 60798 integer (60798 binary)
[2026-05-03 16:08:45,439][gurobipy][INFO] - Coefficient statistics:
[2026-05-03 16:08:45,439][gurobipy][INFO] -   Matrix range     [1e+00, 1e+00]
[2026-05-03 16:08:45,439][gurobipy][INFO] -   QMatrix range    [1e+00, 1e+00]
[2026-05-03 16:08:45,440][gurobipy][INFO] -   QLMatrix range   [1e-04, 1e+00]
[2026-05-03 16:08:45,440][gurobipy][INFO] -   Objective range  [8e-06, 3e-02]
[2026-05-03 16:08:45,440][gurobipy][INFO] -   Bounds range     [1e+00, 1e+00]
[2026-05-03 16:08:45,440][gurobipy][INFO] -   RHS range        [1e+00, 1e+00]
[2026-05-03 16:08:45,440][gurobipy][INFO] - 
[2026-05-03 16:08:45,476][gurobipy][INFO] - Found heuristic solution: objective 0.5000000
[2026-05-03 16:08:50,681][gurobipy][INFO] - Presolve removed 0 rows and 0 columns (presolve time = 5s)...
[2026-05-03 16:08:55,798][gurobipy][INFO] - Presolve removed 232400 rows and 0 columns (presolve time = 10s)...
[2026-05-03 16:09:00,680][gurobipy][INFO] - Presolve removed 235948 rows and 0 columns (presolve time = 15s)...
[2026-05-03 16:09:05,739][gurobipy][INFO] - Presolve removed 236069 rows and 0 columns (presolve time = 20s)...
[2026-05-03 16:09:10,693][gurobipy][INFO] - Presolve removed 236069 rows and 0 columns (presolve time = 25s)...
[2026-05-03 16:09:15,685][gurobipy][INFO] - Presolve removed 236069 rows and 0 columns (presolve time = 30s)...
[2026-05-03 16:09:20,740][gurobipy][INFO] - Presolve removed 236069 rows and 0 columns (presolve time = 35s)...
[2026-05-03 16:09:28,675][gurobipy][INFO] - Presolve removed 236069 rows and 0 columns (presolve time = 43s)...
[2026-05-03 16:09:28,675][gurobipy][INFO] - Presolve added 0 rows and 20 columns
[2026-05-03 16:09:28,675][gurobipy][INFO] - Presolve removed 236029 rows and 0 columns
[2026-05-03 16:09:28,675][gurobipy][INFO] - Presolve time: 42.99s
[2026-05-03 16:09:28,686][gurobipy][INFO] - Presolved: 3867603 rows, 3708718 columns, 12834312 nonzeros
[2026-05-03 16:09:28,686][gurobipy][INFO] - Presolved model has 2431920 SOS constraint(s)
[2026-05-03 16:09:43,234][gurobipy][INFO] - Variable types: 2431960 continuous, 1276758 integer (1276758 binary)
[2026-05-03 16:13:46,047][gurobipy][INFO] - 
[2026-05-03 16:13:46,047][gurobipy][INFO] - Explored 1 nodes (0 simplex iterations) in 300.68 seconds (546.44 work units)
[2026-05-03 16:13:46,047][gurobipy][INFO] - Thread count was 32 (of 128 available processors)
[2026-05-03 16:13:46,047][gurobipy][INFO] - 
[2026-05-03 16:13:46,047][gurobipy][INFO] - Solution count 1: 0.5 
[2026-05-03 16:13:46,047][gurobipy][INFO] - 
[2026-05-03 16:13:46,047][gurobipy][INFO] - Time limit reached
[2026-05-03 16:13:46,067][gurobipy][INFO] - Best objective 5.000000000000e-01, best bound -5.732534808173e-13, gap 100.0000%
