[2026-05-03 17:39:42,972][gurobipy][INFO] - Set parameter WLSAccessID
[2026-05-03 17:39:42,972][gurobipy][INFO] - Set parameter WLSSecret
[2026-05-03 17:39:42,972][gurobipy][INFO] - Set parameter LicenseID to value 2619742
[2026-05-03 17:39:43,184][gurobipy][INFO] - Academic license 2619742 - for non-commercial use only - registered to it___@mail.huji.ac.il
[2026-05-03 17:39:43,186][gurobipy][INFO] - Set parameter OutputFlag to value 1
[2026-05-03 17:39:43,186][gurobipy][INFO] - Set parameter MIPGap to value 0
[2026-05-03 17:39:43,186][gurobipy][INFO] - Set parameter TimeLimit to value 300
[2026-05-03 17:43:01,025][gurobipy][INFO] - Set parameter NonConvex to value 2
[2026-05-03 17:43:50,109][gurobipy][INFO] - Gurobi Optimizer version 13.0.1 build v13.0.1rc0 (linux64 - "Ubuntu 22.04.5 LTS")
[2026-05-03 17:43:50,110][gurobipy][INFO] - 
[2026-05-03 17:43:50,110][gurobipy][INFO] - CPU model: Intel(R) Xeon(R) Platinum 8358 CPU @ 2.60GHz, instruction set [SSE2|AVX|AVX2|AVX512]
[2026-05-03 17:43:50,110][gurobipy][INFO] - Thread count: 64 physical cores, 128 logical processors, using up to 32 threads
[2026-05-03 17:43:50,110][gurobipy][INFO] - 
[2026-05-03 17:43:50,110][gurobipy][INFO] - Non-default parameters:
[2026-05-03 17:43:50,110][gurobipy][INFO] - TimeLimit  300
[2026-05-03 17:43:50,110][gurobipy][INFO] - MIPGap  0
[2026-05-03 17:43:50,110][gurobipy][INFO] - NonConvex  2
[2026-05-03 17:43:50,111][gurobipy][INFO] - 
[2026-05-03 17:43:50,111][gurobipy][INFO] - Academic license 2619742 - for non-commercial use only - registered to it___@mail.huji.ac.il
[2026-05-03 17:43:50,111][gurobipy][INFO] - Optimize a model with 175951 rows, 999930 columns and 351902 nonzeros (Min)
[2026-05-03 17:43:50,692][gurobipy][INFO] - Model fingerprint: 0x07e5ffa7
[2026-05-03 17:43:50,692][gurobipy][INFO] - Model has 999930 linear objective coefficients and an objective constant of 0.5
[2026-05-03 17:43:50,692][gurobipy][INFO] - Model has 40 quadratic constraints
[2026-05-03 17:43:50,693][gurobipy][INFO] - Variable types: 20 continuous, 999910 integer (999910 binary)
[2026-05-03 17:43:50,773][gurobipy][INFO] - Coefficient statistics:
[2026-05-03 17:43:50,773][gurobipy][INFO] -   Matrix range     [1e+00, 1e+00]
[2026-05-03 17:43:50,773][gurobipy][INFO] -   QMatrix range    [1e+00, 1e+00]
[2026-05-03 17:43:50,774][gurobipy][INFO] -   QLMatrix range   [4e-05, 1e+00]
[2026-05-03 17:43:50,774][gurobipy][INFO] -   Objective range  [5e-07, 3e-02]
[2026-05-03 17:43:50,774][gurobipy][INFO] -   Bounds range     [1e+00, 1e+00]
[2026-05-03 17:43:50,774][gurobipy][INFO] -   RHS range        [1e+00, 1e+00]
[2026-05-03 17:43:50,774][gurobipy][INFO] - 
[2026-05-03 17:43:50,988][gurobipy][INFO] - Found heuristic solution: objective 0.5000000
[2026-05-03 17:44:00,038][gurobipy][INFO] - Presolve removed 0 rows and 0 columns (presolve time = 8s)...
[2026-05-03 17:44:03,491][gurobipy][INFO] - Presolve removed 0 rows and 0 columns (presolve time = 11s)...
[2026-05-03 17:44:07,432][gurobipy][INFO] - Presolve removed 0 rows and 0 columns (presolve time = 15s)...
[2026-05-03 17:44:12,953][gurobipy][INFO] - Presolve removed 19643 rows and 0 columns (presolve time = 21s)...
[2026-05-03 17:44:17,586][gurobipy][INFO] - Presolve removed 19643 rows and 0 columns (presolve time = 25s)...
[2026-05-03 17:44:22,496][gurobipy][INFO] - Presolve removed 19643 rows and 0 columns (presolve time = 30s)...
[2026-05-03 17:44:27,364][gurobipy][INFO] - Presolve removed 19643 rows and 0 columns (presolve time = 35s)...
[2026-05-03 17:44:34,695][gurobipy][INFO] - Presolve removed 19643 rows and 0 columns (presolve time = 42s)...
[2026-05-03 17:44:37,402][gurobipy][INFO] - Presolve removed 19643 rows and 0 columns (presolve time = 45s)...
[2026-05-03 17:44:42,835][gurobipy][INFO] - Presolve removed 19643 rows and 0 columns (presolve time = 50s)...
[2026-05-03 17:45:54,358][gurobipy][INFO] - Presolve removed 19643 rows and 0 columns (presolve time = 122s)...
[2026-05-03 17:45:54,359][gurobipy][INFO] - Presolve added 0 rows and 20 columns
[2026-05-03 17:45:54,359][gurobipy][INFO] - Presolve removed 19603 rows and 0 columns
[2026-05-03 17:45:54,359][gurobipy][INFO] - Presolve time: 122.00s
[2026-05-03 17:45:54,478][gurobipy][INFO] - Presolved: 40152768 rows, 60994550 columns, 160317915 nonzeros
[2026-05-03 17:45:54,478][gurobipy][INFO] - Presolved model has 39996400 SOS constraint(s)
