[2026-05-03 16:09:51,553][gurobipy][INFO] - Set parameter WLSAccessID
[2026-05-03 16:09:51,553][gurobipy][INFO] - Set parameter WLSSecret
[2026-05-03 16:09:51,553][gurobipy][INFO] - Set parameter LicenseID to value 2619742
[2026-05-03 16:09:51,605][gurobipy][INFO] - Academic license 2619742 - for non-commercial use only - registered to it___@mail.huji.ac.il
[2026-05-03 16:09:51,606][gurobipy][INFO] - Set parameter OutputFlag to value 1
[2026-05-03 16:09:51,607][gurobipy][INFO] - Set parameter MIPGap to value 0
[2026-05-03 16:09:51,607][gurobipy][INFO] - Set parameter TimeLimit to value 300
[2026-05-03 16:21:31,079][gurobipy][INFO] - Set parameter NonConvex to value 2
[2026-05-03 16:21:37,644][gurobipy][INFO] - Gurobi Optimizer version 13.0.1 build v13.0.1rc0 (linux64 - "Ubuntu 22.04.5 LTS")
[2026-05-03 16:21:37,644][gurobipy][INFO] - 
[2026-05-03 16:21:37,645][gurobipy][INFO] - CPU model: Intel(R) Xeon(R) Platinum 8358 CPU @ 2.60GHz, instruction set [SSE2|AVX|AVX2|AVX512]
[2026-05-03 16:21:37,645][gurobipy][INFO] - Thread count: 64 physical cores, 128 logical processors, using up to 32 threads
[2026-05-03 16:21:37,645][gurobipy][INFO] - 
[2026-05-03 16:21:37,645][gurobipy][INFO] - Non-default parameters:
[2026-05-03 16:21:37,645][gurobipy][INFO] - TimeLimit  300
[2026-05-03 16:21:37,645][gurobipy][INFO] - MIPGap  0
[2026-05-03 16:21:37,645][gurobipy][INFO] - NonConvex  2
[2026-05-03 16:21:37,645][gurobipy][INFO] - 
[2026-05-03 16:21:37,645][gurobipy][INFO] - Academic license 2619742 - for non-commercial use only - registered to it___@mail.huji.ac.il
[2026-05-03 16:21:37,645][gurobipy][INFO] - Optimize a model with 16695634 rows, 60818 columns and 33391268 nonzeros (Min)
[2026-05-03 16:21:38,003][gurobipy][INFO] - Model fingerprint: 0xcc50fd5b
[2026-05-03 16:21:38,003][gurobipy][INFO] - Model has 60818 linear objective coefficients and an objective constant of 4.9999999999999994e-01
[2026-05-03 16:21:38,003][gurobipy][INFO] - Model has 40 quadratic constraints
[2026-05-03 16:21:38,003][gurobipy][INFO] - Variable types: 20 continuous, 60798 integer (60798 binary)
[2026-05-03 16:21:38,061][gurobipy][INFO] - Coefficient statistics:
[2026-05-03 16:21:38,062][gurobipy][INFO] -   Matrix range     [1e+00, 1e+00]
[2026-05-03 16:21:38,062][gurobipy][INFO] -   QMatrix range    [1e+00, 1e+00]
[2026-05-03 16:21:38,062][gurobipy][INFO] -   QLMatrix range   [5e-03, 1e+00]
[2026-05-03 16:21:38,062][gurobipy][INFO] -   Objective range  [8e-06, 3e-02]
[2026-05-03 16:21:38,062][gurobipy][INFO] -   Bounds range     [1e+00, 1e+00]
[2026-05-03 16:21:38,062][gurobipy][INFO] -   RHS range        [1e+00, 1e+00]
[2026-05-03 16:21:38,062][gurobipy][INFO] - 
[2026-05-03 16:21:38,500][gurobipy][INFO] - Found heuristic solution: objective 0.5000000
[2026-05-03 16:21:46,196][gurobipy][INFO] - Presolve removed 0 rows and 0 columns (presolve time = 5s)...
[2026-05-03 16:21:51,316][gurobipy][INFO] - Presolve removed 0 rows and 0 columns (presolve time = 10s)...
[2026-05-03 16:21:57,834][gurobipy][INFO] - Presolve removed 0 rows and 0 columns (presolve time = 17s)...
[2026-05-03 16:22:01,363][gurobipy][INFO] - Presolve removed 0 rows and 0 columns (presolve time = 20s)...
[2026-05-03 16:22:06,314][gurobipy][INFO] - Presolve removed 0 rows and 0 columns (presolve time = 25s)...
[2026-05-03 16:22:11,109][gurobipy][INFO] - Presolve removed 0 rows and 0 columns (presolve time = 30s)...
[2026-05-03 16:22:16,110][gurobipy][INFO] - Presolve removed 0 rows and 0 columns (presolve time = 35s)...
[2026-05-03 16:22:21,130][gurobipy][INFO] - Presolve removed 780649 rows and 0 columns (presolve time = 40s)...
[2026-05-03 16:22:26,125][gurobipy][INFO] - Presolve removed 781032 rows and 0 columns (presolve time = 45s)...
[2026-05-03 16:22:31,123][gurobipy][INFO] - Presolve removed 781383 rows and 0 columns (presolve time = 50s)...
[2026-05-03 16:22:37,018][gurobipy][INFO] - Presolve removed 789235 rows and 0 columns (presolve time = 56s)...
[2026-05-03 16:22:41,133][gurobipy][INFO] - Presolve removed 795458 rows and 0 columns (presolve time = 60s)...
[2026-05-03 16:22:46,685][gurobipy][INFO] - Presolve removed 800541 rows and 0 columns (presolve time = 66s)...
[2026-05-03 16:22:51,840][gurobipy][INFO] - Presolve removed 802663 rows and 0 columns (presolve time = 71s)...
[2026-05-03 16:22:56,750][gurobipy][INFO] - Presolve removed 806494 rows and 0 columns (presolve time = 76s)...
[2026-05-03 16:23:01,123][gurobipy][INFO] - Presolve removed 806494 rows and 0 columns (presolve time = 80s)...
[2026-05-03 16:23:06,348][gurobipy][INFO] - Presolve removed 809200 rows and 0 columns (presolve time = 85s)...
[2026-05-03 16:23:11,471][gurobipy][INFO] - Presolve removed 810434 rows and 0 columns (presolve time = 90s)...
[2026-05-03 16:23:16,445][gurobipy][INFO] - Presolve removed 813608 rows and 0 columns (presolve time = 95s)...
[2026-05-03 16:23:22,076][gurobipy][INFO] - Presolve removed 815864 rows and 0 columns (presolve time = 101s)...
[2026-05-03 16:23:26,849][gurobipy][INFO] - Presolve removed 816245 rows and 0 columns (presolve time = 106s)...
[2026-05-03 16:23:31,316][gurobipy][INFO] - Presolve removed 818867 rows and 0 columns (presolve time = 110s)...
[2026-05-03 16:23:36,268][gurobipy][INFO] - Presolve removed 825655 rows and 0 columns (presolve time = 115s)...
[2026-05-03 16:23:41,916][gurobipy][INFO] - Presolve removed 826137 rows and 0 columns (presolve time = 121s)...
[2026-05-03 16:23:46,122][gurobipy][INFO] - Presolve removed 827590 rows and 0 columns (presolve time = 125s)...
[2026-05-03 16:23:51,180][gurobipy][INFO] - Presolve removed 827590 rows and 0 columns (presolve time = 130s)...
[2026-05-03 16:23:56,116][gurobipy][INFO] - Presolve removed 827590 rows and 0 columns (presolve time = 135s)...
[2026-05-03 16:24:01,669][gurobipy][INFO] - Presolve removed 831785 rows and 0 columns (presolve time = 141s)...
[2026-05-03 16:24:07,143][gurobipy][INFO] - Presolve removed 833445 rows and 0 columns (presolve time = 146s)...
[2026-05-03 16:24:11,246][gurobipy][INFO] - Presolve removed 833445 rows and 0 columns (presolve time = 150s)...
[2026-05-03 16:24:16,469][gurobipy][INFO] - Presolve removed 837940 rows and 0 columns (presolve time = 155s)...
[2026-05-03 16:24:21,109][gurobipy][INFO] - Presolve removed 843251 rows and 0 columns (presolve time = 160s)...
[2026-05-03 16:24:26,521][gurobipy][INFO] - Presolve removed 844033 rows and 0 columns (presolve time = 165s)...
[2026-05-03 16:24:31,112][gurobipy][INFO] - Presolve removed 847970 rows and 0 columns (presolve time = 170s)...
[2026-05-03 16:24:36,121][gurobipy][INFO] - Presolve removed 856000 rows and 0 columns (presolve time = 175s)...
[2026-05-03 16:24:41,769][gurobipy][INFO] - Presolve removed 862618 rows and 0 columns (presolve time = 181s)...
[2026-05-03 16:24:46,880][gurobipy][INFO] - Presolve removed 867071 rows and 0 columns (presolve time = 186s)...
[2026-05-03 16:24:51,220][gurobipy][INFO] - Presolve removed 867133 rows and 0 columns (presolve time = 190s)...
[2026-05-03 16:24:56,317][gurobipy][INFO] - Presolve removed 871829 rows and 0 columns (presolve time = 195s)...
[2026-05-03 16:25:01,671][gurobipy][INFO] - Presolve removed 872022 rows and 0 columns (presolve time = 201s)...
[2026-05-03 16:25:06,180][gurobipy][INFO] - Presolve removed 879870 rows and 0 columns (presolve time = 205s)...
[2026-05-03 16:25:11,604][gurobipy][INFO] - Presolve removed 882433 rows and 0 columns (presolve time = 210s)...
[2026-05-03 16:25:16,118][gurobipy][INFO] - Presolve removed 887066 rows and 0 columns (presolve time = 215s)...
[2026-05-03 16:25:21,561][gurobipy][INFO] - Presolve removed 888288 rows and 0 columns (presolve time = 220s)...
[2026-05-03 16:25:26,126][gurobipy][INFO] - Presolve removed 888346 rows and 0 columns (presolve time = 225s)...
[2026-05-03 16:25:32,134][gurobipy][INFO] - Presolve removed 898538 rows and 0 columns (presolve time = 231s)...
[2026-05-03 16:25:37,047][gurobipy][INFO] - Presolve removed 899808 rows and 0 columns (presolve time = 236s)...
[2026-05-03 16:25:41,347][gurobipy][INFO] - Presolve removed 902532 rows and 0 columns (presolve time = 240s)...
[2026-05-03 16:25:46,279][gurobipy][INFO] - Presolve removed 903163 rows and 0 columns (presolve time = 245s)...
[2026-05-03 16:25:51,844][gurobipy][INFO] - Presolve removed 903163 rows and 0 columns (presolve time = 251s)...
[2026-05-03 16:25:56,904][gurobipy][INFO] - Presolve removed 910566 rows and 0 columns (presolve time = 256s)...
[2026-05-03 16:26:01,126][gurobipy][INFO] - Presolve removed 913124 rows and 0 columns (presolve time = 260s)...
[2026-05-03 16:26:06,621][gurobipy][INFO] - Presolve removed 916345 rows and 0 columns (presolve time = 266s)...
[2026-05-03 16:26:11,673][gurobipy][INFO] - Presolve removed 916345 rows and 0 columns (presolve time = 271s)...
[2026-05-03 16:26:16,995][gurobipy][INFO] - Presolve removed 920184 rows and 0 columns (presolve time = 276s)...
[2026-05-03 16:26:21,250][gurobipy][INFO] - Presolve removed 926177 rows and 0 columns (presolve time = 280s)...
[2026-05-03 16:26:26,580][gurobipy][INFO] - Presolve removed 928758 rows and 0 columns (presolve time = 285s)...
[2026-05-03 16:26:31,436][gurobipy][INFO] - Presolve removed 934165 rows and 0 columns (presolve time = 290s)...
[2026-05-03 16:26:36,145][gurobipy][INFO] - Presolve removed 939211 rows and 0 columns (presolve time = 295s)...
[2026-05-03 16:26:38,505][gurobipy][INFO] - Presolve added 0 rows and 20 columns
[2026-05-03 16:26:38,505][gurobipy][INFO] - Presolve removed 940629 rows and 0 columns
[2026-05-03 16:26:38,505][gurobipy][INFO] - Presolve time: 297.40s
[2026-05-03 16:26:39,169][gurobipy][INFO] - 
[2026-05-03 16:26:39,169][gurobipy][INFO] - Explored 0 nodes (0 simplex iterations) in 301.52 seconds (184.53 work units)
[2026-05-03 16:26:39,170][gurobipy][INFO] - Thread count was 1 (of 128 available processors)
[2026-05-03 16:26:39,170][gurobipy][INFO] - 
[2026-05-03 16:26:39,170][gurobipy][INFO] - Solution count 1: 0.5 
[2026-05-03 16:26:39,170][gurobipy][INFO] - 
[2026-05-03 16:26:39,170][gurobipy][INFO] - Time limit reached
[2026-05-03 16:26:39,376][gurobipy][INFO] - Best objective 5.000000000000e-01, best bound -, gap -
