[2026-05-03 16:16:23,273][gurobipy][INFO] - Set parameter WLSAccessID
[2026-05-03 16:16:23,273][gurobipy][INFO] - Set parameter WLSSecret
[2026-05-03 16:16:23,273][gurobipy][INFO] - Set parameter LicenseID to value 2619742
[2026-05-03 16:16:23,284][gurobipy][INFO] - Academic license 2619742 - for non-commercial use only - registered to it___@mail.huji.ac.il
[2026-05-03 16:16:23,285][gurobipy][INFO] - Set parameter OutputFlag to value 1
[2026-05-03 16:16:23,285][gurobipy][INFO] - Set parameter MIPGap to value 0
[2026-05-03 16:16:23,285][gurobipy][INFO] - Set parameter TimeLimit to value 300
[2026-05-03 16:20:52,455][gurobipy][INFO] - Set parameter NonConvex to value 2
[2026-05-03 16:20:56,559][gurobipy][INFO] - Gurobi Optimizer version 13.0.1 build v13.0.1rc0 (linux64 - "Ubuntu 22.04.5 LTS")
[2026-05-03 16:20:56,559][gurobipy][INFO] - 
[2026-05-03 16:20:56,559][gurobipy][INFO] - CPU model: Intel(R) Xeon(R) Platinum 8358 CPU @ 2.60GHz, instruction set [SSE2|AVX|AVX2|AVX512]
[2026-05-03 16:20:56,559][gurobipy][INFO] - Thread count: 64 physical cores, 128 logical processors, using up to 32 threads
[2026-05-03 16:20:56,559][gurobipy][INFO] - 
[2026-05-03 16:20:56,559][gurobipy][INFO] - Non-default parameters:
[2026-05-03 16:20:56,559][gurobipy][INFO] - TimeLimit  300
[2026-05-03 16:20:56,559][gurobipy][INFO] - MIPGap  0
[2026-05-03 16:20:56,559][gurobipy][INFO] - NonConvex  2
[2026-05-03 16:20:56,560][gurobipy][INFO] - 
[2026-05-03 16:20:56,560][gurobipy][INFO] - Academic license 2619742 - for non-commercial use only - registered to it___@mail.huji.ac.il
[2026-05-03 16:20:56,560][gurobipy][INFO] - Optimize a model with 6730418 rows, 60818 columns and 13460836 nonzeros (Min)
[2026-05-03 16:20:56,725][gurobipy][INFO] - Model fingerprint: 0xc79b2c84
[2026-05-03 16:20:56,725][gurobipy][INFO] - Model has 60818 linear objective coefficients and an objective constant of 4.9999999999999994e-01
[2026-05-03 16:20:56,725][gurobipy][INFO] - Model has 40 quadratic constraints
[2026-05-03 16:20:56,725][gurobipy][INFO] - Variable types: 20 continuous, 60798 integer (60798 binary)
[2026-05-03 16:20:56,751][gurobipy][INFO] - Coefficient statistics:
[2026-05-03 16:20:56,752][gurobipy][INFO] -   Matrix range     [1e+00, 1e+00]
[2026-05-03 16:20:56,752][gurobipy][INFO] -   QMatrix range    [1e+00, 1e+00]
[2026-05-03 16:20:56,752][gurobipy][INFO] -   QLMatrix range   [3e-05, 1e+00]
[2026-05-03 16:20:56,752][gurobipy][INFO] -   Objective range  [8e-06, 3e-02]
[2026-05-03 16:20:56,752][gurobipy][INFO] -   Bounds range     [1e+00, 1e+00]
[2026-05-03 16:20:56,752][gurobipy][INFO] -   RHS range        [1e+00, 1e+00]
[2026-05-03 16:20:56,752][gurobipy][INFO] - 
[2026-05-03 16:20:56,933][gurobipy][INFO] - Found heuristic solution: objective 0.5000000
[2026-05-03 16:21:03,388][gurobipy][INFO] - Presolve removed 0 rows and 0 columns (presolve time = 5s)...
[2026-05-03 16:21:08,314][gurobipy][INFO] - Presolve removed 0 rows and 0 columns (presolve time = 10s)...
[2026-05-03 16:21:13,409][gurobipy][INFO] - Presolve removed 0 rows and 0 columns (presolve time = 15s)...
[2026-05-03 16:21:18,084][gurobipy][INFO] - Presolve removed 395283 rows and 0 columns (presolve time = 20s)...
[2026-05-03 16:21:23,118][gurobipy][INFO] - Presolve removed 402224 rows and 0 columns (presolve time = 25s)...
[2026-05-03 16:21:28,019][gurobipy][INFO] - Presolve removed 409899 rows and 0 columns (presolve time = 30s)...
[2026-05-03 16:21:33,428][gurobipy][INFO] - Presolve removed 421686 rows and 0 columns (presolve time = 35s)...
[2026-05-03 16:21:38,274][gurobipy][INFO] - Presolve removed 423750 rows and 0 columns (presolve time = 40s)...
[2026-05-03 16:21:43,258][gurobipy][INFO] - Presolve removed 431725 rows and 0 columns (presolve time = 45s)...
[2026-05-03 16:21:48,213][gurobipy][INFO] - Presolve removed 436345 rows and 0 columns (presolve time = 50s)...
[2026-05-03 16:21:53,294][gurobipy][INFO] - Presolve removed 439399 rows and 0 columns (presolve time = 55s)...
[2026-05-03 16:21:58,254][gurobipy][INFO] - Presolve removed 440229 rows and 0 columns (presolve time = 60s)...
[2026-05-03 16:22:03,077][gurobipy][INFO] - Presolve removed 440241 rows and 0 columns (presolve time = 65s)...
[2026-05-03 16:22:08,389][gurobipy][INFO] - Presolve removed 440241 rows and 0 columns (presolve time = 70s)...
[2026-05-03 16:22:13,014][gurobipy][INFO] - Presolve removed 441045 rows and 0 columns (presolve time = 75s)...
[2026-05-03 16:22:18,187][gurobipy][INFO] - Presolve removed 446056 rows and 0 columns (presolve time = 80s)...
[2026-05-03 16:22:23,315][gurobipy][INFO] - Presolve removed 452528 rows and 0 columns (presolve time = 85s)...
[2026-05-03 16:22:28,433][gurobipy][INFO] - Presolve removed 457632 rows and 0 columns (presolve time = 90s)...
[2026-05-03 16:22:33,071][gurobipy][INFO] - Presolve removed 458867 rows and 0 columns (presolve time = 95s)...
[2026-05-03 16:22:38,150][gurobipy][INFO] - Presolve removed 467532 rows and 0 columns (presolve time = 100s)...
[2026-05-03 16:22:42,997][gurobipy][INFO] - Presolve removed 467532 rows and 0 columns (presolve time = 105s)...
[2026-05-03 16:22:47,999][gurobipy][INFO] - Presolve removed 467532 rows and 0 columns (presolve time = 110s)...
[2026-05-03 16:22:53,055][gurobipy][INFO] - Presolve removed 467532 rows and 0 columns (presolve time = 115s)...
[2026-05-03 16:22:58,125][gurobipy][INFO] - Presolve removed 467532 rows and 0 columns (presolve time = 120s)...
[2026-05-03 16:23:03,163][gurobipy][INFO] - Presolve removed 467532 rows and 0 columns (presolve time = 125s)...
[2026-05-03 16:23:08,202][gurobipy][INFO] - Presolve removed 467532 rows and 0 columns (presolve time = 130s)...
[2026-05-03 16:23:13,342][gurobipy][INFO] - Presolve removed 467532 rows and 0 columns (presolve time = 135s)...
[2026-05-03 16:23:18,257][gurobipy][INFO] - Presolve removed 467532 rows and 0 columns (presolve time = 140s)...
[2026-05-03 16:23:23,321][gurobipy][INFO] - Presolve removed 467532 rows and 0 columns (presolve time = 145s)...
[2026-05-03 16:23:28,101][gurobipy][INFO] - Presolve removed 467532 rows and 0 columns (presolve time = 150s)...
[2026-05-03 16:23:33,390][gurobipy][INFO] - Presolve removed 467532 rows and 0 columns (presolve time = 155s)...
[2026-05-03 16:23:38,290][gurobipy][INFO] - Presolve removed 467532 rows and 0 columns (presolve time = 160s)...
[2026-05-03 16:23:43,108][gurobipy][INFO] - Presolve removed 467532 rows and 0 columns (presolve time = 165s)...
[2026-05-03 16:23:48,088][gurobipy][INFO] - Presolve removed 467532 rows and 0 columns (presolve time = 170s)...
[2026-05-03 16:23:53,236][gurobipy][INFO] - Presolve removed 467532 rows and 0 columns (presolve time = 175s)...
[2026-05-03 16:23:58,346][gurobipy][INFO] - Presolve removed 467532 rows and 0 columns (presolve time = 180s)...
[2026-05-03 16:24:03,434][gurobipy][INFO] - Presolve removed 467532 rows and 0 columns (presolve time = 185s)...
[2026-05-03 16:24:08,183][gurobipy][INFO] - Presolve removed 467532 rows and 0 columns (presolve time = 190s)...
[2026-05-03 16:24:13,011][gurobipy][INFO] - Presolve removed 467532 rows and 0 columns (presolve time = 195s)...
[2026-05-03 16:24:18,023][gurobipy][INFO] - Presolve removed 467532 rows and 0 columns (presolve time = 200s)...
[2026-05-03 16:24:23,064][gurobipy][INFO] - Presolve removed 467532 rows and 0 columns (presolve time = 205s)...
[2026-05-03 16:24:32,027][gurobipy][INFO] - Presolve removed 467532 rows and 0 columns (presolve time = 214s)...
[2026-05-03 16:24:33,003][gurobipy][INFO] - Presolve removed 467532 rows and 0 columns (presolve time = 215s)...
[2026-05-03 16:24:39,788][gurobipy][INFO] - Presolve removed 467532 rows and 0 columns (presolve time = 222s)...
[2026-05-03 16:24:43,724][gurobipy][INFO] - Presolve removed 467532 rows and 0 columns (presolve time = 226s)...
[2026-05-03 16:24:48,063][gurobipy][INFO] - Presolve removed 467532 rows and 0 columns (presolve time = 230s)...
[2026-05-03 16:24:59,858][gurobipy][INFO] - Presolve removed 467534 rows and 2 columns (presolve time = 242s)...
[2026-05-03 16:24:59,859][gurobipy][INFO] - Presolve added 0 rows and 24 columns
[2026-05-03 16:24:59,859][gurobipy][INFO] - Presolve removed 467488 rows and 0 columns
[2026-05-03 16:24:59,859][gurobipy][INFO] - Presolve time: 241.86s
[2026-05-03 16:24:59,908][gurobipy][INFO] - Presolved: 8694870 rows, 3708722 columns, 22190520 nonzeros
[2026-05-03 16:24:59,908][gurobipy][INFO] - Presolved model has 2431920 SOS constraint(s)
[2026-05-03 16:25:24,357][gurobipy][INFO] - Variable types: 2431960 continuous, 1276762 integer (1276758 binary)
[2026-05-03 16:25:56,821][gurobipy][INFO] - 
[2026-05-03 16:25:56,822][gurobipy][INFO] - Explored 1 nodes (0 simplex iterations) in 300.26 seconds (223.89 work units)
[2026-05-03 16:25:56,822][gurobipy][INFO] - Thread count was 32 (of 128 available processors)
[2026-05-03 16:25:56,822][gurobipy][INFO] - 
[2026-05-03 16:25:56,822][gurobipy][INFO] - Solution count 1: 0.5 
[2026-05-03 16:25:56,822][gurobipy][INFO] - 
[2026-05-03 16:25:56,822][gurobipy][INFO] - Time limit reached
[2026-05-03 16:25:56,892][gurobipy][INFO] - Best objective 5.000000000000e-01, best bound -5.732534808173e-13, gap 100.0000%
