[2026-05-03 15:39:44,726][gurobipy][INFO] - Set parameter WLSAccessID
[2026-05-03 15:39:44,726][gurobipy][INFO] - Set parameter WLSSecret
[2026-05-03 15:39:44,726][gurobipy][INFO] - Set parameter LicenseID to value 2619742
[2026-05-03 15:39:44,734][gurobipy][INFO] - Academic license 2619742 - for non-commercial use only - registered to it___@mail.huji.ac.il
[2026-05-03 15:39:44,734][gurobipy][INFO] - Set parameter OutputFlag to value 1
[2026-05-03 15:39:44,735][gurobipy][INFO] - Set parameter MIPGap to value 0
[2026-05-03 15:39:44,735][gurobipy][INFO] - Set parameter TimeLimit to value 300
[2026-05-03 15:45:50,387][gurobipy][INFO] - Gurobi Optimizer version 13.0.1 build v13.0.1rc0 (linux64 - "Ubuntu 22.04.5 LTS")
[2026-05-03 15:45:50,387][gurobipy][INFO] - 
[2026-05-03 15:45:50,387][gurobipy][INFO] - CPU model: Intel(R) Xeon(R) Platinum 8358 CPU @ 2.60GHz, instruction set [SSE2|AVX|AVX2|AVX512]
[2026-05-03 15:45:50,387][gurobipy][INFO] - Thread count: 64 physical cores, 128 logical processors, using up to 32 threads
[2026-05-03 15:45:50,388][gurobipy][INFO] - 
[2026-05-03 15:45:50,388][gurobipy][INFO] - Non-default parameters:
[2026-05-03 15:45:50,388][gurobipy][INFO] - TimeLimit  300
[2026-05-03 15:45:50,388][gurobipy][INFO] - MIPGap  0
[2026-05-03 15:45:50,388][gurobipy][INFO] - 
[2026-05-03 15:45:50,388][gurobipy][INFO] - Academic license 2619742 - for non-commercial use only - registered to it___@mail.huji.ac.il
[2026-05-03 15:45:50,388][gurobipy][INFO] - Optimize a model with 9165481 rows, 48842 columns and 18330962 nonzeros (Min)
[2026-05-03 15:45:50,569][gurobipy][INFO] - Model fingerprint: 0x253686a8
[2026-05-03 15:45:50,569][gurobipy][INFO] - Model has 48842 linear objective coefficients and an objective constant of 1
[2026-05-03 15:45:50,569][gurobipy][INFO] - Variable types: 0 continuous, 48842 integer (48842 binary)
[2026-05-03 15:45:50,600][gurobipy][INFO] - Coefficient statistics:
[2026-05-03 15:45:50,600][gurobipy][INFO] -   Matrix range     [1e+00, 1e+00]
[2026-05-03 15:45:50,600][gurobipy][INFO] -   Objective range  [2e-05, 2e-05]
[2026-05-03 15:45:50,600][gurobipy][INFO] -   Bounds range     [1e+00, 1e+00]
[2026-05-03 15:45:50,600][gurobipy][INFO] -   RHS range        [1e+00, 1e+00]
[2026-05-03 15:45:50,600][gurobipy][INFO] - 
[2026-05-03 15:45:51,094][gurobipy][INFO] - Found heuristic solution: objective 0.0102166
[2026-05-03 15:45:58,084][gurobipy][INFO] - Presolve removed 0 rows and 0 columns (presolve time = 5s)...
[2026-05-03 15:46:03,006][gurobipy][INFO] - Presolve removed 0 rows and 0 columns (presolve time = 10s)...
[2026-05-03 15:46:08,390][gurobipy][INFO] - Presolve removed 0 rows and 0 columns (presolve time = 16s)...
[2026-05-03 15:46:12,948][gurobipy][INFO] - Presolve removed 0 rows and 0 columns (presolve time = 20s)...
[2026-05-03 15:46:17,886][gurobipy][INFO] - Presolve removed 0 rows and 0 columns (presolve time = 25s)...
[2026-05-03 15:46:22,922][gurobipy][INFO] - Presolve removed 436565 rows and 0 columns (presolve time = 30s)...
[2026-05-03 15:46:27,900][gurobipy][INFO] - Presolve removed 436934 rows and 0 columns (presolve time = 35s)...
[2026-05-03 15:46:32,896][gurobipy][INFO] - Presolve removed 437258 rows and 0 columns (presolve time = 40s)...
[2026-05-03 15:46:37,937][gurobipy][INFO] - Presolve removed 437576 rows and 0 columns (presolve time = 45s)...
[2026-05-03 15:46:42,972][gurobipy][INFO] - Presolve removed 437893 rows and 0 columns (presolve time = 50s)...
[2026-05-03 15:46:47,926][gurobipy][INFO] - Presolve removed 438222 rows and 0 columns (presolve time = 55s)...
[2026-05-03 15:46:52,922][gurobipy][INFO] - Presolve removed 438571 rows and 0 columns (presolve time = 60s)...
[2026-05-03 15:46:57,943][gurobipy][INFO] - Presolve removed 438841 rows and 0 columns (presolve time = 65s)...
[2026-05-03 15:47:02,924][gurobipy][INFO] - Presolve removed 439043 rows and 0 columns (presolve time = 70s)...
[2026-05-03 15:47:07,894][gurobipy][INFO] - Presolve removed 439236 rows and 0 columns (presolve time = 75s)...
[2026-05-03 15:47:12,931][gurobipy][INFO] - Presolve removed 439477 rows and 0 columns (presolve time = 80s)...
[2026-05-03 15:47:17,986][gurobipy][INFO] - Presolve removed 439789 rows and 0 columns (presolve time = 85s)...
[2026-05-03 15:47:22,922][gurobipy][INFO] - Presolve removed 439967 rows and 0 columns (presolve time = 90s)...
[2026-05-03 15:47:27,906][gurobipy][INFO] - Presolve removed 440137 rows and 0 columns (presolve time = 95s)...
[2026-05-03 15:47:32,953][gurobipy][INFO] - Presolve removed 440333 rows and 0 columns (presolve time = 100s)...
[2026-05-03 15:47:37,916][gurobipy][INFO] - Presolve removed 440568 rows and 0 columns (presolve time = 105s)...
[2026-05-03 15:47:42,914][gurobipy][INFO] - Presolve removed 440842 rows and 0 columns (presolve time = 110s)...
[2026-05-03 15:47:47,954][gurobipy][INFO] - Presolve removed 441130 rows and 0 columns (presolve time = 115s)...
[2026-05-03 15:47:52,944][gurobipy][INFO] - Presolve removed 441389 rows and 0 columns (presolve time = 120s)...
[2026-05-03 15:47:57,887][gurobipy][INFO] - Presolve removed 441561 rows and 0 columns (presolve time = 125s)...
[2026-05-03 15:48:03,177][gurobipy][INFO] - Presolve removed 444570 rows and 0 columns (presolve time = 130s)...
[2026-05-03 15:48:08,042][gurobipy][INFO] - Presolve removed 447358 rows and 0 columns (presolve time = 135s)...
[2026-05-03 15:48:12,977][gurobipy][INFO] - Presolve removed 451336 rows and 0 columns (presolve time = 140s)...
[2026-05-03 15:48:18,297][gurobipy][INFO] - Presolve removed 457619 rows and 0 columns (presolve time = 145s)...
[2026-05-03 15:48:23,029][gurobipy][INFO] - Presolve removed 459083 rows and 0 columns (presolve time = 150s)...
[2026-05-03 15:48:28,039][gurobipy][INFO] - Presolve removed 461521 rows and 0 columns (presolve time = 155s)...
[2026-05-03 15:48:32,928][gurobipy][INFO] - Presolve removed 462222 rows and 0 columns (presolve time = 160s)...
[2026-05-03 15:48:37,926][gurobipy][INFO] - Presolve removed 464883 rows and 0 columns (presolve time = 165s)...
[2026-05-03 15:48:42,894][gurobipy][INFO] - Presolve removed 465657 rows and 0 columns (presolve time = 170s)...
[2026-05-03 15:48:48,283][gurobipy][INFO] - Presolve removed 467432 rows and 0 columns (presolve time = 175s)...
[2026-05-03 15:48:52,898][gurobipy][INFO] - Presolve removed 467882 rows and 0 columns (presolve time = 180s)...
[2026-05-03 15:48:57,998][gurobipy][INFO] - Presolve removed 467907 rows and 0 columns (presolve time = 185s)...
[2026-05-03 15:49:02,917][gurobipy][INFO] - Presolve removed 468212 rows and 0 columns (presolve time = 190s)...
[2026-05-03 15:49:07,905][gurobipy][INFO] - Presolve removed 468270 rows and 0 columns (presolve time = 195s)...
[2026-05-03 15:49:12,964][gurobipy][INFO] - Presolve removed 469711 rows and 0 columns (presolve time = 200s)...
[2026-05-03 15:49:18,780][gurobipy][INFO] - Presolve removed 470162 rows and 0 columns (presolve time = 206s)...
[2026-05-03 15:49:23,382][gurobipy][INFO] - Presolve removed 475974 rows and 0 columns (presolve time = 210s)...
[2026-05-03 15:49:27,905][gurobipy][INFO] - Presolve removed 476102 rows and 0 columns (presolve time = 215s)...
[2026-05-03 15:49:32,887][gurobipy][INFO] - Presolve removed 476326 rows and 0 columns (presolve time = 220s)...
[2026-05-03 15:49:37,904][gurobipy][INFO] - Presolve removed 477039 rows and 0 columns (presolve time = 225s)...
[2026-05-03 15:49:42,903][gurobipy][INFO] - Presolve removed 481210 rows and 0 columns (presolve time = 230s)...
[2026-05-03 15:49:48,244][gurobipy][INFO] - Presolve removed 481331 rows and 0 columns (presolve time = 235s)...
[2026-05-03 15:49:53,224][gurobipy][INFO] - Presolve removed 481819 rows and 0 columns (presolve time = 240s)...
[2026-05-03 15:49:58,800][gurobipy][INFO] - Presolve removed 481819 rows and 0 columns (presolve time = 246s)...
[2026-05-03 15:50:03,027][gurobipy][INFO] - Presolve removed 489218 rows and 0 columns (presolve time = 250s)...
[2026-05-03 15:50:07,896][gurobipy][INFO] - Presolve removed 489445 rows and 0 columns (presolve time = 255s)...
[2026-05-03 15:50:13,118][gurobipy][INFO] - Presolve removed 497509 rows and 0 columns (presolve time = 260s)...
[2026-05-03 15:50:18,179][gurobipy][INFO] - Presolve removed 497523 rows and 0 columns (presolve time = 265s)...
[2026-05-03 15:50:23,211][gurobipy][INFO] - Presolve removed 497714 rows and 0 columns (presolve time = 270s)...
[2026-05-03 15:50:27,891][gurobipy][INFO] - Presolve removed 498978 rows and 0 columns (presolve time = 275s)...
[2026-05-03 15:50:33,165][gurobipy][INFO] - Presolve removed 499379 rows and 0 columns (presolve time = 280s)...
[2026-05-03 15:50:37,915][gurobipy][INFO] - Presolve removed 500244 rows and 0 columns (presolve time = 285s)...
[2026-05-03 15:50:42,897][gurobipy][INFO] - Presolve removed 500317 rows and 0 columns (presolve time = 290s)...
[2026-05-03 15:50:47,988][gurobipy][INFO] - Presolve removed 500786 rows and 0 columns (presolve time = 295s)...
[2026-05-03 15:50:51,183][gurobipy][INFO] - Presolve removed 500788 rows and 0 columns
[2026-05-03 15:50:51,183][gurobipy][INFO] - Presolve time: 298.30s
[2026-05-03 15:50:51,770][gurobipy][INFO] - 
[2026-05-03 15:50:51,771][gurobipy][INFO] - Explored 0 nodes (0 simplex iterations) in 301.38 seconds (123.46 work units)
[2026-05-03 15:50:51,771][gurobipy][INFO] - Thread count was 1 (of 128 available processors)
[2026-05-03 15:50:51,771][gurobipy][INFO] - 
[2026-05-03 15:50:51,771][gurobipy][INFO] - Solution count 1: 0.0102166 
[2026-05-03 15:50:51,771][gurobipy][INFO] - 
[2026-05-03 15:50:51,771][gurobipy][INFO] - Time limit reached
[2026-05-03 15:50:51,906][gurobipy][INFO] - Best objective 1.021661684605e-02, best bound -, gap -
