[2026-05-03 17:39:22,169][gurobipy][INFO] - Set parameter WLSAccessID
[2026-05-03 17:39:22,170][gurobipy][INFO] - Set parameter WLSSecret
[2026-05-03 17:39:22,170][gurobipy][INFO] - Set parameter LicenseID to value 2619742
[2026-05-03 17:39:22,199][gurobipy][INFO] - Academic license 2619742 - for non-commercial use only - registered to it___@mail.huji.ac.il
[2026-05-03 17:39:22,201][gurobipy][INFO] - Set parameter OutputFlag to value 1
[2026-05-03 17:39:22,201][gurobipy][INFO] - Set parameter MIPGap to value 0
[2026-05-03 17:39:22,202][gurobipy][INFO] - Set parameter TimeLimit to value 300
[2026-05-03 17:43:39,562][gurobipy][INFO] - Set parameter NonConvex to value 2
[2026-05-03 17:44:29,058][gurobipy][INFO] - Gurobi Optimizer version 13.0.1 build v13.0.1rc0 (linux64 - "Ubuntu 22.04.5 LTS")
[2026-05-03 17:44:29,059][gurobipy][INFO] - 
[2026-05-03 17:44:29,059][gurobipy][INFO] - CPU model: Intel(R) Xeon(R) Platinum 8358 CPU @ 2.60GHz, instruction set [SSE2|AVX|AVX2|AVX512]
[2026-05-03 17:44:29,059][gurobipy][INFO] - Thread count: 64 physical cores, 128 logical processors, using up to 32 threads
[2026-05-03 17:44:29,059][gurobipy][INFO] - 
[2026-05-03 17:44:29,059][gurobipy][INFO] - Non-default parameters:
[2026-05-03 17:44:29,059][gurobipy][INFO] - TimeLimit  300
[2026-05-03 17:44:29,059][gurobipy][INFO] - MIPGap  0
[2026-05-03 17:44:29,059][gurobipy][INFO] - NonConvex  2
[2026-05-03 17:44:29,059][gurobipy][INFO] - 
[2026-05-03 17:44:29,059][gurobipy][INFO] - Academic license 2619742 - for non-commercial use only - registered to it___@mail.huji.ac.il
[2026-05-03 17:44:29,059][gurobipy][INFO] - Optimize a model with 1677714 rows, 999930 columns and 3355428 nonzeros (Min)
[2026-05-03 17:44:29,711][gurobipy][INFO] - Model fingerprint: 0x888dce2f
[2026-05-03 17:44:29,712][gurobipy][INFO] - Model has 999930 linear objective coefficients and an objective constant of 0.5
[2026-05-03 17:44:29,712][gurobipy][INFO] - Model has 40 quadratic constraints
[2026-05-03 17:44:29,713][gurobipy][INFO] - Variable types: 20 continuous, 999910 integer (999910 binary)
[2026-05-03 17:44:29,805][gurobipy][INFO] - Coefficient statistics:
[2026-05-03 17:44:29,805][gurobipy][INFO] -   Matrix range     [1e+00, 1e+00]
[2026-05-03 17:44:29,805][gurobipy][INFO] -   QMatrix range    [1e+00, 1e+00]
[2026-05-03 17:44:29,805][gurobipy][INFO] -   QLMatrix range   [5e-05, 1e+00]
[2026-05-03 17:44:29,805][gurobipy][INFO] -   Objective range  [5e-07, 3e-02]
[2026-05-03 17:44:29,805][gurobipy][INFO] -   Bounds range     [1e+00, 1e+00]
[2026-05-03 17:44:29,806][gurobipy][INFO] -   RHS range        [1e+00, 1e+00]
[2026-05-03 17:44:29,806][gurobipy][INFO] - 
[2026-05-03 17:44:30,076][gurobipy][INFO] - Found heuristic solution: objective 0.5000000
[2026-05-03 17:44:40,150][gurobipy][INFO] - Presolve removed 0 rows and 0 columns (presolve time = 8s)...
[2026-05-03 17:44:42,210][gurobipy][INFO] - Presolve removed 0 rows and 0 columns (presolve time = 10s)...
[2026-05-03 17:44:48,109][gurobipy][INFO] - Presolve removed 0 rows and 0 columns (presolve time = 16s)...
[2026-05-03 17:44:52,715][gurobipy][INFO] - Presolve removed 0 rows and 0 columns (presolve time = 21s)...
[2026-05-03 17:44:56,977][gurobipy][INFO] - Presolve removed 0 rows and 0 columns (presolve time = 25s)...
[2026-05-03 17:45:01,852][gurobipy][INFO] - Presolve removed 0 rows and 0 columns (presolve time = 30s)...
[2026-05-03 17:45:06,851][gurobipy][INFO] - Presolve removed 490978 rows and 0 columns (presolve time = 35s)...
[2026-05-03 17:45:11,869][gurobipy][INFO] - Presolve removed 490978 rows and 0 columns (presolve time = 40s)...
[2026-05-03 17:45:16,834][gurobipy][INFO] - Presolve removed 490978 rows and 0 columns (presolve time = 45s)...
[2026-05-03 17:45:21,836][gurobipy][INFO] - Presolve removed 490978 rows and 0 columns (presolve time = 50s)...
[2026-05-03 17:45:26,906][gurobipy][INFO] - Presolve removed 490978 rows and 0 columns (presolve time = 55s)...
[2026-05-03 17:45:32,634][gurobipy][INFO] - Presolve removed 490978 rows and 0 columns (presolve time = 61s)...
[2026-05-03 17:45:38,301][gurobipy][INFO] - Presolve removed 490978 rows and 0 columns (presolve time = 66s)...
[2026-05-03 17:45:41,838][gurobipy][INFO] - Presolve removed 490978 rows and 0 columns (presolve time = 70s)...
[2026-05-03 17:45:46,859][gurobipy][INFO] - Presolve removed 490978 rows and 0 columns (presolve time = 75s)...
[2026-05-03 17:45:51,834][gurobipy][INFO] - Presolve removed 490978 rows and 0 columns (presolve time = 80s)...
[2026-05-03 17:45:57,286][gurobipy][INFO] - Presolve removed 490978 rows and 0 columns (presolve time = 85s)...
[2026-05-03 17:46:01,933][gurobipy][INFO] - Presolve removed 490978 rows and 0 columns (presolve time = 90s)...
[2026-05-03 17:46:09,136][gurobipy][INFO] - Presolve removed 490978 rows and 0 columns (presolve time = 97s)...
[2026-05-03 17:46:11,841][gurobipy][INFO] - Presolve removed 490978 rows and 0 columns (presolve time = 100s)...
[2026-05-03 17:46:16,835][gurobipy][INFO] - Presolve removed 490978 rows and 0 columns (presolve time = 105s)...
[2026-05-03 17:46:22,188][gurobipy][INFO] - Presolve removed 490978 rows and 0 columns (presolve time = 110s)...
[2026-05-03 17:46:26,851][gurobipy][INFO] - Presolve removed 490978 rows and 0 columns (presolve time = 115s)...
[2026-05-03 17:47:42,173][gurobipy][INFO] - Presolve removed 490978 rows and 0 columns (presolve time = 190s)...
[2026-05-03 17:47:42,174][gurobipy][INFO] - Presolve added 0 rows and 20 columns
[2026-05-03 17:47:42,174][gurobipy][INFO] - Presolve removed 490938 rows and 0 columns
[2026-05-03 17:47:42,174][gurobipy][INFO] - Presolve time: 190.34s
[2026-05-03 17:47:42,303][gurobipy][INFO] - Presolved: 41183196 rows, 60994550 columns, 162849939 nonzeros
[2026-05-03 17:47:42,303][gurobipy][INFO] - Presolved model has 39996400 SOS constraint(s)
