[2026-04-30 14:50:52,537][gurobipy][INFO] - Set parameter WLSAccessID
[2026-04-30 14:50:52,537][gurobipy][INFO] - Set parameter WLSSecret
[2026-04-30 14:50:52,537][gurobipy][INFO] - Set parameter LicenseID to value 2619742
[2026-04-30 14:50:52,544][gurobipy][INFO] - Academic license 2619742 - for non-commercial use only - registered to it___@mail.huji.ac.il
[2026-04-30 14:50:52,545][gurobipy][INFO] - Set parameter OutputFlag to value 1
[2026-04-30 14:50:52,545][gurobipy][INFO] - Set parameter MIPGap to value 0
[2026-04-30 14:50:52,545][gurobipy][INFO] - Set parameter TimeLimit to value 300
[2026-04-30 14:51:31,278][gurobipy][INFO] - Set parameter NonConvex to value 2
[2026-04-30 14:51:31,655][gurobipy][INFO] - Gurobi Optimizer version 13.0.1 build v13.0.1rc0 (linux64 - "Ubuntu 22.04.5 LTS")
[2026-04-30 14:51:31,655][gurobipy][INFO] - 
[2026-04-30 14:51:31,655][gurobipy][INFO] - CPU model: Intel(R) Xeon(R) Platinum 8358 CPU @ 2.60GHz, instruction set [SSE2|AVX|AVX2|AVX512]
[2026-04-30 14:51:31,655][gurobipy][INFO] - Thread count: 64 physical cores, 128 logical processors, using up to 32 threads
[2026-04-30 14:51:31,655][gurobipy][INFO] - 
[2026-04-30 14:51:31,655][gurobipy][INFO] - Non-default parameters:
[2026-04-30 14:51:31,655][gurobipy][INFO] - TimeLimit  300
[2026-04-30 14:51:31,655][gurobipy][INFO] - MIPGap  0
[2026-04-30 14:51:31,655][gurobipy][INFO] - NonConvex  2
[2026-04-30 14:51:31,655][gurobipy][INFO] - 
[2026-04-30 14:51:31,656][gurobipy][INFO] - Academic license 2619742 - for non-commercial use only - registered to it___@mail.huji.ac.il
[2026-04-30 14:51:31,656][gurobipy][INFO] - Optimize a model with 937142 rows, 5020 columns and 1874284 nonzeros (Min)
[2026-04-30 14:51:31,676][gurobipy][INFO] - Model fingerprint: 0x957f6448
[2026-04-30 14:51:31,676][gurobipy][INFO] - Model has 5020 linear objective coefficients and an objective constant of 0.5
[2026-04-30 14:51:31,676][gurobipy][INFO] - Model has 40 quadratic constraints
[2026-04-30 14:51:31,676][gurobipy][INFO] - Variable types: 20 continuous, 5000 integer (5000 binary)
[2026-04-30 14:51:31,679][gurobipy][INFO] - Coefficient statistics:
[2026-04-30 14:51:31,680][gurobipy][INFO] -   Matrix range     [1e+00, 1e+00]
[2026-04-30 14:51:31,680][gurobipy][INFO] -   QMatrix range    [1e+00, 1e+00]
[2026-04-30 14:51:31,680][gurobipy][INFO] -   QLMatrix range   [2e-04, 1e+00]
[2026-04-30 14:51:31,680][gurobipy][INFO] -   Objective range  [1e-04, 3e-02]
[2026-04-30 14:51:31,680][gurobipy][INFO] -   Bounds range     [1e+00, 1e+00]
[2026-04-30 14:51:31,680][gurobipy][INFO] -   RHS range        [1e+00, 1e+00]
[2026-04-30 14:51:31,680][gurobipy][INFO] - 
[2026-04-30 14:51:31,699][gurobipy][INFO] - Found heuristic solution: objective 0.5000000
[2026-04-30 14:51:36,805][gurobipy][INFO] - Presolve removed 428005 rows and 0 columns (presolve time = 5s)...
[2026-04-30 14:51:41,814][gurobipy][INFO] - Presolve removed 432535 rows and 0 columns (presolve time = 10s)...
[2026-04-30 14:51:46,848][gurobipy][INFO] - Presolve removed 433840 rows and 0 columns (presolve time = 15s)...
[2026-04-30 14:51:51,815][gurobipy][INFO] - Presolve removed 433840 rows and 0 columns (presolve time = 20s)...
[2026-04-30 14:51:56,887][gurobipy][INFO] - Presolve removed 433840 rows and 0 columns (presolve time = 25s)...
[2026-04-30 14:52:01,885][gurobipy][INFO] - Presolve removed 433840 rows and 0 columns (presolve time = 30s)...
[2026-04-30 14:52:06,862][gurobipy][INFO] - Presolve removed 433840 rows and 0 columns (presolve time = 35s)...
[2026-04-30 14:52:11,883][gurobipy][INFO] - Presolve removed 433840 rows and 0 columns (presolve time = 40s)...
[2026-04-30 14:52:16,847][gurobipy][INFO] - Presolve removed 433840 rows and 0 columns (presolve time = 45s)...
[2026-04-30 14:52:21,826][gurobipy][INFO] - Presolve removed 433840 rows and 0 columns (presolve time = 50s)...
[2026-04-30 14:52:26,893][gurobipy][INFO] - Presolve removed 433840 rows and 0 columns (presolve time = 55s)...
[2026-04-30 14:52:31,800][gurobipy][INFO] - Presolve removed 433840 rows and 0 columns (presolve time = 60s)...
[2026-04-30 14:52:36,869][gurobipy][INFO] - Presolve removed 433840 rows and 0 columns (presolve time = 65s)...
[2026-04-30 14:52:36,869][gurobipy][INFO] - Presolve added 0 rows and 15 columns
[2026-04-30 14:52:36,869][gurobipy][INFO] - Presolve removed 433810 rows and 0 columns
[2026-04-30 14:52:36,869][gurobipy][INFO] - Presolve time: 65.07s
[2026-04-30 14:52:36,873][gurobipy][INFO] - Presolved: 703352 rows, 305035 columns, 2152236 nonzeros
[2026-04-30 14:52:36,873][gurobipy][INFO] - Presolved model has 200000 SOS constraint(s)
[2026-04-30 14:52:38,943][gurobipy][INFO] - Variable types: 200035 continuous, 105000 integer (105000 binary)
[2026-04-30 14:56:32,167][gurobipy][INFO] - 
[2026-04-30 14:56:32,168][gurobipy][INFO] - Explored 1 nodes (0 simplex iterations) in 300.51 seconds (122.19 work units)
[2026-04-30 14:56:32,168][gurobipy][INFO] - Thread count was 32 (of 128 available processors)
[2026-04-30 14:56:32,168][gurobipy][INFO] - 
[2026-04-30 14:56:32,168][gurobipy][INFO] - Solution count 1: 0.5 
[2026-04-30 14:56:32,168][gurobipy][INFO] - 
[2026-04-30 14:56:32,168][gurobipy][INFO] - Time limit reached
[2026-04-30 14:56:32,196][gurobipy][INFO] - Best objective 5.000000000000e-01, best bound 3.875049695186e-14, gap 100.0000%
