[2026-04-30 14:47:23,871][gurobipy][INFO] - Set parameter WLSAccessID
[2026-04-30 14:47:23,872][gurobipy][INFO] - Set parameter WLSSecret
[2026-04-30 14:47:23,872][gurobipy][INFO] - Set parameter LicenseID to value 2619742
[2026-04-30 14:47:23,942][gurobipy][INFO] - Academic license 2619742 - for non-commercial use only - registered to it___@mail.huji.ac.il
[2026-04-30 14:47:23,944][gurobipy][INFO] - Set parameter OutputFlag to value 1
[2026-04-30 14:47:23,944][gurobipy][INFO] - Set parameter MIPGap to value 0
[2026-04-30 14:47:23,944][gurobipy][INFO] - Set parameter TimeLimit to value 300
[2026-04-30 14:47:28,684][gurobipy][INFO] - Set parameter NonConvex to value 2
[2026-04-30 14:47:28,916][gurobipy][INFO] - Gurobi Optimizer version 13.0.1 build v13.0.1rc0 (linux64 - "Ubuntu 22.04.5 LTS")
[2026-04-30 14:47:28,916][gurobipy][INFO] - 
[2026-04-30 14:47:28,916][gurobipy][INFO] - CPU model: Intel(R) Xeon(R) Platinum 8358 CPU @ 2.60GHz, instruction set [SSE2|AVX|AVX2|AVX512]
[2026-04-30 14:47:28,916][gurobipy][INFO] - Thread count: 64 physical cores, 128 logical processors, using up to 32 threads
[2026-04-30 14:47:28,916][gurobipy][INFO] - 
[2026-04-30 14:47:28,916][gurobipy][INFO] - Non-default parameters:
[2026-04-30 14:47:28,916][gurobipy][INFO] - TimeLimit  300
[2026-04-30 14:47:28,917][gurobipy][INFO] - MIPGap  0
[2026-04-30 14:47:28,917][gurobipy][INFO] - NonConvex  2
[2026-04-30 14:47:28,917][gurobipy][INFO] - 
[2026-04-30 14:47:28,917][gurobipy][INFO] - Academic license 2619742 - for non-commercial use only - registered to it___@mail.huji.ac.il
[2026-04-30 14:47:28,917][gurobipy][INFO] - Optimize a model with 97593 rows, 5020 columns and 195186 nonzeros (Min)
[2026-04-30 14:47:28,921][gurobipy][INFO] - Model fingerprint: 0xeec9d5c0
[2026-04-30 14:47:28,922][gurobipy][INFO] - Model has 5020 linear objective coefficients and an objective constant of 0.5
[2026-04-30 14:47:28,922][gurobipy][INFO] - Model has 40 quadratic constraints
[2026-04-30 14:47:28,922][gurobipy][INFO] - Variable types: 20 continuous, 5000 integer (5000 binary)
[2026-04-30 14:47:28,922][gurobipy][INFO] - Coefficient statistics:
[2026-04-30 14:47:28,922][gurobipy][INFO] -   Matrix range     [1e+00, 1e+00]
[2026-04-30 14:47:28,922][gurobipy][INFO] -   QMatrix range    [1e+00, 1e+00]
[2026-04-30 14:47:28,922][gurobipy][INFO] -   QLMatrix range   [9e-05, 1e+00]
[2026-04-30 14:47:28,922][gurobipy][INFO] -   Objective range  [1e-04, 3e-02]
[2026-04-30 14:47:28,922][gurobipy][INFO] -   Bounds range     [1e+00, 1e+00]
[2026-04-30 14:47:28,922][gurobipy][INFO] -   RHS range        [1e+00, 1e+00]
[2026-04-30 14:47:28,923][gurobipy][INFO] - 
[2026-04-30 14:47:28,925][gurobipy][INFO] - Found heuristic solution: objective 0.5000000
[2026-04-30 14:47:32,476][gurobipy][INFO] - Presolve added 0 rows and 16 columns
[2026-04-30 14:47:32,477][gurobipy][INFO] - Presolve removed 40010 rows and 0 columns
[2026-04-30 14:47:32,477][gurobipy][INFO] - Presolve time: 3.54s
[2026-04-30 14:47:32,477][gurobipy][INFO] - Presolved: 257603 rows, 305036 columns, 915658 nonzeros
[2026-04-30 14:47:32,477][gurobipy][INFO] - Presolved model has 200000 SOS constraint(s)
[2026-04-30 14:47:33,445][gurobipy][INFO] - Variable types: 200036 continuous, 105000 integer (105000 binary)
[2026-04-30 14:48:22,378][gurobipy][INFO] - 
[2026-04-30 14:48:22,379][gurobipy][INFO] - Deterministic concurrent LP optimizer: primal simplex, dual simplex, and barrier
[2026-04-30 14:48:22,379][gurobipy][INFO] - Showing barrier log only...
[2026-04-30 14:48:22,379][gurobipy][INFO] - 
[2026-04-30 14:48:24,225][gurobipy][INFO] - Root barrier log...
[2026-04-30 14:48:24,225][gurobipy][INFO] - 
[2026-04-30 14:48:25,692][gurobipy][INFO] - Ordering time: 1.30s
[2026-04-30 14:48:25,810][gurobipy][INFO] - 
[2026-04-30 14:48:25,810][gurobipy][INFO] - Barrier statistics:
[2026-04-30 14:48:25,810][gurobipy][INFO] -  Dense cols : 68
[2026-04-30 14:48:25,810][gurobipy][INFO] -  AA' NZ     : 1.963e+06
[2026-04-30 14:48:25,810][gurobipy][INFO] -  Factor NZ  : 3.441e+06 (roughly 60 MB of memory)
[2026-04-30 14:48:25,810][gurobipy][INFO] -  Factor Ops : 3.474e+08 (less than 1 second per iteration)
[2026-04-30 14:48:25,810][gurobipy][INFO] -  Threads    : 30
[2026-04-30 14:48:26,166][gurobipy][INFO] - 
[2026-04-30 14:48:26,166][gurobipy][INFO] -                   Objective                Residual
[2026-04-30 14:48:26,166][gurobipy][INFO] - Iter       Primal          Dual         Primal    Dual     Compl     Time
[2026-04-30 14:48:26,169][gurobipy][INFO] -    0   1.14837124e+02 -2.35866571e+04  8.42e+03 3.44e-04  2.38e+00    57s
[2026-04-30 14:48:26,500][gurobipy][INFO] -    1   1.35427421e+01 -1.34465445e+04  1.52e+03 4.09e-02  5.81e-01    58s
[2026-04-30 14:48:26,851][gurobipy][INFO] -    2   9.81664168e+00 -6.58474861e+03  9.26e+02 8.77e-03  2.72e-01    58s
[2026-04-30 14:48:27,167][gurobipy][INFO] -    3   6.14620529e+00 -3.51624526e+03  3.23e+02 7.21e-04  8.77e-02    58s
[2026-04-30 14:48:27,434][gurobipy][INFO] -    4   4.17604856e+00 -1.37770549e+03  1.77e+00 8.85e-05  1.49e-02    59s
[2026-04-30 14:48:27,675][gurobipy][INFO] -    5   4.11775960e+00 -9.75754064e+00  7.82e-11 9.40e-07  1.48e-04    59s
[2026-04-30 14:48:27,914][gurobipy][INFO] -    6   2.78101541e+00 -1.62660654e+00  4.73e-11 2.05e-15  4.71e-05    59s
[2026-04-30 14:48:28,154][gurobipy][INFO] -    7   1.10245035e+00 -3.12697910e-01  1.82e-11 1.14e-15  1.51e-05    59s
[2026-04-30 14:48:28,486][gurobipy][INFO] -    8   1.32812749e-01 -1.19678092e-02  3.46e-11 1.14e-15  1.54e-06    60s
[2026-04-30 14:48:28,716][gurobipy][INFO] -    9   7.85733772e-03  3.85744811e-03  4.91e-11 1.22e-15  4.26e-08    60s
[2026-04-30 14:48:29,036][gurobipy][INFO] -   10   6.68332819e-03  4.87463437e-03  2.91e-11 5.55e-16  1.93e-08    60s
[2026-04-30 14:48:29,481][gurobipy][INFO] -   11   6.07626625e-03  4.91572266e-03  2.73e-11 8.05e-16  1.24e-08    61s
[2026-04-30 14:48:29,744][gurobipy][INFO] -   12   5.75591863e-03  4.96487791e-03  3.64e-11 7.77e-16  8.43e-09    61s
[2026-04-30 14:48:30,073][gurobipy][INFO] -   13   5.60719042e-03  4.99563367e-03  2.55e-11 9.99e-16  6.51e-09    61s
[2026-04-30 14:48:30,308][gurobipy][INFO] -   14   5.44001020e-03  5.03070388e-03  2.55e-11 1.22e-15  4.36e-09    61s
[2026-04-30 14:48:30,687][gurobipy][INFO] -   15   5.33952515e-03  5.05212958e-03  3.27e-11 8.88e-16  3.06e-09    62s
[2026-04-30 14:48:30,958][gurobipy][INFO] -   16   5.25709871e-03  5.07977313e-03  4.09e-11 9.44e-16  1.89e-09    62s
[2026-04-30 14:48:31,258][gurobipy][INFO] -   17   5.20628920e-03  5.09720995e-03  4.20e-11 5.83e-16  1.16e-09    62s
[2026-04-30 14:48:31,582][gurobipy][INFO] -   18   5.17809395e-03  5.10319478e-03  4.27e-11 4.16e-16  7.98e-10    63s
[2026-04-30 14:48:31,818][gurobipy][INFO] -   19   5.15973669e-03  5.10851950e-03  1.50e-10 3.33e-16  5.46e-10    63s
[2026-04-30 14:48:32,060][gurobipy][INFO] -   20   5.14164785e-03  5.11104905e-03  2.19e-10 3.61e-16  3.26e-10    63s
[2026-04-30 14:48:32,477][gurobipy][INFO] -   21   5.12209637e-03  5.11302554e-03  2.28e-09 3.33e-16  9.66e-11    64s
[2026-04-30 14:48:32,808][gurobipy][INFO] -   22   5.12014331e-03  5.11312684e-03  1.72e-09 2.78e-16  7.47e-11    64s
[2026-04-30 14:48:33,225][gurobipy][INFO] -   23   5.11823537e-03  5.11318750e-03  1.20e-09 3.61e-16  5.38e-11    64s
[2026-04-30 14:48:33,573][gurobipy][INFO] -   24   5.11670499e-03  5.11324583e-03  7.75e-10 2.50e-16  3.68e-11    65s
[2026-04-30 14:48:33,927][gurobipy][INFO] -   25   5.11608457e-03  5.11341160e-03  6.11e-10 3.05e-16  2.85e-11    65s
[2026-04-30 14:48:34,470][gurobipy][INFO] -   26   5.11591539e-03  5.11342567e-03  5.72e-10 1.94e-16  2.65e-11    66s
[2026-04-30 14:48:34,888][gurobipy][INFO] -   27   5.11541487e-03  5.11344683e-03  4.50e-10 2.22e-16  2.10e-11    66s
[2026-04-30 14:48:35,306][gurobipy][INFO] -   28   5.11485422e-03  5.11355341e-03  2.96e-10 2.22e-16  1.39e-11    66s
[2026-04-30 14:48:35,748][gurobipy][INFO] -   29   5.11458526e-03  5.11356745e-03  2.50e-10 1.39e-16  1.08e-11    67s
[2026-04-30 14:48:36,204][gurobipy][INFO] -   30   5.11450229e-03  5.11357721e-03  2.35e-10 1.67e-16  9.85e-12    67s
[2026-04-30 14:48:36,726][gurobipy][INFO] -   31   5.11437995e-03  5.11358379e-03  1.74e-10 2.50e-16  8.48e-12    68s
[2026-04-30 14:48:37,169][gurobipy][INFO] -   32   5.11419983e-03  5.11360937e-03  1.88e-10 1.94e-16  6.29e-12    68s
[2026-04-30 14:48:37,660][gurobipy][INFO] -   33   5.11416937e-03  5.11361348e-03  1.98e-10 1.94e-16  5.92e-12    69s
[2026-04-30 14:48:38,147][gurobipy][INFO] -   34   5.11381283e-03  5.11362436e-03  8.89e-11 1.11e-16  2.01e-12    69s
[2026-04-30 14:48:38,539][gurobipy][INFO] -   35   5.11379196e-03  5.11364562e-03  7.19e-11 2.22e-16  1.56e-12    70s
[2026-04-30 14:48:38,927][gurobipy][INFO] -   36   5.11377180e-03  5.11365071e-03  5.75e-11 1.11e-16  1.29e-12    70s
[2026-04-30 14:48:39,338][gurobipy][INFO] -   37   5.11376657e-03  5.11365270e-03  7.09e-11 1.67e-16  1.21e-12    70s
[2026-04-30 14:48:39,950][gurobipy][INFO] -   38   5.11374858e-03  5.11365554e-03  1.09e-10 1.94e-16  9.91e-13    71s
[2026-04-30 14:48:40,412][gurobipy][INFO] -   39   5.11371844e-03  5.11365974e-03  4.66e-10 1.67e-16  6.25e-13    71s
[2026-04-30 14:48:40,783][gurobipy][INFO] -   40   5.11369493e-03  5.11369330e-03  3.58e-10 1.67e-16  1.74e-14    72s
[2026-04-30 14:48:41,051][gurobipy][INFO] -   41   5.11369406e-03  5.11369406e-03  6.58e-10 1.17e-15  1.75e-17    72s
[2026-04-30 14:48:41,109][gurobipy][INFO] - 
[2026-04-30 14:48:41,109][gurobipy][INFO] - Barrier solved model in 41 iterations and 72.14 seconds (55.82 work units)
[2026-04-30 14:48:41,109][gurobipy][INFO] - Optimal objective 5.11369406e-03
[2026-04-30 14:48:41,109][gurobipy][INFO] - 
[2026-04-30 14:48:41,189][gurobipy][INFO] - 
[2026-04-30 14:48:41,189][gurobipy][INFO] - Root crossover log...
[2026-04-30 14:48:41,189][gurobipy][INFO] - 
[2026-04-30 14:48:41,312][gurobipy][INFO] -     2215 DPushes remaining with DInf 6.0642878e-02                72s
[2026-04-30 14:48:42,520][gurobipy][INFO] -        0 DPushes remaining with DInf 7.5000000e-05                74s
[2026-04-30 14:48:42,612][gurobipy][INFO] - 
[2026-04-30 14:48:42,613][gurobipy][INFO] -     4041 PPushes remaining with PInf 0.0000000e+00                74s
[2026-04-30 14:48:42,921][gurobipy][INFO] -        0 PPushes remaining with PInf 0.0000000e+00                74s
[2026-04-30 14:48:42,959][gurobipy][INFO] - 
[2026-04-30 14:48:42,959][gurobipy][INFO] -   Push phase complete: Pinf 0.0000000e+00, Dinf 1.9935278e-01     74s
[2026-04-30 14:48:42,959][gurobipy][INFO] - 
[2026-04-30 14:48:43,136][gurobipy][INFO] - 
[2026-04-30 14:48:43,136][gurobipy][INFO] - Root simplex log...
[2026-04-30 14:48:43,136][gurobipy][INFO] - 
[2026-04-30 14:48:43,136][gurobipy][INFO] - Iteration    Objective       Primal Inf.    Dual Inf.      Time
[2026-04-30 14:48:43,136][gurobipy][INFO] -     5686    5.1136941e-03   0.000000e+00   1.993528e-01     74s
[2026-04-30 14:48:44,106][gurobipy][INFO] -     6087    5.1136941e-03   0.000000e+00   1.826170e-01     75s
[2026-04-30 14:48:46,985][gurobipy][INFO] -    10681    5.1136941e-03   0.000000e+00   0.000000e+00     78s
[2026-04-30 14:48:46,985][gurobipy][INFO] - Crossover time: 5.88 seconds (4.30 work units)
[2026-04-30 14:48:47,040][gurobipy][INFO] -    10681    5.1136941e-03   0.000000e+00   0.000000e+00     78s
[2026-04-30 14:48:47,259][gurobipy][INFO] - 
[2026-04-30 14:48:47,260][gurobipy][INFO] - Use crossover to convert LP symmetric solution to basic solution...
[2026-04-30 14:48:47,367][gurobipy][INFO] - 
[2026-04-30 14:48:47,367][gurobipy][INFO] - Root crossover log...
[2026-04-30 14:48:47,367][gurobipy][INFO] - 
[2026-04-30 14:48:57,164][gurobipy][INFO] -   251045 variables added to crossover basis                       88s
[2026-04-30 14:48:59,046][gurobipy][INFO] -   251615 variables added to crossover basis                       90s
[2026-04-30 14:49:03,950][gurobipy][INFO] -   252095 variables added to crossover basis                       95s
[2026-04-30 14:49:09,140][gurobipy][INFO] -   252365 variables added to crossover basis                      100s
[2026-04-30 14:49:14,109][gurobipy][INFO] -   252575 variables added to crossover basis                      105s
[2026-04-30 14:49:19,721][gurobipy][INFO] -   252785 variables added to crossover basis                      111s
[2026-04-30 14:49:24,088][gurobipy][INFO] -   252935 variables added to crossover basis                      115s
[2026-04-30 14:49:29,727][gurobipy][INFO] -   253115 variables added to crossover basis                      121s
[2026-04-30 14:49:34,767][gurobipy][INFO] -   253265 variables added to crossover basis                      126s
[2026-04-30 14:49:39,048][gurobipy][INFO] -   253385 variables added to crossover basis                      130s
[2026-04-30 14:49:44,679][gurobipy][INFO] -   253535 variables added to crossover basis                      136s
[2026-04-30 14:49:49,486][gurobipy][INFO] -   253655 variables added to crossover basis                      141s
[2026-04-30 14:49:54,443][gurobipy][INFO] -   253775 variables added to crossover basis                      146s
[2026-04-30 14:49:59,374][gurobipy][INFO] -   253895 variables added to crossover basis                      150s
[2026-04-30 14:50:04,353][gurobipy][INFO] -   254015 variables added to crossover basis                      155s
[2026-04-30 14:50:09,506][gurobipy][INFO] -   254135 variables added to crossover basis                      161s
[2026-04-30 14:50:14,680][gurobipy][INFO] -   254255 variables added to crossover basis                      166s
[2026-04-30 14:50:19,981][gurobipy][INFO] -   254375 variables added to crossover basis                      171s
[2026-04-30 14:50:24,030][gurobipy][INFO] -   254465 variables added to crossover basis                      175s
[2026-04-30 14:50:29,591][gurobipy][INFO] -   254585 variables added to crossover basis                      181s
[2026-04-30 14:50:35,230][gurobipy][INFO] -   254705 variables added to crossover basis                      186s
[2026-04-30 14:50:39,492][gurobipy][INFO] -   254795 variables added to crossover basis                      191s
[2026-04-30 14:50:45,389][gurobipy][INFO] -   254915 variables added to crossover basis                      196s
[2026-04-30 14:50:49,921][gurobipy][INFO] -   255005 variables added to crossover basis                      201s
[2026-04-30 14:50:54,526][gurobipy][INFO] -   255095 variables added to crossover basis                      206s
[2026-04-30 14:50:59,073][gurobipy][INFO] -   255185 variables added to crossover basis                      210s
[2026-04-30 14:51:05,036][gurobipy][INFO] -   255305 variables added to crossover basis                      216s
[2026-04-30 14:51:09,657][gurobipy][INFO] -   255395 variables added to crossover basis                      221s
[2026-04-30 14:51:14,413][gurobipy][INFO] -   255485 variables added to crossover basis                      225s
[2026-04-30 14:51:19,140][gurobipy][INFO] -   255575 variables added to crossover basis                      230s
[2026-04-30 14:51:23,975][gurobipy][INFO] -   255665 variables added to crossover basis                      235s
[2026-04-30 14:51:30,386][gurobipy][INFO] -   255785 variables added to crossover basis                      241s
[2026-04-30 14:51:35,181][gurobipy][INFO] -   255875 variables added to crossover basis                      246s
[2026-04-30 14:51:39,971][gurobipy][INFO] -   255965 variables added to crossover basis                      251s
[2026-04-30 14:51:44,864][gurobipy][INFO] -   256055 variables added to crossover basis                      256s
[2026-04-30 14:51:49,038][gurobipy][INFO] -   256625 variables added to crossover basis                      260s
[2026-04-30 14:51:54,261][gurobipy][INFO] -   256985 variables added to crossover basis                      265s
[2026-04-30 14:51:58,970][gurobipy][INFO] -   257225 variables added to crossover basis                      270s
[2026-04-30 14:52:04,554][gurobipy][INFO] -   257465 variables added to crossover basis                      276s
[2026-04-30 14:52:09,370][gurobipy][INFO] -   257645 variables added to crossover basis                      280s
[2026-04-30 14:52:14,795][gurobipy][INFO] -   257825 variables added to crossover basis                      286s
[2026-04-30 14:52:19,557][gurobipy][INFO] -   257975 variables added to crossover basis                      291s
[2026-04-30 14:52:24,624][gurobipy][INFO] -   258125 variables added to crossover basis                      296s
[2026-04-30 14:52:29,915][gurobipy][INFO] - 
[2026-04-30 14:52:29,926][gurobipy][INFO] - 
[2026-04-30 14:52:29,927][gurobipy][INFO] - Root relaxation: time limit, 258275 iterations, 247.55 seconds (366.20 work units)
[2026-04-30 14:52:29,929][gurobipy][INFO] - 
[2026-04-30 14:52:29,929][gurobipy][INFO] -     Nodes    |    Current Node    |     Objective Bounds      |     Work
[2026-04-30 14:52:29,929][gurobipy][INFO] -  Expl Unexpl |  Obj  Depth IntInf | Incumbent    BestBd   Gap | It/Node Time
[2026-04-30 14:52:29,929][gurobipy][INFO] - 
[2026-04-30 14:52:29,929][gurobipy][INFO] -      0     0          -    0         0.50000    0.00000   100%     -  301s
[2026-04-30 14:52:29,937][gurobipy][INFO] - 
[2026-04-30 14:52:29,937][gurobipy][INFO] - Explored 1 nodes (258275 simplex iterations) in 301.02 seconds (417.20 work units)
[2026-04-30 14:52:29,937][gurobipy][INFO] - Thread count was 32 (of 128 available processors)
[2026-04-30 14:52:29,937][gurobipy][INFO] - 
[2026-04-30 14:52:29,937][gurobipy][INFO] - Solution count 1: 0.5 
[2026-04-30 14:52:29,937][gurobipy][INFO] - 
[2026-04-30 14:52:29,937][gurobipy][INFO] - Time limit reached
[2026-04-30 14:52:29,939][gurobipy][INFO] - Best objective 5.000000000000e-01, best bound 3.875049695186e-14, gap 100.0000%
