[2026-05-03 16:08:35,665][gurobipy][INFO] - Set parameter WLSAccessID
[2026-05-03 16:08:35,665][gurobipy][INFO] - Set parameter WLSSecret
[2026-05-03 16:08:35,665][gurobipy][INFO] - Set parameter LicenseID to value 2619742
[2026-05-03 16:08:35,676][gurobipy][INFO] - Academic license 2619742 - for non-commercial use only - registered to it___@mail.huji.ac.il
[2026-05-03 16:08:35,677][gurobipy][INFO] - Set parameter OutputFlag to value 1
[2026-05-03 16:08:35,678][gurobipy][INFO] - Set parameter MIPGap to value 0
[2026-05-03 16:08:35,678][gurobipy][INFO] - Set parameter TimeLimit to value 300
[2026-05-03 16:09:39,617][gurobipy][INFO] - Set parameter NonConvex to value 2
[2026-05-03 16:09:42,599][gurobipy][INFO] - Gurobi Optimizer version 13.0.1 build v13.0.1rc0 (linux64 - "Ubuntu 22.04.5 LTS")
[2026-05-03 16:09:42,599][gurobipy][INFO] - 
[2026-05-03 16:09:42,599][gurobipy][INFO] - CPU model: Intel(R) Xeon(R) Platinum 8358 CPU @ 2.60GHz, instruction set [SSE2|AVX|AVX2|AVX512]
[2026-05-03 16:09:42,599][gurobipy][INFO] - Thread count: 64 physical cores, 128 logical processors, using up to 32 threads
[2026-05-03 16:09:42,599][gurobipy][INFO] - 
[2026-05-03 16:09:42,599][gurobipy][INFO] - Non-default parameters:
[2026-05-03 16:09:42,599][gurobipy][INFO] - TimeLimit  300
[2026-05-03 16:09:42,599][gurobipy][INFO] - MIPGap  0
[2026-05-03 16:09:42,599][gurobipy][INFO] - NonConvex  2
[2026-05-03 16:09:42,599][gurobipy][INFO] - 
[2026-05-03 16:09:42,600][gurobipy][INFO] - Academic license 2619742 - for non-commercial use only - registered to it___@mail.huji.ac.il
[2026-05-03 16:09:42,600][gurobipy][INFO] - Optimize a model with 1575299 rows, 60818 columns and 3150598 nonzeros (Min)
[2026-05-03 16:09:42,666][gurobipy][INFO] - Model fingerprint: 0xd471715d
[2026-05-03 16:09:42,666][gurobipy][INFO] - Model has 60818 linear objective coefficients and an objective constant of 4.9999999999999994e-01
[2026-05-03 16:09:42,666][gurobipy][INFO] - Model has 40 quadratic constraints
[2026-05-03 16:09:42,666][gurobipy][INFO] - Variable types: 20 continuous, 60798 integer (60798 binary)
[2026-05-03 16:09:42,676][gurobipy][INFO] - Coefficient statistics:
[2026-05-03 16:09:42,677][gurobipy][INFO] -   Matrix range     [1e+00, 1e+00]
[2026-05-03 16:09:42,677][gurobipy][INFO] -   QMatrix range    [1e+00, 1e+00]
[2026-05-03 16:09:42,677][gurobipy][INFO] -   QLMatrix range   [1e-04, 1e+00]
[2026-05-03 16:09:42,677][gurobipy][INFO] -   Objective range  [8e-06, 3e-02]
[2026-05-03 16:09:42,677][gurobipy][INFO] -   Bounds range     [1e+00, 1e+00]
[2026-05-03 16:09:42,677][gurobipy][INFO] -   RHS range        [1e+00, 1e+00]
[2026-05-03 16:09:42,677][gurobipy][INFO] - 
[2026-05-03 16:09:42,714][gurobipy][INFO] - Found heuristic solution: objective 0.5000000
[2026-05-03 16:09:47,924][gurobipy][INFO] - Presolve removed 0 rows and 0 columns (presolve time = 5s)...
[2026-05-03 16:09:52,952][gurobipy][INFO] - Presolve removed 274415 rows and 0 columns (presolve time = 10s)...
[2026-05-03 16:09:57,933][gurobipy][INFO] - Presolve removed 276091 rows and 0 columns (presolve time = 15s)...
[2026-05-03 16:10:02,931][gurobipy][INFO] - Presolve removed 276091 rows and 0 columns (presolve time = 20s)...
[2026-05-03 16:10:07,994][gurobipy][INFO] - Presolve removed 276091 rows and 0 columns (presolve time = 25s)...
[2026-05-03 16:10:13,012][gurobipy][INFO] - Presolve removed 276091 rows and 0 columns (presolve time = 30s)...
[2026-05-03 16:10:24,731][gurobipy][INFO] - Presolve removed 276091 rows and 0 columns (presolve time = 42s)...
[2026-05-03 16:10:24,731][gurobipy][INFO] - Presolve added 0 rows and 20 columns
[2026-05-03 16:10:24,732][gurobipy][INFO] - Presolve removed 276051 rows and 0 columns
[2026-05-03 16:10:24,732][gurobipy][INFO] - Presolve time: 41.81s
[2026-05-03 16:10:24,743][gurobipy][INFO] - Presolved: 3731188 rows, 3708718 columns, 12601474 nonzeros
[2026-05-03 16:10:24,743][gurobipy][INFO] - Presolved model has 2431920 SOS constraint(s)
[2026-05-03 16:10:39,313][gurobipy][INFO] - Variable types: 2431960 continuous, 1276758 integer (1276758 binary)
[2026-05-03 16:14:43,495][gurobipy][INFO] - 
[2026-05-03 16:14:43,496][gurobipy][INFO] - Explored 1 nodes (0 simplex iterations) in 300.90 seconds (437.13 work units)
[2026-05-03 16:14:43,496][gurobipy][INFO] - Thread count was 32 (of 128 available processors)
[2026-05-03 16:14:43,496][gurobipy][INFO] - 
[2026-05-03 16:14:43,496][gurobipy][INFO] - Solution count 1: 0.5 
[2026-05-03 16:14:43,496][gurobipy][INFO] - 
[2026-05-03 16:14:43,496][gurobipy][INFO] - Time limit reached
[2026-05-03 16:14:43,518][gurobipy][INFO] - Best objective 5.000000000000e-01, best bound -5.732534808173e-13, gap 100.0000%
