[2026-04-30 14:49:22,018][gurobipy][INFO] - Set parameter WLSAccessID
[2026-04-30 14:49:22,018][gurobipy][INFO] - Set parameter WLSSecret
[2026-04-30 14:49:22,018][gurobipy][INFO] - Set parameter LicenseID to value 2619742
[2026-04-30 14:49:22,047][gurobipy][INFO] - Academic license 2619742 - for non-commercial use only - registered to it___@mail.huji.ac.il
[2026-04-30 14:49:22,049][gurobipy][INFO] - Set parameter OutputFlag to value 1
[2026-04-30 14:49:22,049][gurobipy][INFO] - Set parameter MIPGap to value 0
[2026-04-30 14:49:22,049][gurobipy][INFO] - Set parameter TimeLimit to value 300
[2026-04-30 14:49:37,725][gurobipy][INFO] - Set parameter NonConvex to value 2
[2026-04-30 14:49:38,014][gurobipy][INFO] - Gurobi Optimizer version 13.0.1 build v13.0.1rc0 (linux64 - "Ubuntu 22.04.5 LTS")
[2026-04-30 14:49:38,014][gurobipy][INFO] - 
[2026-04-30 14:49:38,014][gurobipy][INFO] - CPU model: Intel(R) Xeon(R) Platinum 8358 CPU @ 2.60GHz, instruction set [SSE2|AVX|AVX2|AVX512]
[2026-04-30 14:49:38,014][gurobipy][INFO] - Thread count: 64 physical cores, 128 logical processors, using up to 32 threads
[2026-04-30 14:49:38,014][gurobipy][INFO] - 
[2026-04-30 14:49:38,014][gurobipy][INFO] - Non-default parameters:
[2026-04-30 14:49:38,014][gurobipy][INFO] - TimeLimit  300
[2026-04-30 14:49:38,014][gurobipy][INFO] - MIPGap  0
[2026-04-30 14:49:38,014][gurobipy][INFO] - NonConvex  2
[2026-04-30 14:49:38,014][gurobipy][INFO] - 
[2026-04-30 14:49:38,015][gurobipy][INFO] - Academic license 2619742 - for non-commercial use only - registered to it___@mail.huji.ac.il
[2026-04-30 14:49:38,015][gurobipy][INFO] - Optimize a model with 312785 rows, 5020 columns and 625570 nonzeros (Min)
[2026-04-30 14:49:38,024][gurobipy][INFO] - Model fingerprint: 0xa0119213
[2026-04-30 14:49:38,024][gurobipy][INFO] - Model has 5020 linear objective coefficients and an objective constant of 0.5
[2026-04-30 14:49:38,024][gurobipy][INFO] - Model has 40 quadratic constraints
[2026-04-30 14:49:38,024][gurobipy][INFO] - Variable types: 20 continuous, 5000 integer (5000 binary)
[2026-04-30 14:49:38,026][gurobipy][INFO] - Coefficient statistics:
[2026-04-30 14:49:38,026][gurobipy][INFO] -   Matrix range     [1e+00, 1e+00]
[2026-04-30 14:49:38,026][gurobipy][INFO] -   QMatrix range    [1e+00, 1e+00]
[2026-04-30 14:49:38,026][gurobipy][INFO] -   QLMatrix range   [1e-04, 1e+00]
[2026-04-30 14:49:38,026][gurobipy][INFO] -   Objective range  [1e-04, 3e-02]
[2026-04-30 14:49:38,026][gurobipy][INFO] -   Bounds range     [1e+00, 1e+00]
[2026-04-30 14:49:38,026][gurobipy][INFO] -   RHS range        [1e+00, 1e+00]
[2026-04-30 14:49:38,026][gurobipy][INFO] - 
[2026-04-30 14:49:38,035][gurobipy][INFO] - Found heuristic solution: objective 0.5000000
[2026-04-30 14:49:43,149][gurobipy][INFO] - Presolve removed 138700 rows and 0 columns (presolve time = 5s)...
[2026-04-30 14:49:48,146][gurobipy][INFO] - Presolve removed 139698 rows and 0 columns (presolve time = 10s)...
[2026-04-30 14:49:53,136][gurobipy][INFO] - Presolve removed 139816 rows and 0 columns (presolve time = 15s)...
[2026-04-30 14:49:58,141][gurobipy][INFO] - Presolve removed 139816 rows and 0 columns (presolve time = 20s)...
[2026-04-30 14:50:03,120][gurobipy][INFO] - Presolve removed 139816 rows and 0 columns (presolve time = 25s)...
[2026-04-30 14:50:08,103][gurobipy][INFO] - Presolve removed 139816 rows and 0 columns (presolve time = 30s)...
[2026-04-30 14:50:13,176][gurobipy][INFO] - Presolve removed 139816 rows and 0 columns (presolve time = 35s)...
[2026-04-30 14:50:18,087][gurobipy][INFO] - Presolve removed 139816 rows and 0 columns (presolve time = 40s)...
[2026-04-30 14:50:23,096][gurobipy][INFO] - Presolve removed 139816 rows and 0 columns (presolve time = 45s)...
[2026-04-30 14:50:26,182][gurobipy][INFO] - Presolve added 0 rows and 18 columns
[2026-04-30 14:50:26,182][gurobipy][INFO] - Presolve removed 139780 rows and 0 columns
[2026-04-30 14:50:26,182][gurobipy][INFO] - Presolve time: 48.10s
[2026-04-30 14:50:26,183][gurobipy][INFO] - Presolved: 373025 rows, 305038 columns, 1263901 nonzeros
[2026-04-30 14:50:26,184][gurobipy][INFO] - Presolved model has 200000 SOS constraint(s)
[2026-04-30 14:50:27,629][gurobipy][INFO] - Variable types: 200038 continuous, 105000 integer (105000 binary)
[2026-04-30 14:54:08,168][gurobipy][INFO] - 
[2026-04-30 14:54:08,168][gurobipy][INFO] - Deterministic concurrent LP optimizer: primal simplex, dual simplex, and barrier
[2026-04-30 14:54:08,168][gurobipy][INFO] - Showing barrier log only...
[2026-04-30 14:54:08,168][gurobipy][INFO] - 
[2026-04-30 14:54:11,956][gurobipy][INFO] - Root barrier log...
[2026-04-30 14:54:11,956][gurobipy][INFO] - 
[2026-04-30 14:54:19,902][gurobipy][INFO] - Elapsed ordering time = 5s
[2026-04-30 14:54:24,902][gurobipy][INFO] - Elapsed ordering time = 10s
[2026-04-30 14:54:29,902][gurobipy][INFO] - Elapsed ordering time = 15s
[2026-04-30 14:54:34,902][gurobipy][INFO] - Elapsed ordering time = 20s
[2026-04-30 14:54:38,028][gurobipy][INFO] - Ordering time: 23.13s
[2026-04-30 14:54:38,049][gurobipy][INFO] - 
[2026-04-30 14:54:38,049][gurobipy][INFO] - Barrier performed 0 iterations in 300.03 seconds (188.60 work units)
[2026-04-30 14:54:38,049][gurobipy][INFO] - Time limit reached
[2026-04-30 14:54:38,049][gurobipy][INFO] - 
[2026-04-30 14:54:38,055][gurobipy][INFO] - 
[2026-04-30 14:54:38,090][gurobipy][INFO] - 
[2026-04-30 14:54:38,090][gurobipy][INFO] - Root relaxation: time limit, 59588 iterations, 29.92 seconds (35.86 work units)
[2026-04-30 14:54:38,091][gurobipy][INFO] - 
[2026-04-30 14:54:38,091][gurobipy][INFO] -     Nodes    |    Current Node    |     Objective Bounds      |     Work
[2026-04-30 14:54:38,091][gurobipy][INFO] -  Expl Unexpl |  Obj  Depth IntInf | Incumbent    BestBd   Gap | It/Node Time
[2026-04-30 14:54:38,091][gurobipy][INFO] - 
[2026-04-30 14:54:38,091][gurobipy][INFO] -      0     0          -    0         0.50000    0.00000   100%     -  300s
[2026-04-30 14:54:38,105][gurobipy][INFO] - 
[2026-04-30 14:54:38,105][gurobipy][INFO] - Explored 1 nodes (59588 simplex iterations) in 300.09 seconds (176.42 work units)
[2026-04-30 14:54:38,105][gurobipy][INFO] - Thread count was 32 (of 128 available processors)
[2026-04-30 14:54:38,105][gurobipy][INFO] - 
[2026-04-30 14:54:38,105][gurobipy][INFO] - Solution count 1: 0.5 
[2026-04-30 14:54:38,105][gurobipy][INFO] - 
[2026-04-30 14:54:38,105][gurobipy][INFO] - Time limit reached
[2026-04-30 14:54:38,109][gurobipy][INFO] - Best objective 5.000000000000e-01, best bound 3.875049695186e-14, gap 100.0000%
