[2026-05-03 15:39:17,545][gurobipy][INFO] - Set parameter WLSAccessID
[2026-05-03 15:39:17,545][gurobipy][INFO] - Set parameter WLSSecret
[2026-05-03 15:39:17,545][gurobipy][INFO] - Set parameter LicenseID to value 2619742
[2026-05-03 15:39:17,557][gurobipy][INFO] - Academic license 2619742 - for non-commercial use only - registered to it___@mail.huji.ac.il
[2026-05-03 15:39:17,558][gurobipy][INFO] - Set parameter OutputFlag to value 1
[2026-05-03 15:39:17,558][gurobipy][INFO] - Set parameter MIPGap to value 0
[2026-05-03 15:39:17,559][gurobipy][INFO] - Set parameter TimeLimit to value 300
[2026-05-03 15:46:51,803][gurobipy][INFO] - Set parameter NonConvex to value 2
[2026-05-03 15:46:56,557][gurobipy][INFO] - Gurobi Optimizer version 13.0.1 build v13.0.1rc0 (linux64 - "Ubuntu 22.04.5 LTS")
[2026-05-03 15:46:56,557][gurobipy][INFO] - 
[2026-05-03 15:46:56,557][gurobipy][INFO] - CPU model: Intel(R) Xeon(R) Platinum 8358 CPU @ 2.60GHz, instruction set [SSE2|AVX|AVX2|AVX512]
[2026-05-03 15:46:56,557][gurobipy][INFO] - Thread count: 64 physical cores, 128 logical processors, using up to 32 threads
[2026-05-03 15:46:56,557][gurobipy][INFO] - 
[2026-05-03 15:46:56,557][gurobipy][INFO] - Non-default parameters:
[2026-05-03 15:46:56,557][gurobipy][INFO] - TimeLimit  300
[2026-05-03 15:46:56,557][gurobipy][INFO] - MIPGap  0
[2026-05-03 15:46:56,557][gurobipy][INFO] - NonConvex  2
[2026-05-03 15:46:56,557][gurobipy][INFO] - 
[2026-05-03 15:46:56,558][gurobipy][INFO] - Academic license 2619742 - for non-commercial use only - registered to it___@mail.huji.ac.il
[2026-05-03 15:46:56,558][gurobipy][INFO] - Optimize a model with 10109889 rows, 48862 columns and 20219778 nonzeros (Min)
[2026-05-03 15:46:56,801][gurobipy][INFO] - Model fingerprint: 0xe7b51920
[2026-05-03 15:46:56,801][gurobipy][INFO] - Model has 48862 linear objective coefficients and an objective constant of 0.5
[2026-05-03 15:46:56,801][gurobipy][INFO] - Model has 40 quadratic constraints
[2026-05-03 15:46:56,801][gurobipy][INFO] - Variable types: 20 continuous, 48842 integer (48842 binary)
[2026-05-03 15:46:56,840][gurobipy][INFO] - Coefficient statistics:
[2026-05-03 15:46:56,840][gurobipy][INFO] -   Matrix range     [1e+00, 1e+00]
[2026-05-03 15:46:56,840][gurobipy][INFO] -   QMatrix range    [1e+00, 1e+00]
[2026-05-03 15:46:56,840][gurobipy][INFO] -   QLMatrix range   [1e-01, 9e-01]
[2026-05-03 15:46:56,840][gurobipy][INFO] -   Objective range  [1e-05, 3e-02]
[2026-05-03 15:46:56,840][gurobipy][INFO] -   Bounds range     [1e+00, 1e+00]
[2026-05-03 15:46:56,840][gurobipy][INFO] -   RHS range        [1e+00, 1e+00]
[2026-05-03 15:46:56,840][gurobipy][INFO] - 
[2026-05-03 15:46:57,154][gurobipy][INFO] - Found heuristic solution: objective 0.5000000
[2026-05-03 15:47:04,950][gurobipy][INFO] - Presolve removed 0 rows and 0 columns (presolve time = 6s)...
[2026-05-03 15:47:09,557][gurobipy][INFO] - Presolve removed 0 rows and 0 columns (presolve time = 11s)...
[2026-05-03 15:47:14,014][gurobipy][INFO] - Presolve removed 0 rows and 0 columns (presolve time = 15s)...
[2026-05-03 15:47:19,079][gurobipy][INFO] - Presolve removed 0 rows and 0 columns (presolve time = 20s)...
[2026-05-03 15:47:24,182][gurobipy][INFO] - Presolve removed 583634 rows and 0 columns (presolve time = 25s)...
[2026-05-03 15:47:29,041][gurobipy][INFO] - Presolve removed 583915 rows and 0 columns (presolve time = 30s)...
[2026-05-03 15:47:34,032][gurobipy][INFO] - Presolve removed 584205 rows and 0 columns (presolve time = 35s)...
[2026-05-03 15:47:39,075][gurobipy][INFO] - Presolve removed 584515 rows and 0 columns (presolve time = 40s)...
[2026-05-03 15:47:44,041][gurobipy][INFO] - Presolve removed 584818 rows and 0 columns (presolve time = 45s)...
[2026-05-03 15:47:49,049][gurobipy][INFO] - Presolve removed 585097 rows and 0 columns (presolve time = 50s)...
[2026-05-03 15:47:54,031][gurobipy][INFO] - Presolve removed 585300 rows and 0 columns (presolve time = 55s)...
[2026-05-03 15:47:59,013][gurobipy][INFO] - Presolve removed 585408 rows and 0 columns (presolve time = 60s)...
[2026-05-03 15:48:04,020][gurobipy][INFO] - Presolve removed 585561 rows and 0 columns (presolve time = 65s)...
[2026-05-03 15:48:09,028][gurobipy][INFO] - Presolve removed 585703 rows and 0 columns (presolve time = 70s)...
[2026-05-03 15:48:14,052][gurobipy][INFO] - Presolve removed 585827 rows and 0 columns (presolve time = 75s)...
[2026-05-03 15:48:19,015][gurobipy][INFO] - Presolve removed 586952 rows and 0 columns (presolve time = 80s)...
[2026-05-03 15:48:25,131][gurobipy][INFO] - Presolve removed 597193 rows and 0 columns (presolve time = 86s)...
[2026-05-03 15:48:29,073][gurobipy][INFO] - Presolve removed 598983 rows and 0 columns (presolve time = 90s)...
[2026-05-03 15:48:34,031][gurobipy][INFO] - Presolve removed 600083 rows and 0 columns (presolve time = 95s)...
[2026-05-03 15:48:39,021][gurobipy][INFO] - Presolve removed 603585 rows and 0 columns (presolve time = 100s)...
[2026-05-03 15:48:44,788][gurobipy][INFO] - Presolve removed 606703 rows and 0 columns (presolve time = 106s)...
[2026-05-03 15:48:49,015][gurobipy][INFO] - Presolve removed 609796 rows and 0 columns (presolve time = 110s)...
[2026-05-03 15:48:54,274][gurobipy][INFO] - Presolve removed 611255 rows and 0 columns (presolve time = 115s)...
[2026-05-03 15:49:00,116][gurobipy][INFO] - Presolve removed 614135 rows and 0 columns (presolve time = 121s)...
[2026-05-03 15:49:05,058][gurobipy][INFO] - Presolve removed 614795 rows and 0 columns (presolve time = 126s)...
[2026-05-03 15:49:09,150][gurobipy][INFO] - Presolve removed 615552 rows and 0 columns (presolve time = 130s)...
[2026-05-03 15:49:14,058][gurobipy][INFO] - Presolve removed 616030 rows and 0 columns (presolve time = 135s)...
[2026-05-03 15:49:19,171][gurobipy][INFO] - Presolve removed 616030 rows and 0 columns (presolve time = 140s)...
[2026-05-03 15:49:24,392][gurobipy][INFO] - Presolve removed 621215 rows and 0 columns (presolve time = 145s)...
[2026-05-03 15:49:29,537][gurobipy][INFO] - Presolve removed 621970 rows and 0 columns (presolve time = 151s)...
[2026-05-03 15:49:34,300][gurobipy][INFO] - Presolve removed 623832 rows and 0 columns (presolve time = 155s)...
[2026-05-03 15:49:39,466][gurobipy][INFO] - Presolve removed 623840 rows and 0 columns (presolve time = 160s)...
[2026-05-03 15:49:44,329][gurobipy][INFO] - Presolve removed 624871 rows and 0 columns (presolve time = 165s)...
[2026-05-03 15:49:49,062][gurobipy][INFO] - Presolve removed 626231 rows and 0 columns (presolve time = 170s)...
[2026-05-03 15:49:54,091][gurobipy][INFO] - Presolve removed 626385 rows and 0 columns (presolve time = 175s)...
[2026-05-03 15:49:59,117][gurobipy][INFO] - Presolve removed 626624 rows and 0 columns (presolve time = 180s)...
[2026-05-03 15:50:04,226][gurobipy][INFO] - Presolve removed 627589 rows and 0 columns (presolve time = 185s)...
[2026-05-03 15:50:09,282][gurobipy][INFO] - Presolve removed 629874 rows and 0 columns (presolve time = 190s)...
[2026-05-03 15:50:14,597][gurobipy][INFO] - Presolve removed 634296 rows and 0 columns (presolve time = 196s)...
[2026-05-03 15:50:19,035][gurobipy][INFO] - Presolve removed 634322 rows and 0 columns (presolve time = 200s)...
[2026-05-03 15:50:24,975][gurobipy][INFO] - Presolve removed 634340 rows and 0 columns (presolve time = 206s)...
[2026-05-03 15:50:29,851][gurobipy][INFO] - Presolve removed 634353 rows and 0 columns (presolve time = 211s)...
[2026-05-03 15:50:34,957][gurobipy][INFO] - Presolve removed 634353 rows and 0 columns (presolve time = 216s)...
[2026-05-03 15:50:39,257][gurobipy][INFO] - Presolve removed 637824 rows and 0 columns (presolve time = 220s)...
[2026-05-03 15:50:44,186][gurobipy][INFO] - Presolve removed 637902 rows and 0 columns (presolve time = 225s)...
[2026-05-03 15:50:50,033][gurobipy][INFO] - Presolve removed 639493 rows and 0 columns (presolve time = 231s)...
[2026-05-03 15:50:54,028][gurobipy][INFO] - Presolve removed 640385 rows and 0 columns (presolve time = 235s)...
[2026-05-03 15:50:59,174][gurobipy][INFO] - Presolve removed 640436 rows and 0 columns (presolve time = 240s)...
[2026-05-03 15:51:04,038][gurobipy][INFO] - Presolve removed 640473 rows and 0 columns (presolve time = 245s)...
[2026-05-03 15:51:09,415][gurobipy][INFO] - Presolve removed 643033 rows and 0 columns (presolve time = 250s)...
[2026-05-03 15:51:14,099][gurobipy][INFO] - Presolve removed 643120 rows and 0 columns (presolve time = 255s)...
[2026-05-03 15:51:19,191][gurobipy][INFO] - Presolve removed 645371 rows and 0 columns (presolve time = 260s)...
[2026-05-03 15:51:25,037][gurobipy][INFO] - Presolve removed 646889 rows and 0 columns (presolve time = 266s)...
[2026-05-03 15:51:29,443][gurobipy][INFO] - Presolve removed 646889 rows and 0 columns (presolve time = 270s)...
[2026-05-03 15:51:35,004][gurobipy][INFO] - Presolve removed 646910 rows and 0 columns (presolve time = 276s)...
[2026-05-03 15:51:39,021][gurobipy][INFO] - Presolve removed 646914 rows and 0 columns (presolve time = 280s)...
[2026-05-03 15:51:44,639][gurobipy][INFO] - Presolve removed 646919 rows and 0 columns (presolve time = 286s)...
[2026-05-03 15:51:49,393][gurobipy][INFO] - Presolve removed 647180 rows and 0 columns (presolve time = 290s)...
[2026-05-03 15:51:54,163][gurobipy][INFO] - Presolve removed 647219 rows and 0 columns (presolve time = 295s)...
[2026-05-03 15:51:56,576][gurobipy][INFO] - Presolve added 0 rows and 20 columns
[2026-05-03 15:51:56,576][gurobipy][INFO] - Presolve removed 647179 rows and 0 columns
[2026-05-03 15:51:56,576][gurobipy][INFO] - Presolve time: 297.56s
[2026-05-03 15:51:57,026][gurobipy][INFO] - 
[2026-05-03 15:51:57,026][gurobipy][INFO] - Explored 0 nodes (0 simplex iterations) in 300.47 seconds (139.75 work units)
[2026-05-03 15:51:57,026][gurobipy][INFO] - Thread count was 1 (of 128 available processors)
[2026-05-03 15:51:57,026][gurobipy][INFO] - 
[2026-05-03 15:51:57,026][gurobipy][INFO] - Solution count 1: 0.5 
[2026-05-03 15:51:57,026][gurobipy][INFO] - 
[2026-05-03 15:51:57,026][gurobipy][INFO] - Time limit reached
[2026-05-03 15:51:57,168][gurobipy][INFO] - Best objective 5.000000000000e-01, best bound -, gap -
