[2026-04-30 14:47:52,067][gurobipy][INFO] - Set parameter WLSAccessID
[2026-04-30 14:47:52,068][gurobipy][INFO] - Set parameter WLSSecret
[2026-04-30 14:47:52,068][gurobipy][INFO] - Set parameter LicenseID to value 2619742
[2026-04-30 14:47:52,142][gurobipy][INFO] - Academic license 2619742 - for non-commercial use only - registered to it___@mail.huji.ac.il
[2026-04-30 14:47:52,144][gurobipy][INFO] - Set parameter OutputFlag to value 1
[2026-04-30 14:47:52,144][gurobipy][INFO] - Set parameter MIPGap to value 0
[2026-04-30 14:47:52,144][gurobipy][INFO] - Set parameter TimeLimit to value 300
[2026-04-30 14:48:01,356][gurobipy][INFO] - Set parameter NonConvex to value 2
[2026-04-30 14:48:01,604][gurobipy][INFO] - Gurobi Optimizer version 13.0.1 build v13.0.1rc0 (linux64 - "Ubuntu 22.04.5 LTS")
[2026-04-30 14:48:01,605][gurobipy][INFO] - 
[2026-04-30 14:48:01,605][gurobipy][INFO] - CPU model: Intel(R) Xeon(R) Platinum 8358 CPU @ 2.60GHz, instruction set [SSE2|AVX|AVX2|AVX512]
[2026-04-30 14:48:01,605][gurobipy][INFO] - Thread count: 64 physical cores, 128 logical processors, using up to 32 threads
[2026-04-30 14:48:01,605][gurobipy][INFO] - 
[2026-04-30 14:48:01,605][gurobipy][INFO] - Non-default parameters:
[2026-04-30 14:48:01,605][gurobipy][INFO] - TimeLimit  300
[2026-04-30 14:48:01,605][gurobipy][INFO] - MIPGap  0
[2026-04-30 14:48:01,605][gurobipy][INFO] - NonConvex  2
[2026-04-30 14:48:01,605][gurobipy][INFO] - 
[2026-04-30 14:48:01,605][gurobipy][INFO] - Academic license 2619742 - for non-commercial use only - registered to it___@mail.huji.ac.il
[2026-04-30 14:48:01,605][gurobipy][INFO] - Optimize a model with 203106 rows, 5020 columns and 406212 nonzeros (Min)
[2026-04-30 14:48:01,611][gurobipy][INFO] - Model fingerprint: 0xf7760caf
[2026-04-30 14:48:01,612][gurobipy][INFO] - Model has 5020 linear objective coefficients and an objective constant of 0.5
[2026-04-30 14:48:01,612][gurobipy][INFO] - Model has 40 quadratic constraints
[2026-04-30 14:48:01,612][gurobipy][INFO] - Variable types: 20 continuous, 5000 integer (5000 binary)
[2026-04-30 14:48:01,613][gurobipy][INFO] - Coefficient statistics:
[2026-04-30 14:48:01,613][gurobipy][INFO] -   Matrix range     [1e+00, 1e+00]
[2026-04-30 14:48:01,613][gurobipy][INFO] -   QMatrix range    [1e+00, 1e+00]
[2026-04-30 14:48:01,613][gurobipy][INFO] -   QLMatrix range   [2e-04, 1e+00]
[2026-04-30 14:48:01,613][gurobipy][INFO] -   Objective range  [1e-04, 3e-02]
[2026-04-30 14:48:01,613][gurobipy][INFO] -   Bounds range     [1e+00, 1e+00]
[2026-04-30 14:48:01,613][gurobipy][INFO] -   RHS range        [1e+00, 1e+00]
[2026-04-30 14:48:01,613][gurobipy][INFO] - 
[2026-04-30 14:48:01,617][gurobipy][INFO] - Found heuristic solution: objective 0.5000000
[2026-04-30 14:48:06,662][gurobipy][INFO] - Presolve removed 73166 rows and 0 columns (presolve time = 5s)...
[2026-04-30 14:48:11,688][gurobipy][INFO] - Presolve removed 73166 rows and 0 columns (presolve time = 10s)...
[2026-04-30 14:48:16,642][gurobipy][INFO] - Presolve removed 73166 rows and 0 columns (presolve time = 15s)...
[2026-04-30 14:48:18,415][gurobipy][INFO] - Presolve added 0 rows and 14 columns
[2026-04-30 14:48:18,415][gurobipy][INFO] - Presolve removed 73138 rows and 0 columns
[2026-04-30 14:48:18,415][gurobipy][INFO] - Presolve time: 16.78s
[2026-04-30 14:48:18,417][gurobipy][INFO] - Presolved: 329988 rows, 305034 columns, 1072524 nonzeros
[2026-04-30 14:48:18,417][gurobipy][INFO] - Presolved model has 200000 SOS constraint(s)
[2026-04-30 14:48:19,620][gurobipy][INFO] - Variable types: 200034 continuous, 105000 integer (105000 binary)
[2026-04-30 14:50:26,582][gurobipy][INFO] - 
[2026-04-30 14:50:26,583][gurobipy][INFO] - Deterministic concurrent LP optimizer: primal simplex, dual simplex, and barrier
[2026-04-30 14:50:26,583][gurobipy][INFO] - Showing barrier log only...
[2026-04-30 14:50:26,583][gurobipy][INFO] - 
[2026-04-30 14:50:28,801][gurobipy][INFO] - Root barrier log...
[2026-04-30 14:50:28,801][gurobipy][INFO] - 
[2026-04-30 14:50:32,925][gurobipy][INFO] - Ordering time: 3.77s
[2026-04-30 14:50:33,154][gurobipy][INFO] - 
[2026-04-30 14:50:33,154][gurobipy][INFO] - Barrier statistics:
[2026-04-30 14:50:33,154][gurobipy][INFO] -  Dense cols : 119
[2026-04-30 14:50:33,154][gurobipy][INFO] -  AA' NZ     : 5.201e+06
[2026-04-30 14:50:33,154][gurobipy][INFO] -  Factor NZ  : 1.050e+07 (roughly 160 MB of memory)
[2026-04-30 14:50:33,154][gurobipy][INFO] -  Factor Ops : 1.344e+09 (less than 1 second per iteration)
[2026-04-30 14:50:33,154][gurobipy][INFO] -  Threads    : 30
[2026-04-30 14:50:34,527][gurobipy][INFO] - 
[2026-04-30 14:50:34,527][gurobipy][INFO] -                   Objective                Residual
[2026-04-30 14:50:34,527][gurobipy][INFO] - Iter       Primal          Dual         Primal    Dual     Compl     Time
[2026-04-30 14:50:34,660][gurobipy][INFO] -    0   8.00904065e+01 -2.46831428e+04  9.34e+03 2.60e-04  1.56e+00   153s
[2026-04-30 14:50:36,071][gurobipy][INFO] -    1   8.90252372e+00 -1.68080094e+04  1.47e+03 4.00e-02  3.87e-01   154s
[2026-04-30 14:50:37,474][gurobipy][INFO] -    2   7.64289141e+00 -1.01449289e+04  1.10e+03 9.75e-03  1.91e-01   156s
[2026-04-30 14:50:38,773][gurobipy][INFO] -    3   5.71795741e+00 -5.72650539e+03  5.17e+02 1.34e-03  6.95e-02   157s
[2026-04-30 14:50:39,825][gurobipy][INFO] -    4   4.13470344e+00 -2.14082009e+03  5.95e+01 9.86e-05  1.29e-02   158s
[2026-04-30 14:50:40,499][gurobipy][INFO] -    5   3.86889566e+00 -1.41311336e+02  1.04e-03 2.45e-14  7.13e-04   159s
[2026-04-30 14:50:41,442][gurobipy][INFO] -    6   3.33195141e+00 -6.93325743e+00  9.09e-11 1.38e-07  5.04e-05   160s
[2026-04-30 14:50:42,337][gurobipy][INFO] -    7   2.08775253e+00 -1.69442404e+00  6.18e-11 1.72e-15  1.86e-05   161s
[2026-04-30 14:50:43,525][gurobipy][INFO] -    8   6.18920075e-01 -2.16218495e-01  5.09e-11 1.75e-15  4.10e-06   162s
[2026-04-30 14:50:44,452][gurobipy][INFO] -    9   1.68467925e-01 -3.73689733e-02  7.46e-11 1.75e-15  1.01e-06   163s
[2026-04-30 14:50:45,761][gurobipy][INFO] -   10   1.72970838e-02  4.33933787e-03  5.82e-11 2.00e-15  6.35e-08   164s
[2026-04-30 14:50:47,283][gurobipy][INFO] -   11   1.42147306e-02  9.94072413e-03  6.91e-11 1.72e-15  2.09e-08   166s
[2026-04-30 14:50:48,482][gurobipy][INFO] -   12   1.35799280e-02  9.98661208e-03  4.55e-11 1.03e-15  1.76e-08   167s
[2026-04-30 14:50:49,458][gurobipy][INFO] -   13   1.27756957e-02  1.00162086e-02  5.46e-11 1.67e-15  1.35e-08   168s
[2026-04-30 14:50:50,508][gurobipy][INFO] -   14   1.22127928e-02  1.00493290e-02  4.18e-11 1.42e-15  1.06e-08   169s
[2026-04-30 14:50:51,490][gurobipy][INFO] -   15   1.19942869e-02  1.01000261e-02  3.82e-11 7.22e-16  9.29e-09   170s
[2026-04-30 14:50:52,629][gurobipy][INFO] -   16   1.14643590e-02  1.01908286e-02  4.91e-11 1.69e-15  6.24e-09   171s
[2026-04-30 14:50:53,796][gurobipy][INFO] -   17   1.11968315e-02  1.02168873e-02  4.37e-11 6.94e-16  4.80e-09   172s
[2026-04-30 14:50:55,394][gurobipy][INFO] -   18   1.08378437e-02  1.02608098e-02  4.91e-11 1.47e-15  2.83e-09   174s
[2026-04-30 14:50:56,626][gurobipy][INFO] -   19   1.07180247e-02  1.02832168e-02  4.18e-11 1.47e-15  2.13e-09   175s
[2026-04-30 14:50:57,590][gurobipy][INFO] -   20   1.06345021e-02  1.02952746e-02  2.73e-11 5.83e-16  1.66e-09   176s
[2026-04-30 14:50:58,962][gurobipy][INFO] -   21   1.04800073e-02  1.03091482e-02  2.91e-11 2.39e-16  8.37e-10   177s
[2026-04-30 14:51:00,187][gurobipy][INFO] -   22   1.04643329e-02  1.03149980e-02  6.00e-11 1.94e-16  7.32e-10   179s
[2026-04-30 14:51:01,223][gurobipy][INFO] -   23   1.03958607e-02  1.03181348e-02  4.73e-11 4.16e-16  3.81e-10   180s
[2026-04-30 14:51:02,112][gurobipy][INFO] -   24   1.03475767e-02  1.03198351e-02  5.82e-11 1.39e-16  1.36e-10   181s
[2026-04-30 14:51:03,065][gurobipy][INFO] -   25   1.03441052e-02  1.03205309e-02  3.82e-11 2.95e-16  1.16e-10   181s
[2026-04-30 14:51:03,935][gurobipy][INFO] -   26   1.03432917e-02  1.03209810e-02  5.82e-11 1.94e-16  1.09e-10   182s
[2026-04-30 14:51:05,028][gurobipy][INFO] -   27   1.03367542e-02  1.03213197e-02  4.00e-11 2.78e-16  7.57e-11   183s
[2026-04-30 14:51:06,560][gurobipy][INFO] -   28   1.03304338e-02  1.03216937e-02  6.18e-11 1.94e-16  4.28e-11   185s
[2026-04-30 14:51:07,831][gurobipy][INFO] -   29   1.03297846e-02  1.03217857e-02  4.18e-11 1.94e-16  3.92e-11   186s
[2026-04-30 14:51:08,994][gurobipy][INFO] -   30   1.03285012e-02  1.03220436e-02  3.27e-11 3.05e-16  3.17e-11   187s
[2026-04-30 14:51:10,289][gurobipy][INFO] -   31   1.03279665e-02  1.03220996e-02  4.00e-11 1.94e-16  2.88e-11   189s
[2026-04-30 14:51:11,491][gurobipy][INFO] -   32   1.03270691e-02  1.03221889e-02  3.27e-11 3.61e-16  2.39e-11   190s
[2026-04-30 14:51:12,551][gurobipy][INFO] -   33   1.03257742e-02  1.03222465e-02  4.37e-11 1.94e-16  1.73e-11   191s
[2026-04-30 14:51:13,806][gurobipy][INFO] -   34   1.03244579e-02  1.03223663e-02  3.64e-11 1.94e-16  1.03e-11   192s
[2026-04-30 14:51:14,988][gurobipy][INFO] -   35   1.03238893e-02  1.03224406e-02  4.91e-11 1.39e-16  7.10e-12   193s
[2026-04-30 14:51:16,149][gurobipy][INFO] -   36   1.03236175e-02  1.03224603e-02  5.28e-11 2.78e-16  5.67e-12   195s
[2026-04-30 14:51:17,358][gurobipy][INFO] -   37   1.03234573e-02  1.03224879e-02  2.55e-11 1.39e-16  4.75e-12   196s
[2026-04-30 14:51:18,557][gurobipy][INFO] -   38   1.03233125e-02  1.03225197e-02  4.73e-11 1.94e-16  3.89e-12   197s
[2026-04-30 14:51:19,688][gurobipy][INFO] -   39   1.03232694e-02  1.03225346e-02  4.73e-11 2.50e-16  3.60e-12   198s
[2026-04-30 14:51:21,013][gurobipy][INFO] -   40   1.03230782e-02  1.03225887e-02  4.37e-11 1.42e-16  2.40e-12   199s
[2026-04-30 14:51:22,081][gurobipy][INFO] -   41   1.03230404e-02  1.03226150e-02  4.73e-11 1.80e-16  2.09e-12   200s
[2026-04-30 14:51:23,369][gurobipy][INFO] -   42   1.03229616e-02  1.03226374e-02  5.82e-11 3.33e-16  1.59e-12   202s
[2026-04-30 14:51:24,534][gurobipy][INFO] -   43   1.03229333e-02  1.03226766e-02  5.09e-11 2.50e-16  1.26e-12   203s
[2026-04-30 14:51:25,867][gurobipy][INFO] -   44   1.03229119e-02  1.03226855e-02  4.73e-11 2.22e-16  1.11e-12   204s
[2026-04-30 14:51:27,282][gurobipy][INFO] -   45   1.03229031e-02  1.03226960e-02  6.55e-11 3.89e-16  1.02e-12   206s
[2026-04-30 14:51:28,699][gurobipy][INFO] -   46   1.03228397e-02  1.03227288e-02  7.82e-11 3.68e-16  5.44e-13   207s
[2026-04-30 14:51:29,771][gurobipy][INFO] -   47   1.03228213e-02  1.03227338e-02  1.33e-10 4.44e-16  4.29e-13   208s
[2026-04-30 14:51:31,142][gurobipy][INFO] -   48   1.03228149e-02  1.03227354e-02  9.46e-11 2.22e-16  3.90e-13   209s
[2026-04-30 14:51:32,256][gurobipy][INFO] -   49   1.03227995e-02  1.03227399e-02  5.51e-10 2.22e-16  2.92e-13   211s
[2026-04-30 14:51:33,281][gurobipy][INFO] -   50   1.03227885e-02  1.03227699e-02  5.91e-10 1.05e-14  9.12e-14   212s
[2026-04-30 14:51:34,617][gurobipy][INFO] -   51   1.03227845e-02  1.03227711e-02  7.59e-10 9.30e-15  6.57e-14   213s
[2026-04-30 14:51:35,366][gurobipy][INFO] -   52   1.03227877e-02  1.03227722e-02  3.93e-10 8.33e-15  7.61e-14   214s
[2026-04-30 14:51:36,255][gurobipy][INFO] -   53   1.03227837e-02  1.03227795e-02  3.89e-10 8.66e-15  2.02e-14   215s
[2026-04-30 14:51:37,078][gurobipy][INFO] -   54   1.03227835e-02  1.03227799e-02  7.06e-10 7.77e-15  1.78e-14   215s
[2026-04-30 14:51:38,011][gurobipy][INFO] -   55   1.03227820e-02  1.03227799e-02  4.87e-10 7.47e-15  1.04e-14   216s
[2026-04-30 14:51:38,889][gurobipy][INFO] -   56   1.03227819e-02  1.03227815e-02  3.69e-10 9.99e-15  2.11e-15   217s
[2026-04-30 14:51:39,856][gurobipy][INFO] -   57   1.03227816e-02  1.03227816e-02  4.80e-10 2.50e-15  9.60e-19   218s
[2026-04-30 14:51:39,891][gurobipy][INFO] - 
[2026-04-30 14:51:39,892][gurobipy][INFO] - Barrier solved model in 57 iterations and 218.25 seconds (115.47 work units)
[2026-04-30 14:51:39,892][gurobipy][INFO] - Optimal objective 1.03227816e-02
[2026-04-30 14:51:39,892][gurobipy][INFO] - 
[2026-04-30 14:51:40,408][gurobipy][INFO] - 
[2026-04-30 14:51:40,409][gurobipy][INFO] - Root crossover log...
[2026-04-30 14:51:40,409][gurobipy][INFO] - 
[2026-04-30 14:51:40,851][gurobipy][INFO] -    64645 DPushes remaining with DInf 0.0000000e+00               219s
[2026-04-30 14:51:41,808][gurobipy][INFO] -    50435 DPushes remaining with DInf 0.0000000e+00               220s
[2026-04-30 14:51:46,644][gurobipy][INFO] -    24302 DPushes remaining with DInf 0.0000000e+00               225s
[2026-04-30 14:51:51,617][gurobipy][INFO] -      279 DPushes remaining with DInf 0.0000000e+00               230s
[2026-04-30 14:51:51,831][gurobipy][INFO] -        0 DPushes remaining with DInf 0.0000000e+00               230s
[2026-04-30 14:51:51,859][gurobipy][INFO] - 
[2026-04-30 14:51:51,859][gurobipy][INFO] -        1 PPushes remaining with PInf 0.0000000e+00               230s
[2026-04-30 14:51:51,959][gurobipy][INFO] -        0 PPushes remaining with PInf 0.0000000e+00               230s
[2026-04-30 14:51:51,971][gurobipy][INFO] - 
[2026-04-30 14:51:51,971][gurobipy][INFO] -   Push phase complete: Pinf 0.0000000e+00, Dinf 6.9866435e-14    230s
[2026-04-30 14:51:51,972][gurobipy][INFO] - 
[2026-04-30 14:51:52,085][gurobipy][INFO] - 
[2026-04-30 14:51:52,086][gurobipy][INFO] - Root simplex log...
[2026-04-30 14:51:52,086][gurobipy][INFO] - 
[2026-04-30 14:51:52,086][gurobipy][INFO] - Iteration    Objective       Primal Inf.    Dual Inf.      Time
[2026-04-30 14:51:52,086][gurobipy][INFO] -    38150    1.0322782e-02   0.000000e+00   0.000000e+00    230s
[2026-04-30 14:51:52,086][gurobipy][INFO] - Crossover time: 12.09 seconds (7.99 work units)
[2026-04-30 14:51:52,260][gurobipy][INFO] -    38150    1.0322782e-02   0.000000e+00   0.000000e+00    231s
[2026-04-30 14:51:52,923][gurobipy][INFO] - 
[2026-04-30 14:51:52,924][gurobipy][INFO] - Use crossover to convert LP symmetric solution to basic solution...
[2026-04-30 14:51:53,107][gurobipy][INFO] - 
[2026-04-30 14:51:53,108][gurobipy][INFO] - Root crossover log...
[2026-04-30 14:51:53,108][gurobipy][INFO] - 
[2026-04-30 14:52:03,648][gurobipy][INFO] -   316983 variables added to crossover basis                      242s
[2026-04-30 14:52:06,843][gurobipy][INFO] -   317613 variables added to crossover basis                      245s
[2026-04-30 14:52:11,786][gurobipy][INFO] -   317973 variables added to crossover basis                      250s
[2026-04-30 14:52:16,822][gurobipy][INFO] -   318243 variables added to crossover basis                      255s
[2026-04-30 14:52:22,136][gurobipy][INFO] -   318483 variables added to crossover basis                      261s
[2026-04-30 14:52:26,638][gurobipy][INFO] -   318663 variables added to crossover basis                      265s
[2026-04-30 14:52:32,199][gurobipy][INFO] -   318873 variables added to crossover basis                      271s
[2026-04-30 14:52:37,386][gurobipy][INFO] -   319053 variables added to crossover basis                      276s
[2026-04-30 14:52:41,937][gurobipy][INFO] -   319203 variables added to crossover basis                      280s
[2026-04-30 14:52:46,756][gurobipy][INFO] -   319353 variables added to crossover basis                      285s
[2026-04-30 14:52:51,616][gurobipy][INFO] -   319503 variables added to crossover basis                      290s
[2026-04-30 14:52:57,578][gurobipy][INFO] -   319683 variables added to crossover basis                      296s
[2026-04-30 14:53:02,332][gurobipy][INFO] - 
[2026-04-30 14:53:02,339][gurobipy][INFO] - 
[2026-04-30 14:53:02,340][gurobipy][INFO] - Root relaxation: time limit, 44394 iterations, 155.76 seconds (118.76 work units)
[2026-04-30 14:53:02,342][gurobipy][INFO] - 
[2026-04-30 14:53:02,342][gurobipy][INFO] -     Nodes    |    Current Node    |     Objective Bounds      |     Work
[2026-04-30 14:53:02,342][gurobipy][INFO] -  Expl Unexpl |  Obj  Depth IntInf | Incumbent    BestBd   Gap | It/Node Time
[2026-04-30 14:53:02,342][gurobipy][INFO] - 
[2026-04-30 14:53:02,342][gurobipy][INFO] -      0     0          -    0         0.50000    0.00000   100%     -  300s
[2026-04-30 14:53:02,353][gurobipy][INFO] - 
[2026-04-30 14:53:02,353][gurobipy][INFO] - Explored 1 nodes (44394 simplex iterations) in 300.75 seconds (217.09 work units)
[2026-04-30 14:53:02,353][gurobipy][INFO] - Thread count was 32 (of 128 available processors)
[2026-04-30 14:53:02,353][gurobipy][INFO] - 
[2026-04-30 14:53:02,353][gurobipy][INFO] - Solution count 1: 0.5 
[2026-04-30 14:53:02,353][gurobipy][INFO] - 
[2026-04-30 14:53:02,353][gurobipy][INFO] - Time limit reached
[2026-04-30 14:53:02,356][gurobipy][INFO] - Best objective 5.000000000000e-01, best bound 3.875049695186e-14, gap 100.0000%
