[2026-05-03 17:37:01,414][gurobipy][INFO] - Set parameter WLSAccessID
[2026-05-03 17:37:01,414][gurobipy][INFO] - Set parameter WLSSecret
[2026-05-03 17:37:01,414][gurobipy][INFO] - Set parameter LicenseID to value 2619742
[2026-05-03 17:37:01,424][gurobipy][INFO] - Academic license 2619742 - for non-commercial use only - registered to it___@mail.huji.ac.il
[2026-05-03 17:37:01,425][gurobipy][INFO] - Set parameter OutputFlag to value 1
[2026-05-03 17:37:01,425][gurobipy][INFO] - Set parameter MIPGap to value 0
[2026-05-03 17:37:01,425][gurobipy][INFO] - Set parameter TimeLimit to value 300
[2026-05-03 17:42:30,507][gurobipy][INFO] - Set parameter NonConvex to value 2
[2026-05-03 17:43:22,233][gurobipy][INFO] - Gurobi Optimizer version 13.0.1 build v13.0.1rc0 (linux64 - "Ubuntu 22.04.5 LTS")
[2026-05-03 17:43:22,233][gurobipy][INFO] - 
[2026-05-03 17:43:22,233][gurobipy][INFO] - CPU model: Intel(R) Xeon(R) Platinum 8358 CPU @ 2.60GHz, instruction set [SSE2|AVX|AVX2|AVX512]
[2026-05-03 17:43:22,234][gurobipy][INFO] - Thread count: 64 physical cores, 128 logical processors, using up to 32 threads
[2026-05-03 17:43:22,234][gurobipy][INFO] - 
[2026-05-03 17:43:22,234][gurobipy][INFO] - Non-default parameters:
[2026-05-03 17:43:22,234][gurobipy][INFO] - TimeLimit  300
[2026-05-03 17:43:22,234][gurobipy][INFO] - MIPGap  0
[2026-05-03 17:43:22,234][gurobipy][INFO] - NonConvex  2
[2026-05-03 17:43:22,234][gurobipy][INFO] - 
[2026-05-03 17:43:22,234][gurobipy][INFO] - Academic license 2619742 - for non-commercial use only - registered to it___@mail.huji.ac.il
[2026-05-03 17:43:22,234][gurobipy][INFO] - Optimize a model with 3470578 rows, 999930 columns and 6941156 nonzeros (Min)
[2026-05-03 17:43:22,891][gurobipy][INFO] - Model fingerprint: 0x225834ed
[2026-05-03 17:43:22,891][gurobipy][INFO] - Model has 999930 linear objective coefficients and an objective constant of 0.5
[2026-05-03 17:43:22,891][gurobipy][INFO] - Model has 40 quadratic constraints
[2026-05-03 17:43:22,892][gurobipy][INFO] - Variable types: 20 continuous, 999910 integer (999910 binary)
[2026-05-03 17:43:22,992][gurobipy][INFO] - Coefficient statistics:
[2026-05-03 17:43:22,992][gurobipy][INFO] -   Matrix range     [1e+00, 1e+00]
[2026-05-03 17:43:22,992][gurobipy][INFO] -   QMatrix range    [1e+00, 1e+00]
[2026-05-03 17:43:22,992][gurobipy][INFO] -   QLMatrix range   [9e-05, 1e+00]
[2026-05-03 17:43:22,992][gurobipy][INFO] -   Objective range  [5e-07, 3e-02]
[2026-05-03 17:43:22,992][gurobipy][INFO] -   Bounds range     [1e+00, 1e+00]
[2026-05-03 17:43:22,992][gurobipy][INFO] -   RHS range        [1e+00, 1e+00]
[2026-05-03 17:43:22,992][gurobipy][INFO] - 
[2026-05-03 17:43:23,300][gurobipy][INFO] - Found heuristic solution: objective 0.5000000
[2026-05-03 17:43:30,482][gurobipy][INFO] - Presolve removed 0 rows and 0 columns (presolve time = 5s)...
[2026-05-03 17:43:35,514][gurobipy][INFO] - Presolve removed 0 rows and 0 columns (presolve time = 10s)...
[2026-05-03 17:43:43,503][gurobipy][INFO] - Presolve removed 0 rows and 0 columns (presolve time = 18s)...
[2026-05-03 17:43:49,810][gurobipy][INFO] - Presolve removed 0 rows and 0 columns (presolve time = 24s)...
[2026-05-03 17:43:50,511][gurobipy][INFO] - Presolve removed 0 rows and 0 columns (presolve time = 25s)...
[2026-05-03 17:43:55,331][gurobipy][INFO] - Presolve removed 0 rows and 0 columns (presolve time = 30s)...
[2026-05-03 17:44:00,370][gurobipy][INFO] - Presolve removed 0 rows and 0 columns (presolve time = 35s)...
[2026-05-03 17:44:05,331][gurobipy][INFO] - Presolve removed 0 rows and 0 columns (presolve time = 40s)...
[2026-05-03 17:44:10,333][gurobipy][INFO] - Presolve removed 0 rows and 0 columns (presolve time = 45s)...
[2026-05-03 17:44:15,372][gurobipy][INFO] - Presolve removed 1157282 rows and 0 columns (presolve time = 50s)...
[2026-05-03 17:44:20,365][gurobipy][INFO] - Presolve removed 1157282 rows and 0 columns (presolve time = 55s)...
[2026-05-03 17:44:25,353][gurobipy][INFO] - Presolve removed 1157282 rows and 0 columns (presolve time = 60s)...
[2026-05-03 17:44:30,331][gurobipy][INFO] - Presolve removed 1157282 rows and 0 columns (presolve time = 65s)...
[2026-05-03 17:44:35,345][gurobipy][INFO] - Presolve removed 1157282 rows and 0 columns (presolve time = 70s)...
[2026-05-03 17:44:40,360][gurobipy][INFO] - Presolve removed 1157282 rows and 0 columns (presolve time = 75s)...
[2026-05-03 17:44:45,331][gurobipy][INFO] - Presolve removed 1157282 rows and 0 columns (presolve time = 80s)...
[2026-05-03 17:44:50,345][gurobipy][INFO] - Presolve removed 1157282 rows and 0 columns (presolve time = 85s)...
[2026-05-03 17:44:55,337][gurobipy][INFO] - Presolve removed 1157282 rows and 0 columns (presolve time = 90s)...
[2026-05-03 17:45:00,359][gurobipy][INFO] - Presolve removed 1157282 rows and 0 columns (presolve time = 95s)...
[2026-05-03 17:45:05,353][gurobipy][INFO] - Presolve removed 1157282 rows and 0 columns (presolve time = 100s)...
[2026-05-03 17:45:10,345][gurobipy][INFO] - Presolve removed 1157282 rows and 0 columns (presolve time = 105s)...
[2026-05-03 17:45:15,354][gurobipy][INFO] - Presolve removed 1157282 rows and 0 columns (presolve time = 110s)...
[2026-05-03 17:45:20,343][gurobipy][INFO] - Presolve removed 1157282 rows and 0 columns (presolve time = 115s)...
[2026-05-03 17:45:26,646][gurobipy][INFO] - Presolve removed 1157282 rows and 0 columns (presolve time = 121s)...
[2026-05-03 17:45:30,506][gurobipy][INFO] - Presolve removed 1157282 rows and 0 columns (presolve time = 125s)...
[2026-05-03 17:45:35,427][gurobipy][INFO] - Presolve removed 1157282 rows and 0 columns (presolve time = 130s)...
[2026-05-03 17:45:41,196][gurobipy][INFO] - Presolve removed 1157282 rows and 0 columns (presolve time = 136s)...
[2026-05-03 17:45:47,008][gurobipy][INFO] - Presolve removed 1157282 rows and 0 columns (presolve time = 142s)...
[2026-05-03 17:45:50,586][gurobipy][INFO] - Presolve removed 1157282 rows and 0 columns (presolve time = 145s)...
[2026-05-03 17:45:55,393][gurobipy][INFO] - Presolve removed 1157282 rows and 0 columns (presolve time = 150s)...
[2026-05-03 17:46:00,375][gurobipy][INFO] - Presolve removed 1157282 rows and 0 columns (presolve time = 155s)...
[2026-05-03 17:46:05,358][gurobipy][INFO] - Presolve removed 1157282 rows and 0 columns (presolve time = 160s)...
[2026-05-03 17:46:10,347][gurobipy][INFO] - Presolve removed 1157282 rows and 0 columns (presolve time = 165s)...
[2026-05-03 17:46:15,342][gurobipy][INFO] - Presolve removed 1157282 rows and 0 columns (presolve time = 170s)...
[2026-05-03 17:46:20,350][gurobipy][INFO] - Presolve removed 1157282 rows and 0 columns (presolve time = 175s)...
[2026-05-03 17:46:25,333][gurobipy][INFO] - Presolve removed 1157282 rows and 0 columns (presolve time = 180s)...
[2026-05-03 17:46:30,369][gurobipy][INFO] - Presolve removed 1157282 rows and 0 columns (presolve time = 185s)...
[2026-05-03 17:46:35,381][gurobipy][INFO] - Presolve removed 1157282 rows and 0 columns (presolve time = 190s)...
[2026-05-03 17:46:40,374][gurobipy][INFO] - Presolve removed 1157282 rows and 0 columns (presolve time = 195s)...
[2026-05-03 17:46:45,360][gurobipy][INFO] - Presolve removed 1157282 rows and 0 columns (presolve time = 200s)...
[2026-05-03 17:46:50,370][gurobipy][INFO] - Presolve removed 1157282 rows and 0 columns (presolve time = 205s)...
[2026-05-03 17:46:55,347][gurobipy][INFO] - Presolve removed 1157282 rows and 0 columns (presolve time = 210s)...
[2026-05-03 17:47:00,372][gurobipy][INFO] - Presolve removed 1157282 rows and 0 columns (presolve time = 215s)...
[2026-05-03 17:47:05,383][gurobipy][INFO] - Presolve removed 1157282 rows and 0 columns (presolve time = 220s)...
[2026-05-03 17:47:10,344][gurobipy][INFO] - Presolve removed 1157282 rows and 0 columns (presolve time = 225s)...
[2026-05-03 17:47:15,352][gurobipy][INFO] - Presolve removed 1157282 rows and 0 columns (presolve time = 230s)...
[2026-05-03 17:47:20,386][gurobipy][INFO] - Presolve removed 1157282 rows and 0 columns (presolve time = 235s)...
[2026-05-03 17:47:25,371][gurobipy][INFO] - Presolve removed 1157282 rows and 0 columns (presolve time = 240s)...
[2026-05-03 17:47:30,329][gurobipy][INFO] - Presolve removed 1157282 rows and 0 columns (presolve time = 245s)...
[2026-05-03 17:47:35,403][gurobipy][INFO] - Presolve removed 1157282 rows and 0 columns (presolve time = 250s)...
[2026-05-03 17:47:41,577][gurobipy][INFO] - Presolve removed 1157282 rows and 0 columns (presolve time = 256s)...
[2026-05-03 17:47:47,375][gurobipy][INFO] - Presolve removed 1157282 rows and 0 columns (presolve time = 262s)...
[2026-05-03 17:47:50,332][gurobipy][INFO] - Presolve removed 1157282 rows and 0 columns (presolve time = 265s)...
[2026-05-03 17:47:55,350][gurobipy][INFO] - Presolve removed 1157282 rows and 0 columns (presolve time = 270s)...
[2026-05-03 17:48:00,345][gurobipy][INFO] - Presolve removed 1157282 rows and 0 columns (presolve time = 275s)...
[2026-05-03 17:48:05,607][gurobipy][INFO] - Presolve removed 1157282 rows and 0 columns (presolve time = 280s)...
[2026-05-03 17:48:13,181][gurobipy][INFO] - Presolve removed 1157282 rows and 0 columns (presolve time = 288s)...
[2026-05-03 17:48:22,466][gurobipy][INFO] - Presolve added 0 rows and 20 columns
[2026-05-03 17:48:22,466][gurobipy][INFO] - Presolve removed 1157242 rows and 0 columns
[2026-05-03 17:48:22,466][gurobipy][INFO] - Presolve time: 297.14s
[2026-05-03 17:48:25,070][gurobipy][INFO] - 
[2026-05-03 17:48:25,070][gurobipy][INFO] - Explored 0 nodes (0 simplex iterations) in 302.84 seconds (205.93 work units)
[2026-05-03 17:48:25,070][gurobipy][INFO] - Thread count was 1 (of 128 available processors)
[2026-05-03 17:48:25,072][gurobipy][INFO] - 
[2026-05-03 17:48:25,072][gurobipy][INFO] - Solution count 1: 0.5 
[2026-05-03 17:48:25,072][gurobipy][INFO] - 
[2026-05-03 17:48:25,072][gurobipy][INFO] - Time limit reached
[2026-05-03 17:48:25,234][gurobipy][INFO] - Best objective 5.000000000000e-01, best bound -, gap -
