[2026-05-03 15:47:01,157][gurobipy][INFO] - Set parameter WLSAccessID
[2026-05-03 15:47:01,158][gurobipy][INFO] - Set parameter WLSSecret
[2026-05-03 15:47:01,158][gurobipy][INFO] - Set parameter LicenseID to value 2619742
[2026-05-03 15:47:01,209][gurobipy][INFO] - Academic license 2619742 - for non-commercial use only - registered to it___@mail.huji.ac.il
[2026-05-03 15:47:01,211][gurobipy][INFO] - Set parameter OutputFlag to value 1
[2026-05-03 15:47:01,211][gurobipy][INFO] - Set parameter MIPGap to value 0
[2026-05-03 15:47:01,211][gurobipy][INFO] - Set parameter TimeLimit to value 300
[2026-05-03 15:57:14,281][gurobipy][INFO] - Gurobi Optimizer version 13.0.1 build v13.0.1rc0 (linux64 - "Ubuntu 22.04.5 LTS")
[2026-05-03 15:57:14,281][gurobipy][INFO] - 
[2026-05-03 15:57:14,282][gurobipy][INFO] - CPU model: Intel(R) Xeon(R) Platinum 8358 CPU @ 2.60GHz, instruction set [SSE2|AVX|AVX2|AVX512]
[2026-05-03 15:57:14,282][gurobipy][INFO] - Thread count: 64 physical cores, 128 logical processors, using up to 32 threads
[2026-05-03 15:57:14,282][gurobipy][INFO] - 
[2026-05-03 15:57:14,282][gurobipy][INFO] - Non-default parameters:
[2026-05-03 15:57:14,282][gurobipy][INFO] - TimeLimit  300
[2026-05-03 15:57:14,282][gurobipy][INFO] - MIPGap  0
[2026-05-03 15:57:14,282][gurobipy][INFO] - 
[2026-05-03 15:57:14,282][gurobipy][INFO] - Academic license 2619742 - for non-commercial use only - registered to it___@mail.huji.ac.il
[2026-05-03 15:57:14,282][gurobipy][INFO] - Optimize a model with 14712867 rows, 3395604 columns and 29425734 nonzeros (Min)
[2026-05-03 15:57:14,611][gurobipy][INFO] - Model fingerprint: 0x4999d8e9
[2026-05-03 15:57:14,613][gurobipy][INFO] - Model has 3395604 linear objective coefficients and an objective constant of 1
[2026-05-03 15:57:14,616][gurobipy][INFO] - Variable types: 0 continuous, 3395604 integer (3395604 binary)
[2026-05-03 15:57:14,683][gurobipy][INFO] - Coefficient statistics:
[2026-05-03 15:57:14,683][gurobipy][INFO] -   Matrix range     [1e+00, 1e+00]
[2026-05-03 15:57:14,684][gurobipy][INFO] -   Objective range  [3e-07, 3e-07]
[2026-05-03 15:57:14,684][gurobipy][INFO] -   Bounds range     [1e+00, 1e+00]
[2026-05-03 15:57:14,684][gurobipy][INFO] -   RHS range        [1e+00, 1e+00]
[2026-05-03 15:57:14,684][gurobipy][INFO] - 
[2026-05-03 15:57:15,295][gurobipy][INFO] - Found heuristic solution: objective 0.1765668
[2026-05-03 15:57:22,842][gurobipy][INFO] - Presolve removed 0 rows and 201447 columns (presolve time = 6s)...
[2026-05-03 15:57:27,404][gurobipy][INFO] - Presolve removed 166387 rows and 367834 columns (presolve time = 10s)...
[2026-05-03 15:57:32,198][gurobipy][INFO] - Presolve removed 166387 rows and 367834 columns (presolve time = 15s)...
[2026-05-03 15:57:37,210][gurobipy][INFO] - Presolve removed 166387 rows and 367834 columns (presolve time = 20s)...
[2026-05-03 15:57:42,508][gurobipy][INFO] - Presolve removed 166393 rows and 367846 columns (presolve time = 25s)...
[2026-05-03 15:57:47,195][gurobipy][INFO] - Presolve removed 166393 rows and 367846 columns (presolve time = 30s)...
[2026-05-03 15:57:52,195][gurobipy][INFO] - Presolve removed 166393 rows and 367846 columns (presolve time = 35s)...
[2026-05-03 15:57:57,196][gurobipy][INFO] - Presolve removed 166393 rows and 367846 columns (presolve time = 40s)...
[2026-05-03 15:58:02,194][gurobipy][INFO] - Presolve removed 166393 rows and 367846 columns (presolve time = 45s)...
[2026-05-03 15:58:07,313][gurobipy][INFO] - Presolve removed 170136 rows and 367846 columns (presolve time = 50s)...
[2026-05-03 15:58:12,229][gurobipy][INFO] - Presolve removed 170136 rows and 367846 columns (presolve time = 55s)...
[2026-05-03 15:58:17,249][gurobipy][INFO] - Presolve removed 170136 rows and 367846 columns (presolve time = 60s)...
[2026-05-03 15:58:22,473][gurobipy][INFO] - Presolve removed 170136 rows and 367846 columns (presolve time = 65s)...
[2026-05-03 15:58:27,255][gurobipy][INFO] - Presolve removed 170136 rows and 367846 columns (presolve time = 70s)...
[2026-05-03 15:58:32,594][gurobipy][INFO] - Presolve removed 170136 rows and 367846 columns (presolve time = 75s)...
[2026-05-03 15:58:37,193][gurobipy][INFO] - Presolve removed 170136 rows and 367846 columns (presolve time = 80s)...
[2026-05-03 15:58:42,407][gurobipy][INFO] - Presolve removed 921127 rows and 367846 columns (presolve time = 85s)...
[2026-05-03 15:58:47,443][gurobipy][INFO] - Presolve removed 921127 rows and 367846 columns (presolve time = 90s)...
[2026-05-03 15:58:52,555][gurobipy][INFO] - Presolve removed 921127 rows and 367846 columns (presolve time = 95s)...
[2026-05-03 15:58:57,411][gurobipy][INFO] - Presolve removed 921127 rows and 367846 columns (presolve time = 100s)...
[2026-05-03 15:59:02,419][gurobipy][INFO] - Presolve removed 921127 rows and 367846 columns (presolve time = 105s)...
[2026-05-03 15:59:07,502][gurobipy][INFO] - Presolve removed 921127 rows and 367846 columns (presolve time = 110s)...
[2026-05-03 15:59:12,232][gurobipy][INFO] - Presolve removed 921127 rows and 367846 columns (presolve time = 115s)...
[2026-05-03 15:59:17,496][gurobipy][INFO] - Presolve removed 921127 rows and 367846 columns (presolve time = 120s)...
[2026-05-03 15:59:22,196][gurobipy][INFO] - Presolve removed 921127 rows and 367846 columns (presolve time = 125s)...
[2026-05-03 15:59:29,264][gurobipy][INFO] - Presolve removed 12631067 rows and 3004345 columns (presolve time = 132s)...
[2026-05-03 15:59:29,993][gurobipy][INFO] - Presolve removed 12631067 rows and 3004345 columns
[2026-05-03 15:59:29,993][gurobipy][INFO] - Presolve time: 132.80s
[2026-05-03 15:59:30,115][gurobipy][INFO] - Presolved: 2081800 rows, 391259 columns, 4164592 nonzeros
[2026-05-03 15:59:31,314][gurobipy][INFO] - Found heuristic solution: objective 0.0854894
[2026-05-03 15:59:31,327][gurobipy][INFO] - Variable types: 0 continuous, 391259 integer (391259 binary)
[2026-05-03 15:59:33,103][gurobipy][INFO] - Performing another presolve...
[2026-05-03 15:59:33,853][gurobipy][INFO] - Presolve removed 1623555 rows and 384546 columns
[2026-05-03 15:59:33,853][gurobipy][INFO] - Presolve time: 0.75s
[2026-05-03 15:59:34,687][gurobipy][INFO] - 
[2026-05-03 15:59:34,687][gurobipy][INFO] - Explored 1 nodes (0 simplex iterations) in 140.41 seconds (181.25 work units)
[2026-05-03 15:59:34,687][gurobipy][INFO] - Thread count was 32 (of 128 available processors)
[2026-05-03 15:59:34,687][gurobipy][INFO] - 
[2026-05-03 15:59:34,687][gurobipy][INFO] - Solution count 3: 0.0854894 0.176567 0.198736 
[2026-05-03 15:59:34,688][gurobipy][INFO] - 
[2026-05-03 15:59:34,688][gurobipy][INFO] - Optimal solution found (tolerance 0.00e+00)
[2026-05-03 15:59:34,847][gurobipy][INFO] - Best objective 8.548935624615e-02, best bound 8.548935620557e-02, gap 0.0000%
