[2026-05-03 17:44:53,101][gurobipy][INFO] - Set parameter WLSAccessID
[2026-05-03 17:44:53,101][gurobipy][INFO] - Set parameter WLSSecret
[2026-05-03 17:44:53,102][gurobipy][INFO] - Set parameter LicenseID to value 2619742
[2026-05-03 17:44:53,131][gurobipy][INFO] - Academic license 2619742 - for non-commercial use only - registered to it___@mail.huji.ac.il
[2026-05-03 17:44:53,132][gurobipy][INFO] - Set parameter OutputFlag to value 1
[2026-05-03 17:44:53,132][gurobipy][INFO] - Set parameter MIPGap to value 0
[2026-05-03 17:44:53,133][gurobipy][INFO] - Set parameter TimeLimit to value 300
[2026-05-03 17:54:07,937][gurobipy][INFO] - Gurobi Optimizer version 13.0.1 build v13.0.1rc0 (linux64 - "Ubuntu 22.04.5 LTS")
[2026-05-03 17:54:07,938][gurobipy][INFO] - 
[2026-05-03 17:54:07,938][gurobipy][INFO] - CPU model: Intel(R) Xeon(R) Platinum 8358 CPU @ 2.60GHz, instruction set [SSE2|AVX|AVX2|AVX512]
[2026-05-03 17:54:07,938][gurobipy][INFO] - Thread count: 64 physical cores, 128 logical processors, using up to 32 threads
[2026-05-03 17:54:07,938][gurobipy][INFO] - 
[2026-05-03 17:54:07,938][gurobipy][INFO] - Non-default parameters:
[2026-05-03 17:54:07,938][gurobipy][INFO] - TimeLimit  300
[2026-05-03 17:54:07,938][gurobipy][INFO] - MIPGap  0
[2026-05-03 17:54:07,938][gurobipy][INFO] - 
[2026-05-03 17:54:07,938][gurobipy][INFO] - Academic license 2619742 - for non-commercial use only - registered to it___@mail.huji.ac.il
[2026-05-03 17:54:07,938][gurobipy][INFO] - Optimize a model with 8503279 rows, 999910 columns and 17006558 nonzeros (Min)
[2026-05-03 17:54:08,152][gurobipy][INFO] - Model fingerprint: 0x2e0aa0b1
[2026-05-03 17:54:08,153][gurobipy][INFO] - Model has 999910 linear objective coefficients and an objective constant of 1
[2026-05-03 17:54:08,153][gurobipy][INFO] - Variable types: 0 continuous, 999910 integer (999910 binary)
[2026-05-03 17:54:08,197][gurobipy][INFO] - Coefficient statistics:
[2026-05-03 17:54:08,197][gurobipy][INFO] -   Matrix range     [1e+00, 1e+00]
[2026-05-03 17:54:08,197][gurobipy][INFO] -   Objective range  [1e-06, 1e-06]
[2026-05-03 17:54:08,197][gurobipy][INFO] -   Bounds range     [1e+00, 1e+00]
[2026-05-03 17:54:08,197][gurobipy][INFO] -   RHS range        [1e+00, 1e+00]
[2026-05-03 17:54:08,197][gurobipy][INFO] - 
[2026-05-03 17:54:08,717][gurobipy][INFO] - Found heuristic solution: objective 0.0006591
[2026-05-03 17:54:15,559][gurobipy][INFO] - Presolve removed 0 rows and 2425 columns (presolve time = 5s)...
[2026-05-03 17:54:21,110][gurobipy][INFO] - Presolve removed 3271 rows and 5696 columns (presolve time = 11s)...
[2026-05-03 17:54:25,491][gurobipy][INFO] - Presolve removed 3271 rows and 5696 columns (presolve time = 15s)...
[2026-05-03 17:54:31,669][gurobipy][INFO] - Presolve removed 3271 rows and 5696 columns (presolve time = 21s)...
[2026-05-03 17:54:35,598][gurobipy][INFO] - Presolve removed 3279 rows and 5704 columns (presolve time = 25s)...
[2026-05-03 17:54:40,531][gurobipy][INFO] - Presolve removed 3279 rows and 5725 columns (presolve time = 30s)...
[2026-05-03 17:54:45,490][gurobipy][INFO] - Presolve removed 3279 rows and 5725 columns (presolve time = 35s)...
[2026-05-03 17:54:50,540][gurobipy][INFO] - Presolve removed 3279 rows and 5725 columns (presolve time = 40s)...
[2026-05-03 17:54:55,496][gurobipy][INFO] - Presolve removed 750659 rows and 5725 columns (presolve time = 45s)...
[2026-05-03 17:55:00,500][gurobipy][INFO] - Presolve removed 753497 rows and 5725 columns (presolve time = 50s)...
[2026-05-03 17:55:05,491][gurobipy][INFO] - Presolve removed 756313 rows and 5725 columns (presolve time = 55s)...
[2026-05-03 17:55:10,501][gurobipy][INFO] - Presolve removed 759109 rows and 5725 columns (presolve time = 60s)...
[2026-05-03 17:55:15,500][gurobipy][INFO] - Presolve removed 761624 rows and 5725 columns (presolve time = 65s)...
[2026-05-03 17:55:20,519][gurobipy][INFO] - Presolve removed 761646 rows and 5725 columns (presolve time = 70s)...
[2026-05-03 17:55:25,507][gurobipy][INFO] - Presolve removed 761646 rows and 5725 columns (presolve time = 75s)...
[2026-05-03 17:55:30,496][gurobipy][INFO] - Presolve removed 761646 rows and 5725 columns (presolve time = 80s)...
[2026-05-03 17:55:35,515][gurobipy][INFO] - Presolve removed 766546 rows and 5725 columns (presolve time = 85s)...
[2026-05-03 17:55:40,538][gurobipy][INFO] - Presolve removed 766546 rows and 5725 columns (presolve time = 90s)...
[2026-05-03 17:55:45,532][gurobipy][INFO] - Presolve removed 766546 rows and 5725 columns (presolve time = 95s)...
[2026-05-03 17:55:50,490][gurobipy][INFO] - Presolve removed 781376 rows and 5725 columns (presolve time = 100s)...
[2026-05-03 17:55:55,516][gurobipy][INFO] - Presolve removed 781376 rows and 5725 columns (presolve time = 105s)...
[2026-05-03 17:56:00,530][gurobipy][INFO] - Presolve removed 781376 rows and 5725 columns (presolve time = 110s)...
[2026-05-03 17:56:05,503][gurobipy][INFO] - Presolve removed 785112 rows and 5725 columns (presolve time = 115s)...
[2026-05-03 17:56:10,520][gurobipy][INFO] - Presolve removed 785112 rows and 5725 columns (presolve time = 120s)...
[2026-05-03 17:56:15,518][gurobipy][INFO] - Presolve removed 785112 rows and 5725 columns (presolve time = 125s)...
[2026-05-03 17:56:20,496][gurobipy][INFO] - Presolve removed 785112 rows and 5725 columns (presolve time = 130s)...
[2026-05-03 17:56:25,506][gurobipy][INFO] - Presolve removed 785112 rows and 5725 columns (presolve time = 135s)...
[2026-05-03 17:56:30,515][gurobipy][INFO] - Presolve removed 785112 rows and 5725 columns (presolve time = 140s)...
[2026-05-03 17:56:35,511][gurobipy][INFO] - Presolve removed 785729 rows and 5725 columns (presolve time = 145s)...
[2026-05-03 17:56:40,528][gurobipy][INFO] - Presolve removed 787102 rows and 5725 columns (presolve time = 150s)...
[2026-05-03 17:56:45,515][gurobipy][INFO] - Presolve removed 787102 rows and 5725 columns (presolve time = 155s)...
[2026-05-03 17:56:50,528][gurobipy][INFO] - Presolve removed 787102 rows and 5725 columns (presolve time = 160s)...
[2026-05-03 17:56:55,499][gurobipy][INFO] - Presolve removed 787102 rows and 5725 columns (presolve time = 165s)...
[2026-05-03 17:57:00,510][gurobipy][INFO] - Presolve removed 787102 rows and 5725 columns (presolve time = 170s)...
[2026-05-03 17:57:05,513][gurobipy][INFO] - Presolve removed 787102 rows and 5725 columns (presolve time = 175s)...
[2026-05-03 17:57:10,514][gurobipy][INFO] - Presolve removed 789132 rows and 5725 columns (presolve time = 180s)...
[2026-05-03 17:57:15,542][gurobipy][INFO] - Presolve removed 789132 rows and 5725 columns (presolve time = 185s)...
[2026-05-03 17:57:20,517][gurobipy][INFO] - Presolve removed 789132 rows and 5725 columns (presolve time = 190s)...
[2026-05-03 17:57:25,497][gurobipy][INFO] - Presolve removed 789132 rows and 5725 columns (presolve time = 195s)...
[2026-05-03 17:57:30,514][gurobipy][INFO] - Presolve removed 789132 rows and 5725 columns (presolve time = 200s)...
[2026-05-03 17:57:35,499][gurobipy][INFO] - Presolve removed 794099 rows and 5725 columns (presolve time = 205s)...
[2026-05-03 17:57:40,519][gurobipy][INFO] - Presolve removed 794099 rows and 5725 columns (presolve time = 210s)...
[2026-05-03 17:57:45,520][gurobipy][INFO] - Presolve removed 794099 rows and 5725 columns (presolve time = 215s)...
[2026-05-03 17:57:50,515][gurobipy][INFO] - Presolve removed 799026 rows and 5725 columns (presolve time = 220s)...
[2026-05-03 17:57:55,491][gurobipy][INFO] - Presolve removed 799026 rows and 5725 columns (presolve time = 225s)...
[2026-05-03 17:58:00,492][gurobipy][INFO] - Presolve removed 799026 rows and 5725 columns (presolve time = 230s)...
[2026-05-03 17:58:06,367][gurobipy][INFO] - Presolve removed 912341 rows and 5936 columns (presolve time = 236s)...
[2026-05-03 17:58:10,868][gurobipy][INFO] - Presolve removed 919911 rows and 13506 columns (presolve time = 240s)...
[2026-05-03 17:58:15,715][gurobipy][INFO] - Presolve removed 2943101 rows and 162740 columns (presolve time = 245s)...
[2026-05-03 17:58:21,260][gurobipy][INFO] - Presolve removed 3008656 rows and 228288 columns (presolve time = 251s)...
[2026-05-03 17:58:25,589][gurobipy][INFO] - Presolve removed 3558513 rows and 334958 columns (presolve time = 255s)...
[2026-05-03 17:58:30,490][gurobipy][INFO] - Presolve removed 3906722 rows and 435802 columns (presolve time = 260s)...
[2026-05-03 17:58:35,607][gurobipy][INFO] - Presolve removed 3933875 rows and 480507 columns (presolve time = 265s)...
[2026-05-03 17:58:38,554][gurobipy][INFO] - Presolve removed 8414065 rows and 974552 columns
[2026-05-03 17:58:38,554][gurobipy][INFO] - Presolve time: 268.06s
[2026-05-03 17:58:38,639][gurobipy][INFO] - Presolved: 89214 rows, 25358 columns, 196559 nonzeros
[2026-05-03 17:58:38,730][gurobipy][INFO] - Variable types: 0 continuous, 25358 integer (25358 binary)
[2026-05-03 17:58:39,168][gurobipy][INFO] - 
[2026-05-03 17:58:39,169][gurobipy][INFO] - Explored 0 nodes (0 simplex iterations) in 271.23 seconds (170.82 work units)
[2026-05-03 17:58:39,169][gurobipy][INFO] - Thread count was 32 (of 128 available processors)
[2026-05-03 17:58:39,169][gurobipy][INFO] - 
[2026-05-03 17:58:39,169][gurobipy][INFO] - Solution count 1: 0.000659059 
[2026-05-03 17:58:39,169][gurobipy][INFO] - 
[2026-05-03 17:58:39,169][gurobipy][INFO] - Optimal solution found (tolerance 0.00e+00)
[2026-05-03 17:58:39,288][gurobipy][INFO] - Best objective 6.590593166556e-04, best bound 6.590593166556e-04, gap 0.0000%
