[2026-05-03 15:46:11,298][gurobipy][INFO] - Set parameter WLSAccessID
[2026-05-03 15:46:11,298][gurobipy][INFO] - Set parameter WLSSecret
[2026-05-03 15:46:11,298][gurobipy][INFO] - Set parameter LicenseID to value 2619742
[2026-05-03 15:46:11,381][gurobipy][INFO] - Academic license 2619742 - for non-commercial use only - registered to it___@mail.huji.ac.il
[2026-05-03 15:46:11,383][gurobipy][INFO] - Set parameter OutputFlag to value 1
[2026-05-03 15:46:11,383][gurobipy][INFO] - Set parameter MIPGap to value 0
[2026-05-03 15:46:11,383][gurobipy][INFO] - Set parameter TimeLimit to value 300
[2026-05-03 16:03:35,264][gurobipy][INFO] - Gurobi Optimizer version 13.0.1 build v13.0.1rc0 (linux64 - "Ubuntu 22.04.5 LTS")
[2026-05-03 16:03:35,264][gurobipy][INFO] - 
[2026-05-03 16:03:35,265][gurobipy][INFO] - CPU model: Intel(R) Xeon(R) Platinum 8358 CPU @ 2.60GHz, instruction set [SSE2|AVX|AVX2|AVX512]
[2026-05-03 16:03:35,265][gurobipy][INFO] - Thread count: 64 physical cores, 128 logical processors, using up to 32 threads
[2026-05-03 16:03:35,265][gurobipy][INFO] - 
[2026-05-03 16:03:35,265][gurobipy][INFO] - Non-default parameters:
[2026-05-03 16:03:35,265][gurobipy][INFO] - TimeLimit  300
[2026-05-03 16:03:35,265][gurobipy][INFO] - MIPGap  0
[2026-05-03 16:03:35,265][gurobipy][INFO] - 
[2026-05-03 16:03:35,265][gurobipy][INFO] - Academic license 2619742 - for non-commercial use only - registered to it___@mail.huji.ac.il
[2026-05-03 16:03:35,265][gurobipy][INFO] - Optimize a model with 25770112 rows, 3395604 columns and 51540224 nonzeros (Min)
[2026-05-03 16:03:35,799][gurobipy][INFO] - Model fingerprint: 0x2d26bd05
[2026-05-03 16:03:35,802][gurobipy][INFO] - Model has 3395604 linear objective coefficients and an objective constant of 1
[2026-05-03 16:03:35,805][gurobipy][INFO] - Variable types: 0 continuous, 3395604 integer (3395604 binary)
[2026-05-03 16:03:35,906][gurobipy][INFO] - Coefficient statistics:
[2026-05-03 16:03:35,906][gurobipy][INFO] -   Matrix range     [1e+00, 1e+00]
[2026-05-03 16:03:35,906][gurobipy][INFO] -   Objective range  [3e-07, 3e-07]
[2026-05-03 16:03:35,906][gurobipy][INFO] -   Bounds range     [1e+00, 1e+00]
[2026-05-03 16:03:35,906][gurobipy][INFO] -   RHS range        [1e+00, 1e+00]
[2026-05-03 16:03:35,906][gurobipy][INFO] - 
[2026-05-03 16:03:36,838][gurobipy][INFO] - Found heuristic solution: objective 0.1078919
[2026-05-03 16:03:45,377][gurobipy][INFO] - Presolve removed 0 rows and 209806 columns (presolve time = 5s)...
[2026-05-03 16:03:50,268][gurobipy][INFO] - Presolve removed 0 rows and 209806 columns (presolve time = 10s)...
[2026-05-03 16:03:55,837][gurobipy][INFO] - Presolve removed 119110 rows and 328916 columns (presolve time = 16s)...
[2026-05-03 16:03:59,901][gurobipy][INFO] - Presolve removed 119110 rows and 328916 columns (presolve time = 20s)...
[2026-05-03 16:04:04,903][gurobipy][INFO] - Presolve removed 119110 rows and 328916 columns (presolve time = 25s)...
[2026-05-03 16:04:09,915][gurobipy][INFO] - Presolve removed 119119 rows and 328925 columns (presolve time = 30s)...
[2026-05-03 16:04:14,899][gurobipy][INFO] - Presolve removed 119119 rows and 330340 columns (presolve time = 35s)...
[2026-05-03 16:04:19,904][gurobipy][INFO] - Presolve removed 119119 rows and 330340 columns (presolve time = 40s)...
[2026-05-03 16:04:24,904][gurobipy][INFO] - Presolve removed 119119 rows and 330340 columns (presolve time = 45s)...
[2026-05-03 16:04:29,903][gurobipy][INFO] - Presolve removed 119119 rows and 330340 columns (presolve time = 50s)...
[2026-05-03 16:04:34,904][gurobipy][INFO] - Presolve removed 119119 rows and 330340 columns (presolve time = 55s)...
[2026-05-03 16:04:39,907][gurobipy][INFO] - Presolve removed 119119 rows and 330340 columns (presolve time = 60s)...
[2026-05-03 16:04:44,907][gurobipy][INFO] - Presolve removed 119119 rows and 330340 columns (presolve time = 65s)...
[2026-05-03 16:04:49,905][gurobipy][INFO] - Presolve removed 119653 rows and 330340 columns (presolve time = 70s)...
[2026-05-03 16:04:55,096][gurobipy][INFO] - Presolve removed 119653 rows and 330340 columns (presolve time = 75s)...
[2026-05-03 16:05:00,218][gurobipy][INFO] - Presolve removed 119653 rows and 330340 columns (presolve time = 80s)...
[2026-05-03 16:05:05,011][gurobipy][INFO] - Presolve removed 119653 rows and 330340 columns (presolve time = 85s)...
[2026-05-03 16:05:09,903][gurobipy][INFO] - Presolve removed 119653 rows and 330340 columns (presolve time = 90s)...
[2026-05-03 16:05:15,655][gurobipy][INFO] - Presolve removed 820686 rows and 336135 columns (presolve time = 96s)...
[2026-05-03 16:05:20,570][gurobipy][INFO] - Presolve removed 820686 rows and 336135 columns (presolve time = 101s)...
[2026-05-03 16:05:25,449][gurobipy][INFO] - Presolve removed 820686 rows and 336135 columns (presolve time = 106s)...
[2026-05-03 16:05:30,145][gurobipy][INFO] - Presolve removed 820686 rows and 336135 columns (presolve time = 110s)...
[2026-05-03 16:05:34,951][gurobipy][INFO] - Presolve removed 820686 rows and 336135 columns (presolve time = 115s)...
[2026-05-03 16:05:39,994][gurobipy][INFO] - Presolve removed 820686 rows and 336135 columns (presolve time = 120s)...
[2026-05-03 16:05:45,206][gurobipy][INFO] - Presolve removed 820686 rows and 336135 columns (presolve time = 125s)...
[2026-05-03 16:05:49,900][gurobipy][INFO] - Presolve removed 820686 rows and 336135 columns (presolve time = 130s)...
[2026-05-03 16:05:55,079][gurobipy][INFO] - Presolve removed 820686 rows and 336135 columns (presolve time = 135s)...
[2026-05-03 16:05:59,935][gurobipy][INFO] - Presolve removed 820686 rows and 336135 columns (presolve time = 140s)...
[2026-05-03 16:06:04,053][gurobipy][INFO] - Presolve removed 17723831 rows and 2750870 columns
[2026-05-03 16:06:04,054][gurobipy][INFO] - Presolve time: 144.15s
[2026-05-03 16:06:04,252][gurobipy][INFO] - Presolved: 8046281 rows, 644734 columns, 16092738 nonzeros
[2026-05-03 16:06:08,486][gurobipy][INFO] - Found heuristic solution: objective 0.1243914
[2026-05-03 16:06:08,517][gurobipy][INFO] - Variable types: 0 continuous, 644734 integer (644734 binary)
[2026-05-03 16:06:11,763][gurobipy][INFO] - Performing another presolve...
[2026-05-03 16:06:13,507][gurobipy][INFO] - Presolve removed 4820580 rows and 584958 columns
[2026-05-03 16:06:13,507][gurobipy][INFO] - Presolve time: 1.74s
[2026-05-03 16:06:16,264][gurobipy][INFO] - 
[2026-05-03 16:06:16,264][gurobipy][INFO] - Explored 1 nodes (0 simplex iterations) in 161.00 seconds (305.70 work units)
[2026-05-03 16:06:16,264][gurobipy][INFO] - Thread count was 32 (of 128 available processors)
[2026-05-03 16:06:16,264][gurobipy][INFO] - 
[2026-05-03 16:06:16,264][gurobipy][INFO] - Solution count 3: 0.107892 0.124391 0.237637 
[2026-05-03 16:06:16,264][gurobipy][INFO] - 
[2026-05-03 16:06:16,264][gurobipy][INFO] - Optimal solution found (tolerance 0.00e+00)
[2026-05-03 16:06:16,519][gurobipy][INFO] - Best objective 1.078918507651e-01, best bound 1.078918507651e-01, gap 0.0000%
