[2026-05-03 15:39:41,516][gurobipy][INFO] - Set parameter WLSAccessID
[2026-05-03 15:39:41,516][gurobipy][INFO] - Set parameter WLSSecret
[2026-05-03 15:39:41,516][gurobipy][INFO] - Set parameter LicenseID to value 2619742
[2026-05-03 15:39:41,526][gurobipy][INFO] - Academic license 2619742 - for non-commercial use only - registered to it___@mail.huji.ac.il
[2026-05-03 15:39:41,527][gurobipy][INFO] - Set parameter OutputFlag to value 1
[2026-05-03 15:39:41,527][gurobipy][INFO] - Set parameter MIPGap to value 0
[2026-05-03 15:39:41,527][gurobipy][INFO] - Set parameter TimeLimit to value 300
[2026-05-03 15:39:41,606][gurobipy][INFO] - Set parameter WLSAccessID
[2026-05-03 15:39:41,606][gurobipy][INFO] - Set parameter WLSSecret
[2026-05-03 15:39:41,606][gurobipy][INFO] - Set parameter LicenseID to value 2619742
[2026-05-03 15:39:41,614][gurobipy][INFO] - Academic license 2619742 - for non-commercial use only - registered to it___@mail.huji.ac.il
[2026-05-03 15:39:41,615][gurobipy][INFO] - Set parameter OutputFlag to value 1
[2026-05-03 15:39:41,615][gurobipy][INFO] - Set parameter MIPGap to value 0
[2026-05-03 15:39:41,615][gurobipy][INFO] - Set parameter TimeLimit to value 300
[2026-05-03 15:40:20,821][gurobipy][INFO] - Gurobi Optimizer version 13.0.1 build v13.0.1rc0 (linux64 - "Ubuntu 22.04.5 LTS")
[2026-05-03 15:40:20,822][gurobipy][INFO] - 
[2026-05-03 15:40:20,822][gurobipy][INFO] - CPU model: Intel(R) Xeon(R) Platinum 8358 CPU @ 2.60GHz, instruction set [SSE2|AVX|AVX2|AVX512]
[2026-05-03 15:40:20,822][gurobipy][INFO] - Thread count: 64 physical cores, 128 logical processors, using up to 32 threads
[2026-05-03 15:40:20,822][gurobipy][INFO] - 
[2026-05-03 15:40:20,822][gurobipy][INFO] - Non-default parameters:
[2026-05-03 15:40:20,822][gurobipy][INFO] - TimeLimit  300
[2026-05-03 15:40:20,822][gurobipy][INFO] - MIPGap  0
[2026-05-03 15:40:20,822][gurobipy][INFO] - 
[2026-05-03 15:40:20,823][gurobipy][INFO] - Academic license 2619742 - for non-commercial use only - registered to it___@mail.huji.ac.il
[2026-05-03 15:40:20,823][gurobipy][INFO] - Optimize a model with 955631 rows, 48842 columns and 1911262 nonzeros (Min)
[2026-05-03 15:40:20,841][gurobipy][INFO] - Model fingerprint: 0x80f153bd
[2026-05-03 15:40:20,842][gurobipy][INFO] - Model has 48842 linear objective coefficients and an objective constant of 1
[2026-05-03 15:40:20,842][gurobipy][INFO] - Variable types: 0 continuous, 48842 integer (48842 binary)
[2026-05-03 15:40:20,845][gurobipy][INFO] - Coefficient statistics:
[2026-05-03 15:40:20,845][gurobipy][INFO] -   Matrix range     [1e+00, 1e+00]
[2026-05-03 15:40:20,845][gurobipy][INFO] -   Objective range  [2e-05, 2e-05]
[2026-05-03 15:40:20,845][gurobipy][INFO] -   Bounds range     [1e+00, 1e+00]
[2026-05-03 15:40:20,845][gurobipy][INFO] -   RHS range        [1e+00, 1e+00]
[2026-05-03 15:40:20,846][gurobipy][INFO] - 
[2026-05-03 15:40:20,877][gurobipy][INFO] - Found heuristic solution: objective 0.0010237
[2026-05-03 15:40:25,991][gurobipy][INFO] - Presolve removed 74426 rows and 0 columns (presolve time = 5s)...
[2026-05-03 15:40:31,079][gurobipy][INFO] - Presolve removed 945365 rows and 48181 columns (presolve time = 10s)...
[2026-05-03 15:40:31,178][gurobipy][INFO] - Presolve removed 945365 rows and 48181 columns
[2026-05-03 15:40:31,178][gurobipy][INFO] - Presolve time: 10.19s
[2026-05-03 15:40:31,186][gurobipy][INFO] - Presolved: 10266 rows, 661 columns, 23346 nonzeros
[2026-05-03 15:40:31,195][gurobipy][INFO] - Variable types: 0 continuous, 661 integer (661 binary)
[2026-05-03 15:40:31,225][gurobipy][INFO] - 
[2026-05-03 15:40:31,225][gurobipy][INFO] - Explored 0 nodes (0 simplex iterations) in 10.40 seconds (16.22 work units)
[2026-05-03 15:40:31,225][gurobipy][INFO] - Thread count was 32 (of 128 available processors)
[2026-05-03 15:40:31,225][gurobipy][INFO] - 
[2026-05-03 15:40:31,225][gurobipy][INFO] - Solution count 1: 0.00102371 
[2026-05-03 15:40:31,225][gurobipy][INFO] - 
[2026-05-03 15:40:31,225][gurobipy][INFO] - Optimal solution found (tolerance 0.00e+00)
[2026-05-03 15:40:31,233][gurobipy][INFO] - Best objective 1.023709102711e-03, best bound 1.023709102711e-03, gap 0.0000%
[2026-05-03 15:42:13,515][gurobipy][INFO] - Gurobi Optimizer version 13.0.1 build v13.0.1rc0 (linux64 - "Ubuntu 22.04.5 LTS")
[2026-05-03 15:42:13,516][gurobipy][INFO] - 
[2026-05-03 15:42:13,516][gurobipy][INFO] - CPU model: Intel(R) Xeon(R) Platinum 8358 CPU @ 2.60GHz, instruction set [SSE2|AVX|AVX2|AVX512]
[2026-05-03 15:42:13,516][gurobipy][INFO] - Thread count: 64 physical cores, 128 logical processors, using up to 32 threads
[2026-05-03 15:42:13,516][gurobipy][INFO] - 
[2026-05-03 15:42:13,516][gurobipy][INFO] - Non-default parameters:
[2026-05-03 15:42:13,516][gurobipy][INFO] - TimeLimit  300
[2026-05-03 15:42:13,516][gurobipy][INFO] - MIPGap  0
[2026-05-03 15:42:13,516][gurobipy][INFO] - 
[2026-05-03 15:42:13,517][gurobipy][INFO] - Academic license 2619742 - for non-commercial use only - registered to it___@mail.huji.ac.il
[2026-05-03 15:42:13,517][gurobipy][INFO] - Optimize a model with 3774193 rows, 48842 columns and 7548386 nonzeros (Min)
[2026-05-03 15:42:13,591][gurobipy][INFO] - Model fingerprint: 0x6fadc54f
[2026-05-03 15:42:13,591][gurobipy][INFO] - Model has 48842 linear objective coefficients and an objective constant of 1
[2026-05-03 15:42:13,591][gurobipy][INFO] - Variable types: 0 continuous, 48842 integer (48842 binary)
[2026-05-03 15:42:13,605][gurobipy][INFO] - Coefficient statistics:
[2026-05-03 15:42:13,605][gurobipy][INFO] -   Matrix range     [1e+00, 1e+00]
[2026-05-03 15:42:13,605][gurobipy][INFO] -   Objective range  [2e-05, 2e-05]
[2026-05-03 15:42:13,605][gurobipy][INFO] -   Bounds range     [1e+00, 1e+00]
[2026-05-03 15:42:13,605][gurobipy][INFO] -   RHS range        [1e+00, 1e+00]
[2026-05-03 15:42:13,605][gurobipy][INFO] - 
[2026-05-03 15:42:13,778][gurobipy][INFO] - Found heuristic solution: objective 0.0040948
[2026-05-03 15:42:19,471][gurobipy][INFO] - Presolve removed 0 rows and 0 columns (presolve time = 5s)...
[2026-05-03 15:42:24,473][gurobipy][INFO] - Presolve removed 0 rows and 0 columns (presolve time = 10s)...
[2026-05-03 15:42:29,508][gurobipy][INFO] - Presolve removed 172260 rows and 0 columns (presolve time = 15s)...
[2026-05-03 15:42:34,515][gurobipy][INFO] - Presolve removed 172717 rows and 0 columns (presolve time = 20s)...
[2026-05-03 15:42:39,551][gurobipy][INFO] - Presolve removed 173166 rows and 0 columns (presolve time = 25s)...
[2026-05-03 15:42:44,492][gurobipy][INFO] - Presolve removed 173588 rows and 0 columns (presolve time = 30s)...
[2026-05-03 15:42:49,669][gurobipy][INFO] - Presolve removed 181758 rows and 0 columns (presolve time = 35s)...
[2026-05-03 15:42:54,553][gurobipy][INFO] - Presolve removed 212764 rows and 0 columns (presolve time = 40s)...
[2026-05-03 15:42:59,480][gurobipy][INFO] - Presolve removed 218745 rows and 0 columns (presolve time = 45s)...
[2026-05-03 15:43:04,566][gurobipy][INFO] - Presolve removed 226577 rows and 0 columns (presolve time = 50s)...
[2026-05-03 15:43:09,496][gurobipy][INFO] - Presolve removed 231649 rows and 0 columns (presolve time = 55s)...
[2026-05-03 15:43:14,506][gurobipy][INFO] - Presolve removed 246382 rows and 0 columns (presolve time = 60s)...
[2026-05-03 15:43:19,627][gurobipy][INFO] - Presolve removed 251308 rows and 0 columns (presolve time = 65s)...
[2026-05-03 15:43:24,644][gurobipy][INFO] - Presolve removed 251308 rows and 0 columns (presolve time = 70s)...
[2026-05-03 15:43:29,480][gurobipy][INFO] - Presolve removed 251308 rows and 0 columns (presolve time = 75s)...
[2026-05-03 15:43:34,471][gurobipy][INFO] - Presolve removed 251308 rows and 0 columns (presolve time = 80s)...
[2026-05-03 15:43:39,520][gurobipy][INFO] - Presolve removed 251308 rows and 0 columns (presolve time = 85s)...
[2026-05-03 15:43:44,570][gurobipy][INFO] - Presolve removed 251308 rows and 0 columns (presolve time = 90s)...
[2026-05-03 15:43:49,759][gurobipy][INFO] - Presolve removed 251308 rows and 0 columns (presolve time = 95s)...
[2026-05-03 15:43:54,483][gurobipy][INFO] - Presolve removed 251308 rows and 0 columns (presolve time = 100s)...
[2026-05-03 15:43:57,850][gurobipy][INFO] - Presolve removed 3576848 rows and 46012 columns
[2026-05-03 15:43:57,850][gurobipy][INFO] - Presolve time: 103.38s
[2026-05-03 15:43:57,877][gurobipy][INFO] - Presolved: 197345 rows, 2830 columns, 444980 nonzeros
[2026-05-03 15:43:57,995][gurobipy][INFO] - Variable types: 0 continuous, 2830 integer (2830 binary)
[2026-05-03 15:43:58,135][gurobipy][INFO] - 
[2026-05-03 15:43:58,135][gurobipy][INFO] - Explored 0 nodes (0 simplex iterations) in 104.62 seconds (65.64 work units)
[2026-05-03 15:43:58,135][gurobipy][INFO] - Thread count was 32 (of 128 available processors)
[2026-05-03 15:43:58,135][gurobipy][INFO] - 
[2026-05-03 15:43:58,136][gurobipy][INFO] - Solution count 1: 0.00409484 
[2026-05-03 15:43:58,136][gurobipy][INFO] - 
[2026-05-03 15:43:58,136][gurobipy][INFO] - Optimal solution found (tolerance 0.00e+00)
[2026-05-03 15:43:58,174][gurobipy][INFO] - Best objective 4.094836411176e-03, best bound 4.094836411176e-03, gap 0.0000%
