[2026-05-03 16:17:15,873][gurobipy][INFO] - Set parameter WLSAccessID
[2026-05-03 16:17:15,873][gurobipy][INFO] - Set parameter WLSSecret
[2026-05-03 16:17:15,874][gurobipy][INFO] - Set parameter LicenseID to value 2619742
[2026-05-03 16:17:15,885][gurobipy][INFO] - Academic license 2619742 - for non-commercial use only - registered to it___@mail.huji.ac.il
[2026-05-03 16:17:15,886][gurobipy][INFO] - Set parameter OutputFlag to value 1
[2026-05-03 16:17:15,887][gurobipy][INFO] - Set parameter MIPGap to value 0
[2026-05-03 16:17:15,887][gurobipy][INFO] - Set parameter TimeLimit to value 300
[2026-05-03 16:19:25,686][gurobipy][INFO] - Gurobi Optimizer version 13.0.1 build v13.0.1rc0 (linux64 - "Ubuntu 22.04.5 LTS")
[2026-05-03 16:19:25,686][gurobipy][INFO] - 
[2026-05-03 16:19:25,686][gurobipy][INFO] - CPU model: Intel(R) Xeon(R) Platinum 8358 CPU @ 2.60GHz, instruction set [SSE2|AVX|AVX2|AVX512]
[2026-05-03 16:19:25,687][gurobipy][INFO] - Thread count: 64 physical cores, 128 logical processors, using up to 32 threads
[2026-05-03 16:19:25,687][gurobipy][INFO] - 
[2026-05-03 16:19:25,687][gurobipy][INFO] - Non-default parameters:
[2026-05-03 16:19:25,687][gurobipy][INFO] - TimeLimit  300
[2026-05-03 16:19:25,687][gurobipy][INFO] - MIPGap  0
[2026-05-03 16:19:25,687][gurobipy][INFO] - 
[2026-05-03 16:19:25,687][gurobipy][INFO] - Academic license 2619742 - for non-commercial use only - registered to it___@mail.huji.ac.il
[2026-05-03 16:19:25,687][gurobipy][INFO] - Optimize a model with 3241015 rows, 60798 columns and 6482030 nonzeros (Min)
[2026-05-03 16:19:25,750][gurobipy][INFO] - Model fingerprint: 0x24d72317
[2026-05-03 16:19:25,751][gurobipy][INFO] - Model has 60798 linear objective coefficients and an objective constant of 9.9999999999999989e-01
[2026-05-03 16:19:25,751][gurobipy][INFO] - Variable types: 0 continuous, 60798 integer (60798 binary)
[2026-05-03 16:19:25,762][gurobipy][INFO] - Coefficient statistics:
[2026-05-03 16:19:25,762][gurobipy][INFO] -   Matrix range     [1e+00, 1e+00]
[2026-05-03 16:19:25,762][gurobipy][INFO] -   Objective range  [2e-05, 2e-05]
[2026-05-03 16:19:25,762][gurobipy][INFO] -   Bounds range     [1e+00, 1e+00]
[2026-05-03 16:19:25,762][gurobipy][INFO] -   RHS range        [1e+00, 1e+00]
[2026-05-03 16:19:25,762][gurobipy][INFO] - 
[2026-05-03 16:19:25,877][gurobipy][INFO] - Found heuristic solution: objective 0.0018751
[2026-05-03 16:19:31,409][gurobipy][INFO] - Presolve removed 0 rows and 0 columns (presolve time = 5s)...
[2026-05-03 16:19:36,306][gurobipy][INFO] - Presolve removed 119295 rows and 0 columns (presolve time = 10s)...
[2026-05-03 16:19:41,350][gurobipy][INFO] - Presolve removed 129865 rows and 0 columns (presolve time = 15s)...
[2026-05-03 16:19:46,314][gurobipy][INFO] - Presolve removed 138629 rows and 0 columns (presolve time = 20s)...
[2026-05-03 16:19:51,407][gurobipy][INFO] - Presolve removed 141948 rows and 0 columns (presolve time = 25s)...
[2026-05-03 16:19:56,732][gurobipy][INFO] - Presolve removed 141948 rows and 0 columns (presolve time = 30s)...
[2026-05-03 16:20:01,381][gurobipy][INFO] - Presolve removed 141948 rows and 0 columns (presolve time = 35s)...
[2026-05-03 16:20:06,388][gurobipy][INFO] - Presolve removed 141948 rows and 0 columns (presolve time = 40s)...
[2026-05-03 16:20:11,389][gurobipy][INFO] - Presolve removed 141948 rows and 0 columns (presolve time = 45s)...
[2026-05-03 16:20:16,506][gurobipy][INFO] - Presolve removed 3104886 rows and 58042 columns (presolve time = 50s)...
[2026-05-03 16:20:16,506][gurobipy][INFO] - Presolve removed 3104886 rows and 58042 columns
[2026-05-03 16:20:16,506][gurobipy][INFO] - Presolve time: 50.21s
[2026-05-03 16:20:16,520][gurobipy][INFO] - Presolved: 136129 rows, 2756 columns, 289957 nonzeros
[2026-05-03 16:20:16,586][gurobipy][INFO] - Variable types: 0 continuous, 2756 integer (2756 binary)
[2026-05-03 16:20:16,711][gurobipy][INFO] - Performing another presolve...
[2026-05-03 16:20:16,717][gurobipy][INFO] - Presolve removed 136043 rows and 2735 columns
[2026-05-03 16:20:16,717][gurobipy][INFO] - Presolve time: 0.01s
[2026-05-03 16:20:16,991][gurobipy][INFO] - 
[2026-05-03 16:20:16,992][gurobipy][INFO] - Explored 1 nodes (0 simplex iterations) in 51.30 seconds (48.51 work units)
[2026-05-03 16:20:16,992][gurobipy][INFO] - Thread count was 32 (of 128 available processors)
[2026-05-03 16:20:16,992][gurobipy][INFO] - 
[2026-05-03 16:20:16,992][gurobipy][INFO] - Solution count 2: 0.00187506 0.00203954 
[2026-05-03 16:20:16,992][gurobipy][INFO] - 
[2026-05-03 16:20:16,992][gurobipy][INFO] - Optimal solution found (tolerance 0.00e+00)
[2026-05-03 16:20:17,104][gurobipy][INFO] - Best objective 1.875061679602e-03, best bound 1.875061679602e-03, gap 0.0000%
