[2026-05-03 16:07:25,125][gurobipy][INFO] - Set parameter WLSAccessID
[2026-05-03 16:07:25,125][gurobipy][INFO] - Set parameter WLSSecret
[2026-05-03 16:07:25,125][gurobipy][INFO] - Set parameter LicenseID to value 2619742
[2026-05-03 16:07:25,134][gurobipy][INFO] - Academic license 2619742 - for non-commercial use only - registered to it___@mail.huji.ac.il
[2026-05-03 16:07:25,135][gurobipy][INFO] - Set parameter OutputFlag to value 1
[2026-05-03 16:07:25,135][gurobipy][INFO] - Set parameter MIPGap to value 0
[2026-05-03 16:07:25,135][gurobipy][INFO] - Set parameter TimeLimit to value 300
[2026-05-03 16:07:36,788][gurobipy][INFO] - Set parameter NonConvex to value 2
[2026-05-03 16:07:39,451][gurobipy][INFO] - Gurobi Optimizer version 13.0.1 build v13.0.1rc0 (linux64 - "Ubuntu 22.04.5 LTS")
[2026-05-03 16:07:39,451][gurobipy][INFO] - 
[2026-05-03 16:07:39,451][gurobipy][INFO] - CPU model: Intel(R) Xeon(R) Platinum 8358 CPU @ 2.60GHz, instruction set [SSE2|AVX|AVX2|AVX512]
[2026-05-03 16:07:39,451][gurobipy][INFO] - Thread count: 64 physical cores, 128 logical processors, using up to 32 threads
[2026-05-03 16:07:39,451][gurobipy][INFO] - 
[2026-05-03 16:07:39,451][gurobipy][INFO] - Non-default parameters:
[2026-05-03 16:07:39,451][gurobipy][INFO] - TimeLimit  300
[2026-05-03 16:07:39,451][gurobipy][INFO] - MIPGap  0
[2026-05-03 16:07:39,451][gurobipy][INFO] - NonConvex  2
[2026-05-03 16:07:39,451][gurobipy][INFO] - 
[2026-05-03 16:07:39,451][gurobipy][INFO] - Academic license 2619742 - for non-commercial use only - registered to it___@mail.huji.ac.il
[2026-05-03 16:07:39,451][gurobipy][INFO] - Optimize a model with 287992 rows, 60818 columns and 575984 nonzeros (Min)
[2026-05-03 16:07:39,491][gurobipy][INFO] - Model fingerprint: 0x968fe709
[2026-05-03 16:07:39,491][gurobipy][INFO] - Model has 60818 linear objective coefficients and an objective constant of 4.9999999999999994e-01
[2026-05-03 16:07:39,491][gurobipy][INFO] - Model has 40 quadratic constraints
[2026-05-03 16:07:39,491][gurobipy][INFO] - Variable types: 20 continuous, 60798 integer (60798 binary)
[2026-05-03 16:07:39,497][gurobipy][INFO] - Coefficient statistics:
[2026-05-03 16:07:39,497][gurobipy][INFO] -   Matrix range     [1e+00, 1e+00]
[2026-05-03 16:07:39,497][gurobipy][INFO] -   QMatrix range    [1e+00, 1e+00]
[2026-05-03 16:07:39,497][gurobipy][INFO] -   QLMatrix range   [1e-04, 1e+00]
[2026-05-03 16:07:39,497][gurobipy][INFO] -   Objective range  [8e-06, 3e-02]
[2026-05-03 16:07:39,497][gurobipy][INFO] -   Bounds range     [1e+00, 1e+00]
[2026-05-03 16:07:39,497][gurobipy][INFO] -   RHS range        [1e+00, 1e+00]
[2026-05-03 16:07:39,497][gurobipy][INFO] - 
[2026-05-03 16:07:39,514][gurobipy][INFO] - Found heuristic solution: objective 0.5000000
[2026-05-03 16:07:44,600][gurobipy][INFO] - Presolve removed 61857 rows and 0 columns (presolve time = 5s)...
[2026-05-03 16:07:54,210][gurobipy][INFO] - Presolve removed 61857 rows and 0 columns (presolve time = 15s)...
[2026-05-03 16:07:54,210][gurobipy][INFO] - Presolve added 0 rows and 19 columns
[2026-05-03 16:07:54,210][gurobipy][INFO] - Presolve removed 61819 rows and 0 columns
[2026-05-03 16:07:54,210][gurobipy][INFO] - Presolve time: 14.61s
[2026-05-03 16:07:54,215][gurobipy][INFO] - Presolved: 2658113 rows, 3708717 columns, 10120235 nonzeros
[2026-05-03 16:07:54,215][gurobipy][INFO] - Presolved model has 2431920 SOS constraint(s)
[2026-05-03 16:08:06,458][gurobipy][INFO] - Variable types: 2431959 continuous, 1276758 integer (1276758 binary)
[2026-05-03 16:34:24,367][gurobipy][INFO] - 
[2026-05-03 16:34:24,368][gurobipy][INFO] - Explored 1 nodes (0 simplex iterations) in 1604.92 seconds (1809.59 work units)
[2026-05-03 16:34:24,368][gurobipy][INFO] - Thread count was 32 (of 128 available processors)
[2026-05-03 16:34:24,368][gurobipy][INFO] - 
[2026-05-03 16:34:24,368][gurobipy][INFO] - Solution count 1: 0.5 
[2026-05-03 16:34:24,368][gurobipy][INFO] - 
[2026-05-03 16:34:24,368][gurobipy][INFO] - Time limit reached
[2026-05-03 16:34:24,378][gurobipy][INFO] - Best objective 5.000000000000e-01, best bound -5.732534808173e-13, gap 100.0000%
