[2026-04-30 14:56:38,984][gurobipy][INFO] - Set parameter WLSAccessID
[2026-04-30 14:56:38,984][gurobipy][INFO] - Set parameter WLSSecret
[2026-04-30 14:56:38,984][gurobipy][INFO] - Set parameter LicenseID to value 2619742
[2026-04-30 14:56:38,991][gurobipy][INFO] - Academic license 2619742 - for non-commercial use only - registered to it___@mail.huji.ac.il
[2026-04-30 14:56:38,992][gurobipy][INFO] - Set parameter OutputFlag to value 1
[2026-04-30 14:56:38,992][gurobipy][INFO] - Set parameter MIPGap to value 0
[2026-04-30 14:56:38,992][gurobipy][INFO] - Set parameter TimeLimit to value 300
[2026-04-30 14:57:16,236][gurobipy][INFO] - Gurobi Optimizer version 13.0.1 build v13.0.1rc0 (linux64 - "Ubuntu 22.04.5 LTS")
[2026-04-30 14:57:16,236][gurobipy][INFO] - 
[2026-04-30 14:57:16,236][gurobipy][INFO] - CPU model: Intel(R) Xeon(R) Platinum 8358 CPU @ 2.60GHz, instruction set [SSE2|AVX|AVX2|AVX512]
[2026-04-30 14:57:16,236][gurobipy][INFO] - Thread count: 64 physical cores, 128 logical processors, using up to 32 threads
[2026-04-30 14:57:16,236][gurobipy][INFO] - 
[2026-04-30 14:57:16,236][gurobipy][INFO] - Non-default parameters:
[2026-04-30 14:57:16,236][gurobipy][INFO] - TimeLimit  300
[2026-04-30 14:57:16,236][gurobipy][INFO] - MIPGap  0
[2026-04-30 14:57:16,236][gurobipy][INFO] - 
[2026-04-30 14:57:16,237][gurobipy][INFO] - Academic license 2619742 - for non-commercial use only - registered to it___@mail.huji.ac.il
[2026-04-30 14:57:16,237][gurobipy][INFO] - Optimize a model with 937142 rows, 5000 columns and 1874284 nonzeros (Min)
[2026-04-30 14:57:16,254][gurobipy][INFO] - Model fingerprint: 0x7fc196a0
[2026-04-30 14:57:16,254][gurobipy][INFO] - Model has 5000 linear objective coefficients and an objective constant of 1
[2026-04-30 14:57:16,254][gurobipy][INFO] - Variable types: 0 continuous, 5000 integer (5000 binary)
[2026-04-30 14:57:16,257][gurobipy][INFO] - Coefficient statistics:
[2026-04-30 14:57:16,257][gurobipy][INFO] -   Matrix range     [1e+00, 1e+00]
[2026-04-30 14:57:16,257][gurobipy][INFO] -   Objective range  [2e-04, 2e-04]
[2026-04-30 14:57:16,257][gurobipy][INFO] -   Bounds range     [1e+00, 1e+00]
[2026-04-30 14:57:16,257][gurobipy][INFO] -   RHS range        [1e+00, 1e+00]
[2026-04-30 14:57:16,257][gurobipy][INFO] - 
[2026-04-30 14:57:16,284][gurobipy][INFO] - Found heuristic solution: objective 0.0952000
[2026-04-30 14:57:21,405][gurobipy][INFO] - Presolve removed 428831 rows and 0 columns (presolve time = 5s)...
[2026-04-30 14:57:26,403][gurobipy][INFO] - Presolve removed 431766 rows and 0 columns (presolve time = 10s)...
[2026-04-30 14:57:31,393][gurobipy][INFO] - Presolve removed 431766 rows and 0 columns (presolve time = 15s)...
[2026-04-30 14:57:36,393][gurobipy][INFO] - Presolve removed 431766 rows and 0 columns (presolve time = 20s)...
[2026-04-30 14:57:41,478][gurobipy][INFO] - Presolve removed 431766 rows and 0 columns (presolve time = 25s)...
[2026-04-30 14:57:42,902][gurobipy][INFO] - Presolve removed 937080 rows and 4943 columns
[2026-04-30 14:57:42,902][gurobipy][INFO] - Presolve time: 26.52s
[2026-04-30 14:57:42,910][gurobipy][INFO] - Presolved: 62 rows, 57 columns, 124 nonzeros
[2026-04-30 14:57:42,911][gurobipy][INFO] - Variable types: 0 continuous, 57 integer (57 binary)
[2026-04-30 14:57:42,938][gurobipy][INFO] - 
[2026-04-30 14:57:42,938][gurobipy][INFO] - Explored 0 nodes (0 simplex iterations) in 26.70 seconds (15.77 work units)
[2026-04-30 14:57:42,938][gurobipy][INFO] - Thread count was 32 (of 128 available processors)
[2026-04-30 14:57:42,938][gurobipy][INFO] - 
[2026-04-30 14:57:42,938][gurobipy][INFO] - Solution count 1: 0.0952 
[2026-04-30 14:57:42,938][gurobipy][INFO] - 
[2026-04-30 14:57:42,938][gurobipy][INFO] - Optimal solution found (tolerance 0.00e+00)
[2026-04-30 14:57:42,947][gurobipy][INFO] - Best objective 9.519999999999e-02, best bound 9.519999999999e-02, gap 0.0000%
