[2026-05-03 15:46:36,794][gurobipy][INFO] - Set parameter WLSAccessID
[2026-05-03 15:46:36,794][gurobipy][INFO] - Set parameter WLSSecret
[2026-05-03 15:46:36,794][gurobipy][INFO] - Set parameter LicenseID to value 2619742
[2026-05-03 15:46:36,865][gurobipy][INFO] - Academic license 2619742 - for non-commercial use only - registered to it___@mail.huji.ac.il
[2026-05-03 15:46:36,867][gurobipy][INFO] - Set parameter OutputFlag to value 1
[2026-05-03 15:46:36,867][gurobipy][INFO] - Set parameter MIPGap to value 0
[2026-05-03 15:46:36,867][gurobipy][INFO] - Set parameter TimeLimit to value 300
[2026-05-03 16:22:07,282][gurobipy][INFO] - Gurobi Optimizer version 13.0.1 build v13.0.1rc0 (linux64 - "Ubuntu 22.04.5 LTS")
[2026-05-03 16:22:07,282][gurobipy][INFO] - 
[2026-05-03 16:22:07,282][gurobipy][INFO] - CPU model: Intel(R) Xeon(R) Platinum 8358 CPU @ 2.60GHz, instruction set [SSE2|AVX|AVX2|AVX512]
[2026-05-03 16:22:07,282][gurobipy][INFO] - Thread count: 64 physical cores, 128 logical processors, using up to 32 threads
[2026-05-03 16:22:07,282][gurobipy][INFO] - 
[2026-05-03 16:22:07,283][gurobipy][INFO] - Non-default parameters:
[2026-05-03 16:22:07,283][gurobipy][INFO] - TimeLimit  300
[2026-05-03 16:22:07,283][gurobipy][INFO] - MIPGap  0
[2026-05-03 16:22:07,283][gurobipy][INFO] - 
[2026-05-03 16:22:07,283][gurobipy][INFO] - Academic license 2619742 - for non-commercial use only - registered to it___@mail.huji.ac.il
[2026-05-03 16:22:07,283][gurobipy][INFO] - Optimize a model with 51316945 rows, 3395604 columns and 102633890 nonzeros (Min)
[2026-05-03 16:22:08,304][gurobipy][INFO] - Model fingerprint: 0x1880705b
[2026-05-03 16:22:08,306][gurobipy][INFO] - Model has 3395604 linear objective coefficients and an objective constant of 1
[2026-05-03 16:22:08,309][gurobipy][INFO] - Variable types: 0 continuous, 3395604 integer (3395604 binary)
[2026-05-03 16:22:08,525][gurobipy][INFO] - Coefficient statistics:
[2026-05-03 16:22:08,525][gurobipy][INFO] -   Matrix range     [1e+00, 1e+00]
[2026-05-03 16:22:08,525][gurobipy][INFO] -   Objective range  [3e-07, 3e-07]
[2026-05-03 16:22:08,525][gurobipy][INFO] -   Bounds range     [1e+00, 1e+00]
[2026-05-03 16:22:08,525][gurobipy][INFO] -   RHS range        [1e+00, 1e+00]
[2026-05-03 16:22:08,525][gurobipy][INFO] - 
[2026-05-03 16:22:10,418][gurobipy][INFO] - Found heuristic solution: objective 0.2253340
[2026-05-03 16:22:21,986][gurobipy][INFO] - Presolve removed 0 rows and 0 columns (presolve time = 5s)...
[2026-05-03 16:22:27,170][gurobipy][INFO] - Presolve removed 0 rows and 108376 columns (presolve time = 10s)...
[2026-05-03 16:22:33,339][gurobipy][INFO] - Presolve removed 0 rows and 108376 columns (presolve time = 17s)...
[2026-05-03 16:22:40,726][gurobipy][INFO] - Presolve removed 0 rows and 108376 columns (presolve time = 24s)...
[2026-05-03 16:22:51,870][gurobipy][INFO] - Presolve removed 89590 rows and 197966 columns (presolve time = 35s)...
[2026-05-03 16:23:00,577][gurobipy][INFO] - Presolve removed 89590 rows and 197966 columns (presolve time = 44s)...
[2026-05-03 16:23:01,742][gurobipy][INFO] - Presolve removed 89590 rows and 197966 columns (presolve time = 45s)...
[2026-05-03 16:23:06,743][gurobipy][INFO] - Presolve removed 89590 rows and 197966 columns (presolve time = 50s)...
[2026-05-03 16:23:11,740][gurobipy][INFO] - Presolve removed 89590 rows and 197966 columns (presolve time = 55s)...
[2026-05-03 16:23:16,742][gurobipy][INFO] - Presolve removed 89590 rows and 197966 columns (presolve time = 60s)...
[2026-05-03 16:23:21,738][gurobipy][INFO] - Presolve removed 89590 rows and 197966 columns (presolve time = 65s)...
[2026-05-03 16:23:29,518][gurobipy][INFO] - Presolve removed 89598 rows and 197974 columns (presolve time = 73s)...
[2026-05-03 16:23:33,650][gurobipy][INFO] - Presolve removed 89598 rows and 197974 columns (presolve time = 77s)...
[2026-05-03 16:23:38,291][gurobipy][INFO] - Presolve removed 89598 rows and 197982 columns (presolve time = 82s)...
[2026-05-03 16:23:41,753][gurobipy][INFO] - Presolve removed 89598 rows and 197982 columns (presolve time = 85s)...
[2026-05-03 16:23:46,746][gurobipy][INFO] - Presolve removed 89598 rows and 197982 columns (presolve time = 90s)...
[2026-05-03 16:23:51,739][gurobipy][INFO] - Presolve removed 89598 rows and 197982 columns (presolve time = 95s)...
[2026-05-03 16:23:56,755][gurobipy][INFO] - Presolve removed 89598 rows and 197982 columns (presolve time = 100s)...
[2026-05-03 16:24:01,759][gurobipy][INFO] - Presolve removed 89598 rows and 197982 columns (presolve time = 105s)...
[2026-05-03 16:24:06,740][gurobipy][INFO] - Presolve removed 89598 rows and 197982 columns (presolve time = 110s)...
[2026-05-03 16:24:11,747][gurobipy][INFO] - Presolve removed 89598 rows and 197982 columns (presolve time = 115s)...
[2026-05-03 16:24:16,756][gurobipy][INFO] - Presolve removed 89598 rows and 197982 columns (presolve time = 120s)...
[2026-05-03 16:24:21,758][gurobipy][INFO] - Presolve removed 89598 rows and 197982 columns (presolve time = 125s)...
[2026-05-03 16:24:26,756][gurobipy][INFO] - Presolve removed 89598 rows and 197982 columns (presolve time = 130s)...
[2026-05-03 16:24:31,749][gurobipy][INFO] - Presolve removed 89598 rows and 197982 columns (presolve time = 135s)...
[2026-05-03 16:24:36,742][gurobipy][INFO] - Presolve removed 89598 rows and 197982 columns (presolve time = 140s)...
[2026-05-03 16:24:41,748][gurobipy][INFO] - Presolve removed 89598 rows and 197982 columns (presolve time = 145s)...
[2026-05-03 16:24:47,492][gurobipy][INFO] - Presolve removed 91840 rows and 197982 columns (presolve time = 151s)...
[2026-05-03 16:24:52,461][gurobipy][INFO] - Presolve removed 91840 rows and 197982 columns (presolve time = 156s)...
[2026-05-03 16:24:56,836][gurobipy][INFO] - Presolve removed 91840 rows and 197982 columns (presolve time = 160s)...
[2026-05-03 16:25:01,968][gurobipy][INFO] - Presolve removed 91840 rows and 197982 columns (presolve time = 165s)...
[2026-05-03 16:25:06,830][gurobipy][INFO] - Presolve removed 91840 rows and 197982 columns (presolve time = 170s)...
[2026-05-03 16:25:11,739][gurobipy][INFO] - Presolve removed 91840 rows and 197982 columns (presolve time = 175s)...
[2026-05-03 16:25:16,966][gurobipy][INFO] - Presolve removed 91840 rows and 197982 columns (presolve time = 180s)...
[2026-05-03 16:25:21,740][gurobipy][INFO] - Presolve removed 91840 rows and 197982 columns (presolve time = 185s)...
[2026-05-03 16:25:26,880][gurobipy][INFO] - Presolve removed 91840 rows and 197982 columns (presolve time = 190s)...
[2026-05-03 16:25:32,396][gurobipy][INFO] - Presolve removed 91840 rows and 197982 columns (presolve time = 196s)...
[2026-05-03 16:25:37,180][gurobipy][INFO] - Presolve removed 91840 rows and 197982 columns (presolve time = 200s)...
[2026-05-03 16:25:41,743][gurobipy][INFO] - Presolve removed 91840 rows and 197982 columns (presolve time = 205s)...
[2026-05-03 16:25:47,272][gurobipy][INFO] - Presolve removed 91840 rows and 197982 columns (presolve time = 211s)...
[2026-05-03 16:25:52,314][gurobipy][INFO] - Presolve removed 91840 rows and 197982 columns (presolve time = 216s)...
[2026-05-03 16:25:56,858][gurobipy][INFO] - Presolve removed 91840 rows and 197982 columns (presolve time = 220s)...
[2026-05-03 16:26:02,284][gurobipy][INFO] - Presolve removed 91840 rows and 197982 columns (presolve time = 226s)...
[2026-05-03 16:26:06,826][gurobipy][INFO] - Presolve removed 91840 rows and 197982 columns (presolve time = 230s)...
[2026-05-03 16:26:12,498][gurobipy][INFO] - Presolve removed 91840 rows and 197982 columns (presolve time = 236s)...
[2026-05-03 16:26:16,853][gurobipy][INFO] - Presolve removed 91840 rows and 197982 columns (presolve time = 240s)...
[2026-05-03 16:26:22,367][gurobipy][INFO] - Presolve removed 91840 rows and 197982 columns (presolve time = 246s)...
[2026-05-03 16:26:26,778][gurobipy][INFO] - Presolve removed 91840 rows and 197982 columns (presolve time = 250s)...
[2026-05-03 16:26:32,491][gurobipy][INFO] - Presolve removed 91840 rows and 197982 columns (presolve time = 256s)...
[2026-05-03 16:26:37,032][gurobipy][INFO] - Presolve removed 91840 rows and 197982 columns (presolve time = 260s)...
[2026-05-03 16:26:41,983][gurobipy][INFO] - Presolve removed 91840 rows and 197982 columns (presolve time = 265s)...
[2026-05-03 16:26:46,942][gurobipy][INFO] - Presolve removed 91840 rows and 197982 columns (presolve time = 270s)...
[2026-05-03 16:26:51,739][gurobipy][INFO] - Presolve removed 91840 rows and 197982 columns (presolve time = 275s)...
[2026-05-03 16:26:56,740][gurobipy][INFO] - Presolve removed 91840 rows and 197982 columns (presolve time = 280s)...
[2026-05-03 16:27:01,739][gurobipy][INFO] - Presolve removed 91840 rows and 197982 columns (presolve time = 285s)...
[2026-05-03 16:27:06,741][gurobipy][INFO] - Presolve removed 91840 rows and 197982 columns (presolve time = 290s)...
[2026-05-03 16:27:07,512][gurobipy][INFO] - Presolve removed 91840 rows and 197982 columns
[2026-05-03 16:27:07,513][gurobipy][INFO] - Presolve time: 290.77s
[2026-05-03 16:27:09,961][gurobipy][INFO] - 
[2026-05-03 16:27:09,961][gurobipy][INFO] - Explored 0 nodes (0 simplex iterations) in 302.68 seconds (534.81 work units)
[2026-05-03 16:27:09,961][gurobipy][INFO] - Thread count was 1 (of 128 available processors)
[2026-05-03 16:27:09,969][gurobipy][INFO] - 
[2026-05-03 16:27:09,969][gurobipy][INFO] - Solution count 1: 0.225334 
[2026-05-03 16:27:09,969][gurobipy][INFO] - 
[2026-05-03 16:27:09,969][gurobipy][INFO] - Time limit reached
[2026-05-03 16:27:10,532][gurobipy][INFO] - Best objective 2.253339906587e-01, best bound -, gap -
