[2026-05-03 16:22:04,353][gurobipy][INFO] - Set parameter WLSAccessID
[2026-05-03 16:22:04,353][gurobipy][INFO] - Set parameter WLSSecret
[2026-05-03 16:22:04,353][gurobipy][INFO] - Set parameter LicenseID to value 2619742
[2026-05-03 16:22:04,405][gurobipy][INFO] - Academic license 2619742 - for non-commercial use only - registered to it___@mail.huji.ac.il
[2026-05-03 16:22:04,406][gurobipy][INFO] - Set parameter OutputFlag to value 1
[2026-05-03 16:22:04,406][gurobipy][INFO] - Set parameter MIPGap to value 0
[2026-05-03 16:22:04,407][gurobipy][INFO] - Set parameter TimeLimit to value 300
[2026-05-03 16:22:18,817][gurobipy][INFO] - Gurobi Optimizer version 13.0.1 build v13.0.1rc0 (linux64 - "Ubuntu 22.04.5 LTS")
[2026-05-03 16:22:18,818][gurobipy][INFO] - 
[2026-05-03 16:22:18,818][gurobipy][INFO] - CPU model: Intel(R) Xeon(R) Platinum 8358 CPU @ 2.60GHz, instruction set [SSE2|AVX|AVX2|AVX512]
[2026-05-03 16:22:18,818][gurobipy][INFO] - Thread count: 64 physical cores, 128 logical processors, using up to 32 threads
[2026-05-03 16:22:18,818][gurobipy][INFO] - 
[2026-05-03 16:22:18,818][gurobipy][INFO] - Non-default parameters:
[2026-05-03 16:22:18,818][gurobipy][INFO] - TimeLimit  300
[2026-05-03 16:22:18,818][gurobipy][INFO] - MIPGap  0
[2026-05-03 16:22:18,818][gurobipy][INFO] - 
[2026-05-03 16:22:18,818][gurobipy][INFO] - Academic license 2619742 - for non-commercial use only - registered to it___@mail.huji.ac.il
[2026-05-03 16:22:18,818][gurobipy][INFO] - Optimize a model with 331286 rows, 60798 columns and 662572 nonzeros (Min)
[2026-05-03 16:22:18,825][gurobipy][INFO] - Model fingerprint: 0x6ea0d6e2
[2026-05-03 16:22:18,825][gurobipy][INFO] - Model has 60798 linear objective coefficients and an objective constant of 9.9999999999999989e-01
[2026-05-03 16:22:18,825][gurobipy][INFO] - Variable types: 0 continuous, 60798 integer (60798 binary)
[2026-05-03 16:22:18,827][gurobipy][INFO] - Coefficient statistics:
[2026-05-03 16:22:18,827][gurobipy][INFO] -   Matrix range     [1e+00, 1e+00]
[2026-05-03 16:22:18,827][gurobipy][INFO] -   Objective range  [2e-05, 2e-05]
[2026-05-03 16:22:18,827][gurobipy][INFO] -   Bounds range     [1e+00, 1e+00]
[2026-05-03 16:22:18,827][gurobipy][INFO] -   RHS range        [1e+00, 1e+00]
[2026-05-03 16:22:18,827][gurobipy][INFO] - 
[2026-05-03 16:22:18,836][gurobipy][INFO] - Found heuristic solution: objective 0.0001974
[2026-05-03 16:22:20,354][gurobipy][INFO] - Presolve removed 331137 rows and 60754 columns
[2026-05-03 16:22:20,354][gurobipy][INFO] - Presolve time: 1.49s
[2026-05-03 16:22:20,356][gurobipy][INFO] - Presolved: 149 rows, 44 columns, 354 nonzeros
[2026-05-03 16:22:20,359][gurobipy][INFO] - Variable types: 0 continuous, 44 integer (44 binary)
[2026-05-03 16:22:20,368][gurobipy][INFO] - 
[2026-05-03 16:22:20,368][gurobipy][INFO] - Explored 0 nodes (0 simplex iterations) in 1.55 seconds (3.73 work units)
[2026-05-03 16:22:20,368][gurobipy][INFO] - Thread count was 32 (of 128 available processors)
[2026-05-03 16:22:20,368][gurobipy][INFO] - 
[2026-05-03 16:22:20,368][gurobipy][INFO] - Solution count 1: 0.000197375 
[2026-05-03 16:22:20,368][gurobipy][INFO] - 
[2026-05-03 16:22:20,368][gurobipy][INFO] - Optimal solution found (tolerance 0.00e+00)
[2026-05-03 16:22:20,371][gurobipy][INFO] - Best objective 1.973749135894e-04, best bound 1.973749135894e-04, gap 0.0000%
