[2026-05-03 16:24:09,429][gurobipy][INFO] - Set parameter WLSAccessID
[2026-05-03 16:24:09,429][gurobipy][INFO] - Set parameter WLSSecret
[2026-05-03 16:24:09,429][gurobipy][INFO] - Set parameter LicenseID to value 2619742
[2026-05-03 16:24:09,461][gurobipy][INFO] - Academic license 2619742 - for non-commercial use only - registered to it___@mail.huji.ac.il
[2026-05-03 16:24:09,463][gurobipy][INFO] - Set parameter OutputFlag to value 1
[2026-05-03 16:24:09,463][gurobipy][INFO] - Set parameter MIPGap to value 0
[2026-05-03 16:24:09,463][gurobipy][INFO] - Set parameter TimeLimit to value 300
[2026-05-03 16:28:38,533][gurobipy][INFO] - Gurobi Optimizer version 13.0.1 build v13.0.1rc0 (linux64 - "Ubuntu 22.04.5 LTS")
[2026-05-03 16:28:38,533][gurobipy][INFO] - 
[2026-05-03 16:28:38,533][gurobipy][INFO] - CPU model: Intel(R) Xeon(R) Platinum 8358 CPU @ 2.60GHz, instruction set [SSE2|AVX|AVX2|AVX512]
[2026-05-03 16:28:38,533][gurobipy][INFO] - Thread count: 64 physical cores, 128 logical processors, using up to 32 threads
[2026-05-03 16:28:38,533][gurobipy][INFO] - 
[2026-05-03 16:28:38,534][gurobipy][INFO] - Non-default parameters:
[2026-05-03 16:28:38,534][gurobipy][INFO] - TimeLimit  300
[2026-05-03 16:28:38,534][gurobipy][INFO] - MIPGap  0
[2026-05-03 16:28:38,534][gurobipy][INFO] - 
[2026-05-03 16:28:38,534][gurobipy][INFO] - Academic license 2619742 - for non-commercial use only - registered to it___@mail.huji.ac.il
[2026-05-03 16:28:38,534][gurobipy][INFO] - Optimize a model with 6730418 rows, 60798 columns and 13460836 nonzeros (Min)
[2026-05-03 16:28:38,664][gurobipy][INFO] - Model fingerprint: 0xd55ece6e
[2026-05-03 16:28:38,664][gurobipy][INFO] - Model has 60798 linear objective coefficients and an objective constant of 9.9999999999999989e-01
[2026-05-03 16:28:38,664][gurobipy][INFO] - Variable types: 0 continuous, 60798 integer (60798 binary)
[2026-05-03 16:28:38,686][gurobipy][INFO] - Coefficient statistics:
[2026-05-03 16:28:38,686][gurobipy][INFO] -   Matrix range     [1e+00, 1e+00]
[2026-05-03 16:28:38,686][gurobipy][INFO] -   Objective range  [2e-05, 2e-05]
[2026-05-03 16:28:38,686][gurobipy][INFO] -   Bounds range     [1e+00, 1e+00]
[2026-05-03 16:28:38,686][gurobipy][INFO] -   RHS range        [1e+00, 1e+00]
[2026-05-03 16:28:38,686][gurobipy][INFO] - 
[2026-05-03 16:28:38,959][gurobipy][INFO] - Found heuristic solution: objective 0.0499030
[2026-05-03 16:28:45,012][gurobipy][INFO] - Presolve removed 0 rows and 0 columns (presolve time = 5s)...
[2026-05-03 16:28:50,965][gurobipy][INFO] - Presolve removed 0 rows and 0 columns (presolve time = 11s)...
[2026-05-03 16:28:54,964][gurobipy][INFO] - Presolve removed 0 rows and 0 columns (presolve time = 15s)...
[2026-05-03 16:29:00,679][gurobipy][INFO] - Presolve removed 258046 rows and 0 columns (presolve time = 21s)...
[2026-05-03 16:29:05,019][gurobipy][INFO] - Presolve removed 266645 rows and 0 columns (presolve time = 25s)...
[2026-05-03 16:29:09,968][gurobipy][INFO] - Presolve removed 279203 rows and 0 columns (presolve time = 30s)...
[2026-05-03 16:29:15,182][gurobipy][INFO] - Presolve removed 289581 rows and 0 columns (presolve time = 35s)...
[2026-05-03 16:29:20,103][gurobipy][INFO] - Presolve removed 292113 rows and 0 columns (presolve time = 40s)...
[2026-05-03 16:29:25,309][gurobipy][INFO] - Presolve removed 298246 rows and 0 columns (presolve time = 45s)...
[2026-05-03 16:29:30,031][gurobipy][INFO] - Presolve removed 298255 rows and 0 columns (presolve time = 50s)...
[2026-05-03 16:29:35,258][gurobipy][INFO] - Presolve removed 307348 rows and 0 columns (presolve time = 55s)...
[2026-05-03 16:29:40,237][gurobipy][INFO] - Presolve removed 307534 rows and 0 columns (presolve time = 60s)...
[2026-05-03 16:29:45,093][gurobipy][INFO] - Presolve removed 307542 rows and 0 columns (presolve time = 65s)...
[2026-05-03 16:29:50,214][gurobipy][INFO] - Presolve removed 311784 rows and 0 columns (presolve time = 70s)...
[2026-05-03 16:29:55,119][gurobipy][INFO] - Presolve removed 318073 rows and 0 columns (presolve time = 75s)...
[2026-05-03 16:30:00,117][gurobipy][INFO] - Presolve removed 321839 rows and 0 columns (presolve time = 80s)...
[2026-05-03 16:30:05,098][gurobipy][INFO] - Presolve removed 322102 rows and 0 columns (presolve time = 85s)...
[2026-05-03 16:30:09,965][gurobipy][INFO] - Presolve removed 322102 rows and 0 columns (presolve time = 90s)...
[2026-05-03 16:30:14,965][gurobipy][INFO] - Presolve removed 322102 rows and 0 columns (presolve time = 95s)...
[2026-05-03 16:30:20,166][gurobipy][INFO] - Presolve removed 322102 rows and 0 columns (presolve time = 100s)...
[2026-05-03 16:30:25,048][gurobipy][INFO] - Presolve removed 322102 rows and 0 columns (presolve time = 105s)...
[2026-05-03 16:30:29,965][gurobipy][INFO] - Presolve removed 322102 rows and 0 columns (presolve time = 110s)...
[2026-05-03 16:30:35,075][gurobipy][INFO] - Presolve removed 322102 rows and 0 columns (presolve time = 115s)...
[2026-05-03 16:30:39,965][gurobipy][INFO] - Presolve removed 322102 rows and 0 columns (presolve time = 120s)...
[2026-05-03 16:30:45,085][gurobipy][INFO] - Presolve removed 322102 rows and 0 columns (presolve time = 125s)...
[2026-05-03 16:30:50,073][gurobipy][INFO] - Presolve removed 322102 rows and 0 columns (presolve time = 130s)...
[2026-05-03 16:30:55,342][gurobipy][INFO] - Presolve removed 322102 rows and 0 columns (presolve time = 135s)...
[2026-05-03 16:31:00,264][gurobipy][INFO] - Presolve removed 322102 rows and 0 columns (presolve time = 140s)...
[2026-05-03 16:31:05,257][gurobipy][INFO] - Presolve removed 322102 rows and 0 columns (presolve time = 145s)...
[2026-05-03 16:31:09,979][gurobipy][INFO] - Presolve removed 322102 rows and 0 columns (presolve time = 150s)...
[2026-05-03 16:31:15,056][gurobipy][INFO] - Presolve removed 322102 rows and 0 columns (presolve time = 155s)...
[2026-05-03 16:31:20,063][gurobipy][INFO] - Presolve removed 322102 rows and 0 columns (presolve time = 160s)...
[2026-05-03 16:31:22,310][gurobipy][INFO] - Presolve removed 6218792 rows and 55932 columns
[2026-05-03 16:31:22,310][gurobipy][INFO] - Presolve time: 162.35s
[2026-05-03 16:31:22,353][gurobipy][INFO] - Presolved: 511626 rows, 4866 columns, 1118230 nonzeros
[2026-05-03 16:31:22,647][gurobipy][INFO] - Variable types: 0 continuous, 4866 integer (4866 binary)
[2026-05-03 16:31:22,845][gurobipy][INFO] - Performing another presolve...
[2026-05-03 16:31:22,868][gurobipy][INFO] - Presolve removed 505644 rows and 4127 columns
[2026-05-03 16:31:22,869][gurobipy][INFO] - Presolve time: 0.02s
[2026-05-03 16:31:22,880][gurobipy][INFO] - Performing another presolve...
[2026-05-03 16:31:22,883][gurobipy][INFO] - Presolve removed 5856 rows and 711 columns
[2026-05-03 16:31:22,883][gurobipy][INFO] - Presolve time: 0.00s
[2026-05-03 16:31:22,890][gurobipy][INFO] - Found heuristic solution: objective 0.0040462
[2026-05-03 16:31:22,891][gurobipy][INFO] - 
[2026-05-03 16:31:22,891][gurobipy][INFO] - Root simplex log...
[2026-05-03 16:31:22,891][gurobipy][INFO] - 
[2026-05-03 16:31:22,891][gurobipy][INFO] - Iteration    Objective       Primal Inf.    Dual Inf.      Time
[2026-05-03 16:31:22,891][gurobipy][INFO] -        0    4.0461857e-03   4.000000e+00   0.000000e+00    164s
[2026-05-03 16:31:22,891][gurobipy][INFO] - 
[2026-05-03 16:31:22,891][gurobipy][INFO] - Root relaxation: cutoff, 0 iterations, 0.00 seconds (0.00 work units)
[2026-05-03 16:31:23,208][gurobipy][INFO] - 
[2026-05-03 16:31:23,209][gurobipy][INFO] - Explored 1 nodes (0 simplex iterations) in 164.67 seconds (107.16 work units)
[2026-05-03 16:31:23,209][gurobipy][INFO] - Thread count was 32 (of 128 available processors)
[2026-05-03 16:31:23,209][gurobipy][INFO] - 
[2026-05-03 16:31:23,209][gurobipy][INFO] - Solution count 3: 0.00404619 0.049903 0.0500345 
[2026-05-03 16:31:23,209][gurobipy][INFO] - 
[2026-05-03 16:31:23,209][gurobipy][INFO] - Optimal solution found (tolerance 0.00e+00)
[2026-05-03 16:31:23,300][gurobipy][INFO] - Best objective 4.046185729735e-03, best bound 4.046185729735e-03, gap 0.0000%
