[2026-04-30 14:52:35,959][gurobipy][INFO] - Set parameter WLSAccessID
[2026-04-30 14:52:35,959][gurobipy][INFO] - Set parameter WLSSecret
[2026-04-30 14:52:35,959][gurobipy][INFO] - Set parameter LicenseID to value 2619742
[2026-04-30 14:52:36,010][gurobipy][INFO] - Academic license 2619742 - for non-commercial use only - registered to it___@mail.huji.ac.il
[2026-04-30 14:52:36,012][gurobipy][INFO] - Set parameter OutputFlag to value 1
[2026-04-30 14:52:36,012][gurobipy][INFO] - Set parameter MIPGap to value 0
[2026-04-30 14:52:36,012][gurobipy][INFO] - Set parameter TimeLimit to value 300
[2026-04-30 14:52:40,500][gurobipy][INFO] - Gurobi Optimizer version 13.0.1 build v13.0.1rc0 (linux64 - "Ubuntu 22.04.5 LTS")
[2026-04-30 14:52:40,500][gurobipy][INFO] - 
[2026-04-30 14:52:40,500][gurobipy][INFO] - CPU model: Intel(R) Xeon(R) Platinum 8358 CPU @ 2.60GHz, instruction set [SSE2|AVX|AVX2|AVX512]
[2026-04-30 14:52:40,500][gurobipy][INFO] - Thread count: 64 physical cores, 128 logical processors, using up to 32 threads
[2026-04-30 14:52:40,500][gurobipy][INFO] - 
[2026-04-30 14:52:40,500][gurobipy][INFO] - Non-default parameters:
[2026-04-30 14:52:40,500][gurobipy][INFO] - TimeLimit  300
[2026-04-30 14:52:40,500][gurobipy][INFO] - MIPGap  0
[2026-04-30 14:52:40,501][gurobipy][INFO] - 
[2026-04-30 14:52:40,501][gurobipy][INFO] - Academic license 2619742 - for non-commercial use only - registered to it___@mail.huji.ac.il
[2026-04-30 14:52:40,501][gurobipy][INFO] - Optimize a model with 97593 rows, 5000 columns and 195186 nonzeros (Min)
[2026-04-30 14:52:40,503][gurobipy][INFO] - Model fingerprint: 0x8abb4a5d
[2026-04-30 14:52:40,503][gurobipy][INFO] - Model has 5000 linear objective coefficients and an objective constant of 1
[2026-04-30 14:52:40,503][gurobipy][INFO] - Variable types: 0 continuous, 5000 integer (5000 binary)
[2026-04-30 14:52:40,504][gurobipy][INFO] - Coefficient statistics:
[2026-04-30 14:52:40,504][gurobipy][INFO] -   Matrix range     [1e+00, 1e+00]
[2026-04-30 14:52:40,504][gurobipy][INFO] -   Objective range  [2e-04, 2e-04]
[2026-04-30 14:52:40,504][gurobipy][INFO] -   Bounds range     [1e+00, 1e+00]
[2026-04-30 14:52:40,504][gurobipy][INFO] -   RHS range        [1e+00, 1e+00]
[2026-04-30 14:52:40,504][gurobipy][INFO] - 
[2026-04-30 14:52:40,506][gurobipy][INFO] - Found heuristic solution: objective 0.0098000
[2026-04-30 14:52:42,579][gurobipy][INFO] - Presolve removed 92443 rows and 4440 columns
[2026-04-30 14:52:42,579][gurobipy][INFO] - Presolve time: 2.06s
[2026-04-30 14:52:42,581][gurobipy][INFO] - Presolved: 5150 rows, 560 columns, 14245 nonzeros
[2026-04-30 14:52:42,585][gurobipy][INFO] - Variable types: 0 continuous, 560 integer (560 binary)
[2026-04-30 14:52:42,587][gurobipy][INFO] - 
[2026-04-30 14:52:42,587][gurobipy][INFO] - Explored 0 nodes (0 simplex iterations) in 2.09 seconds (1.43 work units)
[2026-04-30 14:52:42,587][gurobipy][INFO] - Thread count was 32 (of 128 available processors)
[2026-04-30 14:52:42,587][gurobipy][INFO] - 
[2026-04-30 14:52:42,587][gurobipy][INFO] - Solution count 1: 0.0098 
[2026-04-30 14:52:42,587][gurobipy][INFO] - 
[2026-04-30 14:52:42,588][gurobipy][INFO] - Optimal solution found (tolerance 0.00e+00)
[2026-04-30 14:52:42,588][gurobipy][INFO] - Best objective 9.799999999988e-03, best bound 9.799999999988e-03, gap 0.0000%
