[2026-05-03 16:07:22,483][gurobipy][INFO] - Set parameter WLSAccessID
[2026-05-03 16:07:22,483][gurobipy][INFO] - Set parameter WLSSecret
[2026-05-03 16:07:22,483][gurobipy][INFO] - Set parameter LicenseID to value 2619742
[2026-05-03 16:07:22,492][gurobipy][INFO] - Academic license 2619742 - for non-commercial use only - registered to it___@mail.huji.ac.il
[2026-05-03 16:07:22,493][gurobipy][INFO] - Set parameter OutputFlag to value 1
[2026-05-03 16:07:22,493][gurobipy][INFO] - Set parameter MIPGap to value 0
[2026-05-03 16:07:22,493][gurobipy][INFO] - Set parameter TimeLimit to value 300
[2026-05-03 16:09:29,663][gurobipy][INFO] - Set parameter NonConvex to value 2
[2026-05-03 16:09:32,876][gurobipy][INFO] - Gurobi Optimizer version 13.0.1 build v13.0.1rc0 (linux64 - "Ubuntu 22.04.5 LTS")
[2026-05-03 16:09:32,876][gurobipy][INFO] - 
[2026-05-03 16:09:32,876][gurobipy][INFO] - CPU model: Intel(R) Xeon(R) Platinum 8358 CPU @ 2.60GHz, instruction set [SSE2|AVX|AVX2|AVX512]
[2026-05-03 16:09:32,876][gurobipy][INFO] - Thread count: 64 physical cores, 128 logical processors, using up to 32 threads
[2026-05-03 16:09:32,876][gurobipy][INFO] - 
[2026-05-03 16:09:32,876][gurobipy][INFO] - Non-default parameters:
[2026-05-03 16:09:32,876][gurobipy][INFO] - TimeLimit  300
[2026-05-03 16:09:32,876][gurobipy][INFO] - MIPGap  0
[2026-05-03 16:09:32,876][gurobipy][INFO] - NonConvex  2
[2026-05-03 16:09:32,876][gurobipy][INFO] - 
[2026-05-03 16:09:32,876][gurobipy][INFO] - Academic license 2619742 - for non-commercial use only - registered to it___@mail.huji.ac.il
[2026-05-03 16:09:32,876][gurobipy][INFO] - Optimize a model with 3241015 rows, 60818 columns and 6482030 nonzeros (Min)
[2026-05-03 16:09:32,972][gurobipy][INFO] - Model fingerprint: 0xe53b6507
[2026-05-03 16:09:32,972][gurobipy][INFO] - Model has 60818 linear objective coefficients and an objective constant of 4.9999999999999994e-01
[2026-05-03 16:09:32,973][gurobipy][INFO] - Model has 40 quadratic constraints
[2026-05-03 16:09:32,973][gurobipy][INFO] - Variable types: 20 continuous, 60798 integer (60798 binary)
[2026-05-03 16:09:32,988][gurobipy][INFO] - Coefficient statistics:
[2026-05-03 16:09:32,988][gurobipy][INFO] -   Matrix range     [1e+00, 1e+00]
[2026-05-03 16:09:32,988][gurobipy][INFO] -   QMatrix range    [1e+00, 1e+00]
[2026-05-03 16:09:32,988][gurobipy][INFO] -   QLMatrix range   [1e-04, 1e+00]
[2026-05-03 16:09:32,988][gurobipy][INFO] -   Objective range  [8e-06, 3e-02]
[2026-05-03 16:09:32,988][gurobipy][INFO] -   Bounds range     [1e+00, 1e+00]
[2026-05-03 16:09:32,988][gurobipy][INFO] -   RHS range        [1e+00, 1e+00]
[2026-05-03 16:09:32,988][gurobipy][INFO] - 
[2026-05-03 16:09:33,058][gurobipy][INFO] - Found heuristic solution: objective 0.5000000
[2026-05-03 16:09:38,738][gurobipy][INFO] - Presolve removed 0 rows and 0 columns (presolve time = 5s)...
[2026-05-03 16:09:43,472][gurobipy][INFO] - Presolve removed 0 rows and 0 columns (presolve time = 10s)...
[2026-05-03 16:09:48,474][gurobipy][INFO] - Presolve removed 281836 rows and 0 columns (presolve time = 15s)...
[2026-05-03 16:09:53,590][gurobipy][INFO] - Presolve removed 286215 rows and 0 columns (presolve time = 20s)...
[2026-05-03 16:09:58,476][gurobipy][INFO] - Presolve removed 286398 rows and 0 columns (presolve time = 25s)...
[2026-05-03 16:10:03,506][gurobipy][INFO] - Presolve removed 292557 rows and 0 columns (presolve time = 30s)...
[2026-05-03 16:10:08,482][gurobipy][INFO] - Presolve removed 295592 rows and 0 columns (presolve time = 35s)...
[2026-05-03 16:10:13,474][gurobipy][INFO] - Presolve removed 295592 rows and 0 columns (presolve time = 40s)...
[2026-05-03 16:10:18,496][gurobipy][INFO] - Presolve removed 295592 rows and 0 columns (presolve time = 45s)...
[2026-05-03 16:10:23,612][gurobipy][INFO] - Presolve removed 295592 rows and 0 columns (presolve time = 50s)...
[2026-05-03 16:10:28,559][gurobipy][INFO] - Presolve removed 295592 rows and 0 columns (presolve time = 55s)...
[2026-05-03 16:10:33,651][gurobipy][INFO] - Presolve removed 295592 rows and 0 columns (presolve time = 60s)...
[2026-05-03 16:10:38,695][gurobipy][INFO] - Presolve removed 295592 rows and 0 columns (presolve time = 65s)...
[2026-05-03 16:10:43,472][gurobipy][INFO] - Presolve removed 295592 rows and 0 columns (presolve time = 70s)...
[2026-05-03 16:10:48,742][gurobipy][INFO] - Presolve removed 295592 rows and 0 columns (presolve time = 75s)...
[2026-05-03 16:11:00,145][gurobipy][INFO] - Presolve removed 295592 rows and 0 columns (presolve time = 87s)...
[2026-05-03 16:11:00,145][gurobipy][INFO] - Presolve added 0 rows and 20 columns
[2026-05-03 16:11:00,145][gurobipy][INFO] - Presolve removed 295552 rows and 0 columns
[2026-05-03 16:11:00,145][gurobipy][INFO] - Presolve time: 86.68s
[2026-05-03 16:11:00,164][gurobipy][INFO] - Presolved: 5377403 rows, 3708718 columns, 15920276 nonzeros
[2026-05-03 16:11:00,164][gurobipy][INFO] - Presolved model has 2431920 SOS constraint(s)
[2026-05-03 16:11:17,626][gurobipy][INFO] - Variable types: 2431960 continuous, 1276758 integer (1276758 binary)
[2026-05-03 16:14:33,874][gurobipy][INFO] - 
[2026-05-03 16:14:33,875][gurobipy][INFO] - Explored 1 nodes (0 simplex iterations) in 301.00 seconds (392.55 work units)
[2026-05-03 16:14:33,875][gurobipy][INFO] - Thread count was 32 (of 128 available processors)
[2026-05-03 16:14:33,875][gurobipy][INFO] - 
[2026-05-03 16:14:33,875][gurobipy][INFO] - Solution count 1: 0.5 
[2026-05-03 16:14:33,875][gurobipy][INFO] - 
[2026-05-03 16:14:33,875][gurobipy][INFO] - Time limit reached
[2026-05-03 16:14:33,920][gurobipy][INFO] - Best objective 5.000000000000e-01, best bound -5.732534808173e-13, gap 100.0000%
