[2026-05-03 15:45:44,787][gurobipy][INFO] - Set parameter WLSAccessID
[2026-05-03 15:45:44,788][gurobipy][INFO] - Set parameter WLSSecret
[2026-05-03 15:45:44,788][gurobipy][INFO] - Set parameter LicenseID to value 2619742
[2026-05-03 15:45:44,822][gurobipy][INFO] - Academic license 2619742 - for non-commercial use only - registered to it___@mail.huji.ac.il
[2026-05-03 15:45:44,825][gurobipy][INFO] - Set parameter OutputFlag to value 1
[2026-05-03 15:45:44,825][gurobipy][INFO] - Set parameter MIPGap to value 0
[2026-05-03 15:45:44,825][gurobipy][INFO] - Set parameter TimeLimit to value 300
[2026-05-03 16:19:54,237][gurobipy][INFO] - Gurobi Optimizer version 13.0.1 build v13.0.1rc0 (linux64 - "Ubuntu 22.04.5 LTS")
[2026-05-03 16:19:54,238][gurobipy][INFO] - 
[2026-05-03 16:19:54,238][gurobipy][INFO] - CPU model: Intel(R) Xeon(R) Platinum 8358 CPU @ 2.60GHz, instruction set [SSE2|AVX|AVX2|AVX512]
[2026-05-03 16:19:54,238][gurobipy][INFO] - Thread count: 64 physical cores, 128 logical processors, using up to 32 threads
[2026-05-03 16:19:54,238][gurobipy][INFO] - 
[2026-05-03 16:19:54,238][gurobipy][INFO] - Non-default parameters:
[2026-05-03 16:19:54,238][gurobipy][INFO] - TimeLimit  300
[2026-05-03 16:19:54,239][gurobipy][INFO] - MIPGap  0
[2026-05-03 16:19:54,239][gurobipy][INFO] - 
[2026-05-03 16:19:54,239][gurobipy][INFO] - Academic license 2619742 - for non-commercial use only - registered to it___@mail.huji.ac.il
[2026-05-03 16:19:54,239][gurobipy][INFO] - Optimize a model with 51368326 rows, 3395604 columns and 102736652 nonzeros (Min)
[2026-05-03 16:19:55,276][gurobipy][INFO] - Model fingerprint: 0x89823f17
[2026-05-03 16:19:55,279][gurobipy][INFO] - Model has 3395604 linear objective coefficients and an objective constant of 1
[2026-05-03 16:19:55,282][gurobipy][INFO] - Variable types: 0 continuous, 3395604 integer (3395604 binary)
[2026-05-03 16:19:55,499][gurobipy][INFO] - Coefficient statistics:
[2026-05-03 16:19:55,499][gurobipy][INFO] -   Matrix range     [1e+00, 1e+00]
[2026-05-03 16:19:55,499][gurobipy][INFO] -   Objective range  [3e-07, 3e-07]
[2026-05-03 16:19:55,499][gurobipy][INFO] -   Bounds range     [1e+00, 1e+00]
[2026-05-03 16:19:55,499][gurobipy][INFO] -   RHS range        [1e+00, 1e+00]
[2026-05-03 16:19:55,499][gurobipy][INFO] - 
[2026-05-03 16:19:57,337][gurobipy][INFO] - Found heuristic solution: objective 0.1422569
[2026-05-03 16:20:08,647][gurobipy][INFO] - Presolve removed 0 rows and 0 columns (presolve time = 5s)...
[2026-05-03 16:20:13,747][gurobipy][INFO] - Presolve removed 0 rows and 125083 columns (presolve time = 10s)...
[2026-05-03 16:20:19,578][gurobipy][INFO] - Presolve removed 0 rows and 125083 columns (presolve time = 16s)...
[2026-05-03 16:20:26,784][gurobipy][INFO] - Presolve removed 0 rows and 125083 columns (presolve time = 23s)...
[2026-05-03 16:20:37,656][gurobipy][INFO] - Presolve removed 84362 rows and 209445 columns (presolve time = 34s)...
[2026-05-03 16:20:41,675][gurobipy][INFO] - Presolve removed 84362 rows and 209445 columns (presolve time = 38s)...
[2026-05-03 16:20:45,988][gurobipy][INFO] - Presolve removed 84362 rows and 209445 columns (presolve time = 42s)...
[2026-05-03 16:20:48,499][gurobipy][INFO] - Presolve removed 84362 rows and 209445 columns (presolve time = 45s)...
[2026-05-03 16:20:53,504][gurobipy][INFO] - Presolve removed 84362 rows and 209445 columns (presolve time = 50s)...
[2026-05-03 16:20:58,501][gurobipy][INFO] - Presolve removed 84362 rows and 209445 columns (presolve time = 55s)...
[2026-05-03 16:21:03,503][gurobipy][INFO] - Presolve removed 84362 rows and 209445 columns (presolve time = 60s)...
[2026-05-03 16:21:11,288][gurobipy][INFO] - Presolve removed 84362 rows and 209445 columns (presolve time = 68s)...
[2026-05-03 16:21:14,799][gurobipy][INFO] - Presolve removed 84373 rows and 209456 columns (presolve time = 71s)...
[2026-05-03 16:21:19,118][gurobipy][INFO] - Presolve removed 84373 rows and 209456 columns (presolve time = 76s)...
[2026-05-03 16:21:23,964][gurobipy][INFO] - Presolve removed 84373 rows and 211658 columns (presolve time = 80s)...
[2026-05-03 16:21:28,515][gurobipy][INFO] - Presolve removed 84373 rows and 211658 columns (presolve time = 85s)...
[2026-05-03 16:21:33,503][gurobipy][INFO] - Presolve removed 84373 rows and 211658 columns (presolve time = 90s)...
[2026-05-03 16:21:38,500][gurobipy][INFO] - Presolve removed 84373 rows and 211658 columns (presolve time = 95s)...
[2026-05-03 16:21:43,514][gurobipy][INFO] - Presolve removed 84373 rows and 211658 columns (presolve time = 100s)...
[2026-05-03 16:21:48,516][gurobipy][INFO] - Presolve removed 84373 rows and 211658 columns (presolve time = 105s)...
[2026-05-03 16:21:53,506][gurobipy][INFO] - Presolve removed 84373 rows and 211658 columns (presolve time = 110s)...
[2026-05-03 16:21:58,505][gurobipy][INFO] - Presolve removed 84373 rows and 211658 columns (presolve time = 115s)...
[2026-05-03 16:22:03,500][gurobipy][INFO] - Presolve removed 84373 rows and 211658 columns (presolve time = 120s)...
[2026-05-03 16:22:08,506][gurobipy][INFO] - Presolve removed 84373 rows and 211658 columns (presolve time = 125s)...
[2026-05-03 16:22:13,505][gurobipy][INFO] - Presolve removed 84373 rows and 211658 columns (presolve time = 130s)...
[2026-05-03 16:22:18,508][gurobipy][INFO] - Presolve removed 84373 rows and 211658 columns (presolve time = 135s)...
[2026-05-03 16:22:23,496][gurobipy][INFO] - Presolve removed 84373 rows and 211658 columns (presolve time = 140s)...
[2026-05-03 16:22:28,568][gurobipy][INFO] - Presolve removed 86341 rows and 211658 columns (presolve time = 145s)...
[2026-05-03 16:22:33,790][gurobipy][INFO] - Presolve removed 86341 rows and 211658 columns (presolve time = 150s)...
[2026-05-03 16:22:38,503][gurobipy][INFO] - Presolve removed 86341 rows and 211658 columns (presolve time = 155s)...
[2026-05-03 16:22:44,444][gurobipy][INFO] - Presolve removed 86341 rows and 211658 columns (presolve time = 161s)...
[2026-05-03 16:22:49,299][gurobipy][INFO] - Presolve removed 86341 rows and 211658 columns (presolve time = 166s)...
[2026-05-03 16:22:53,896][gurobipy][INFO] - Presolve removed 86341 rows and 211658 columns (presolve time = 170s)...
[2026-05-03 16:22:59,021][gurobipy][INFO] - Presolve removed 86341 rows and 211658 columns (presolve time = 176s)...
[2026-05-03 16:23:03,511][gurobipy][INFO] - Presolve removed 86341 rows and 211658 columns (presolve time = 180s)...
[2026-05-03 16:23:08,973][gurobipy][INFO] - Presolve removed 86341 rows and 211658 columns (presolve time = 185s)...
[2026-05-03 16:23:13,738][gurobipy][INFO] - Presolve removed 86341 rows and 211658 columns (presolve time = 190s)...
[2026-05-03 16:23:19,266][gurobipy][INFO] - Presolve removed 86341 rows and 211658 columns (presolve time = 196s)...
[2026-05-03 16:23:23,985][gurobipy][INFO] - Presolve removed 86341 rows and 211658 columns (presolve time = 200s)...
[2026-05-03 16:23:29,227][gurobipy][INFO] - Presolve removed 86341 rows and 211658 columns (presolve time = 206s)...
[2026-05-03 16:23:33,697][gurobipy][INFO] - Presolve removed 86341 rows and 211658 columns (presolve time = 210s)...
[2026-05-03 16:23:39,162][gurobipy][INFO] - Presolve removed 86341 rows and 211658 columns (presolve time = 216s)...
[2026-05-03 16:23:43,516][gurobipy][INFO] - Presolve removed 86341 rows and 211658 columns (presolve time = 220s)...
[2026-05-03 16:23:48,662][gurobipy][INFO] - Presolve removed 86341 rows and 211658 columns (presolve time = 225s)...
[2026-05-03 16:23:54,019][gurobipy][INFO] - Presolve removed 86341 rows and 211658 columns (presolve time = 231s)...
[2026-05-03 16:23:58,727][gurobipy][INFO] - Presolve removed 86341 rows and 211658 columns (presolve time = 235s)...
[2026-05-03 16:24:03,531][gurobipy][INFO] - Presolve removed 86341 rows and 211658 columns (presolve time = 240s)...
[2026-05-03 16:24:09,176][gurobipy][INFO] - Presolve removed 86341 rows and 211658 columns (presolve time = 246s)...
[2026-05-03 16:24:14,055][gurobipy][INFO] - Presolve removed 86341 rows and 211658 columns (presolve time = 251s)...
[2026-05-03 16:24:19,425][gurobipy][INFO] - Presolve removed 86341 rows and 211658 columns (presolve time = 256s)...
[2026-05-03 16:24:23,548][gurobipy][INFO] - Presolve removed 86341 rows and 211658 columns (presolve time = 260s)...
[2026-05-03 16:24:29,367][gurobipy][INFO] - Presolve removed 86341 rows and 211658 columns (presolve time = 266s)...
[2026-05-03 16:24:33,496][gurobipy][INFO] - Presolve removed 86341 rows and 211658 columns (presolve time = 270s)...
[2026-05-03 16:24:38,498][gurobipy][INFO] - Presolve removed 86341 rows and 211658 columns (presolve time = 275s)...
[2026-05-03 16:24:43,497][gurobipy][INFO] - Presolve removed 86341 rows and 211658 columns (presolve time = 280s)...
[2026-05-03 16:24:48,498][gurobipy][INFO] - Presolve removed 86341 rows and 211658 columns (presolve time = 285s)...
[2026-05-03 16:24:53,675][gurobipy][INFO] - Presolve removed 86341 rows and 211658 columns (presolve time = 290s)...
[2026-05-03 16:24:56,605][gurobipy][INFO] - Presolve removed 938799 rows and 211658 columns
[2026-05-03 16:24:56,605][gurobipy][INFO] - Presolve time: 293.10s
[2026-05-03 16:24:58,968][gurobipy][INFO] - 
[2026-05-03 16:24:58,968][gurobipy][INFO] - Explored 0 nodes (0 simplex iterations) in 304.73 seconds (549.00 work units)
[2026-05-03 16:24:58,968][gurobipy][INFO] - Thread count was 1 (of 128 available processors)
[2026-05-03 16:24:58,976][gurobipy][INFO] - 
[2026-05-03 16:24:58,976][gurobipy][INFO] - Solution count 1: 0.142257 
[2026-05-03 16:24:58,976][gurobipy][INFO] - 
[2026-05-03 16:24:58,976][gurobipy][INFO] - Time limit reached
[2026-05-03 16:24:59,487][gurobipy][INFO] - Best objective 1.422568709492e-01, best bound -, gap -
