[2026-04-30 14:51:05,420][gurobipy][INFO] - Set parameter WLSAccessID
[2026-04-30 14:51:05,420][gurobipy][INFO] - Set parameter WLSSecret
[2026-04-30 14:51:05,421][gurobipy][INFO] - Set parameter LicenseID to value 2619742
[2026-04-30 14:51:05,494][gurobipy][INFO] - Academic license 2619742 - for non-commercial use only - registered to it___@mail.huji.ac.il
[2026-04-30 14:51:05,497][gurobipy][INFO] - Set parameter OutputFlag to value 1
[2026-04-30 14:51:05,497][gurobipy][INFO] - Set parameter MIPGap to value 0
[2026-04-30 14:51:05,497][gurobipy][INFO] - Set parameter TimeLimit to value 300
[2026-04-30 14:51:49,689][gurobipy][INFO] - Gurobi Optimizer version 13.0.1 build v13.0.1rc0 (linux64 - "Ubuntu 22.04.5 LTS")
[2026-04-30 14:51:49,690][gurobipy][INFO] - 
[2026-04-30 14:51:49,690][gurobipy][INFO] - CPU model: Intel(R) Xeon(R) Platinum 8358 CPU @ 2.60GHz, instruction set [SSE2|AVX|AVX2|AVX512]
[2026-04-30 14:51:49,690][gurobipy][INFO] - Thread count: 64 physical cores, 128 logical processors, using up to 32 threads
[2026-04-30 14:51:49,690][gurobipy][INFO] - 
[2026-04-30 14:51:49,690][gurobipy][INFO] - Non-default parameters:
[2026-04-30 14:51:49,690][gurobipy][INFO] - TimeLimit  300
[2026-04-30 14:51:49,690][gurobipy][INFO] - MIPGap  0
[2026-04-30 14:51:49,690][gurobipy][INFO] - 
[2026-04-30 14:51:49,690][gurobipy][INFO] - Academic license 2619742 - for non-commercial use only - registered to it___@mail.huji.ac.il
[2026-04-30 14:51:49,690][gurobipy][INFO] - Optimize a model with 896296 rows, 5000 columns and 1792592 nonzeros (Min)
[2026-04-30 14:51:49,709][gurobipy][INFO] - Model fingerprint: 0x38d440d2
[2026-04-30 14:51:49,709][gurobipy][INFO] - Model has 5000 linear objective coefficients and an objective constant of 1
[2026-04-30 14:51:49,709][gurobipy][INFO] - Variable types: 0 continuous, 5000 integer (5000 binary)
[2026-04-30 14:51:49,713][gurobipy][INFO] - Coefficient statistics:
[2026-04-30 14:51:49,713][gurobipy][INFO] -   Matrix range     [1e+00, 1e+00]
[2026-04-30 14:51:49,713][gurobipy][INFO] -   Objective range  [2e-04, 2e-04]
[2026-04-30 14:51:49,713][gurobipy][INFO] -   Bounds range     [1e+00, 1e+00]
[2026-04-30 14:51:49,713][gurobipy][INFO] -   RHS range        [1e+00, 1e+00]
[2026-04-30 14:51:49,713][gurobipy][INFO] - 
[2026-04-30 14:51:49,763][gurobipy][INFO] - Found heuristic solution: objective 0.0944000
[2026-04-30 14:51:55,005][gurobipy][INFO] - Presolve removed 421836 rows and 0 columns (presolve time = 5s)...
[2026-04-30 14:52:00,027][gurobipy][INFO] - Presolve removed 423259 rows and 0 columns (presolve time = 10s)...
[2026-04-30 14:52:04,991][gurobipy][INFO] - Presolve removed 423961 rows and 0 columns (presolve time = 15s)...
[2026-04-30 14:52:09,974][gurobipy][INFO] - Presolve removed 424700 rows and 0 columns (presolve time = 20s)...
[2026-04-30 14:52:14,968][gurobipy][INFO] - Presolve removed 424700 rows and 0 columns (presolve time = 25s)...
[2026-04-30 14:52:20,027][gurobipy][INFO] - Presolve removed 424700 rows and 0 columns (presolve time = 30s)...
[2026-04-30 14:52:24,976][gurobipy][INFO] - Presolve removed 424700 rows and 0 columns (presolve time = 35s)...
[2026-04-30 14:52:30,051][gurobipy][INFO] - Presolve removed 424700 rows and 0 columns (presolve time = 40s)...
[2026-04-30 14:52:34,995][gurobipy][INFO] - Presolve removed 424700 rows and 0 columns (presolve time = 45s)...
[2026-04-30 14:52:39,962][gurobipy][INFO] - Presolve removed 424700 rows and 0 columns (presolve time = 50s)...
[2026-04-30 14:52:45,021][gurobipy][INFO] - Presolve removed 424700 rows and 0 columns (presolve time = 55s)...
[2026-04-30 14:52:50,047][gurobipy][INFO] - Presolve removed 424700 rows and 0 columns (presolve time = 60s)...
[2026-04-30 14:52:54,960][gurobipy][INFO] - Presolve removed 424700 rows and 0 columns (presolve time = 65s)...
[2026-04-30 14:53:00,019][gurobipy][INFO] - Presolve removed 424700 rows and 0 columns (presolve time = 70s)...
[2026-04-30 14:53:01,574][gurobipy][INFO] - Presolve removed 896193 rows and 4904 columns
[2026-04-30 14:53:01,574][gurobipy][INFO] - Presolve time: 71.62s
[2026-04-30 14:53:01,581][gurobipy][INFO] - Presolved: 103 rows, 96 columns, 207 nonzeros
[2026-04-30 14:53:01,583][gurobipy][INFO] - Variable types: 0 continuous, 96 integer (96 binary)
[2026-04-30 14:53:01,622][gurobipy][INFO] - 
[2026-04-30 14:53:01,622][gurobipy][INFO] - Explored 0 nodes (0 simplex iterations) in 71.93 seconds (14.88 work units)
[2026-04-30 14:53:01,622][gurobipy][INFO] - Thread count was 32 (of 128 available processors)
[2026-04-30 14:53:01,622][gurobipy][INFO] - 
[2026-04-30 14:53:01,622][gurobipy][INFO] - Solution count 1: 0.0944 
[2026-04-30 14:53:01,622][gurobipy][INFO] - 
[2026-04-30 14:53:01,623][gurobipy][INFO] - Optimal solution found (tolerance 0.00e+00)
[2026-04-30 14:53:01,634][gurobipy][INFO] - Best objective 9.439999999999e-02, best bound 9.439999999999e-02, gap 0.0000%
