[2026-05-03 15:43:09,031][gurobipy][INFO] - Set parameter WLSAccessID
[2026-05-03 15:43:09,031][gurobipy][INFO] - Set parameter WLSSecret
[2026-05-03 15:43:09,031][gurobipy][INFO] - Set parameter LicenseID to value 2619742
[2026-05-03 15:43:09,040][gurobipy][INFO] - Academic license 2619742 - for non-commercial use only - registered to it___@mail.huji.ac.il
[2026-05-03 15:43:09,041][gurobipy][INFO] - Set parameter OutputFlag to value 1
[2026-05-03 15:43:09,042][gurobipy][INFO] - Set parameter MIPGap to value 0
[2026-05-03 15:43:09,042][gurobipy][INFO] - Set parameter TimeLimit to value 300
[2026-05-03 16:16:49,136][gurobipy][INFO] - Set parameter NonConvex to value 2
[2026-05-03 16:19:47,518][gurobipy][INFO] - Gurobi Optimizer version 13.0.1 build v13.0.1rc0 (linux64 - "Ubuntu 22.04.5 LTS")
[2026-05-03 16:19:47,519][gurobipy][INFO] - 
[2026-05-03 16:19:47,519][gurobipy][INFO] - CPU model: Intel(R) Xeon(R) Platinum 8358 CPU @ 2.60GHz, instruction set [SSE2|AVX|AVX2|AVX512]
[2026-05-03 16:19:47,519][gurobipy][INFO] - Thread count: 64 physical cores, 128 logical processors, using up to 32 threads
[2026-05-03 16:19:47,519][gurobipy][INFO] - 
[2026-05-03 16:19:47,519][gurobipy][INFO] - Non-default parameters:
[2026-05-03 16:19:47,519][gurobipy][INFO] - TimeLimit  300
[2026-05-03 16:19:47,519][gurobipy][INFO] - MIPGap  0
[2026-05-03 16:19:47,519][gurobipy][INFO] - NonConvex  2
[2026-05-03 16:19:47,519][gurobipy][INFO] - 
[2026-05-03 16:19:47,520][gurobipy][INFO] - Academic license 2619742 - for non-commercial use only - registered to it___@mail.huji.ac.il
[2026-05-03 16:19:47,520][gurobipy][INFO] - Optimize a model with 51316945 rows, 3395624 columns and 102633890 nonzeros (Min)
[2026-05-03 16:19:50,436][gurobipy][INFO] - Model fingerprint: 0x445c981a
[2026-05-03 16:19:50,443][gurobipy][INFO] - Model has 3395624 linear objective coefficients and an objective constant of 0.5
[2026-05-03 16:19:50,443][gurobipy][INFO] - Model has 40 quadratic constraints
[2026-05-03 16:19:50,446][gurobipy][INFO] - Variable types: 20 continuous, 3395604 integer (3395604 binary)
[2026-05-03 16:19:50,866][gurobipy][INFO] - Coefficient statistics:
[2026-05-03 16:19:50,866][gurobipy][INFO] -   Matrix range     [1e+00, 1e+00]
[2026-05-03 16:19:50,866][gurobipy][INFO] -   QMatrix range    [1e+00, 1e+00]
[2026-05-03 16:19:50,866][gurobipy][INFO] -   QLMatrix range   [1e-06, 1e+00]
[2026-05-03 16:19:50,866][gurobipy][INFO] -   Objective range  [1e-07, 3e-02]
[2026-05-03 16:19:50,866][gurobipy][INFO] -   Bounds range     [1e+00, 1e+00]
[2026-05-03 16:19:50,866][gurobipy][INFO] -   RHS range        [1e+00, 1e+00]
[2026-05-03 16:19:50,866][gurobipy][INFO] - 
[2026-05-03 16:19:52,705][gurobipy][INFO] - Found heuristic solution: objective 0.5000000
[2026-05-03 16:20:15,226][gurobipy][INFO] - Presolve removed 0 rows and 0 columns (presolve time = 10s)...
[2026-05-03 16:20:17,879][gurobipy][INFO] - Presolve removed 0 rows and 0 columns (presolve time = 12s)...
[2026-05-03 16:20:31,864][gurobipy][INFO] - Presolve removed 0 rows and 0 columns (presolve time = 26s)...
[2026-05-03 16:20:36,764][gurobipy][INFO] - Presolve removed 0 rows and 0 columns (presolve time = 31s)...
[2026-05-03 16:20:50,075][gurobipy][INFO] - Presolve removed 0 rows and 0 columns (presolve time = 44s)...
[2026-05-03 16:20:52,435][gurobipy][INFO] - Presolve removed 0 rows and 0 columns (presolve time = 47s)...
