[2026-05-03 17:42:25,897][gurobipy][INFO] - Set parameter WLSAccessID
[2026-05-03 17:42:25,897][gurobipy][INFO] - Set parameter WLSSecret
[2026-05-03 17:42:25,897][gurobipy][INFO] - Set parameter LicenseID to value 2619742
[2026-05-03 17:42:25,906][gurobipy][INFO] - Academic license 2619742 - for non-commercial use only - registered to it___@mail.huji.ac.il
[2026-05-03 17:42:25,907][gurobipy][INFO] - Set parameter OutputFlag to value 1
[2026-05-03 17:42:25,907][gurobipy][INFO] - Set parameter MIPGap to value 0
[2026-05-03 17:42:25,907][gurobipy][INFO] - Set parameter TimeLimit to value 300
[2026-05-03 17:46:46,106][gurobipy][INFO] - Gurobi Optimizer version 13.0.1 build v13.0.1rc0 (linux64 - "Ubuntu 22.04.5 LTS")
[2026-05-03 17:46:46,106][gurobipy][INFO] - 
[2026-05-03 17:46:46,106][gurobipy][INFO] - CPU model: Intel(R) Xeon(R) Platinum 8358 CPU @ 2.60GHz, instruction set [SSE2|AVX|AVX2|AVX512]
[2026-05-03 17:46:46,106][gurobipy][INFO] - Thread count: 64 physical cores, 128 logical processors, using up to 32 threads
[2026-05-03 17:46:46,106][gurobipy][INFO] - 
[2026-05-03 17:46:46,106][gurobipy][INFO] - Non-default parameters:
[2026-05-03 17:46:46,106][gurobipy][INFO] - TimeLimit  300
[2026-05-03 17:46:46,106][gurobipy][INFO] - MIPGap  0
[2026-05-03 17:46:46,106][gurobipy][INFO] - 
[2026-05-03 17:46:46,107][gurobipy][INFO] - Academic license 2619742 - for non-commercial use only - registered to it___@mail.huji.ac.il
[2026-05-03 17:46:46,107][gurobipy][INFO] - Optimize a model with 1804361 rows, 999910 columns and 3608722 nonzeros (Min)
[2026-05-03 17:46:46,166][gurobipy][INFO] - Model fingerprint: 0x2abed740
[2026-05-03 17:46:46,166][gurobipy][INFO] - Model has 999910 linear objective coefficients and an objective constant of 1
[2026-05-03 17:46:46,167][gurobipy][INFO] - Variable types: 0 continuous, 999910 integer (999910 binary)
[2026-05-03 17:46:46,185][gurobipy][INFO] - Coefficient statistics:
[2026-05-03 17:46:46,185][gurobipy][INFO] -   Matrix range     [1e+00, 1e+00]
[2026-05-03 17:46:46,185][gurobipy][INFO] -   Objective range  [1e-06, 1e-06]
[2026-05-03 17:46:46,185][gurobipy][INFO] -   Bounds range     [1e+00, 1e+00]
[2026-05-03 17:46:46,185][gurobipy][INFO] -   RHS range        [1e+00, 1e+00]
[2026-05-03 17:46:46,185][gurobipy][INFO] - 
[2026-05-03 17:46:46,319][gurobipy][INFO] - Found heuristic solution: objective 0.0001360
[2026-05-03 17:46:51,702][gurobipy][INFO] - Presolve removed 259704 rows and 533947 columns (presolve time = 5s)...
[2026-05-03 17:46:56,712][gurobipy][INFO] - Presolve removed 500545 rows and 533947 columns (presolve time = 10s)...
[2026-05-03 17:47:01,725][gurobipy][INFO] - Presolve removed 500545 rows and 533947 columns (presolve time = 15s)...
[2026-05-03 17:47:06,716][gurobipy][INFO] - Presolve removed 500545 rows and 533947 columns (presolve time = 20s)...
[2026-05-03 17:47:10,352][gurobipy][INFO] - Presolve removed 1310202 rows and 817148 columns
[2026-05-03 17:47:10,352][gurobipy][INFO] - Presolve time: 23.65s
[2026-05-03 17:47:10,363][gurobipy][INFO] - Presolved: 494159 rows, 182762 columns, 1148799 nonzeros
[2026-05-03 17:47:10,768][gurobipy][INFO] - Variable types: 0 continuous, 182762 integer (182762 binary)
[2026-05-03 17:47:10,872][gurobipy][INFO] - 
[2026-05-03 17:47:10,872][gurobipy][INFO] - Explored 0 nodes (0 simplex iterations) in 24.77 seconds (22.44 work units)
[2026-05-03 17:47:10,872][gurobipy][INFO] - Thread count was 32 (of 128 available processors)
[2026-05-03 17:47:10,872][gurobipy][INFO] - 
[2026-05-03 17:47:10,872][gurobipy][INFO] - Solution count 1: 0.000136012 
[2026-05-03 17:47:10,872][gurobipy][INFO] - 
[2026-05-03 17:47:10,872][gurobipy][INFO] - Optimal solution found (tolerance 0.00e+00)
[2026-05-03 17:47:10,900][gurobipy][INFO] - Best objective 1.360122424197e-04, best bound 1.360122424197e-04, gap 0.0000%
