[2026-05-03 15:45:57,213][gurobipy][INFO] - Set parameter WLSAccessID
[2026-05-03 15:45:57,213][gurobipy][INFO] - Set parameter WLSSecret
[2026-05-03 15:45:57,213][gurobipy][INFO] - Set parameter LicenseID to value 2619742
[2026-05-03 15:45:57,265][gurobipy][INFO] - Academic license 2619742 - for non-commercial use only - registered to it___@mail.huji.ac.il
[2026-05-03 15:45:57,267][gurobipy][INFO] - Set parameter OutputFlag to value 1
[2026-05-03 15:45:57,267][gurobipy][INFO] - Set parameter MIPGap to value 0
[2026-05-03 15:45:57,267][gurobipy][INFO] - Set parameter TimeLimit to value 300
[2026-05-03 15:48:56,158][gurobipy][INFO] - Gurobi Optimizer version 13.0.1 build v13.0.1rc0 (linux64 - "Ubuntu 22.04.5 LTS")
[2026-05-03 15:48:56,158][gurobipy][INFO] - 
[2026-05-03 15:48:56,158][gurobipy][INFO] - CPU model: Intel(R) Xeon(R) Platinum 8358 CPU @ 2.60GHz, instruction set [SSE2|AVX|AVX2|AVX512]
[2026-05-03 15:48:56,158][gurobipy][INFO] - Thread count: 64 physical cores, 128 logical processors, using up to 32 threads
[2026-05-03 15:48:56,158][gurobipy][INFO] - 
[2026-05-03 15:48:56,158][gurobipy][INFO] - Non-default parameters:
[2026-05-03 15:48:56,158][gurobipy][INFO] - TimeLimit  300
[2026-05-03 15:48:56,158][gurobipy][INFO] - MIPGap  0
[2026-05-03 15:48:56,158][gurobipy][INFO] - 
[2026-05-03 15:48:56,159][gurobipy][INFO] - Academic license 2619742 - for non-commercial use only - registered to it___@mail.huji.ac.il
[2026-05-03 15:48:56,159][gurobipy][INFO] - Optimize a model with 4148203 rows, 3395604 columns and 8296406 nonzeros (Min)
[2026-05-03 15:48:56,287][gurobipy][INFO] - Model fingerprint: 0x8c546ae6
[2026-05-03 15:48:56,289][gurobipy][INFO] - Model has 3395604 linear objective coefficients and an objective constant of 1
[2026-05-03 15:48:56,292][gurobipy][INFO] - Variable types: 0 continuous, 3395604 integer (3395604 binary)
[2026-05-03 15:48:56,327][gurobipy][INFO] - Coefficient statistics:
[2026-05-03 15:48:56,327][gurobipy][INFO] -   Matrix range     [1e+00, 1e+00]
[2026-05-03 15:48:56,327][gurobipy][INFO] -   Objective range  [3e-07, 3e-07]
[2026-05-03 15:48:56,327][gurobipy][INFO] -   Bounds range     [1e+00, 1e+00]
[2026-05-03 15:48:56,327][gurobipy][INFO] -   RHS range        [1e+00, 1e+00]
[2026-05-03 15:48:56,327][gurobipy][INFO] - 
[2026-05-03 15:48:56,583][gurobipy][INFO] - Found heuristic solution: objective 0.0600500
[2026-05-03 15:49:00,405][gurobipy][INFO] - Presolve removed 2688785 rows and 3135457 columns
[2026-05-03 15:49:00,405][gurobipy][INFO] - Presolve time: 3.21s
[2026-05-03 15:49:00,425][gurobipy][INFO] - Presolved: 1459418 rows, 260147 columns, 2918836 nonzeros
[2026-05-03 15:49:01,080][gurobipy][INFO] - Found heuristic solution: objective 0.1915942
[2026-05-03 15:49:01,192][gurobipy][INFO] - Variable types: 0 continuous, 260147 integer (260147 binary)
[2026-05-03 15:49:01,386][gurobipy][INFO] - 
[2026-05-03 15:49:01,387][gurobipy][INFO] - Explored 0 nodes (0 simplex iterations) in 5.23 seconds (3.95 work units)
[2026-05-03 15:49:01,387][gurobipy][INFO] - Thread count was 32 (of 128 available processors)
[2026-05-03 15:49:01,387][gurobipy][INFO] - 
[2026-05-03 15:49:01,387][gurobipy][INFO] - Solution count 2: 0.06005 0.191594 
[2026-05-03 15:49:01,387][gurobipy][INFO] - 
[2026-05-03 15:49:01,387][gurobipy][INFO] - Optimal solution found (tolerance 0.00e+00)
[2026-05-03 15:49:01,439][gurobipy][INFO] - Best objective 6.004999405958e-02, best bound 6.004999405958e-02, gap 0.0000%
