[2026-04-30 14:44:54,206][gurobipy][INFO] - Set parameter WLSAccessID
[2026-04-30 14:44:54,206][gurobipy][INFO] - Set parameter WLSSecret
[2026-04-30 14:44:54,206][gurobipy][INFO] - Set parameter LicenseID to value 2619742
[2026-04-30 14:44:54,216][gurobipy][INFO] - Academic license 2619742 - for non-commercial use only - registered to it___@mail.huji.ac.il
[2026-04-30 14:44:54,216][gurobipy][INFO] - Set parameter OutputFlag to value 1
[2026-04-30 14:44:54,216][gurobipy][INFO] - Set parameter MIPGap to value 0
[2026-04-30 14:44:54,216][gurobipy][INFO] - Set parameter TimeLimit to value 300
[2026-04-30 14:44:55,124][gurobipy][INFO] - Set parameter NonConvex to value 2
[2026-04-30 14:44:55,371][gurobipy][INFO] - Gurobi Optimizer version 13.0.1 build v13.0.1rc0 (linux64 - "Ubuntu 22.04.5 LTS")
[2026-04-30 14:44:55,371][gurobipy][INFO] - 
[2026-04-30 14:44:55,371][gurobipy][INFO] - CPU model: Intel(R) Xeon(R) Platinum 8358 CPU @ 2.60GHz, instruction set [SSE2|AVX|AVX2|AVX512]
[2026-04-30 14:44:55,371][gurobipy][INFO] - Thread count: 64 physical cores, 128 logical processors, using up to 32 threads
[2026-04-30 14:44:55,371][gurobipy][INFO] - 
[2026-04-30 14:44:55,371][gurobipy][INFO] - Non-default parameters:
[2026-04-30 14:44:55,371][gurobipy][INFO] - TimeLimit  300
[2026-04-30 14:44:55,371][gurobipy][INFO] - MIPGap  0
[2026-04-30 14:44:55,372][gurobipy][INFO] - NonConvex  2
[2026-04-30 14:44:55,372][gurobipy][INFO] - 
[2026-04-30 14:44:55,372][gurobipy][INFO] - Academic license 2619742 - for non-commercial use only - registered to it___@mail.huji.ac.il
[2026-04-30 14:44:55,372][gurobipy][INFO] - Optimize a model with 15903 rows, 5020 columns and 31806 nonzeros (Min)
[2026-04-30 14:44:55,376][gurobipy][INFO] - Model fingerprint: 0x3e82d25d
[2026-04-30 14:44:55,376][gurobipy][INFO] - Model has 5020 linear objective coefficients and an objective constant of 0.5
[2026-04-30 14:44:55,376][gurobipy][INFO] - Model has 40 quadratic constraints
[2026-04-30 14:44:55,376][gurobipy][INFO] - Variable types: 20 continuous, 5000 integer (5000 binary)
[2026-04-30 14:44:55,376][gurobipy][INFO] - Coefficient statistics:
[2026-04-30 14:44:55,376][gurobipy][INFO] -   Matrix range     [1e+00, 1e+00]
[2026-04-30 14:44:55,376][gurobipy][INFO] -   QMatrix range    [1e+00, 1e+00]
[2026-04-30 14:44:55,376][gurobipy][INFO] -   QLMatrix range   [2e-04, 1e+00]
[2026-04-30 14:44:55,377][gurobipy][INFO] -   Objective range  [1e-04, 3e-02]
[2026-04-30 14:44:55,377][gurobipy][INFO] -   Bounds range     [1e+00, 1e+00]
[2026-04-30 14:44:55,377][gurobipy][INFO] -   RHS range        [1e+00, 1e+00]
[2026-04-30 14:44:55,377][gurobipy][INFO] - 
[2026-04-30 14:44:55,378][gurobipy][INFO] - Found heuristic solution: objective 0.5000000
[2026-04-30 14:44:56,224][gurobipy][INFO] - Presolve added 0 rows and 14 columns
[2026-04-30 14:44:56,225][gurobipy][INFO] - Presolve removed 2421 rows and 0 columns
[2026-04-30 14:44:56,225][gurobipy][INFO] - Presolve time: 0.84s
[2026-04-30 14:44:56,226][gurobipy][INFO] - Presolved: 213502 rows, 305034 columns, 769403 nonzeros
[2026-04-30 14:44:56,226][gurobipy][INFO] - Presolved model has 200000 SOS constraint(s)
[2026-04-30 14:44:57,221][gurobipy][INFO] - Variable types: 200034 continuous, 105000 integer (105000 binary)
[2026-04-30 14:45:21,127][gurobipy][INFO] - Deterministic concurrent LP optimizer: primal simplex, dual simplex, and barrier
[2026-04-30 14:45:21,128][gurobipy][INFO] - Showing barrier log only...
[2026-04-30 14:45:21,128][gurobipy][INFO] - 
[2026-04-30 14:45:21,131][gurobipy][INFO] - Root barrier log...
[2026-04-30 14:45:21,131][gurobipy][INFO] - 
[2026-04-30 14:45:21,145][gurobipy][INFO] - Ordering time: 0.01s
[2026-04-30 14:45:21,147][gurobipy][INFO] - 
[2026-04-30 14:45:21,147][gurobipy][INFO] - Barrier statistics:
[2026-04-30 14:45:21,147][gurobipy][INFO] -  Dense cols : 138
[2026-04-30 14:45:21,147][gurobipy][INFO] -  AA' NZ     : 2.069e+04
[2026-04-30 14:45:21,147][gurobipy][INFO] -  Factor NZ  : 5.189e+04 (roughly 5 MB of memory)
[2026-04-30 14:45:21,147][gurobipy][INFO] -  Factor Ops : 1.773e+06 (less than 1 second per iteration)
[2026-04-30 14:45:21,148][gurobipy][INFO] -  Threads    : 30
[2026-04-30 14:45:21,226][gurobipy][INFO] - 
[2026-04-30 14:45:21,226][gurobipy][INFO] -                   Objective                Residual
[2026-04-30 14:45:21,226][gurobipy][INFO] - Iter       Primal          Dual         Primal    Dual     Compl     Time
[2026-04-30 14:45:21,227][gurobipy][INFO] -    0   1.08492096e+02 -1.71384772e+04  1.42e+03 1.19e-03  3.14e+00    26s
[2026-04-30 14:45:21,250][gurobipy][INFO] -    1   3.21837888e+01 -8.00815276e+03  3.77e+02 4.33e-02  1.08e+00    26s
[2026-04-30 14:45:21,290][gurobipy][INFO] -    2   9.84863554e+00 -2.32732361e+03  4.90e+01 7.79e-03  2.27e-01    26s
[2026-04-30 14:45:21,301][gurobipy][INFO] -    3   5.78157265e+00 -5.92658362e+02  6.81e-01 1.11e-03  4.25e-02    26s
[2026-04-30 14:45:21,315][gurobipy][INFO] -    4   5.52789127e+00 -5.66455951e+01  3.41e-02 1.17e-04  4.38e-03    26s
[2026-04-30 14:45:21,377][gurobipy][INFO] -    5   4.02342076e+00 -2.38349368e+01  2.55e-03 5.35e-05  1.96e-03    26s
[2026-04-30 14:45:21,385][gurobipy][INFO] -    6   3.38342964e+00 -1.14037664e+01  1.46e-03 2.76e-05  1.04e-03    26s
[2026-04-30 14:45:21,393][gurobipy][INFO] -    7   2.27980288e+00 -3.29282714e+00  7.50e-04 9.14e-06  3.90e-04    26s
[2026-04-30 14:45:21,417][gurobipy][INFO] -    8   7.07681194e-01 -2.20516399e-01  1.34e-04 2.26e-07  6.32e-05    26s
[2026-04-30 14:45:21,433][gurobipy][INFO] -    9   2.99496692e-02 -1.32164702e-02  2.79e-06 1.43e-08  2.94e-06    26s
[2026-04-30 14:45:21,490][gurobipy][INFO] -   10   3.33671081e-03  8.94974527e-04  1.55e-07 2.22e-16  1.65e-07    26s
[2026-04-30 14:45:21,543][gurobipy][INFO] -   11   2.99131546e-03  9.69532150e-04  1.32e-07 8.33e-17  1.37e-07    26s
[2026-04-30 14:45:21,558][gurobipy][INFO] -   12   2.42033261e-03  1.00954795e-03  9.15e-08 1.39e-16  9.54e-08    26s
[2026-04-30 14:45:21,605][gurobipy][INFO] -   13   2.07787745e-03  1.04607272e-03  6.53e-08 1.11e-16  6.98e-08    26s
[2026-04-30 14:45:21,654][gurobipy][INFO] -   14   1.79497567e-03  1.15350161e-03  4.34e-08 3.72e-16  4.34e-08    26s
[2026-04-30 14:45:21,687][gurobipy][INFO] -   15   1.60246648e-03  1.21133993e-03  2.75e-08 5.14e-16  2.65e-08    26s
[2026-04-30 14:45:21,713][gurobipy][INFO] -   16   1.43353057e-03  1.25361600e-03  1.30e-08 1.67e-16  1.22e-08    26s
[2026-04-30 14:45:21,745][gurobipy][INFO] -   17   1.35651417e-03  1.28401968e-03  5.77e-09 2.78e-16  4.90e-09    26s
[2026-04-30 14:45:21,796][gurobipy][INFO] -   18   1.32871270e-03  1.29466116e-03  3.12e-09 2.22e-16  2.30e-09    26s
[2026-04-30 14:45:21,843][gurobipy][INFO] -   19   1.30157775e-03  1.29665476e-03  4.20e-10 1.39e-16  3.33e-10    26s
[2026-04-30 14:45:21,874][gurobipy][INFO] -   20   1.30111503e-03  1.29703409e-03  3.67e-10 3.26e-16  2.76e-10    27s
[2026-04-30 14:45:21,904][gurobipy][INFO] -   21   1.29813904e-03  1.29722791e-03  8.05e-11 1.70e-16  6.16e-11    27s
[2026-04-30 14:45:21,936][gurobipy][INFO] -   22   1.29739976e-03  1.29730101e-03  1.14e-11 5.36e-16  6.68e-12    27s
[2026-04-30 14:45:21,981][gurobipy][INFO] -   23   1.29730707e-03  1.29730661e-03  6.37e-11 9.69e-16  3.09e-14    27s
[2026-04-30 14:45:21,981][gurobipy][INFO] - 
[2026-04-30 14:45:21,981][gurobipy][INFO] - Barrier solved model in 23 iterations and 26.61 seconds (25.50 work units)
[2026-04-30 14:45:21,981][gurobipy][INFO] - Optimal objective 1.29730707e-03
[2026-04-30 14:45:21,981][gurobipy][INFO] - 
[2026-04-30 14:45:21,983][gurobipy][INFO] - 
[2026-04-30 14:45:21,983][gurobipy][INFO] - Root crossover log...
[2026-04-30 14:45:21,983][gurobipy][INFO] - 
[2026-04-30 14:45:22,017][gurobipy][INFO] -     3675 DPushes remaining with DInf 0.0000000e+00                27s
[2026-04-30 14:45:22,099][gurobipy][INFO] -        0 DPushes remaining with DInf 0.0000000e+00                27s
[2026-04-30 14:45:22,101][gurobipy][INFO] - 
[2026-04-30 14:45:22,101][gurobipy][INFO] -        0 PPushes remaining with PInf 3.4415088e-06                27s
[2026-04-30 14:45:22,101][gurobipy][INFO] - 
[2026-04-30 14:45:22,101][gurobipy][INFO] -   Push phase complete: Pinf 3.4415088e-06, Dinf 2.0321500e-15     27s
[2026-04-30 14:45:22,101][gurobipy][INFO] - 
[2026-04-30 14:45:22,139][gurobipy][INFO] - 
[2026-04-30 14:45:22,139][gurobipy][INFO] - Root simplex log...
[2026-04-30 14:45:22,139][gurobipy][INFO] - 
[2026-04-30 14:45:22,139][gurobipy][INFO] - Iteration    Objective       Primal Inf.    Dual Inf.      Time
[2026-04-30 14:45:22,139][gurobipy][INFO] -     1801    1.2971097e-03   3.441509e-06   0.000000e+00     27s
[2026-04-30 14:45:22,141][gurobipy][INFO] -     1804    1.2973065e-03   0.000000e+00   0.000000e+00     27s
[2026-04-30 14:45:22,141][gurobipy][INFO] - Crossover time: 0.16 seconds (0.02 work units)
[2026-04-30 14:45:22,141][gurobipy][INFO] - Concurrent spin time: 0.94s (can be avoided by choosing Method=3)
[2026-04-30 14:45:22,141][gurobipy][INFO] - 
[2026-04-30 14:45:22,141][gurobipy][INFO] - Solved with barrier
[2026-04-30 14:45:22,594][gurobipy][INFO] - 
[2026-04-30 14:45:22,594][gurobipy][INFO] - Use crossover to convert LP symmetric solution to basic solution...
[2026-04-30 14:45:32,322][gurobipy][INFO] - 
[2026-04-30 14:45:32,322][gurobipy][INFO] - Root crossover log...
[2026-04-30 14:45:32,322][gurobipy][INFO] - 
[2026-04-30 14:45:35,437][gurobipy][INFO] -   212434 variables added to crossover basis                       40s
[2026-04-30 14:45:40,567][gurobipy][INFO] -   212974 variables added to crossover basis                       45s
[2026-04-30 14:45:45,550][gurobipy][INFO] -   213364 variables added to crossover basis                       50s
[2026-04-30 14:45:50,517][gurobipy][INFO] -   213694 variables added to crossover basis                       55s
[2026-04-30 14:45:55,529][gurobipy][INFO] -   213994 variables added to crossover basis                       60s
[2026-04-30 14:46:00,467][gurobipy][INFO] -   214264 variables added to crossover basis                       65s
[2026-04-30 14:46:05,798][gurobipy][INFO] -   214534 variables added to crossover basis                       70s
[2026-04-30 14:46:10,790][gurobipy][INFO] -   214774 variables added to crossover basis                       75s
[2026-04-30 14:46:16,000][gurobipy][INFO] -   215014 variables added to crossover basis                       81s
[2026-04-30 14:46:20,742][gurobipy][INFO] -   215224 variables added to crossover basis                       85s
[2026-04-30 14:46:25,600][gurobipy][INFO] -   215434 variables added to crossover basis                       90s
[2026-04-30 14:46:30,491][gurobipy][INFO] -   215644 variables added to crossover basis                       95s
[2026-04-30 14:46:35,502][gurobipy][INFO] -   215854 variables added to crossover basis                      100s
[2026-04-30 14:46:40,654][gurobipy][INFO] -   216064 variables added to crossover basis                      105s
[2026-04-30 14:46:45,817][gurobipy][INFO] -   216274 variables added to crossover basis                      110s
[2026-04-30 14:46:51,012][gurobipy][INFO] -   216484 variables added to crossover basis                      116s
[2026-04-30 14:46:55,486][gurobipy][INFO] -   217324 variables added to crossover basis                      120s
[2026-04-30 14:47:00,614][gurobipy][INFO] -   217864 variables added to crossover basis                      125s
[2026-04-30 14:47:05,758][gurobipy][INFO] -   218254 variables added to crossover basis                      130s
[2026-04-30 14:47:10,488][gurobipy][INFO] -   218554 variables added to crossover basis                      135s
[2026-04-30 14:47:15,809][gurobipy][INFO] -   218854 variables added to crossover basis                      140s
[2026-04-30 14:47:20,462][gurobipy][INFO] -   219094 variables added to crossover basis                      145s
[2026-04-30 14:47:25,439][gurobipy][INFO] -   219334 variables added to crossover basis                      150s
[2026-04-30 14:47:30,691][gurobipy][INFO] -   219574 variables added to crossover basis                      155s
[2026-04-30 14:47:35,466][gurobipy][INFO] -   219784 variables added to crossover basis                      160s
[2026-04-30 14:47:40,377][gurobipy][INFO] -   219994 variables added to crossover basis                      165s
[2026-04-30 14:47:45,488][gurobipy][INFO] -   220204 variables added to crossover basis                      170s
[2026-04-30 14:47:50,777][gurobipy][INFO] -   220414 variables added to crossover basis                      175s
[2026-04-30 14:47:56,082][gurobipy][INFO] -   220624 variables added to crossover basis                      181s
[2026-04-30 14:48:00,882][gurobipy][INFO] -   220804 variables added to crossover basis                      186s
[2026-04-30 14:48:05,603][gurobipy][INFO] -   220984 variables added to crossover basis                      190s
[2026-04-30 14:48:10,433][gurobipy][INFO] -   221164 variables added to crossover basis                      195s
[2026-04-30 14:48:16,085][gurobipy][INFO] -   221374 variables added to crossover basis                      201s
[2026-04-30 14:48:20,619][gurobipy][INFO] -   221554 variables added to crossover basis                      205s
[2026-04-30 14:48:25,601][gurobipy][INFO] -   222544 variables added to crossover basis                      210s
[2026-04-30 14:48:30,469][gurobipy][INFO] -   222964 variables added to crossover basis                      215s
[2026-04-30 14:48:35,767][gurobipy][INFO] -   223324 variables added to crossover basis                      220s
[2026-04-30 14:48:40,430][gurobipy][INFO] -   223594 variables added to crossover basis                      225s
[2026-04-30 14:48:45,521][gurobipy][INFO] -   223864 variables added to crossover basis                      230s
[2026-04-30 14:48:50,984][gurobipy][INFO] -   224134 variables added to crossover basis                      236s
[2026-04-30 14:48:55,481][gurobipy][INFO] -   224344 variables added to crossover basis                      240s
[2026-04-30 14:49:00,944][gurobipy][INFO] -   224584 variables added to crossover basis                      246s
[2026-04-30 14:49:06,013][gurobipy][INFO] -   224794 variables added to crossover basis                      251s
[2026-04-30 14:49:10,534][gurobipy][INFO] -   224974 variables added to crossover basis                      255s
[2026-04-30 14:49:15,929][gurobipy][INFO] -   225184 variables added to crossover basis                      261s
[2026-04-30 14:49:20,664][gurobipy][INFO] -   225364 variables added to crossover basis                      265s
[2026-04-30 14:49:25,618][gurobipy][INFO] -   225544 variables added to crossover basis                      270s
[2026-04-30 14:49:30,542][gurobipy][INFO] -   225724 variables added to crossover basis                      275s
[2026-04-30 14:49:35,495][gurobipy][INFO] -   225904 variables added to crossover basis                      280s
[2026-04-30 14:49:40,440][gurobipy][INFO] -   226084 variables added to crossover basis                      285s
[2026-04-30 14:49:45,421][gurobipy][INFO] -   226264 variables added to crossover basis                      290s
[2026-04-30 14:49:50,388][gurobipy][INFO] -   226444 variables added to crossover basis                      295s
[2026-04-30 14:49:55,449][gurobipy][INFO] - 
[2026-04-30 14:49:55,450][gurobipy][INFO] - Root relaxation: time limit, 1804 iterations, 274.79 seconds (881.12 work units)
[2026-04-30 14:49:55,452][gurobipy][INFO] - 
[2026-04-30 14:49:55,452][gurobipy][INFO] -     Nodes    |    Current Node    |     Objective Bounds      |     Work
[2026-04-30 14:49:55,452][gurobipy][INFO] -  Expl Unexpl |  Obj  Depth IntInf | Incumbent    BestBd   Gap | It/Node Time
[2026-04-30 14:49:55,452][gurobipy][INFO] - 
[2026-04-30 14:49:55,452][gurobipy][INFO] -      0     0          -    0         0.50000    0.00000   100%     -  300s
[2026-04-30 14:49:55,458][gurobipy][INFO] - 
[2026-04-30 14:49:55,458][gurobipy][INFO] - Explored 1 nodes (1804 simplex iterations) in 300.09 seconds (906.04 work units)
[2026-04-30 14:49:55,458][gurobipy][INFO] - Thread count was 32 (of 128 available processors)
[2026-04-30 14:49:55,458][gurobipy][INFO] - 
[2026-04-30 14:49:55,458][gurobipy][INFO] - Solution count 1: 0.5 
[2026-04-30 14:49:55,458][gurobipy][INFO] - 
[2026-04-30 14:49:55,458][gurobipy][INFO] - Time limit reached
[2026-04-30 14:49:55,459][gurobipy][INFO] - Best objective 5.000000000000e-01, best bound 3.875049695186e-14, gap 100.0000%
