[2026-05-03 17:41:54,757][gurobipy][INFO] - Set parameter WLSAccessID
[2026-05-03 17:41:54,758][gurobipy][INFO] - Set parameter WLSSecret
[2026-05-03 17:41:54,758][gurobipy][INFO] - Set parameter LicenseID to value 2619742
[2026-05-03 17:41:54,766][gurobipy][INFO] - Academic license 2619742 - for non-commercial use only - registered to it___@mail.huji.ac.il
[2026-05-03 17:41:54,767][gurobipy][INFO] - Set parameter OutputFlag to value 1
[2026-05-03 17:41:54,767][gurobipy][INFO] - Set parameter MIPGap to value 0
[2026-05-03 17:41:54,767][gurobipy][INFO] - Set parameter TimeLimit to value 300
[2026-05-03 17:50:42,219][gurobipy][INFO] - Set parameter NonConvex to value 2
[2026-05-03 17:51:36,555][gurobipy][INFO] - Gurobi Optimizer version 13.0.1 build v13.0.1rc0 (linux64 - "Ubuntu 22.04.5 LTS")
[2026-05-03 17:51:36,556][gurobipy][INFO] - 
[2026-05-03 17:51:36,556][gurobipy][INFO] - CPU model: Intel(R) Xeon(R) Platinum 8358 CPU @ 2.60GHz, instruction set [SSE2|AVX|AVX2|AVX512]
[2026-05-03 17:51:36,556][gurobipy][INFO] - Thread count: 64 physical cores, 128 logical processors, using up to 32 threads
[2026-05-03 17:51:36,556][gurobipy][INFO] - 
[2026-05-03 17:51:36,556][gurobipy][INFO] - Non-default parameters:
[2026-05-03 17:51:36,556][gurobipy][INFO] - TimeLimit  300
[2026-05-03 17:51:36,556][gurobipy][INFO] - MIPGap  0
[2026-05-03 17:51:36,556][gurobipy][INFO] - NonConvex  2
[2026-05-03 17:51:36,557][gurobipy][INFO] - 
[2026-05-03 17:51:36,557][gurobipy][INFO] - Academic license 2619742 - for non-commercial use only - registered to it___@mail.huji.ac.il
[2026-05-03 17:51:36,557][gurobipy][INFO] - Optimize a model with 8449643 rows, 999930 columns and 16899286 nonzeros (Min)
[2026-05-03 17:51:37,292][gurobipy][INFO] - Model fingerprint: 0xef75981c
[2026-05-03 17:51:37,293][gurobipy][INFO] - Model has 999930 linear objective coefficients and an objective constant of 0.5
[2026-05-03 17:51:37,293][gurobipy][INFO] - Model has 40 quadratic constraints
[2026-05-03 17:51:37,294][gurobipy][INFO] - Variable types: 20 continuous, 999910 integer (999910 binary)
[2026-05-03 17:51:37,407][gurobipy][INFO] - Coefficient statistics:
[2026-05-03 17:51:37,407][gurobipy][INFO] -   Matrix range     [1e+00, 1e+00]
[2026-05-03 17:51:37,407][gurobipy][INFO] -   QMatrix range    [1e+00, 1e+00]
[2026-05-03 17:51:37,407][gurobipy][INFO] -   QLMatrix range   [2e-04, 1e+00]
[2026-05-03 17:51:37,407][gurobipy][INFO] -   Objective range  [5e-07, 3e-02]
[2026-05-03 17:51:37,407][gurobipy][INFO] -   Bounds range     [1e+00, 1e+00]
[2026-05-03 17:51:37,407][gurobipy][INFO] -   RHS range        [1e+00, 1e+00]
[2026-05-03 17:51:37,407][gurobipy][INFO] - 
[2026-05-03 17:51:37,849][gurobipy][INFO] - Found heuristic solution: objective 0.5000000
[2026-05-03 17:51:46,116][gurobipy][INFO] - Presolve removed 0 rows and 0 columns (presolve time = 6s)...
[2026-05-03 17:51:51,471][gurobipy][INFO] - Presolve removed 0 rows and 0 columns (presolve time = 11s)...
[2026-05-03 17:51:55,358][gurobipy][INFO] - Presolve removed 0 rows and 0 columns (presolve time = 15s)...
[2026-05-03 17:52:01,328][gurobipy][INFO] - Presolve removed 0 rows and 0 columns (presolve time = 21s)...
[2026-05-03 17:52:08,844][gurobipy][INFO] - Presolve removed 0 rows and 0 columns (presolve time = 29s)...
[2026-05-03 17:52:12,446][gurobipy][INFO] - Presolve removed 0 rows and 0 columns (presolve time = 32s)...
[2026-05-03 17:52:15,542][gurobipy][INFO] - Presolve removed 0 rows and 0 columns (presolve time = 35s)...
[2026-05-03 17:52:20,318][gurobipy][INFO] - Presolve removed 0 rows and 0 columns (presolve time = 40s)...
[2026-05-03 17:52:25,317][gurobipy][INFO] - Presolve removed 0 rows and 0 columns (presolve time = 45s)...
[2026-05-03 17:52:30,317][gurobipy][INFO] - Presolve removed 0 rows and 0 columns (presolve time = 50s)...
[2026-05-03 17:52:35,433][gurobipy][INFO] - Presolve removed 0 rows and 0 columns (presolve time = 55s)...
[2026-05-03 17:52:40,316][gurobipy][INFO] - Presolve removed 0 rows and 0 columns (presolve time = 60s)...
[2026-05-03 17:52:45,396][gurobipy][INFO] - Presolve removed 0 rows and 0 columns (presolve time = 65s)...
[2026-05-03 17:52:50,403][gurobipy][INFO] - Presolve removed 0 rows and 0 columns (presolve time = 70s)...
[2026-05-03 17:52:55,320][gurobipy][INFO] - Presolve removed 0 rows and 0 columns (presolve time = 75s)...
[2026-05-03 17:53:01,063][gurobipy][INFO] - Presolve removed 3318158 rows and 0 columns (presolve time = 81s)...
[2026-05-03 17:53:05,327][gurobipy][INFO] - Presolve removed 3318996 rows and 0 columns (presolve time = 85s)...
[2026-05-03 17:53:10,348][gurobipy][INFO] - Presolve removed 3320128 rows and 0 columns (presolve time = 90s)...
[2026-05-03 17:53:15,364][gurobipy][INFO] - Presolve removed 3320181 rows and 0 columns (presolve time = 95s)...
[2026-05-03 17:53:20,353][gurobipy][INFO] - Presolve removed 3320181 rows and 0 columns (presolve time = 100s)...
[2026-05-03 17:53:25,330][gurobipy][INFO] - Presolve removed 3320181 rows and 0 columns (presolve time = 105s)...
[2026-05-03 17:53:30,325][gurobipy][INFO] - Presolve removed 3320181 rows and 0 columns (presolve time = 110s)...
[2026-05-03 17:53:35,352][gurobipy][INFO] - Presolve removed 3320181 rows and 0 columns (presolve time = 115s)...
[2026-05-03 17:53:40,336][gurobipy][INFO] - Presolve removed 3320181 rows and 0 columns (presolve time = 120s)...
[2026-05-03 17:53:45,356][gurobipy][INFO] - Presolve removed 3320181 rows and 0 columns (presolve time = 125s)...
[2026-05-03 17:53:50,337][gurobipy][INFO] - Presolve removed 3320181 rows and 0 columns (presolve time = 130s)...
[2026-05-03 17:53:55,361][gurobipy][INFO] - Presolve removed 3320181 rows and 0 columns (presolve time = 135s)...
[2026-05-03 17:54:00,352][gurobipy][INFO] - Presolve removed 3320181 rows and 0 columns (presolve time = 140s)...
[2026-05-03 17:54:05,333][gurobipy][INFO] - Presolve removed 3320181 rows and 0 columns (presolve time = 145s)...
[2026-05-03 17:54:10,356][gurobipy][INFO] - Presolve removed 3320181 rows and 0 columns (presolve time = 150s)...
[2026-05-03 17:54:15,340][gurobipy][INFO] - Presolve removed 3320181 rows and 0 columns (presolve time = 155s)...
[2026-05-03 17:54:20,326][gurobipy][INFO] - Presolve removed 3320181 rows and 0 columns (presolve time = 160s)...
[2026-05-03 17:54:25,333][gurobipy][INFO] - Presolve removed 3320181 rows and 0 columns (presolve time = 165s)...
[2026-05-03 17:54:30,336][gurobipy][INFO] - Presolve removed 3320181 rows and 0 columns (presolve time = 170s)...
[2026-05-03 17:54:35,353][gurobipy][INFO] - Presolve removed 3320181 rows and 0 columns (presolve time = 175s)...
[2026-05-03 17:54:40,354][gurobipy][INFO] - Presolve removed 3320181 rows and 0 columns (presolve time = 180s)...
[2026-05-03 17:54:45,354][gurobipy][INFO] - Presolve removed 3320181 rows and 0 columns (presolve time = 185s)...
[2026-05-03 17:54:50,317][gurobipy][INFO] - Presolve removed 3320181 rows and 0 columns (presolve time = 190s)...
[2026-05-03 17:54:55,337][gurobipy][INFO] - Presolve removed 3320181 rows and 0 columns (presolve time = 195s)...
[2026-05-03 17:55:00,345][gurobipy][INFO] - Presolve removed 3320181 rows and 0 columns (presolve time = 200s)...
[2026-05-03 17:55:05,350][gurobipy][INFO] - Presolve removed 3320181 rows and 0 columns (presolve time = 205s)...
[2026-05-03 17:55:10,329][gurobipy][INFO] - Presolve removed 3320181 rows and 0 columns (presolve time = 210s)...
[2026-05-03 17:55:15,329][gurobipy][INFO] - Presolve removed 3320181 rows and 0 columns (presolve time = 215s)...
[2026-05-03 17:55:20,359][gurobipy][INFO] - Presolve removed 3320181 rows and 0 columns (presolve time = 220s)...
[2026-05-03 17:55:25,329][gurobipy][INFO] - Presolve removed 3320181 rows and 0 columns (presolve time = 225s)...
[2026-05-03 17:55:30,332][gurobipy][INFO] - Presolve removed 3320181 rows and 0 columns (presolve time = 230s)...
[2026-05-03 17:55:35,331][gurobipy][INFO] - Presolve removed 3320181 rows and 0 columns (presolve time = 235s)...
[2026-05-03 17:55:40,344][gurobipy][INFO] - Presolve removed 3320181 rows and 0 columns (presolve time = 240s)...
[2026-05-03 17:55:45,319][gurobipy][INFO] - Presolve removed 3320181 rows and 0 columns (presolve time = 245s)...
[2026-05-03 17:55:50,348][gurobipy][INFO] - Presolve removed 3320181 rows and 0 columns (presolve time = 250s)...
[2026-05-03 17:55:55,320][gurobipy][INFO] - Presolve removed 3320181 rows and 0 columns (presolve time = 255s)...
[2026-05-03 17:56:00,331][gurobipy][INFO] - Presolve removed 3320181 rows and 0 columns (presolve time = 260s)...
[2026-05-03 17:56:05,345][gurobipy][INFO] - Presolve removed 3320181 rows and 0 columns (presolve time = 265s)...
[2026-05-03 17:56:10,320][gurobipy][INFO] - Presolve removed 3320181 rows and 0 columns (presolve time = 270s)...
[2026-05-03 17:56:15,320][gurobipy][INFO] - Presolve removed 3320181 rows and 0 columns (presolve time = 275s)...
[2026-05-03 17:56:20,359][gurobipy][INFO] - Presolve removed 3320181 rows and 0 columns (presolve time = 280s)...
[2026-05-03 17:56:25,317][gurobipy][INFO] - Presolve removed 3320181 rows and 0 columns (presolve time = 285s)...
[2026-05-03 17:56:30,344][gurobipy][INFO] - Presolve removed 3320181 rows and 0 columns (presolve time = 290s)...
[2026-05-03 17:56:35,345][gurobipy][INFO] - Presolve removed 3320181 rows and 0 columns (presolve time = 295s)...
[2026-05-03 17:56:38,254][gurobipy][INFO] - Presolve added 0 rows and 20 columns
[2026-05-03 17:56:38,254][gurobipy][INFO] - Presolve removed 3320141 rows and 0 columns
[2026-05-03 17:56:38,254][gurobipy][INFO] - Presolve time: 297.94s
[2026-05-03 17:56:39,147][gurobipy][INFO] - 
[2026-05-03 17:56:39,147][gurobipy][INFO] - Explored 0 nodes (0 simplex iterations) in 302.59 seconds (228.90 work units)
[2026-05-03 17:56:39,147][gurobipy][INFO] - Thread count was 1 (of 128 available processors)
[2026-05-03 17:56:39,149][gurobipy][INFO] - 
[2026-05-03 17:56:39,149][gurobipy][INFO] - Solution count 1: 0.5 
[2026-05-03 17:56:39,149][gurobipy][INFO] - 
[2026-05-03 17:56:39,149][gurobipy][INFO] - Time limit reached
[2026-05-03 17:56:39,365][gurobipy][INFO] - Best objective 5.000000000000e-01, best bound -, gap -
