[2026-05-03 15:39:11,321][gurobipy][INFO] - Set parameter WLSAccessID
[2026-05-03 15:39:11,321][gurobipy][INFO] - Set parameter WLSSecret
[2026-05-03 15:39:11,321][gurobipy][INFO] - Set parameter LicenseID to value 2619742
[2026-05-03 15:39:11,330][gurobipy][INFO] - Academic license 2619742 - for non-commercial use only - registered to it___@mail.huji.ac.il
[2026-05-03 15:39:11,331][gurobipy][INFO] - Set parameter OutputFlag to value 1
[2026-05-03 15:39:11,331][gurobipy][INFO] - Set parameter MIPGap to value 0
[2026-05-03 15:39:11,331][gurobipy][INFO] - Set parameter TimeLimit to value 300
[2026-05-03 15:39:11,457][gurobipy][INFO] - Set parameter WLSAccessID
[2026-05-03 15:39:11,457][gurobipy][INFO] - Set parameter WLSSecret
[2026-05-03 15:39:11,457][gurobipy][INFO] - Set parameter LicenseID to value 2619742
[2026-05-03 15:39:11,485][gurobipy][INFO] - Academic license 2619742 - for non-commercial use only - registered to it___@mail.huji.ac.il
[2026-05-03 15:39:11,485][gurobipy][INFO] - Set parameter OutputFlag to value 1
[2026-05-03 15:39:11,485][gurobipy][INFO] - Set parameter MIPGap to value 0
[2026-05-03 15:39:11,486][gurobipy][INFO] - Set parameter TimeLimit to value 300
[2026-05-03 15:39:11,520][gurobipy][INFO] - Set parameter WLSAccessID
[2026-05-03 15:39:11,521][gurobipy][INFO] - Set parameter WLSSecret
[2026-05-03 15:39:11,521][gurobipy][INFO] - Set parameter LicenseID to value 2619742
[2026-05-03 15:39:11,530][gurobipy][INFO] - Academic license 2619742 - for non-commercial use only - registered to it___@mail.huji.ac.il
[2026-05-03 15:39:11,531][gurobipy][INFO] - Set parameter OutputFlag to value 1
[2026-05-03 15:39:11,531][gurobipy][INFO] - Set parameter MIPGap to value 0
[2026-05-03 15:39:11,531][gurobipy][INFO] - Set parameter TimeLimit to value 300
[2026-05-03 15:40:40,238][gurobipy][INFO] - Set parameter NonConvex to value 2
[2026-05-03 15:40:43,137][gurobipy][INFO] - Gurobi Optimizer version 13.0.1 build v13.0.1rc0 (linux64 - "Ubuntu 22.04.5 LTS")
[2026-05-03 15:40:43,137][gurobipy][INFO] - 
[2026-05-03 15:40:43,137][gurobipy][INFO] - CPU model: Intel(R) Xeon(R) Platinum 8358 CPU @ 2.60GHz, instruction set [SSE2|AVX|AVX2|AVX512]
[2026-05-03 15:40:43,137][gurobipy][INFO] - Thread count: 64 physical cores, 128 logical processors, using up to 32 threads
[2026-05-03 15:40:43,137][gurobipy][INFO] - 
[2026-05-03 15:40:43,138][gurobipy][INFO] - Non-default parameters:
[2026-05-03 15:40:43,138][gurobipy][INFO] - TimeLimit  300
[2026-05-03 15:40:43,138][gurobipy][INFO] - MIPGap  0
[2026-05-03 15:40:43,138][gurobipy][INFO] - NonConvex  2
[2026-05-03 15:40:43,138][gurobipy][INFO] - 
[2026-05-03 15:40:43,138][gurobipy][INFO] - Academic license 2619742 - for non-commercial use only - registered to it___@mail.huji.ac.il
[2026-05-03 15:40:43,138][gurobipy][INFO] - Optimize a model with 2133773 rows, 48862 columns and 4267546 nonzeros (Min)
[2026-05-03 15:40:43,211][gurobipy][INFO] - Model fingerprint: 0xa5224ad6
[2026-05-03 15:40:43,211][gurobipy][INFO] - Model has 48862 linear objective coefficients and an objective constant of 0.5
[2026-05-03 15:40:43,211][gurobipy][INFO] - Model has 40 quadratic constraints
[2026-05-03 15:40:43,211][gurobipy][INFO] - Variable types: 20 continuous, 48842 integer (48842 binary)
[2026-05-03 15:40:43,224][gurobipy][INFO] - Coefficient statistics:
[2026-05-03 15:40:43,224][gurobipy][INFO] -   Matrix range     [1e+00, 1e+00]
[2026-05-03 15:40:43,224][gurobipy][INFO] -   QMatrix range    [1e+00, 1e+00]
[2026-05-03 15:40:43,224][gurobipy][INFO] -   QLMatrix range   [4e-05, 1e+00]
[2026-05-03 15:40:43,224][gurobipy][INFO] -   Objective range  [1e-05, 3e-02]
[2026-05-03 15:40:43,224][gurobipy][INFO] -   Bounds range     [1e+00, 1e+00]
[2026-05-03 15:40:43,224][gurobipy][INFO] -   RHS range        [1e+00, 1e+00]
[2026-05-03 15:40:43,225][gurobipy][INFO] - 
[2026-05-03 15:40:43,293][gurobipy][INFO] - Found heuristic solution: objective 0.5000000
[2026-05-03 15:40:48,713][gurobipy][INFO] - Presolve removed 0 rows and 0 columns (presolve time = 5s)...
[2026-05-03 15:40:53,751][gurobipy][INFO] - Presolve removed 238920 rows and 0 columns (presolve time = 10s)...
[2026-05-03 15:40:58,829][gurobipy][INFO] - Presolve removed 247163 rows and 0 columns (presolve time = 15s)...
[2026-05-03 15:41:03,799][gurobipy][INFO] - Presolve removed 248230 rows and 0 columns (presolve time = 20s)...
[2026-05-03 15:41:08,718][gurobipy][INFO] - Presolve removed 250454 rows and 0 columns (presolve time = 25s)...
[2026-05-03 15:41:13,720][gurobipy][INFO] - Presolve removed 258392 rows and 0 columns (presolve time = 30s)...
[2026-05-03 15:41:18,714][gurobipy][INFO] - Presolve removed 261028 rows and 0 columns (presolve time = 35s)...
[2026-05-03 15:41:23,722][gurobipy][INFO] - Presolve removed 261266 rows and 0 columns (presolve time = 40s)...
[2026-05-03 15:41:28,739][gurobipy][INFO] - Presolve removed 261266 rows and 0 columns (presolve time = 45s)...
[2026-05-03 15:41:33,807][gurobipy][INFO] - Presolve removed 261266 rows and 0 columns (presolve time = 50s)...
[2026-05-03 15:41:38,743][gurobipy][INFO] - Presolve removed 261266 rows and 0 columns (presolve time = 55s)...
[2026-05-03 15:41:43,727][gurobipy][INFO] - Presolve removed 261266 rows and 0 columns (presolve time = 60s)...
[2026-05-03 15:41:48,858][gurobipy][INFO] - Presolve removed 261266 rows and 0 columns (presolve time = 65s)...
[2026-05-03 15:41:53,742][gurobipy][INFO] - Presolve removed 261266 rows and 0 columns (presolve time = 70s)...
[2026-05-03 15:41:58,713][gurobipy][INFO] - Presolve removed 261266 rows and 0 columns (presolve time = 75s)...
[2026-05-03 15:42:03,727][gurobipy][INFO] - Presolve removed 261266 rows and 0 columns (presolve time = 80s)...
[2026-05-03 15:42:08,717][gurobipy][INFO] - Presolve removed 261266 rows and 0 columns (presolve time = 85s)...
[2026-05-03 15:42:08,991][gurobipy][INFO] - Set parameter NonConvex to value 2
[2026-05-03 15:42:12,618][gurobipy][INFO] - Gurobi Optimizer version 13.0.1 build v13.0.1rc0 (linux64 - "Ubuntu 22.04.5 LTS")
[2026-05-03 15:42:12,619][gurobipy][INFO] - 
[2026-05-03 15:42:12,619][gurobipy][INFO] - CPU model: Intel(R) Xeon(R) Platinum 8358 CPU @ 2.60GHz, instruction set [SSE2|AVX|AVX2|AVX512]
[2026-05-03 15:42:12,619][gurobipy][INFO] - Thread count: 64 physical cores, 128 logical processors, using up to 32 threads
[2026-05-03 15:42:12,619][gurobipy][INFO] - 
[2026-05-03 15:42:12,619][gurobipy][INFO] - Non-default parameters:
[2026-05-03 15:42:12,619][gurobipy][INFO] - TimeLimit  300
[2026-05-03 15:42:12,619][gurobipy][INFO] - MIPGap  0
[2026-05-03 15:42:12,619][gurobipy][INFO] - NonConvex  2
[2026-05-03 15:42:12,619][gurobipy][INFO] - 
[2026-05-03 15:42:12,619][gurobipy][INFO] - Academic license 2619742 - for non-commercial use only - registered to it___@mail.huji.ac.il
[2026-05-03 15:42:12,619][gurobipy][INFO] - Optimize a model with 3899985 rows, 48862 columns and 7799970 nonzeros (Min)
[2026-05-03 15:42:12,735][gurobipy][INFO] - Model fingerprint: 0xd9a7434c
[2026-05-03 15:42:12,736][gurobipy][INFO] - Model has 48862 linear objective coefficients and an objective constant of 0.5
[2026-05-03 15:42:12,736][gurobipy][INFO] - Model has 40 quadratic constraints
[2026-05-03 15:42:12,736][gurobipy][INFO] - Variable types: 20 continuous, 48842 integer (48842 binary)
[2026-05-03 15:42:12,759][gurobipy][INFO] - Coefficient statistics:
[2026-05-03 15:42:12,759][gurobipy][INFO] -   Matrix range     [1e+00, 1e+00]
[2026-05-03 15:42:12,760][gurobipy][INFO] -   QMatrix range    [1e+00, 1e+00]
[2026-05-03 15:42:12,760][gurobipy][INFO] -   QLMatrix range   [6e-05, 1e+00]
[2026-05-03 15:42:12,760][gurobipy][INFO] -   Objective range  [1e-05, 3e-02]
[2026-05-03 15:42:12,760][gurobipy][INFO] -   Bounds range     [1e+00, 1e+00]
[2026-05-03 15:42:12,760][gurobipy][INFO] -   RHS range        [1e+00, 1e+00]
[2026-05-03 15:42:12,760][gurobipy][INFO] - 
[2026-05-03 15:42:12,909][gurobipy][INFO] - Found heuristic solution: objective 0.5000000
[2026-05-03 15:42:13,839][gurobipy][INFO] - Presolve removed 261266 rows and 0 columns (presolve time = 90s)...
[2026-05-03 15:42:19,355][gurobipy][INFO] - Presolve removed 0 rows and 0 columns (presolve time = 6s)...
[2026-05-03 15:42:22,659][gurobipy][INFO] - Presolve removed 261266 rows and 0 columns (presolve time = 99s)...
[2026-05-03 15:42:22,660][gurobipy][INFO] - Presolve added 0 rows and 19 columns
[2026-05-03 15:42:22,660][gurobipy][INFO] - Presolve removed 261228 rows and 0 columns
[2026-05-03 15:42:22,660][gurobipy][INFO] - Presolve time: 98.95s
[2026-05-03 15:42:22,671][gurobipy][INFO] - Presolved: 3826245 rows, 2979401 columns, 11728276 nonzeros
[2026-05-03 15:42:22,671][gurobipy][INFO] - Presolved model has 1953680 SOS constraint(s)
[2026-05-03 15:42:23,842][gurobipy][INFO] - Presolve removed 0 rows and 0 columns (presolve time = 10s)...
[2026-05-03 15:42:28,940][gurobipy][INFO] - Presolve removed 347353 rows and 0 columns (presolve time = 15s)...
[2026-05-03 15:42:33,847][gurobipy][INFO] - Presolve removed 347653 rows and 0 columns (presolve time = 20s)...
[2026-05-03 15:42:37,359][gurobipy][INFO] - Variable types: 1953719 continuous, 1025682 integer (1025682 binary)
[2026-05-03 15:42:38,870][gurobipy][INFO] - Presolve removed 347937 rows and 0 columns (presolve time = 25s)...
[2026-05-03 15:42:43,900][gurobipy][INFO] - Presolve removed 348185 rows and 0 columns (presolve time = 30s)...
[2026-05-03 15:42:48,924][gurobipy][INFO] - Presolve removed 348437 rows and 0 columns (presolve time = 35s)...
[2026-05-03 15:42:53,899][gurobipy][INFO] - Presolve removed 348685 rows and 0 columns (presolve time = 40s)...
[2026-05-03 15:42:58,870][gurobipy][INFO] - Presolve removed 348949 rows and 0 columns (presolve time = 45s)...
[2026-05-03 15:43:03,896][gurobipy][INFO] - Presolve removed 349228 rows and 0 columns (presolve time = 50s)...
[2026-05-03 15:43:08,853][gurobipy][INFO] - Presolve removed 349532 rows and 0 columns (presolve time = 55s)...
[2026-05-03 15:43:13,873][gurobipy][INFO] - Presolve removed 349837 rows and 0 columns (presolve time = 60s)...
[2026-05-03 15:43:18,867][gurobipy][INFO] - Presolve removed 350132 rows and 0 columns (presolve time = 65s)...
[2026-05-03 15:43:23,872][gurobipy][INFO] - Presolve removed 350410 rows and 0 columns (presolve time = 70s)...
[2026-05-03 15:43:28,857][gurobipy][INFO] - Presolve removed 355166 rows and 0 columns (presolve time = 75s)...
[2026-05-03 15:43:33,920][gurobipy][INFO] - Presolve removed 358766 rows and 0 columns (presolve time = 80s)...
[2026-05-03 15:43:38,900][gurobipy][INFO] - Presolve removed 359671 rows and 0 columns (presolve time = 85s)...
[2026-05-03 15:43:43,962][gurobipy][INFO] - Presolve removed 361034 rows and 0 columns (presolve time = 90s)...
[2026-05-03 15:43:49,019][gurobipy][INFO] - Presolve removed 365684 rows and 0 columns (presolve time = 95s)...
[2026-05-03 15:43:54,247][gurobipy][INFO] - Presolve removed 369899 rows and 0 columns (presolve time = 100s)...
[2026-05-03 15:43:58,890][gurobipy][INFO] - Presolve removed 371172 rows and 0 columns (presolve time = 105s)...
[2026-05-03 15:44:03,841][gurobipy][INFO] - Presolve removed 371180 rows and 0 columns (presolve time = 110s)...
[2026-05-03 15:44:09,212][gurobipy][INFO] - Presolve removed 371180 rows and 0 columns (presolve time = 115s)...
[2026-05-03 15:44:14,192][gurobipy][INFO] - Presolve removed 372045 rows and 0 columns (presolve time = 120s)...
[2026-05-03 15:44:19,093][gurobipy][INFO] - Presolve removed 372167 rows and 0 columns (presolve time = 125s)...
[2026-05-03 15:44:23,841][gurobipy][INFO] - Presolve removed 372167 rows and 0 columns (presolve time = 130s)...
[2026-05-03 15:44:29,016][gurobipy][INFO] - Presolve removed 372167 rows and 0 columns (presolve time = 135s)...
[2026-05-03 15:44:34,121][gurobipy][INFO] - Presolve removed 372167 rows and 0 columns (presolve time = 140s)...
[2026-05-03 15:44:38,930][gurobipy][INFO] - Presolve removed 372167 rows and 0 columns (presolve time = 145s)...
[2026-05-03 15:44:44,204][gurobipy][INFO] - Presolve removed 372167 rows and 0 columns (presolve time = 150s)...
[2026-05-03 15:44:48,863][gurobipy][INFO] - Presolve removed 372167 rows and 0 columns (presolve time = 155s)...
[2026-05-03 15:44:53,841][gurobipy][INFO] - Presolve removed 372167 rows and 0 columns (presolve time = 160s)...
[2026-05-03 15:44:59,084][gurobipy][INFO] - Presolve removed 372167 rows and 0 columns (presolve time = 165s)...
[2026-05-03 15:45:03,963][gurobipy][INFO] - Presolve removed 372167 rows and 0 columns (presolve time = 170s)...
[2026-05-03 15:45:09,060][gurobipy][INFO] - Presolve removed 372167 rows and 0 columns (presolve time = 175s)...
[2026-05-03 15:45:14,112][gurobipy][INFO] - Presolve removed 372167 rows and 0 columns (presolve time = 180s)...
[2026-05-03 15:45:18,880][gurobipy][INFO] - Presolve removed 372167 rows and 0 columns (presolve time = 185s)...
[2026-05-03 15:45:23,842][gurobipy][INFO] - Presolve removed 372167 rows and 0 columns (presolve time = 190s)...
[2026-05-03 15:45:28,848][gurobipy][INFO] - Presolve removed 372167 rows and 0 columns (presolve time = 195s)...
[2026-05-03 15:45:34,015][gurobipy][INFO] - Presolve removed 372167 rows and 0 columns (presolve time = 200s)...
[2026-05-03 15:45:38,843][gurobipy][INFO] - Presolve removed 372167 rows and 0 columns (presolve time = 205s)...
[2026-05-03 15:45:44,180][gurobipy][INFO] - Presolve removed 372167 rows and 0 columns (presolve time = 210s)...
[2026-05-03 15:45:46,227][gurobipy][INFO] - 
[2026-05-03 15:45:46,227][gurobipy][INFO] - Explored 1 nodes (0 simplex iterations) in 303.09 seconds (234.70 work units)
[2026-05-03 15:45:46,228][gurobipy][INFO] - Thread count was 32 (of 128 available processors)
[2026-05-03 15:45:46,228][gurobipy][INFO] - 
[2026-05-03 15:45:46,228][gurobipy][INFO] - Solution count 1: 0.5 
[2026-05-03 15:45:46,228][gurobipy][INFO] - 
[2026-05-03 15:45:46,228][gurobipy][INFO] - Time limit reached
[2026-05-03 15:45:46,261][gurobipy][INFO] - Best objective 5.000000000000e-01, best bound 1.811682958329e-13, gap 100.0000%
[2026-05-03 15:45:49,873][gurobipy][INFO] - Presolve removed 372167 rows and 0 columns (presolve time = 216s)...
[2026-05-03 15:45:58,133][gurobipy][INFO] - Presolve removed 372167 rows and 0 columns (presolve time = 224s)...
[2026-05-03 15:45:58,133][gurobipy][INFO] - Presolve added 0 rows and 20 columns
[2026-05-03 15:45:58,133][gurobipy][INFO] - Presolve removed 372127 rows and 0 columns
[2026-05-03 15:45:58,133][gurobipy][INFO] - Presolve time: 224.29s
[2026-05-03 15:45:58,153][gurobipy][INFO] - Presolved: 5481558 rows, 2979402 columns, 15258065 nonzeros
[2026-05-03 15:45:58,153][gurobipy][INFO] - Presolved model has 1953680 SOS constraint(s)
[2026-05-03 15:46:15,677][gurobipy][INFO] - Variable types: 1953720 continuous, 1025682 integer (1025682 binary)
[2026-05-03 15:46:35,565][gurobipy][INFO] - Set parameter NonConvex to value 2
[2026-05-03 15:46:40,261][gurobipy][INFO] - Gurobi Optimizer version 13.0.1 build v13.0.1rc0 (linux64 - "Ubuntu 22.04.5 LTS")
[2026-05-03 15:46:40,261][gurobipy][INFO] - 
[2026-05-03 15:46:40,261][gurobipy][INFO] - CPU model: Intel(R) Xeon(R) Platinum 8358 CPU @ 2.60GHz, instruction set [SSE2|AVX|AVX2|AVX512]
[2026-05-03 15:46:40,261][gurobipy][INFO] - Thread count: 64 physical cores, 128 logical processors, using up to 32 threads
[2026-05-03 15:46:40,261][gurobipy][INFO] - 
[2026-05-03 15:46:40,261][gurobipy][INFO] - Non-default parameters:
[2026-05-03 15:46:40,262][gurobipy][INFO] - TimeLimit  300
[2026-05-03 15:46:40,262][gurobipy][INFO] - MIPGap  0
[2026-05-03 15:46:40,262][gurobipy][INFO] - NonConvex  2
[2026-05-03 15:46:40,262][gurobipy][INFO] - 
[2026-05-03 15:46:40,262][gurobipy][INFO] - Academic license 2619742 - for non-commercial use only - registered to it___@mail.huji.ac.il
[2026-05-03 15:46:40,262][gurobipy][INFO] - Optimize a model with 9803656 rows, 48862 columns and 19607312 nonzeros (Min)
[2026-05-03 15:46:40,494][gurobipy][INFO] - Model fingerprint: 0xab6174b8
[2026-05-03 15:46:40,494][gurobipy][INFO] - Model has 48862 linear objective coefficients and an objective constant of 0.5
[2026-05-03 15:46:40,495][gurobipy][INFO] - Model has 40 quadratic constraints
[2026-05-03 15:46:40,495][gurobipy][INFO] - Variable types: 20 continuous, 48842 integer (48842 binary)
[2026-05-03 15:46:40,530][gurobipy][INFO] - Coefficient statistics:
[2026-05-03 15:46:40,530][gurobipy][INFO] -   Matrix range     [1e+00, 1e+00]
[2026-05-03 15:46:40,530][gurobipy][INFO] -   QMatrix range    [1e+00, 1e+00]
[2026-05-03 15:46:40,530][gurobipy][INFO] -   QLMatrix range   [1e-01, 9e-01]
[2026-05-03 15:46:40,530][gurobipy][INFO] -   Objective range  [1e-05, 3e-02]
[2026-05-03 15:46:40,531][gurobipy][INFO] -   Bounds range     [1e+00, 1e+00]
[2026-05-03 15:46:40,531][gurobipy][INFO] -   RHS range        [1e+00, 1e+00]
[2026-05-03 15:46:40,531][gurobipy][INFO] - 
[2026-05-03 15:46:40,832][gurobipy][INFO] - Found heuristic solution: objective 0.5000000
[2026-05-03 15:46:48,466][gurobipy][INFO] - Presolve removed 0 rows and 0 columns (presolve time = 6s)...
[2026-05-03 15:46:53,277][gurobipy][INFO] - Presolve removed 0 rows and 0 columns (presolve time = 11s)...
[2026-05-03 15:46:57,649][gurobipy][INFO] - Presolve removed 0 rows and 0 columns (presolve time = 15s)...
[2026-05-03 15:47:02,646][gurobipy][INFO] - Presolve removed 0 rows and 0 columns (presolve time = 20s)...
[2026-05-03 15:47:08,484][gurobipy][INFO] - Presolve removed 652739 rows and 0 columns (presolve time = 26s)...
[2026-05-03 15:47:12,660][gurobipy][INFO] - Presolve removed 653014 rows and 0 columns (presolve time = 30s)...
[2026-05-03 15:47:13,431][gurobipy][INFO] - 
[2026-05-03 15:47:13,431][gurobipy][INFO] - Explored 1 nodes (0 simplex iterations) in 300.81 seconds (232.13 work units)
[2026-05-03 15:47:13,431][gurobipy][INFO] - Thread count was 32 (of 128 available processors)
[2026-05-03 15:47:13,431][gurobipy][INFO] - 
[2026-05-03 15:47:13,431][gurobipy][INFO] - Solution count 1: 0.5 
[2026-05-03 15:47:13,431][gurobipy][INFO] - 
[2026-05-03 15:47:13,431][gurobipy][INFO] - Time limit reached
[2026-05-03 15:47:13,485][gurobipy][INFO] - Best objective 5.000000000000e-01, best bound 1.811682958329e-13, gap 100.0000%
[2026-05-03 15:47:17,751][gurobipy][INFO] - Presolve removed 653391 rows and 0 columns (presolve time = 35s)...
[2026-05-03 15:47:22,688][gurobipy][INFO] - Presolve removed 653854 rows and 0 columns (presolve time = 40s)...
[2026-05-03 15:47:27,749][gurobipy][INFO] - Presolve removed 654299 rows and 0 columns (presolve time = 45s)...
[2026-05-03 15:47:32,692][gurobipy][INFO] - Presolve removed 654752 rows and 0 columns (presolve time = 50s)...
[2026-05-03 15:47:37,658][gurobipy][INFO] - Presolve removed 655312 rows and 0 columns (presolve time = 55s)...
[2026-05-03 15:47:42,653][gurobipy][INFO] - Presolve removed 655767 rows and 0 columns (presolve time = 60s)...
[2026-05-03 15:47:47,652][gurobipy][INFO] - Presolve removed 656294 rows and 0 columns (presolve time = 65s)...
[2026-05-03 15:47:52,725][gurobipy][INFO] - Presolve removed 656812 rows and 0 columns (presolve time = 70s)...
[2026-05-03 15:47:57,677][gurobipy][INFO] - Presolve removed 657338 rows and 0 columns (presolve time = 75s)...
[2026-05-03 15:48:02,761][gurobipy][INFO] - Presolve removed 657842 rows and 0 columns (presolve time = 80s)...
[2026-05-03 15:48:07,672][gurobipy][INFO] - Presolve removed 658253 rows and 0 columns (presolve time = 85s)...
[2026-05-03 15:48:12,709][gurobipy][INFO] - Presolve removed 658677 rows and 0 columns (presolve time = 90s)...
[2026-05-03 15:48:17,693][gurobipy][INFO] - Presolve removed 659090 rows and 0 columns (presolve time = 95s)...
[2026-05-03 15:48:22,667][gurobipy][INFO] - Presolve removed 659482 rows and 0 columns (presolve time = 100s)...
[2026-05-03 15:48:27,657][gurobipy][INFO] - Presolve removed 659861 rows and 0 columns (presolve time = 105s)...
[2026-05-03 15:48:32,687][gurobipy][INFO] - Presolve removed 660222 rows and 0 columns (presolve time = 110s)...
[2026-05-03 15:48:37,656][gurobipy][INFO] - Presolve removed 660613 rows and 0 columns (presolve time = 115s)...
[2026-05-03 15:48:42,661][gurobipy][INFO] - Presolve removed 660945 rows and 0 columns (presolve time = 120s)...
[2026-05-03 15:48:47,657][gurobipy][INFO] - Presolve removed 661296 rows and 0 columns (presolve time = 125s)...
[2026-05-03 15:48:52,745][gurobipy][INFO] - Presolve removed 661642 rows and 0 columns (presolve time = 130s)...
[2026-05-03 15:48:57,651][gurobipy][INFO] - Presolve removed 661940 rows and 0 columns (presolve time = 135s)...
[2026-05-03 15:49:02,708][gurobipy][INFO] - Presolve removed 662280 rows and 0 columns (presolve time = 140s)...
[2026-05-03 15:49:07,688][gurobipy][INFO] - Presolve removed 662635 rows and 0 columns (presolve time = 145s)...
[2026-05-03 15:49:12,868][gurobipy][INFO] - Presolve removed 667467 rows and 0 columns (presolve time = 150s)...
[2026-05-03 15:49:17,665][gurobipy][INFO] - Presolve removed 673506 rows and 0 columns (presolve time = 155s)...
[2026-05-03 15:49:22,678][gurobipy][INFO] - Presolve removed 676375 rows and 0 columns (presolve time = 160s)...
[2026-05-03 15:49:27,658][gurobipy][INFO] - Presolve removed 680729 rows and 0 columns (presolve time = 165s)...
[2026-05-03 15:49:32,732][gurobipy][INFO] - Presolve removed 682884 rows and 0 columns (presolve time = 170s)...
[2026-05-03 15:49:37,921][gurobipy][INFO] - Presolve removed 684408 rows and 0 columns (presolve time = 175s)...
[2026-05-03 15:49:42,991][gurobipy][INFO] - Presolve removed 687318 rows and 0 columns (presolve time = 180s)...
[2026-05-03 15:49:47,735][gurobipy][INFO] - Presolve removed 690381 rows and 0 columns (presolve time = 185s)...
[2026-05-03 15:49:52,646][gurobipy][INFO] - Presolve removed 693658 rows and 0 columns (presolve time = 190s)...
[2026-05-03 15:49:57,911][gurobipy][INFO] - Presolve removed 694154 rows and 0 columns (presolve time = 195s)...
[2026-05-03 15:50:02,749][gurobipy][INFO] - Presolve removed 695209 rows and 0 columns (presolve time = 200s)...
[2026-05-03 15:50:08,640][gurobipy][INFO] - Presolve removed 697382 rows and 0 columns (presolve time = 206s)...
[2026-05-03 15:50:12,750][gurobipy][INFO] - Presolve removed 702047 rows and 0 columns (presolve time = 210s)...
[2026-05-03 15:50:18,405][gurobipy][INFO] - Presolve removed 702214 rows and 0 columns (presolve time = 216s)...
[2026-05-03 15:50:22,783][gurobipy][INFO] - Presolve removed 703210 rows and 0 columns (presolve time = 220s)...
[2026-05-03 15:50:28,102][gurobipy][INFO] - Presolve removed 703371 rows and 0 columns (presolve time = 225s)...
[2026-05-03 15:50:32,701][gurobipy][INFO] - Presolve removed 703763 rows and 0 columns (presolve time = 230s)...
[2026-05-03 15:50:38,659][gurobipy][INFO] - Presolve removed 703789 rows and 0 columns (presolve time = 236s)...
[2026-05-03 15:50:43,417][gurobipy][INFO] - Presolve removed 704281 rows and 0 columns (presolve time = 241s)...
[2026-05-03 15:50:48,686][gurobipy][INFO] - Presolve removed 705770 rows and 0 columns (presolve time = 246s)...
[2026-05-03 15:50:53,033][gurobipy][INFO] - Presolve removed 706292 rows and 0 columns (presolve time = 250s)...
[2026-05-03 15:50:57,855][gurobipy][INFO] - Presolve removed 706292 rows and 0 columns (presolve time = 255s)...
[2026-05-03 15:51:03,186][gurobipy][INFO] - Presolve removed 707745 rows and 0 columns (presolve time = 261s)...
[2026-05-03 15:51:07,644][gurobipy][INFO] - Presolve removed 708722 rows and 0 columns (presolve time = 265s)...
[2026-05-03 15:51:12,871][gurobipy][INFO] - Presolve removed 709224 rows and 0 columns (presolve time = 270s)...
[2026-05-03 15:51:18,069][gurobipy][INFO] - Presolve removed 710906 rows and 0 columns (presolve time = 275s)...
[2026-05-03 15:51:22,880][gurobipy][INFO] - Presolve removed 710910 rows and 0 columns (presolve time = 280s)...
[2026-05-03 15:51:28,554][gurobipy][INFO] - Presolve removed 710971 rows and 0 columns (presolve time = 286s)...
[2026-05-03 15:51:32,725][gurobipy][INFO] - Presolve removed 711459 rows and 0 columns (presolve time = 290s)...
[2026-05-03 15:51:37,714][gurobipy][INFO] - Presolve removed 712485 rows and 0 columns (presolve time = 295s)...
[2026-05-03 15:51:40,673][gurobipy][INFO] - Presolve added 0 rows and 20 columns
[2026-05-03 15:51:40,674][gurobipy][INFO] - Presolve removed 712464 rows and 0 columns
[2026-05-03 15:51:40,674][gurobipy][INFO] - Presolve time: 298.03s
[2026-05-03 15:51:41,168][gurobipy][INFO] - 
[2026-05-03 15:51:41,169][gurobipy][INFO] - Explored 0 nodes (0 simplex iterations) in 300.91 seconds (145.97 work units)
[2026-05-03 15:51:41,169][gurobipy][INFO] - Thread count was 1 (of 128 available processors)
[2026-05-03 15:51:41,169][gurobipy][INFO] - 
[2026-05-03 15:51:41,169][gurobipy][INFO] - Solution count 1: 0.5 
[2026-05-03 15:51:41,169][gurobipy][INFO] - 
[2026-05-03 15:51:41,169][gurobipy][INFO] - Time limit reached
[2026-05-03 15:51:41,325][gurobipy][INFO] - Best objective 5.000000000000e-01, best bound -, gap -
