[2026-04-30 14:48:21,151][gurobipy][INFO] - Set parameter WLSAccessID
[2026-04-30 14:48:21,151][gurobipy][INFO] - Set parameter WLSSecret
[2026-04-30 14:48:21,151][gurobipy][INFO] - Set parameter LicenseID to value 2619742
[2026-04-30 14:48:21,202][gurobipy][INFO] - Academic license 2619742 - for non-commercial use only - registered to it___@mail.huji.ac.il
[2026-04-30 14:48:21,204][gurobipy][INFO] - Set parameter OutputFlag to value 1
[2026-04-30 14:48:21,204][gurobipy][INFO] - Set parameter MIPGap to value 0
[2026-04-30 14:48:21,204][gurobipy][INFO] - Set parameter TimeLimit to value 300
[2026-04-30 14:48:31,568][gurobipy][INFO] - Set parameter NonConvex to value 2
[2026-04-30 14:48:31,818][gurobipy][INFO] - Gurobi Optimizer version 13.0.1 build v13.0.1rc0 (linux64 - "Ubuntu 22.04.5 LTS")
[2026-04-30 14:48:31,819][gurobipy][INFO] - 
[2026-04-30 14:48:31,819][gurobipy][INFO] - CPU model: Intel(R) Xeon(R) Platinum 8358 CPU @ 2.60GHz, instruction set [SSE2|AVX|AVX2|AVX512]
[2026-04-30 14:48:31,819][gurobipy][INFO] - Thread count: 64 physical cores, 128 logical processors, using up to 32 threads
[2026-04-30 14:48:31,819][gurobipy][INFO] - 
[2026-04-30 14:48:31,819][gurobipy][INFO] - Non-default parameters:
[2026-04-30 14:48:31,819][gurobipy][INFO] - TimeLimit  300
[2026-04-30 14:48:31,819][gurobipy][INFO] - MIPGap  0
[2026-04-30 14:48:31,819][gurobipy][INFO] - NonConvex  2
[2026-04-30 14:48:31,819][gurobipy][INFO] - 
[2026-04-30 14:48:31,819][gurobipy][INFO] - Academic license 2619742 - for non-commercial use only - registered to it___@mail.huji.ac.il
[2026-04-30 14:48:31,819][gurobipy][INFO] - Optimize a model with 198212 rows, 5020 columns and 396424 nonzeros (Min)
[2026-04-30 14:48:31,826][gurobipy][INFO] - Model fingerprint: 0x514bc137
[2026-04-30 14:48:31,826][gurobipy][INFO] - Model has 5020 linear objective coefficients and an objective constant of 0.5
[2026-04-30 14:48:31,826][gurobipy][INFO] - Model has 40 quadratic constraints
[2026-04-30 14:48:31,826][gurobipy][INFO] - Variable types: 20 continuous, 5000 integer (5000 binary)
[2026-04-30 14:48:31,827][gurobipy][INFO] - Coefficient statistics:
[2026-04-30 14:48:31,827][gurobipy][INFO] -   Matrix range     [1e+00, 1e+00]
[2026-04-30 14:48:31,827][gurobipy][INFO] -   QMatrix range    [1e+00, 1e+00]
[2026-04-30 14:48:31,827][gurobipy][INFO] -   QLMatrix range   [1e-04, 1e+00]
[2026-04-30 14:48:31,827][gurobipy][INFO] -   Objective range  [1e-04, 3e-02]
[2026-04-30 14:48:31,827][gurobipy][INFO] -   Bounds range     [1e+00, 1e+00]
[2026-04-30 14:48:31,827][gurobipy][INFO] -   RHS range        [1e+00, 1e+00]
[2026-04-30 14:48:31,827][gurobipy][INFO] - 
[2026-04-30 14:48:31,832][gurobipy][INFO] - Found heuristic solution: objective 0.5000000
[2026-04-30 14:48:36,867][gurobipy][INFO] - Presolve removed 83610 rows and 0 columns (presolve time = 5s)...
[2026-04-30 14:48:41,867][gurobipy][INFO] - Presolve removed 83611 rows and 0 columns (presolve time = 10s)...
[2026-04-30 14:48:46,754][gurobipy][INFO] - Presolve added 0 rows and 18 columns
[2026-04-30 14:48:46,754][gurobipy][INFO] - Presolve removed 83575 rows and 0 columns
[2026-04-30 14:48:46,754][gurobipy][INFO] - Presolve time: 14.90s
[2026-04-30 14:48:46,755][gurobipy][INFO] - Presolved: 314657 rows, 305038 columns, 1093225 nonzeros
[2026-04-30 14:48:46,756][gurobipy][INFO] - Presolved model has 200000 SOS constraint(s)
[2026-04-30 14:48:47,942][gurobipy][INFO] - Variable types: 200038 continuous, 105000 integer (105000 binary)
[2026-04-30 14:51:07,382][gurobipy][INFO] - 
[2026-04-30 14:51:07,383][gurobipy][INFO] - Deterministic concurrent LP optimizer: primal simplex, dual simplex, and barrier
[2026-04-30 14:51:07,383][gurobipy][INFO] - Showing barrier log only...
[2026-04-30 14:51:07,383][gurobipy][INFO] - 
[2026-04-30 14:51:10,639][gurobipy][INFO] - Root barrier log...
[2026-04-30 14:51:10,639][gurobipy][INFO] - 
[2026-04-30 14:51:16,227][gurobipy][INFO] - Elapsed ordering time = 5s
[2026-04-30 14:51:17,424][gurobipy][INFO] - Ordering time: 6.20s
[2026-04-30 14:51:17,753][gurobipy][INFO] - 
[2026-04-30 14:51:17,753][gurobipy][INFO] - Barrier statistics:
[2026-04-30 14:51:17,753][gurobipy][INFO] -  Dense cols : 119
[2026-04-30 14:51:17,753][gurobipy][INFO] -  AA' NZ     : 5.406e+06
[2026-04-30 14:51:17,753][gurobipy][INFO] -  Factor NZ  : 1.026e+07 (roughly 150 MB of memory)
[2026-04-30 14:51:17,753][gurobipy][INFO] -  Factor Ops : 1.370e+09 (less than 1 second per iteration)
[2026-04-30 14:51:17,753][gurobipy][INFO] -  Threads    : 30
[2026-04-30 14:51:18,811][gurobipy][INFO] - 
[2026-04-30 14:51:18,811][gurobipy][INFO] -                   Objective                Residual
[2026-04-30 14:51:18,811][gurobipy][INFO] - Iter       Primal          Dual         Primal    Dual     Compl     Time
[2026-04-30 14:51:18,872][gurobipy][INFO] -    0   9.17965957e+01 -2.94166487e+04  1.08e+04 2.76e-04  1.82e+00   167s
[2026-04-30 14:51:20,553][gurobipy][INFO] -    1   7.08015956e+00 -1.89573568e+04  1.44e+03 4.06e-02  4.15e-01   169s
[2026-04-30 14:51:22,638][gurobipy][INFO] -    2   6.04455582e+00 -9.79276975e+03  9.72e+02 7.43e-03  1.73e-01   171s
[2026-04-30 14:51:24,423][gurobipy][INFO] -    3   5.00779349e+00 -6.04351399e+03  5.60e+02 1.40e-03  7.91e-02   173s
[2026-04-30 14:51:25,828][gurobipy][INFO] -    4   3.78450354e+00 -2.38363553e+03  1.01e+02 8.81e-05  1.68e-02   174s
[2026-04-30 14:51:26,592][gurobipy][INFO] -    5   3.45502384e+00 -2.58668384e+02  2.22e-01 4.34e-14  1.35e-03   175s
[2026-04-30 14:51:27,589][gurobipy][INFO] -    6   3.21408250e+00 -8.72605626e+00  5.46e-11 4.33e-08  6.16e-05   176s
[2026-04-30 14:51:28,661][gurobipy][INFO] -    7   2.35662798e+00 -2.24269618e+00  9.64e-11 1.53e-15  2.37e-05   177s
[2026-04-30 14:51:29,855][gurobipy][INFO] -    8   6.24963741e-01 -2.17688666e-01  6.91e-11 1.64e-15  4.34e-06   178s
[2026-04-30 14:51:30,755][gurobipy][INFO] -    9   1.07174350e-01 -3.68054611e-02  4.55e-11 1.61e-15  7.42e-07   179s
[2026-04-30 14:51:31,879][gurobipy][INFO] -   10   1.94211427e-02  7.72901799e-03  4.91e-11 8.05e-16  6.02e-08   180s
[2026-04-30 14:51:32,969][gurobipy][INFO] -   11   1.45539869e-02  9.82678031e-03  6.55e-11 9.99e-16  2.43e-08   181s
[2026-04-30 14:51:34,256][gurobipy][INFO] -   12   1.41271357e-02  9.84603222e-03  4.18e-11 7.77e-16  2.20e-08   182s
[2026-04-30 14:51:35,394][gurobipy][INFO] -   13   1.32594061e-02  9.89243406e-03  8.37e-11 1.03e-15  1.73e-08   184s
[2026-04-30 14:51:36,205][gurobipy][INFO] -   14   1.25911929e-02  9.90012555e-03  7.28e-11 1.44e-15  1.39e-08   184s
[2026-04-30 14:51:37,368][gurobipy][INFO] -   15   1.20281204e-02  9.93103968e-03  6.73e-11 4.44e-16  1.08e-08   186s
[2026-04-30 14:51:38,980][gurobipy][INFO] -   16   1.15436816e-02  9.98168114e-03  4.37e-11 1.30e-15  8.04e-09   187s
[2026-04-30 14:51:40,296][gurobipy][INFO] -   17   1.12450154e-02  1.00133982e-02  2.18e-11 7.49e-16  6.34e-09   188s
[2026-04-30 14:51:41,412][gurobipy][INFO] -   18   1.10014837e-02  1.00668426e-02  3.82e-11 8.33e-16  4.81e-09   190s
[2026-04-30 14:51:42,552][gurobipy][INFO] -   19   1.09093757e-02  1.00902118e-02  3.82e-11 6.11e-16  4.22e-09   191s
[2026-04-30 14:51:43,499][gurobipy][INFO] -   20   1.08345475e-02  1.01038354e-02  4.91e-11 5.00e-16  3.76e-09   192s
[2026-04-30 14:51:44,843][gurobipy][INFO] -   21   1.06298683e-02  1.01371987e-02  5.28e-11 8.05e-16  2.54e-09   193s
[2026-04-30 14:51:45,902][gurobipy][INFO] -   22   1.05536738e-02  1.01453242e-02  3.27e-11 4.16e-16  2.10e-09   194s
[2026-04-30 14:51:46,930][gurobipy][INFO] -   23   1.04179386e-02  1.01616494e-02  5.82e-11 5.55e-16  1.32e-09   195s
[2026-04-30 14:51:47,939][gurobipy][INFO] -   24   1.03179880e-02  1.01720122e-02  4.73e-11 4.44e-16  7.52e-10   196s
[2026-04-30 14:51:48,837][gurobipy][INFO] -   25   1.03113546e-02  1.01755868e-02  5.64e-11 4.72e-16  6.99e-10   197s
[2026-04-30 14:51:50,034][gurobipy][INFO] -   26   1.02662193e-02  1.01782239e-02  4.18e-11 3.33e-16  4.53e-10   198s
[2026-04-30 14:51:51,065][gurobipy][INFO] -   27   1.02550071e-02  1.01795861e-02  2.73e-11 3.61e-16  3.88e-10   199s
[2026-04-30 14:51:52,272][gurobipy][INFO] -   28   1.02216534e-02  1.01812125e-02  4.73e-11 3.62e-16  2.08e-10   200s
[2026-04-30 14:51:53,418][gurobipy][INFO] -   29   1.01976619e-02  1.01819705e-02  3.82e-11 3.05e-16  8.08e-11   202s
[2026-04-30 14:51:54,408][gurobipy][INFO] -   30   1.01973015e-02  1.01823631e-02  8.19e-11 2.26e-16  7.69e-11   203s
[2026-04-30 14:51:55,400][gurobipy][INFO] -   31   1.01940102e-02  1.01826384e-02  4.55e-11 2.22e-16  5.85e-11   204s
[2026-04-30 14:51:56,258][gurobipy][INFO] -   32   1.01912725e-02  1.01827862e-02  5.09e-11 3.33e-16  4.37e-11   204s
[2026-04-30 14:51:57,465][gurobipy][INFO] -   33   1.01896869e-02  1.01831341e-02  4.37e-11 2.22e-16  3.37e-11   206s
[2026-04-30 14:51:58,590][gurobipy][INFO] -   34   1.01878378e-02  1.01833174e-02  4.73e-11 1.67e-16  2.33e-11   207s
[2026-04-30 14:51:59,555][gurobipy][INFO] -   35   1.01863356e-02  1.01833631e-02  3.82e-11 2.50e-16  1.53e-11   208s
[2026-04-30 14:52:00,658][gurobipy][INFO] -   36   1.01859730e-02  1.01834734e-02  5.09e-11 3.61e-16  1.29e-11   209s
[2026-04-30 14:52:01,780][gurobipy][INFO] -   37   1.01857303e-02  1.01835486e-02  5.82e-11 1.94e-16  1.12e-11   210s
[2026-04-30 14:52:02,890][gurobipy][INFO] -   38   1.01854750e-02  1.01836090e-02  3.27e-11 2.33e-16  9.61e-12   211s
[2026-04-30 14:52:04,055][gurobipy][INFO] -   39   1.01852795e-02  1.01836316e-02  4.18e-11 2.13e-16  8.48e-12   212s
[2026-04-30 14:52:05,143][gurobipy][INFO] -   40   1.01851259e-02  1.01836556e-02  2.91e-11 1.94e-16  7.57e-12   213s
[2026-04-30 14:52:06,328][gurobipy][INFO] -   41   1.01850255e-02  1.01836781e-02  4.37e-11 1.94e-16  6.94e-12   215s
[2026-04-30 14:52:07,572][gurobipy][INFO] -   42   1.01847551e-02  1.01837348e-02  4.55e-11 2.50e-16  5.25e-12   216s
[2026-04-30 14:52:08,747][gurobipy][INFO] -   43   1.01846356e-02  1.01837671e-02  5.64e-11 2.50e-16  4.47e-12   217s
[2026-04-30 14:52:10,025][gurobipy][INFO] -   44   1.01845504e-02  1.01838001e-02  4.55e-11 2.22e-16  3.86e-12   218s
[2026-04-30 14:52:11,183][gurobipy][INFO] -   45   1.01845229e-02  1.01838103e-02  6.37e-11 2.78e-16  3.67e-12   219s
[2026-04-30 14:52:12,136][gurobipy][INFO] -   46   1.01844959e-02  1.01838288e-02  2.91e-11 2.99e-16  3.43e-12   220s
[2026-04-30 14:52:13,517][gurobipy][INFO] -   47   1.01844095e-02  1.01838348e-02  5.46e-11 2.22e-16  2.96e-12   222s
[2026-04-30 14:52:14,586][gurobipy][INFO] -   48   1.01843767e-02  1.01838662e-02  4.91e-11 1.67e-16  2.63e-12   223s
[2026-04-30 14:52:15,612][gurobipy][INFO] -   49   1.01842769e-02  1.01839011e-02  6.37e-11 2.22e-16  1.93e-12   224s
[2026-04-30 14:52:16,827][gurobipy][INFO] -   50   1.01842705e-02  1.01839069e-02  4.55e-11 2.22e-16  1.87e-12   225s
[2026-04-30 14:52:17,922][gurobipy][INFO] -   51   1.01842478e-02  1.01839328e-02  6.37e-11 3.05e-16  1.62e-12   226s
[2026-04-30 14:52:19,122][gurobipy][INFO] -   52   1.01842306e-02  1.01839403e-02  8.00e-11 1.94e-16  1.49e-12   227s
[2026-04-30 14:52:20,258][gurobipy][INFO] -   53   1.01842083e-02  1.01839485e-02  6.37e-11 1.11e-16  1.34e-12   228s
[2026-04-30 14:52:21,448][gurobipy][INFO] -   54   1.01841998e-02  1.01839636e-02  6.00e-11 3.41e-16  1.22e-12   230s
[2026-04-30 14:52:22,781][gurobipy][INFO] -   55   1.01841797e-02  1.01839931e-02  5.46e-11 4.72e-16  9.61e-13   231s
[2026-04-30 14:52:23,933][gurobipy][INFO] -   56   1.01841502e-02  1.01840027e-02  1.20e-10 2.78e-16  7.59e-13   232s
[2026-04-30 14:52:25,085][gurobipy][INFO] -   57   1.01841384e-02  1.01840047e-02  1.93e-10 5.00e-16  6.88e-13   233s
[2026-04-30 14:52:26,271][gurobipy][INFO] -   58   1.01840976e-02  1.01840629e-02  1.13e-10 3.28e-15  1.79e-13   234s
[2026-04-30 14:52:27,625][gurobipy][INFO] -   59   1.01840964e-02  1.01840650e-02  2.15e-10 2.86e-15  1.61e-13   236s
[2026-04-30 14:52:28,562][gurobipy][INFO] -   60   1.01840880e-02  1.01840655e-02  6.09e-10 2.94e-15  1.16e-13   237s
[2026-04-30 14:52:29,313][gurobipy][INFO] -   61   1.01840861e-02  1.01840663e-02  5.37e-10 2.80e-15  1.02e-13   237s
[2026-04-30 14:52:30,011][gurobipy][INFO] -   62   1.01840823e-02  1.01840676e-02  4.67e-10 2.41e-15  7.57e-14   238s
[2026-04-30 14:52:31,274][gurobipy][INFO] -   63   1.01840832e-02  1.01840678e-02  4.77e-10 2.39e-15  7.93e-14   239s
[2026-04-30 14:52:32,516][gurobipy][INFO] -   64   1.01840818e-02  1.01840686e-02  6.80e-10 2.66e-15  6.77e-14   241s
[2026-04-30 14:52:33,680][gurobipy][INFO] -   65   1.01840814e-02  1.01840690e-02  6.15e-10 1.03e-15  6.39e-14   242s
[2026-04-30 14:52:34,836][gurobipy][INFO] -   66   1.01840841e-02  1.01840709e-02  5.75e-10 2.58e-15  6.80e-14   243s
[2026-04-30 14:52:36,043][gurobipy][INFO] -   67   1.01840802e-02  1.01840717e-02  5.97e-10 3.05e-15  4.39e-14   244s
[2026-04-30 14:52:37,225][gurobipy][INFO] -   68   1.01840801e-02  1.01840720e-02  5.48e-10 3.33e-16  4.16e-14   245s
[2026-04-30 14:52:37,273][gurobipy][INFO] - 
[2026-04-30 14:52:37,273][gurobipy][INFO] - Barrier solved model in 68 iterations and 245.41 seconds (113.32 work units)
[2026-04-30 14:52:37,273][gurobipy][INFO] - Optimal objective 1.01840976e-02
[2026-04-30 14:52:37,273][gurobipy][INFO] - 
[2026-04-30 14:52:37,755][gurobipy][INFO] - 
[2026-04-30 14:52:37,755][gurobipy][INFO] - Root crossover log...
[2026-04-30 14:52:37,755][gurobipy][INFO] - 
[2026-04-30 14:52:38,249][gurobipy][INFO] -    61664 DPushes remaining with DInf 0.0000000e+00               246s
[2026-04-30 14:52:41,821][gurobipy][INFO] -    34629 DPushes remaining with DInf 0.0000000e+00               250s
[2026-04-30 14:52:46,839][gurobipy][INFO] -     5556 DPushes remaining with DInf 0.0000000e+00               255s
[2026-04-30 14:52:47,614][gurobipy][INFO] -        0 DPushes remaining with DInf 0.0000000e+00               256s
[2026-04-30 14:52:47,640][gurobipy][INFO] - 
[2026-04-30 14:52:47,640][gurobipy][INFO] -       25 PPushes remaining with PInf 1.8665480e-03               256s
[2026-04-30 14:52:47,915][gurobipy][INFO] -        0 PPushes remaining with PInf 3.4334975e-03               256s
[2026-04-30 14:52:47,927][gurobipy][INFO] - 
[2026-04-30 14:52:47,927][gurobipy][INFO] -   Push phase complete: Pinf 3.4334975e-03, Dinf 5.6056460e-05    256s
[2026-04-30 14:52:47,927][gurobipy][INFO] - 
[2026-04-30 14:52:48,031][gurobipy][INFO] - 
[2026-04-30 14:52:48,031][gurobipy][INFO] - Root simplex log...
[2026-04-30 14:52:48,031][gurobipy][INFO] - 
[2026-04-30 14:52:48,031][gurobipy][INFO] - Iteration    Objective       Primal Inf.    Dual Inf.      Time
[2026-04-30 14:52:48,031][gurobipy][INFO] -    38762    1.0184070e-02   0.000000e+00   5.605646e-05    256s
[2026-04-30 14:52:48,426][gurobipy][INFO] -    38807    1.0184075e-02   0.000000e+00   0.000000e+00    257s
[2026-04-30 14:52:48,426][gurobipy][INFO] - Crossover time: 11.09 seconds (7.45 work units)
[2026-04-30 14:52:48,576][gurobipy][INFO] -    38807    1.0184075e-02   0.000000e+00   0.000000e+00    257s
[2026-04-30 14:52:48,779][gurobipy][INFO] - 
[2026-04-30 14:52:48,780][gurobipy][INFO] - Use crossover to convert LP symmetric solution to basic solution...
[2026-04-30 14:52:48,953][gurobipy][INFO] - 
[2026-04-30 14:52:48,953][gurobipy][INFO] - Root crossover log...
[2026-04-30 14:52:48,953][gurobipy][INFO] - 
[2026-04-30 14:53:01,245][gurobipy][INFO] -   301379 variables added to crossover basis                      269s
[2026-04-30 14:53:01,914][gurobipy][INFO] -   301889 variables added to crossover basis                      270s
[2026-04-30 14:53:07,363][gurobipy][INFO] -   302279 variables added to crossover basis                      276s
[2026-04-30 14:53:12,390][gurobipy][INFO] -   302489 variables added to crossover basis                      281s
[2026-04-30 14:53:17,772][gurobipy][INFO] -   302669 variables added to crossover basis                      286s
[2026-04-30 14:53:21,944][gurobipy][INFO] -   302789 variables added to crossover basis                      290s
[2026-04-30 14:53:27,868][gurobipy][INFO] -   302939 variables added to crossover basis                      296s
[2026-04-30 14:53:32,781][gurobipy][INFO] - 
[2026-04-30 14:53:32,800][gurobipy][INFO] - 
[2026-04-30 14:53:32,800][gurobipy][INFO] - Root relaxation: time limit, 303059 iterations, 145.42 seconds (87.09 work units)
[2026-04-30 14:53:32,802][gurobipy][INFO] - 
[2026-04-30 14:53:32,802][gurobipy][INFO] -     Nodes    |    Current Node    |     Objective Bounds      |     Work
[2026-04-30 14:53:32,802][gurobipy][INFO] -  Expl Unexpl |  Obj  Depth IntInf | Incumbent    BestBd   Gap | It/Node Time
[2026-04-30 14:53:32,802][gurobipy][INFO] - 
[2026-04-30 14:53:32,802][gurobipy][INFO] -      0     0          -    0         0.50000    0.00000   100%     -  300s
[2026-04-30 14:53:32,810][gurobipy][INFO] - 
[2026-04-30 14:53:32,811][gurobipy][INFO] - Explored 1 nodes (303059 simplex iterations) in 300.99 seconds (183.74 work units)
[2026-04-30 14:53:32,811][gurobipy][INFO] - Thread count was 32 (of 128 available processors)
[2026-04-30 14:53:32,811][gurobipy][INFO] - 
[2026-04-30 14:53:32,811][gurobipy][INFO] - Solution count 1: 0.5 
[2026-04-30 14:53:32,811][gurobipy][INFO] - 
[2026-04-30 14:53:32,811][gurobipy][INFO] - Time limit reached
[2026-04-30 14:53:32,813][gurobipy][INFO] - Best objective 5.000000000000e-01, best bound 3.875049695186e-14, gap 100.0000%
