[2026-04-30 14:55:53,065][gurobipy][INFO] - Set parameter WLSAccessID
[2026-04-30 14:55:53,065][gurobipy][INFO] - Set parameter WLSSecret
[2026-04-30 14:55:53,065][gurobipy][INFO] - Set parameter LicenseID to value 2619742
[2026-04-30 14:55:53,072][gurobipy][INFO] - Academic license 2619742 - for non-commercial use only - registered to it___@mail.huji.ac.il
[2026-04-30 14:55:53,072][gurobipy][INFO] - Set parameter OutputFlag to value 1
[2026-04-30 14:55:53,072][gurobipy][INFO] - Set parameter MIPGap to value 0
[2026-04-30 14:55:53,073][gurobipy][INFO] - Set parameter TimeLimit to value 300
[2026-04-30 14:56:15,838][gurobipy][INFO] - Gurobi Optimizer version 13.0.1 build v13.0.1rc0 (linux64 - "Ubuntu 22.04.5 LTS")
[2026-04-30 14:56:15,839][gurobipy][INFO] - 
[2026-04-30 14:56:15,839][gurobipy][INFO] - CPU model: Intel(R) Xeon(R) Platinum 8358 CPU @ 2.60GHz, instruction set [SSE2|AVX|AVX2|AVX512]
[2026-04-30 14:56:15,839][gurobipy][INFO] - Thread count: 64 physical cores, 128 logical processors, using up to 32 threads
[2026-04-30 14:56:15,839][gurobipy][INFO] - 
[2026-04-30 14:56:15,839][gurobipy][INFO] - Non-default parameters:
[2026-04-30 14:56:15,839][gurobipy][INFO] - TimeLimit  300
[2026-04-30 14:56:15,839][gurobipy][INFO] - MIPGap  0
[2026-04-30 14:56:15,839][gurobipy][INFO] - 
[2026-04-30 14:56:15,840][gurobipy][INFO] - Academic license 2619742 - for non-commercial use only - registered to it___@mail.huji.ac.il
[2026-04-30 14:56:15,840][gurobipy][INFO] - Optimize a model with 564385 rows, 5000 columns and 1128770 nonzeros (Min)
[2026-04-30 14:56:15,850][gurobipy][INFO] - Model fingerprint: 0x51cf9318
[2026-04-30 14:56:15,850][gurobipy][INFO] - Model has 5000 linear objective coefficients and an objective constant of 1
[2026-04-30 14:56:15,850][gurobipy][INFO] - Variable types: 0 continuous, 5000 integer (5000 binary)
[2026-04-30 14:56:15,852][gurobipy][INFO] - Coefficient statistics:
[2026-04-30 14:56:15,852][gurobipy][INFO] -   Matrix range     [1e+00, 1e+00]
[2026-04-30 14:56:15,852][gurobipy][INFO] -   Objective range  [2e-04, 2e-04]
[2026-04-30 14:56:15,852][gurobipy][INFO] -   Bounds range     [1e+00, 1e+00]
[2026-04-30 14:56:15,852][gurobipy][INFO] -   RHS range        [1e+00, 1e+00]
[2026-04-30 14:56:15,852][gurobipy][INFO] - 
[2026-04-30 14:56:15,868][gurobipy][INFO] - Found heuristic solution: objective 0.0576000
[2026-04-30 14:56:20,960][gurobipy][INFO] - Presolve removed 255453 rows and 0 columns (presolve time = 5s)...
[2026-04-30 14:56:25,992][gurobipy][INFO] - Presolve removed 255453 rows and 0 columns (presolve time = 10s)...
[2026-04-30 14:56:30,993][gurobipy][INFO] - Presolve removed 255453 rows and 0 columns (presolve time = 15s)...
[2026-04-30 14:56:35,930][gurobipy][INFO] - Presolve removed 255453 rows and 0 columns (presolve time = 20s)...
[2026-04-30 14:56:37,210][gurobipy][INFO] - Presolve removed 564385 rows and 5000 columns
[2026-04-30 14:56:37,210][gurobipy][INFO] - Presolve time: 21.28s
[2026-04-30 14:56:37,214][gurobipy][INFO] - Presolve: All rows and columns removed
[2026-04-30 14:56:37,230][gurobipy][INFO] - 
[2026-04-30 14:56:37,230][gurobipy][INFO] - Explored 0 nodes (0 simplex iterations) in 21.39 seconds (9.19 work units)
[2026-04-30 14:56:37,230][gurobipy][INFO] - Thread count was 1 (of 128 available processors)
[2026-04-30 14:56:37,230][gurobipy][INFO] - 
[2026-04-30 14:56:37,230][gurobipy][INFO] - Solution count 1: 0.0576 
[2026-04-30 14:56:37,230][gurobipy][INFO] - 
[2026-04-30 14:56:37,230][gurobipy][INFO] - Optimal solution found (tolerance 0.00e+00)
[2026-04-30 14:56:37,234][gurobipy][INFO] - Best objective 5.759999999999e-02, best bound 5.759999999999e-02, gap 0.0000%
