[2026-04-30 14:48:33,863][gurobipy][INFO] - Set parameter WLSAccessID
[2026-04-30 14:48:33,863][gurobipy][INFO] - Set parameter WLSSecret
[2026-04-30 14:48:33,863][gurobipy][INFO] - Set parameter LicenseID to value 2619742
[2026-04-30 14:48:33,914][gurobipy][INFO] - Academic license 2619742 - for non-commercial use only - registered to it___@mail.huji.ac.il
[2026-04-30 14:48:33,916][gurobipy][INFO] - Set parameter OutputFlag to value 1
[2026-04-30 14:48:33,916][gurobipy][INFO] - Set parameter MIPGap to value 0
[2026-04-30 14:48:33,916][gurobipy][INFO] - Set parameter TimeLimit to value 300
[2026-04-30 14:48:46,987][gurobipy][INFO] - Gurobi Optimizer version 13.0.1 build v13.0.1rc0 (linux64 - "Ubuntu 22.04.5 LTS")
[2026-04-30 14:48:46,987][gurobipy][INFO] - 
[2026-04-30 14:48:46,987][gurobipy][INFO] - CPU model: Intel(R) Xeon(R) Platinum 8358 CPU @ 2.60GHz, instruction set [SSE2|AVX|AVX2|AVX512]
[2026-04-30 14:48:46,987][gurobipy][INFO] - Thread count: 64 physical cores, 128 logical processors, using up to 32 threads
[2026-04-30 14:48:46,987][gurobipy][INFO] - 
[2026-04-30 14:48:46,987][gurobipy][INFO] - Non-default parameters:
[2026-04-30 14:48:46,987][gurobipy][INFO] - TimeLimit  300
[2026-04-30 14:48:46,987][gurobipy][INFO] - MIPGap  0
[2026-04-30 14:48:46,988][gurobipy][INFO] - 
[2026-04-30 14:48:46,988][gurobipy][INFO] - Academic license 2619742 - for non-commercial use only - registered to it___@mail.huji.ac.il
[2026-04-30 14:48:46,988][gurobipy][INFO] - Optimize a model with 301870 rows, 5000 columns and 603740 nonzeros (Min)
[2026-04-30 14:48:46,994][gurobipy][INFO] - Model fingerprint: 0x67f7b29a
[2026-04-30 14:48:46,994][gurobipy][INFO] - Model has 5000 linear objective coefficients and an objective constant of 1
[2026-04-30 14:48:46,994][gurobipy][INFO] - Variable types: 0 continuous, 5000 integer (5000 binary)
[2026-04-30 14:48:46,995][gurobipy][INFO] - Coefficient statistics:
[2026-04-30 14:48:46,995][gurobipy][INFO] -   Matrix range     [1e+00, 1e+00]
[2026-04-30 14:48:46,995][gurobipy][INFO] -   Objective range  [2e-04, 2e-04]
[2026-04-30 14:48:46,995][gurobipy][INFO] -   Bounds range     [1e+00, 1e+00]
[2026-04-30 14:48:46,995][gurobipy][INFO] -   RHS range        [1e+00, 1e+00]
[2026-04-30 14:48:46,995][gurobipy][INFO] - 
[2026-04-30 14:48:47,004][gurobipy][INFO] - Found heuristic solution: objective 0.0300000
[2026-04-30 14:48:52,107][gurobipy][INFO] - Presolve removed 113183 rows and 0 columns (presolve time = 5s)...
[2026-04-30 14:48:57,089][gurobipy][INFO] - Presolve removed 113183 rows and 0 columns (presolve time = 10s)...
[2026-04-30 14:49:02,144][gurobipy][INFO] - Presolve removed 248391 rows and 3255 columns (presolve time = 15s)...
[2026-04-30 14:49:02,307][gurobipy][INFO] - Presolve removed 301870 rows and 5000 columns
[2026-04-30 14:49:02,307][gurobipy][INFO] - Presolve time: 15.27s
[2026-04-30 14:49:02,308][gurobipy][INFO] - Presolve: All rows and columns removed
[2026-04-30 14:49:02,318][gurobipy][INFO] - 
[2026-04-30 14:49:02,318][gurobipy][INFO] - Explored 0 nodes (0 simplex iterations) in 15.33 seconds (4.99 work units)
[2026-04-30 14:49:02,318][gurobipy][INFO] - Thread count was 1 (of 128 available processors)
[2026-04-30 14:49:02,318][gurobipy][INFO] - 
[2026-04-30 14:49:02,318][gurobipy][INFO] - Solution count 1: 0.03 
[2026-04-30 14:49:02,318][gurobipy][INFO] - 
[2026-04-30 14:49:02,318][gurobipy][INFO] - Optimal solution found (tolerance 0.00e+00)
[2026-04-30 14:49:02,321][gurobipy][INFO] - Best objective 2.999999999999e-02, best bound 2.999999999999e-02, gap 0.0000%
