[2026-05-03 16:10:36,261][gurobipy][INFO] - Set parameter WLSAccessID
[2026-05-03 16:10:36,261][gurobipy][INFO] - Set parameter WLSSecret
[2026-05-03 16:10:36,261][gurobipy][INFO] - Set parameter LicenseID to value 2619742
[2026-05-03 16:10:36,333][gurobipy][INFO] - Academic license 2619742 - for non-commercial use only - registered to it___@mail.huji.ac.il
[2026-05-03 16:10:36,334][gurobipy][INFO] - Set parameter OutputFlag to value 1
[2026-05-03 16:10:36,335][gurobipy][INFO] - Set parameter MIPGap to value 0
[2026-05-03 16:10:36,335][gurobipy][INFO] - Set parameter TimeLimit to value 300
[2026-05-03 16:10:49,612][gurobipy][INFO] - Set parameter NonConvex to value 2
[2026-05-03 16:10:52,439][gurobipy][INFO] - Gurobi Optimizer version 13.0.1 build v13.0.1rc0 (linux64 - "Ubuntu 22.04.5 LTS")
[2026-05-03 16:10:52,439][gurobipy][INFO] - 
[2026-05-03 16:10:52,440][gurobipy][INFO] - CPU model: Intel(R) Xeon(R) Platinum 8358 CPU @ 2.60GHz, instruction set [SSE2|AVX|AVX2|AVX512]
[2026-05-03 16:10:52,440][gurobipy][INFO] - Thread count: 64 physical cores, 128 logical processors, using up to 32 threads
[2026-05-03 16:10:52,440][gurobipy][INFO] - 
[2026-05-03 16:10:52,440][gurobipy][INFO] - Non-default parameters:
[2026-05-03 16:10:52,440][gurobipy][INFO] - TimeLimit  300
[2026-05-03 16:10:52,440][gurobipy][INFO] - MIPGap  0
[2026-05-03 16:10:52,440][gurobipy][INFO] - NonConvex  2
[2026-05-03 16:10:52,440][gurobipy][INFO] - 
[2026-05-03 16:10:52,440][gurobipy][INFO] - Academic license 2619742 - for non-commercial use only - registered to it___@mail.huji.ac.il
[2026-05-03 16:10:52,440][gurobipy][INFO] - Optimize a model with 331286 rows, 60818 columns and 662572 nonzeros (Min)
[2026-05-03 16:10:52,480][gurobipy][INFO] - Model fingerprint: 0x90da0fc5
[2026-05-03 16:10:52,480][gurobipy][INFO] - Model has 60818 linear objective coefficients and an objective constant of 4.9999999999999994e-01
[2026-05-03 16:10:52,480][gurobipy][INFO] - Model has 40 quadratic constraints
[2026-05-03 16:10:52,480][gurobipy][INFO] - Variable types: 20 continuous, 60798 integer (60798 binary)
[2026-05-03 16:10:52,486][gurobipy][INFO] - Coefficient statistics:
[2026-05-03 16:10:52,486][gurobipy][INFO] -   Matrix range     [1e+00, 1e+00]
[2026-05-03 16:10:52,486][gurobipy][INFO] -   QMatrix range    [1e+00, 1e+00]
[2026-05-03 16:10:52,486][gurobipy][INFO] -   QLMatrix range   [5e-05, 1e+00]
[2026-05-03 16:10:52,486][gurobipy][INFO] -   Objective range  [8e-06, 3e-02]
[2026-05-03 16:10:52,486][gurobipy][INFO] -   Bounds range     [1e+00, 1e+00]
[2026-05-03 16:10:52,486][gurobipy][INFO] -   RHS range        [1e+00, 1e+00]
[2026-05-03 16:10:52,486][gurobipy][INFO] - 
[2026-05-03 16:10:52,503][gurobipy][INFO] - Found heuristic solution: objective 0.5000000
[2026-05-03 16:10:57,606][gurobipy][INFO] - Presolve removed 70051 rows and 0 columns (presolve time = 5s)...
[2026-05-03 16:11:06,080][gurobipy][INFO] - Presolve removed 70051 rows and 0 columns (presolve time = 13s)...
[2026-05-03 16:11:06,080][gurobipy][INFO] - Presolve added 0 rows and 18 columns
[2026-05-03 16:11:06,080][gurobipy][INFO] - Presolve removed 70015 rows and 0 columns
[2026-05-03 16:11:06,081][gurobipy][INFO] - Presolve time: 13.48s
[2026-05-03 16:11:06,086][gurobipy][INFO] - Presolved: 2693211 rows, 3708716 columns, 10077041 nonzeros
[2026-05-03 16:11:06,086][gurobipy][INFO] - Presolved model has 2431920 SOS constraint(s)
[2026-05-03 16:11:18,303][gurobipy][INFO] - Variable types: 2431958 continuous, 1276758 integer (1276758 binary)
[2026-05-03 16:35:49,044][gurobipy][INFO] - 
[2026-05-03 16:35:49,044][gurobipy][INFO] - Explored 1 nodes (0 simplex iterations) in 1496.60 seconds (1767.91 work units)
[2026-05-03 16:35:49,044][gurobipy][INFO] - Thread count was 32 (of 128 available processors)
[2026-05-03 16:35:49,045][gurobipy][INFO] - 
[2026-05-03 16:35:49,045][gurobipy][INFO] - Solution count 1: 0.5 
[2026-05-03 16:35:49,045][gurobipy][INFO] - 
[2026-05-03 16:35:49,045][gurobipy][INFO] - Time limit reached
[2026-05-03 16:35:49,052][gurobipy][INFO] - Best objective 5.000000000000e-01, best bound -5.732534808173e-13, gap 100.0000%
