[2026-05-03 15:44:51,418][gurobipy][INFO] - Set parameter WLSAccessID
[2026-05-03 15:44:51,418][gurobipy][INFO] - Set parameter WLSSecret
[2026-05-03 15:44:51,418][gurobipy][INFO] - Set parameter LicenseID to value 2619742
[2026-05-03 15:44:51,426][gurobipy][INFO] - Academic license 2619742 - for non-commercial use only - registered to it___@mail.huji.ac.il
[2026-05-03 15:44:51,427][gurobipy][INFO] - Set parameter OutputFlag to value 1
[2026-05-03 15:44:51,427][gurobipy][INFO] - Set parameter MIPGap to value 0
[2026-05-03 15:44:51,427][gurobipy][INFO] - Set parameter TimeLimit to value 300
[2026-05-03 15:49:27,544][gurobipy][INFO] - Gurobi Optimizer version 13.0.1 build v13.0.1rc0 (linux64 - "Ubuntu 22.04.5 LTS")
[2026-05-03 15:49:27,544][gurobipy][INFO] - 
[2026-05-03 15:49:27,544][gurobipy][INFO] - CPU model: Intel(R) Xeon(R) Platinum 8358 CPU @ 2.60GHz, instruction set [SSE2|AVX|AVX2|AVX512]
[2026-05-03 15:49:27,545][gurobipy][INFO] - Thread count: 64 physical cores, 128 logical processors, using up to 32 threads
[2026-05-03 15:49:27,545][gurobipy][INFO] - 
[2026-05-03 15:49:27,545][gurobipy][INFO] - Non-default parameters:
[2026-05-03 15:49:27,545][gurobipy][INFO] - TimeLimit  300
[2026-05-03 15:49:27,545][gurobipy][INFO] - MIPGap  0
[2026-05-03 15:49:27,545][gurobipy][INFO] - 
[2026-05-03 15:49:27,545][gurobipy][INFO] - Academic license 2619742 - for non-commercial use only - registered to it___@mail.huji.ac.il
[2026-05-03 15:49:27,545][gurobipy][INFO] - Optimize a model with 6542262 rows, 3395604 columns and 13084524 nonzeros (Min)
[2026-05-03 15:49:27,716][gurobipy][INFO] - Model fingerprint: 0x8bd7e765
[2026-05-03 15:49:27,719][gurobipy][INFO] - Model has 3395604 linear objective coefficients and an objective constant of 1
[2026-05-03 15:49:27,722][gurobipy][INFO] - Variable types: 0 continuous, 3395604 integer (3395604 binary)
[2026-05-03 15:49:27,771][gurobipy][INFO] - Coefficient statistics:
[2026-05-03 15:49:27,771][gurobipy][INFO] -   Matrix range     [1e+00, 1e+00]
[2026-05-03 15:49:27,771][gurobipy][INFO] -   Objective range  [3e-07, 3e-07]
[2026-05-03 15:49:27,771][gurobipy][INFO] -   Bounds range     [1e+00, 1e+00]
[2026-05-03 15:49:27,771][gurobipy][INFO] -   RHS range        [1e+00, 1e+00]
[2026-05-03 15:49:27,771][gurobipy][INFO] - 
[2026-05-03 15:49:28,188][gurobipy][INFO] - Found heuristic solution: objective 0.0128758
[2026-05-03 15:49:34,376][gurobipy][INFO] - Presolve removed 58300 rows and 489393 columns (presolve time = 5s)...
[2026-05-03 15:49:39,229][gurobipy][INFO] - Presolve removed 58300 rows and 489393 columns (presolve time = 10s)...
[2026-05-03 15:49:44,195][gurobipy][INFO] - Presolve removed 58303 rows and 489399 columns (presolve time = 15s)...
[2026-05-03 15:49:49,197][gurobipy][INFO] - Presolve removed 58303 rows and 489399 columns (presolve time = 20s)...
[2026-05-03 15:49:54,261][gurobipy][INFO] - Presolve removed 196279 rows and 490013 columns (presolve time = 25s)...
[2026-05-03 15:50:00,265][gurobipy][INFO] - Presolve removed 5887995 rows and 3335871 columns (presolve time = 31s)...
[2026-05-03 15:50:00,707][gurobipy][INFO] - Presolve removed 5887995 rows and 3335871 columns
[2026-05-03 15:50:00,707][gurobipy][INFO] - Presolve time: 31.51s
[2026-05-03 15:50:00,771][gurobipy][INFO] - Presolved: 654267 rows, 59733 columns, 1308561 nonzeros
[2026-05-03 15:50:01,339][gurobipy][INFO] - Found heuristic solution: objective 0.1273435
[2026-05-03 15:50:01,415][gurobipy][INFO] - Variable types: 0 continuous, 59733 integer (59733 binary)
[2026-05-03 15:50:01,700][gurobipy][INFO] - 
[2026-05-03 15:50:01,700][gurobipy][INFO] - Explored 0 nodes (0 simplex iterations) in 34.15 seconds (69.84 work units)
[2026-05-03 15:50:01,700][gurobipy][INFO] - Thread count was 32 (of 128 available processors)
[2026-05-03 15:50:01,700][gurobipy][INFO] - 
[2026-05-03 15:50:01,700][gurobipy][INFO] - Solution count 2: 0.0128758 0.127343 
[2026-05-03 15:50:01,700][gurobipy][INFO] - 
[2026-05-03 15:50:01,700][gurobipy][INFO] - Optimal solution found (tolerance 0.00e+00)
[2026-05-03 15:50:01,776][gurobipy][INFO] - Best objective 1.287576526359e-02, best bound 1.287576526359e-02, gap 0.0000%
