[2026-05-03 16:17:06,999][gurobipy][INFO] - Set parameter WLSAccessID
[2026-05-03 16:17:06,999][gurobipy][INFO] - Set parameter WLSSecret
[2026-05-03 16:17:06,999][gurobipy][INFO] - Set parameter LicenseID to value 2619742
[2026-05-03 16:17:07,030][gurobipy][INFO] - Academic license 2619742 - for non-commercial use only - registered to it___@mail.huji.ac.il
[2026-05-03 16:17:07,031][gurobipy][INFO] - Set parameter OutputFlag to value 1
[2026-05-03 16:17:07,031][gurobipy][INFO] - Set parameter MIPGap to value 0
[2026-05-03 16:17:07,031][gurobipy][INFO] - Set parameter TimeLimit to value 300
[2026-05-03 16:28:17,283][gurobipy][INFO] - Set parameter NonConvex to value 2
[2026-05-03 16:28:23,819][gurobipy][INFO] - Gurobi Optimizer version 13.0.1 build v13.0.1rc0 (linux64 - "Ubuntu 22.04.5 LTS")
[2026-05-03 16:28:23,819][gurobipy][INFO] - 
[2026-05-03 16:28:23,819][gurobipy][INFO] - CPU model: Intel(R) Xeon(R) Platinum 8358 CPU @ 2.60GHz, instruction set [SSE2|AVX|AVX2|AVX512]
[2026-05-03 16:28:23,819][gurobipy][INFO] - Thread count: 64 physical cores, 128 logical processors, using up to 32 threads
[2026-05-03 16:28:23,819][gurobipy][INFO] - 
[2026-05-03 16:28:23,819][gurobipy][INFO] - Non-default parameters:
[2026-05-03 16:28:23,819][gurobipy][INFO] - TimeLimit  300
[2026-05-03 16:28:23,819][gurobipy][INFO] - MIPGap  0
[2026-05-03 16:28:23,819][gurobipy][INFO] - NonConvex  2
[2026-05-03 16:28:23,819][gurobipy][INFO] - 
[2026-05-03 16:28:23,819][gurobipy][INFO] - Academic license 2619742 - for non-commercial use only - registered to it___@mail.huji.ac.il
[2026-05-03 16:28:23,819][gurobipy][INFO] - Optimize a model with 17152734 rows, 60818 columns and 34305468 nonzeros (Min)
[2026-05-03 16:28:24,176][gurobipy][INFO] - Model fingerprint: 0xaa4b1df4
[2026-05-03 16:28:24,176][gurobipy][INFO] - Model has 60818 linear objective coefficients and an objective constant of 4.9999999999999994e-01
[2026-05-03 16:28:24,176][gurobipy][INFO] - Model has 40 quadratic constraints
[2026-05-03 16:28:24,176][gurobipy][INFO] - Variable types: 20 continuous, 60798 integer (60798 binary)
[2026-05-03 16:28:24,236][gurobipy][INFO] - Coefficient statistics:
[2026-05-03 16:28:24,236][gurobipy][INFO] -   Matrix range     [1e+00, 1e+00]
[2026-05-03 16:28:24,236][gurobipy][INFO] -   QMatrix range    [1e+00, 1e+00]
[2026-05-03 16:28:24,236][gurobipy][INFO] -   QLMatrix range   [5e-03, 1e+00]
[2026-05-03 16:28:24,236][gurobipy][INFO] -   Objective range  [8e-06, 3e-02]
[2026-05-03 16:28:24,236][gurobipy][INFO] -   Bounds range     [1e+00, 1e+00]
[2026-05-03 16:28:24,236][gurobipy][INFO] -   RHS range        [1e+00, 1e+00]
[2026-05-03 16:28:24,236][gurobipy][INFO] - 
[2026-05-03 16:28:24,680][gurobipy][INFO] - Found heuristic solution: objective 0.5000000
[2026-05-03 16:28:32,720][gurobipy][INFO] - Presolve removed 0 rows and 0 columns (presolve time = 5s)...
[2026-05-03 16:28:37,895][gurobipy][INFO] - Presolve removed 0 rows and 0 columns (presolve time = 10s)...
[2026-05-03 16:28:42,690][gurobipy][INFO] - Presolve removed 0 rows and 0 columns (presolve time = 15s)...
[2026-05-03 16:28:47,415][gurobipy][INFO] - Presolve removed 0 rows and 0 columns (presolve time = 20s)...
[2026-05-03 16:28:52,415][gurobipy][INFO] - Presolve removed 0 rows and 0 columns (presolve time = 25s)...
[2026-05-03 16:28:57,415][gurobipy][INFO] - Presolve removed 0 rows and 0 columns (presolve time = 30s)...
[2026-05-03 16:29:02,415][gurobipy][INFO] - Presolve removed 0 rows and 0 columns (presolve time = 35s)...
[2026-05-03 16:29:07,434][gurobipy][INFO] - Presolve removed 752715 rows and 0 columns (presolve time = 40s)...
[2026-05-03 16:29:12,440][gurobipy][INFO] - Presolve removed 759225 rows and 0 columns (presolve time = 45s)...
[2026-05-03 16:29:17,673][gurobipy][INFO] - Presolve removed 780297 rows and 0 columns (presolve time = 50s)...
[2026-05-03 16:29:23,086][gurobipy][INFO] - Presolve removed 790256 rows and 0 columns (presolve time = 56s)...
[2026-05-03 16:29:28,272][gurobipy][INFO] - Presolve removed 800052 rows and 0 columns (presolve time = 61s)...
[2026-05-03 16:29:32,873][gurobipy][INFO] - Presolve removed 803645 rows and 0 columns (presolve time = 65s)...
[2026-05-03 16:29:37,418][gurobipy][INFO] - Presolve removed 806232 rows and 0 columns (presolve time = 70s)...
[2026-05-03 16:29:43,269][gurobipy][INFO] - Presolve removed 806912 rows and 0 columns (presolve time = 76s)...
[2026-05-03 16:29:47,682][gurobipy][INFO] - Presolve removed 809528 rows and 0 columns (presolve time = 80s)...
[2026-05-03 16:29:52,457][gurobipy][INFO] - Presolve removed 809528 rows and 0 columns (presolve time = 85s)...
[2026-05-03 16:29:57,843][gurobipy][INFO] - Presolve removed 809528 rows and 0 columns (presolve time = 90s)...
[2026-05-03 16:30:03,266][gurobipy][INFO] - Presolve removed 815788 rows and 0 columns (presolve time = 96s)...
[2026-05-03 16:30:07,582][gurobipy][INFO] - Presolve removed 820499 rows and 0 columns (presolve time = 100s)...
[2026-05-03 16:30:12,805][gurobipy][INFO] - Presolve removed 820511 rows and 0 columns (presolve time = 105s)...
[2026-05-03 16:30:17,692][gurobipy][INFO] - Presolve removed 828681 rows and 0 columns (presolve time = 110s)...
[2026-05-03 16:30:23,487][gurobipy][INFO] - Presolve removed 832520 rows and 0 columns (presolve time = 116s)...
[2026-05-03 16:30:27,477][gurobipy][INFO] - Presolve removed 832606 rows and 0 columns (presolve time = 120s)...
[2026-05-03 16:30:33,383][gurobipy][INFO] - Presolve removed 839024 rows and 0 columns (presolve time = 126s)...
[2026-05-03 16:30:38,447][gurobipy][INFO] - Presolve removed 839737 rows and 0 columns (presolve time = 131s)...
[2026-05-03 16:30:42,645][gurobipy][INFO] - Presolve removed 843360 rows and 0 columns (presolve time = 135s)...
[2026-05-03 16:30:48,294][gurobipy][INFO] - Presolve removed 843372 rows and 0 columns (presolve time = 141s)...
[2026-05-03 16:30:52,877][gurobipy][INFO] - Presolve removed 847741 rows and 0 columns (presolve time = 145s)...
[2026-05-03 16:30:57,585][gurobipy][INFO] - Presolve removed 851206 rows and 0 columns (presolve time = 150s)...
[2026-05-03 16:31:02,924][gurobipy][INFO] - Presolve removed 851486 rows and 0 columns (presolve time = 156s)...
[2026-05-03 16:31:08,033][gurobipy][INFO] - Presolve removed 852049 rows and 0 columns (presolve time = 161s)...
[2026-05-03 16:31:12,512][gurobipy][INFO] - Presolve removed 852188 rows and 0 columns (presolve time = 165s)...
[2026-05-03 16:31:17,581][gurobipy][INFO] - Presolve removed 853918 rows and 0 columns (presolve time = 170s)...
[2026-05-03 16:31:23,166][gurobipy][INFO] - Presolve removed 855790 rows and 0 columns (presolve time = 176s)...
[2026-05-03 16:31:27,709][gurobipy][INFO] - Presolve removed 855917 rows and 0 columns (presolve time = 180s)...
[2026-05-03 16:31:33,104][gurobipy][INFO] - Presolve removed 857356 rows and 0 columns (presolve time = 186s)...
[2026-05-03 16:31:37,900][gurobipy][INFO] - Presolve removed 858814 rows and 0 columns (presolve time = 190s)...
[2026-05-03 16:31:43,211][gurobipy][INFO] - Presolve removed 860763 rows and 0 columns (presolve time = 196s)...
[2026-05-03 16:31:47,696][gurobipy][INFO] - Presolve removed 860777 rows and 0 columns (presolve time = 200s)...
[2026-05-03 16:31:52,664][gurobipy][INFO] - Presolve removed 867269 rows and 0 columns (presolve time = 205s)...
[2026-05-03 16:31:58,404][gurobipy][INFO] - Presolve removed 867452 rows and 0 columns (presolve time = 211s)...
[2026-05-03 16:32:03,043][gurobipy][INFO] - Presolve removed 867643 rows and 0 columns (presolve time = 216s)...
[2026-05-03 16:32:08,135][gurobipy][INFO] - Presolve removed 867649 rows and 0 columns (presolve time = 221s)...
[2026-05-03 16:32:12,770][gurobipy][INFO] - Presolve removed 869424 rows and 0 columns (presolve time = 225s)...
[2026-05-03 16:32:17,420][gurobipy][INFO] - Presolve removed 869999 rows and 0 columns (presolve time = 230s)...
[2026-05-03 16:32:22,961][gurobipy][INFO] - Presolve removed 873984 rows and 0 columns (presolve time = 236s)...
[2026-05-03 16:32:27,996][gurobipy][INFO] - Presolve removed 875016 rows and 0 columns (presolve time = 241s)...
[2026-05-03 16:32:32,916][gurobipy][INFO] - Presolve removed 875016 rows and 0 columns (presolve time = 246s)...
[2026-05-03 16:32:37,572][gurobipy][INFO] - Presolve removed 876044 rows and 0 columns (presolve time = 250s)...
[2026-05-03 16:32:43,340][gurobipy][INFO] - Presolve removed 878585 rows and 0 columns (presolve time = 256s)...
[2026-05-03 16:32:48,048][gurobipy][INFO] - Presolve removed 878613 rows and 0 columns (presolve time = 261s)...
[2026-05-03 16:32:52,424][gurobipy][INFO] - Presolve removed 878613 rows and 0 columns (presolve time = 265s)...
[2026-05-03 16:32:57,801][gurobipy][INFO] - Presolve removed 878615 rows and 0 columns (presolve time = 270s)...
[2026-05-03 16:33:02,435][gurobipy][INFO] - Presolve removed 878624 rows and 0 columns (presolve time = 275s)...
[2026-05-03 16:33:07,643][gurobipy][INFO] - Presolve removed 879917 rows and 0 columns (presolve time = 280s)...
[2026-05-03 16:33:12,927][gurobipy][INFO] - Presolve removed 884111 rows and 0 columns (presolve time = 286s)...
[2026-05-03 16:33:17,536][gurobipy][INFO] - Presolve removed 884111 rows and 0 columns (presolve time = 290s)...
[2026-05-03 16:33:23,447][gurobipy][INFO] - Presolve removed 889482 rows and 0 columns (presolve time = 296s)...
[2026-05-03 16:33:24,537][gurobipy][INFO] - Presolve added 0 rows and 20 columns
[2026-05-03 16:33:24,537][gurobipy][INFO] - Presolve removed 894437 rows and 0 columns
[2026-05-03 16:33:24,537][gurobipy][INFO] - Presolve time: 297.12s
[2026-05-03 16:33:25,289][gurobipy][INFO] - 
[2026-05-03 16:33:25,289][gurobipy][INFO] - Explored 0 nodes (0 simplex iterations) in 301.47 seconds (174.25 work units)
[2026-05-03 16:33:25,289][gurobipy][INFO] - Thread count was 1 (of 128 available processors)
[2026-05-03 16:33:25,289][gurobipy][INFO] - 
[2026-05-03 16:33:25,289][gurobipy][INFO] - Solution count 1: 0.5 
[2026-05-03 16:33:25,289][gurobipy][INFO] - 
[2026-05-03 16:33:25,289][gurobipy][INFO] - Time limit reached
[2026-05-03 16:33:25,534][gurobipy][INFO] - Best objective 5.000000000000e-01, best bound -, gap -
