[2026-04-30 14:49:56,782][gurobipy][INFO] - Set parameter WLSAccessID
[2026-04-30 14:49:56,783][gurobipy][INFO] - Set parameter WLSSecret
[2026-04-30 14:49:56,783][gurobipy][INFO] - Set parameter LicenseID to value 2619742
[2026-04-30 14:49:57,001][gurobipy][INFO] - Academic license 2619742 - for non-commercial use only - registered to it___@mail.huji.ac.il
[2026-04-30 14:49:57,003][gurobipy][INFO] - Set parameter OutputFlag to value 1
[2026-04-30 14:49:57,003][gurobipy][INFO] - Set parameter MIPGap to value 0
[2026-04-30 14:49:57,003][gurobipy][INFO] - Set parameter TimeLimit to value 300
[2026-04-30 14:50:14,357][gurobipy][INFO] - Set parameter NonConvex to value 2
[2026-04-30 14:50:14,603][gurobipy][INFO] - Gurobi Optimizer version 13.0.1 build v13.0.1rc0 (linux64 - "Ubuntu 22.04.5 LTS")
[2026-04-30 14:50:14,603][gurobipy][INFO] - 
[2026-04-30 14:50:14,603][gurobipy][INFO] - CPU model: Intel(R) Xeon(R) Platinum 8358 CPU @ 2.60GHz, instruction set [SSE2|AVX|AVX2|AVX512]
[2026-04-30 14:50:14,603][gurobipy][INFO] - Thread count: 64 physical cores, 128 logical processors, using up to 32 threads
[2026-04-30 14:50:14,603][gurobipy][INFO] - 
[2026-04-30 14:50:14,603][gurobipy][INFO] - Non-default parameters:
[2026-04-30 14:50:14,603][gurobipy][INFO] - TimeLimit  300
[2026-04-30 14:50:14,603][gurobipy][INFO] - MIPGap  0
[2026-04-30 14:50:14,603][gurobipy][INFO] - NonConvex  2
[2026-04-30 14:50:14,603][gurobipy][INFO] - 
[2026-04-30 14:50:14,604][gurobipy][INFO] - Academic license 2619742 - for non-commercial use only - registered to it___@mail.huji.ac.il
[2026-04-30 14:50:14,604][gurobipy][INFO] - Optimize a model with 397730 rows, 5020 columns and 795460 nonzeros (Min)
[2026-04-30 14:50:14,614][gurobipy][INFO] - Model fingerprint: 0x3065d51d
[2026-04-30 14:50:14,614][gurobipy][INFO] - Model has 5020 linear objective coefficients and an objective constant of 0.5
[2026-04-30 14:50:14,614][gurobipy][INFO] - Model has 40 quadratic constraints
[2026-04-30 14:50:14,614][gurobipy][INFO] - Variable types: 20 continuous, 5000 integer (5000 binary)
[2026-04-30 14:50:14,615][gurobipy][INFO] - Coefficient statistics:
[2026-04-30 14:50:14,615][gurobipy][INFO] -   Matrix range     [1e+00, 1e+00]
[2026-04-30 14:50:14,615][gurobipy][INFO] -   QMatrix range    [1e+00, 1e+00]
[2026-04-30 14:50:14,615][gurobipy][INFO] -   QLMatrix range   [1e-04, 1e+00]
[2026-04-30 14:50:14,615][gurobipy][INFO] -   Objective range  [1e-04, 3e-02]
[2026-04-30 14:50:14,615][gurobipy][INFO] -   Bounds range     [1e+00, 1e+00]
[2026-04-30 14:50:14,616][gurobipy][INFO] -   RHS range        [1e+00, 1e+00]
[2026-04-30 14:50:14,616][gurobipy][INFO] - 
[2026-04-30 14:50:14,622][gurobipy][INFO] - Found heuristic solution: objective 0.5000000
[2026-04-30 14:50:19,681][gurobipy][INFO] - Presolve removed 173847 rows and 0 columns (presolve time = 5s)...
[2026-04-30 14:50:24,686][gurobipy][INFO] - Presolve removed 173847 rows and 0 columns (presolve time = 10s)...
[2026-04-30 14:50:29,683][gurobipy][INFO] - Presolve removed 173847 rows and 0 columns (presolve time = 15s)...
[2026-04-30 14:50:31,610][gurobipy][INFO] - Presolve added 0 rows and 18 columns
[2026-04-30 14:50:31,610][gurobipy][INFO] - Presolve removed 173811 rows and 0 columns
[2026-04-30 14:50:31,610][gurobipy][INFO] - Presolve time: 16.95s
[2026-04-30 14:50:31,613][gurobipy][INFO] - Presolved: 423939 rows, 305038 columns, 1396659 nonzeros
[2026-04-30 14:50:31,613][gurobipy][INFO] - Presolved model has 200000 SOS constraint(s)
[2026-04-30 14:50:32,926][gurobipy][INFO] - Variable types: 200038 continuous, 105000 integer (105000 binary)
[2026-04-30 14:53:22,938][gurobipy][INFO] - 
[2026-04-30 14:53:22,938][gurobipy][INFO] - Deterministic concurrent LP optimizer: primal simplex, dual simplex, and barrier
[2026-04-30 14:53:22,938][gurobipy][INFO] - Showing barrier log only...
[2026-04-30 14:53:22,938][gurobipy][INFO] - 
[2026-04-30 14:53:26,009][gurobipy][INFO] - Root barrier log...
[2026-04-30 14:53:26,009][gurobipy][INFO] - 
[2026-04-30 14:53:34,121][gurobipy][INFO] - Elapsed ordering time = 5s
[2026-04-30 14:53:39,121][gurobipy][INFO] - Elapsed ordering time = 10s
[2026-04-30 14:53:44,121][gurobipy][INFO] - Elapsed ordering time = 15s
[2026-04-30 14:53:49,121][gurobipy][INFO] - Elapsed ordering time = 20s
[2026-04-30 14:53:54,121][gurobipy][INFO] - Elapsed ordering time = 25s
[2026-04-30 14:53:59,121][gurobipy][INFO] - Elapsed ordering time = 30s
[2026-04-30 14:54:04,121][gurobipy][INFO] - Elapsed ordering time = 35s
[2026-04-30 14:54:09,121][gurobipy][INFO] - Elapsed ordering time = 40s
[2026-04-30 14:54:14,121][gurobipy][INFO] - Elapsed ordering time = 45s
[2026-04-30 14:54:19,121][gurobipy][INFO] - Elapsed ordering time = 50s
[2026-04-30 14:54:20,913][gurobipy][INFO] - Ordering time: 51.79s
[2026-04-30 14:54:22,620][gurobipy][INFO] - 
[2026-04-30 14:54:22,620][gurobipy][INFO] - Barrier statistics:
[2026-04-30 14:54:22,620][gurobipy][INFO] -  Dense cols : 214
[2026-04-30 14:54:22,620][gurobipy][INFO] -  AA' NZ     : 3.290e+07
[2026-04-30 14:54:22,620][gurobipy][INFO] -  Factor NZ  : 7.251e+07 (roughly 900 MB of memory)
[2026-04-30 14:54:22,620][gurobipy][INFO] -  Factor Ops : 1.373e+10 (less than 1 second per iteration)
[2026-04-30 14:54:22,620][gurobipy][INFO] -  Threads    : 30
[2026-04-30 14:54:27,397][gurobipy][INFO] - 
[2026-04-30 14:54:27,397][gurobipy][INFO] -                   Objective                Residual
[2026-04-30 14:54:27,397][gurobipy][INFO] - Iter       Primal          Dual         Primal    Dual     Compl     Time
[2026-04-30 14:54:27,695][gurobipy][INFO] -    0   9.66685515e+01 -4.74929152e+04  1.08e+05 1.66e-05  1.82e+00   253s
[2026-04-30 14:54:32,727][gurobipy][INFO] -    1   1.42225404e+01 -4.01203856e+04  2.64e+04 2.69e-02  4.91e-01   258s
[2026-04-30 14:54:38,230][gurobipy][INFO] -    2   1.14663357e+01 -3.69403094e+04  1.95e+04 1.61e-02  3.40e-01   264s
[2026-04-30 14:54:44,187][gurobipy][INFO] -    3   8.99724929e+00 -3.12583778e+04  1.15e+04 3.67e-03  1.70e-01   270s
[2026-04-30 14:54:49,276][gurobipy][INFO] -    4   6.78608350e+00 -2.44030999e+04  6.27e+03 1.23e-03  8.75e-02   275s
[2026-04-30 14:54:53,667][gurobipy][INFO] -    5   6.11088057e+00 -1.95512919e+04  4.66e+03 6.17e-04  5.88e-02   279s
[2026-04-30 14:54:58,169][gurobipy][INFO] -    6   5.37024263e+00 -1.11995709e+04  2.89e+03 8.80e-05  2.71e-02   284s
[2026-04-30 14:55:02,504][gurobipy][INFO] -    7   4.17198086e+00 -3.97631461e+03  1.22e+02 7.67e-13  5.16e-03   288s
[2026-04-30 14:55:07,530][gurobipy][INFO] -    8   4.12972911e+00 -8.29245766e+01  5.96e+01 3.05e-14  1.14e-04   293s
[2026-04-30 14:55:11,758][gurobipy][INFO] -    9   3.21047451e+00 -7.00195664e+00  3.97e-10 3.33e-15  1.26e-05   297s
[2026-04-30 14:55:16,828][gurobipy][INFO] -   10   1.82425839e+00 -9.30838674e-01  1.86e-10 3.75e-15  3.39e-06   302s
[2026-04-30 14:55:17,008][gurobipy][INFO] - 
[2026-04-30 14:55:17,008][gurobipy][INFO] - Barrier performed 10 iterations in 302.23 seconds (273.37 work units)
[2026-04-30 14:55:17,008][gurobipy][INFO] - Time limit reached
[2026-04-30 14:55:17,008][gurobipy][INFO] - 
[2026-04-30 14:55:17,382][gurobipy][INFO] - 
[2026-04-30 14:55:17,832][gurobipy][INFO] - 
[2026-04-30 14:55:17,832][gurobipy][INFO] - Root relaxation: time limit, 82492 iterations, 114.90 seconds (69.53 work units)
[2026-04-30 14:55:17,861][gurobipy][INFO] - 
[2026-04-30 14:55:17,861][gurobipy][INFO] -     Nodes    |    Current Node    |     Objective Bounds      |     Work
[2026-04-30 14:55:17,861][gurobipy][INFO] -  Expl Unexpl |  Obj  Depth IntInf | Incumbent    BestBd   Gap | It/Node Time
[2026-04-30 14:55:17,861][gurobipy][INFO] - 
[2026-04-30 14:55:17,861][gurobipy][INFO] -      0     0          -    0         0.50000    0.00000   100%     -  303s
[2026-04-30 14:55:17,977][gurobipy][INFO] - 
[2026-04-30 14:55:17,977][gurobipy][INFO] - Explored 1 nodes (82492 simplex iterations) in 303.37 seconds (243.39 work units)
[2026-04-30 14:55:17,977][gurobipy][INFO] - Thread count was 32 (of 128 available processors)
[2026-04-30 14:55:17,977][gurobipy][INFO] - 
[2026-04-30 14:55:17,978][gurobipy][INFO] - Solution count 1: 0.5 
[2026-04-30 14:55:17,978][gurobipy][INFO] - 
[2026-04-30 14:55:17,978][gurobipy][INFO] - Time limit reached
[2026-04-30 14:55:18,033][gurobipy][INFO] - Best objective 5.000000000000e-01, best bound 3.875049695186e-14, gap 100.0000%
