[2026-04-30 14:48:05,496][gurobipy][INFO] - Set parameter WLSAccessID
[2026-04-30 14:48:05,496][gurobipy][INFO] - Set parameter WLSSecret
[2026-04-30 14:48:05,496][gurobipy][INFO] - Set parameter LicenseID to value 2619742
[2026-04-30 14:48:05,550][gurobipy][INFO] - Academic license 2619742 - for non-commercial use only - registered to it___@mail.huji.ac.il
[2026-04-30 14:48:05,552][gurobipy][INFO] - Set parameter OutputFlag to value 1
[2026-04-30 14:48:05,552][gurobipy][INFO] - Set parameter MIPGap to value 0
[2026-04-30 14:48:05,552][gurobipy][INFO] - Set parameter TimeLimit to value 300
[2026-04-30 14:48:14,802][gurobipy][INFO] - Gurobi Optimizer version 13.0.1 build v13.0.1rc0 (linux64 - "Ubuntu 22.04.5 LTS")
[2026-04-30 14:48:14,802][gurobipy][INFO] - 
[2026-04-30 14:48:14,802][gurobipy][INFO] - CPU model: Intel(R) Xeon(R) Platinum 8358 CPU @ 2.60GHz, instruction set [SSE2|AVX|AVX2|AVX512]
[2026-04-30 14:48:14,802][gurobipy][INFO] - Thread count: 64 physical cores, 128 logical processors, using up to 32 threads
[2026-04-30 14:48:14,802][gurobipy][INFO] - 
[2026-04-30 14:48:14,802][gurobipy][INFO] - Non-default parameters:
[2026-04-30 14:48:14,802][gurobipy][INFO] - TimeLimit  300
[2026-04-30 14:48:14,802][gurobipy][INFO] - MIPGap  0
[2026-04-30 14:48:14,802][gurobipy][INFO] - 
[2026-04-30 14:48:14,803][gurobipy][INFO] - Academic license 2619742 - for non-commercial use only - registered to it___@mail.huji.ac.il
[2026-04-30 14:48:14,803][gurobipy][INFO] - Optimize a model with 197149 rows, 5000 columns and 394298 nonzeros (Min)
[2026-04-30 14:48:14,807][gurobipy][INFO] - Model fingerprint: 0x05c64945
[2026-04-30 14:48:14,807][gurobipy][INFO] - Model has 5000 linear objective coefficients and an objective constant of 1
[2026-04-30 14:48:14,807][gurobipy][INFO] - Variable types: 0 continuous, 5000 integer (5000 binary)
[2026-04-30 14:48:14,808][gurobipy][INFO] - Coefficient statistics:
[2026-04-30 14:48:14,808][gurobipy][INFO] -   Matrix range     [1e+00, 1e+00]
[2026-04-30 14:48:14,808][gurobipy][INFO] -   Objective range  [2e-04, 2e-04]
[2026-04-30 14:48:14,808][gurobipy][INFO] -   Bounds range     [1e+00, 1e+00]
[2026-04-30 14:48:14,808][gurobipy][INFO] -   RHS range        [1e+00, 1e+00]
[2026-04-30 14:48:14,808][gurobipy][INFO] - 
[2026-04-30 14:48:14,813][gurobipy][INFO] - Found heuristic solution: objective 0.0198000
[2026-04-30 14:48:19,858][gurobipy][INFO] - Presolve removed 85959 rows and 0 columns (presolve time = 5s)...
[2026-04-30 14:48:20,425][gurobipy][INFO] - Presolve removed 177769 rows and 3911 columns
[2026-04-30 14:48:20,425][gurobipy][INFO] - Presolve time: 5.59s
[2026-04-30 14:48:20,426][gurobipy][INFO] - Presolved: 19380 rows, 1089 columns, 55573 nonzeros
[2026-04-30 14:48:20,440][gurobipy][INFO] - Variable types: 0 continuous, 1089 integer (1089 binary)
[2026-04-30 14:48:20,446][gurobipy][INFO] - 
[2026-04-30 14:48:20,446][gurobipy][INFO] - Explored 0 nodes (0 simplex iterations) in 5.64 seconds (2.93 work units)
[2026-04-30 14:48:20,446][gurobipy][INFO] - Thread count was 32 (of 128 available processors)
[2026-04-30 14:48:20,447][gurobipy][INFO] - 
[2026-04-30 14:48:20,447][gurobipy][INFO] - Solution count 1: 0.0198 
[2026-04-30 14:48:20,447][gurobipy][INFO] - 
[2026-04-30 14:48:20,447][gurobipy][INFO] - Optimal solution found (tolerance 0.00e+00)
[2026-04-30 14:48:20,448][gurobipy][INFO] - Best objective 1.979999999999e-02, best bound 1.979999999999e-02, gap 0.0000%
