[2026-04-30 14:46:47,919][gurobipy][INFO] - Set parameter WLSAccessID
[2026-04-30 14:46:47,920][gurobipy][INFO] - Set parameter WLSSecret
[2026-04-30 14:46:47,920][gurobipy][INFO] - Set parameter LicenseID to value 2619742
[2026-04-30 14:46:47,957][gurobipy][INFO] - Academic license 2619742 - for non-commercial use only - registered to it___@mail.huji.ac.il
[2026-04-30 14:46:47,958][gurobipy][INFO] - Set parameter OutputFlag to value 1
[2026-04-30 14:46:47,958][gurobipy][INFO] - Set parameter MIPGap to value 0
[2026-04-30 14:46:47,958][gurobipy][INFO] - Set parameter TimeLimit to value 300
[2026-04-30 14:46:51,664][gurobipy][INFO] - Set parameter NonConvex to value 2
[2026-04-30 14:46:51,878][gurobipy][INFO] - Gurobi Optimizer version 13.0.1 build v13.0.1rc0 (linux64 - "Ubuntu 22.04.5 LTS")
[2026-04-30 14:46:51,878][gurobipy][INFO] - 
[2026-04-30 14:46:51,878][gurobipy][INFO] - CPU model: Intel(R) Xeon(R) Platinum 8358 CPU @ 2.60GHz, instruction set [SSE2|AVX|AVX2|AVX512]
[2026-04-30 14:46:51,878][gurobipy][INFO] - Thread count: 64 physical cores, 128 logical processors, using up to 32 threads
[2026-04-30 14:46:51,879][gurobipy][INFO] - 
[2026-04-30 14:46:51,879][gurobipy][INFO] - Non-default parameters:
[2026-04-30 14:46:51,879][gurobipy][INFO] - TimeLimit  300
[2026-04-30 14:46:51,879][gurobipy][INFO] - MIPGap  0
[2026-04-30 14:46:51,879][gurobipy][INFO] - NonConvex  2
[2026-04-30 14:46:51,879][gurobipy][INFO] - 
[2026-04-30 14:46:51,879][gurobipy][INFO] - Academic license 2619742 - for non-commercial use only - registered to it___@mail.huji.ac.il
[2026-04-30 14:46:51,879][gurobipy][INFO] - Optimize a model with 70471 rows, 5020 columns and 140942 nonzeros (Min)
[2026-04-30 14:46:51,883][gurobipy][INFO] - Model fingerprint: 0xf0701466
[2026-04-30 14:46:51,883][gurobipy][INFO] - Model has 5020 linear objective coefficients and an objective constant of 0.5
[2026-04-30 14:46:51,883][gurobipy][INFO] - Model has 40 quadratic constraints
[2026-04-30 14:46:51,883][gurobipy][INFO] - Variable types: 20 continuous, 5000 integer (5000 binary)
[2026-04-30 14:46:51,884][gurobipy][INFO] - Coefficient statistics:
[2026-04-30 14:46:51,884][gurobipy][INFO] -   Matrix range     [1e+00, 1e+00]
[2026-04-30 14:46:51,884][gurobipy][INFO] -   QMatrix range    [1e+00, 1e+00]
[2026-04-30 14:46:51,884][gurobipy][INFO] -   QLMatrix range   [9e-05, 1e+00]
[2026-04-30 14:46:51,884][gurobipy][INFO] -   Objective range  [1e-04, 3e-02]
[2026-04-30 14:46:51,884][gurobipy][INFO] -   Bounds range     [1e+00, 1e+00]
[2026-04-30 14:46:51,884][gurobipy][INFO] -   RHS range        [1e+00, 1e+00]
[2026-04-30 14:46:51,884][gurobipy][INFO] - 
[2026-04-30 14:46:51,886][gurobipy][INFO] - Found heuristic solution: objective 0.5000000
[2026-04-30 14:46:54,410][gurobipy][INFO] - Presolve added 0 rows and 16 columns
[2026-04-30 14:46:54,410][gurobipy][INFO] - Presolve removed 25802 rows and 0 columns
[2026-04-30 14:46:54,410][gurobipy][INFO] - Presolve time: 2.52s
[2026-04-30 14:46:54,411][gurobipy][INFO] - Presolved: 244689 rows, 305036 columns, 874968 nonzeros
[2026-04-30 14:46:54,411][gurobipy][INFO] - Presolved model has 200000 SOS constraint(s)
[2026-04-30 14:46:55,407][gurobipy][INFO] - Variable types: 200036 continuous, 105000 integer (105000 binary)
[2026-04-30 14:47:45,995][gurobipy][INFO] - 
[2026-04-30 14:47:45,996][gurobipy][INFO] - Deterministic concurrent LP optimizer: primal simplex, dual simplex, and barrier
[2026-04-30 14:47:45,996][gurobipy][INFO] - Showing barrier log only...
[2026-04-30 14:47:45,996][gurobipy][INFO] - 
[2026-04-30 14:47:47,869][gurobipy][INFO] - Root barrier log...
[2026-04-30 14:47:47,869][gurobipy][INFO] - 
[2026-04-30 14:47:48,935][gurobipy][INFO] - Ordering time: 0.91s
[2026-04-30 14:47:49,048][gurobipy][INFO] - 
[2026-04-30 14:47:49,048][gurobipy][INFO] - Barrier statistics:
[2026-04-30 14:47:49,048][gurobipy][INFO] -  Dense cols : 48
[2026-04-30 14:47:49,049][gurobipy][INFO] -  AA' NZ     : 1.437e+06
[2026-04-30 14:47:49,049][gurobipy][INFO] -  Factor NZ  : 2.498e+06 (roughly 45 MB of memory)
[2026-04-30 14:47:49,049][gurobipy][INFO] -  Factor Ops : 2.424e+08 (less than 1 second per iteration)
[2026-04-30 14:47:49,049][gurobipy][INFO] -  Threads    : 30
[2026-04-30 14:47:49,225][gurobipy][INFO] - 
[2026-04-30 14:47:49,225][gurobipy][INFO] -                   Objective                Residual
[2026-04-30 14:47:49,225][gurobipy][INFO] - Iter       Primal          Dual         Primal    Dual     Compl     Time
[2026-04-30 14:47:49,227][gurobipy][INFO] -    0   1.23248877e+02 -2.28113878e+04  7.84e+03 3.97e-04  2.62e+00    57s
[2026-04-30 14:47:49,453][gurobipy][INFO] -    1   1.77380647e+01 -1.22806166e+04  1.63e+03 4.08e-02  6.84e-01    58s
[2026-04-30 14:47:49,715][gurobipy][INFO] -    2   1.06312710e+01 -5.59537604e+03  7.68e+02 7.83e-03  2.75e-01    58s
[2026-04-30 14:47:49,950][gurobipy][INFO] -    3   5.85816233e+00 -3.05488484e+03  1.76e+02 5.58e-04  7.66e-02    58s
[2026-04-30 14:47:50,223][gurobipy][INFO] -    4   4.26325318e+00 -8.61626041e+02  7.79e-01 6.02e-05  1.21e-02    58s
[2026-04-30 14:47:50,488][gurobipy][INFO] -    5   4.18638978e+00 -4.08640444e+01  1.88e-02 3.25e-06  6.25e-04    59s
[2026-04-30 14:47:50,774][gurobipy][INFO] -    6   3.07024728e+00 -6.92459081e+00  7.07e-06 4.86e-07  1.39e-04    59s
[2026-04-30 14:47:51,019][gurobipy][INFO] -    7   1.88001540e+00 -1.46829353e+00  3.13e-06 7.77e-16  4.64e-05    59s
[2026-04-30 14:47:51,317][gurobipy][INFO] -    8   4.37883628e-01 -9.14809623e-02  6.37e-07 5.83e-16  7.33e-06    59s
[2026-04-30 14:47:51,560][gurobipy][INFO] -    9   3.75547911e-02 -1.27621908e-02  3.09e-08 3.61e-16  6.97e-07    60s
[2026-04-30 14:47:51,795][gurobipy][INFO] -   10   4.44307731e-03  2.56849142e-03  1.36e-09 8.88e-16  2.59e-08    60s
[2026-04-30 14:47:52,163][gurobipy][INFO] -   11   4.14344381e-03  2.90575860e-03  1.13e-09 1.17e-15  1.71e-08    60s
[2026-04-30 14:47:52,465][gurobipy][INFO] -   12   3.86716296e-03  2.95345893e-03  8.54e-10 8.60e-16  1.26e-08    61s
[2026-04-30 14:47:52,591][gurobipy][INFO] -   13   3.58454908e-03  2.98336935e-03  5.59e-10 8.05e-16  8.32e-09    61s
[2026-04-30 14:47:52,794][gurobipy][INFO] -   14   3.50591613e-03  3.01115719e-03  4.75e-10 3.33e-16  6.85e-09    61s
[2026-04-30 14:47:52,998][gurobipy][INFO] -   15   3.38535771e-03  3.04706463e-03  3.39e-10 6.66e-16  4.68e-09    61s
[2026-04-30 14:47:53,291][gurobipy][INFO] -   16   3.30179604e-03  3.07601223e-03  2.42e-10 6.38e-16  3.12e-09    61s
[2026-04-30 14:47:53,479][gurobipy][INFO] -   17   3.26147365e-03  3.09393523e-03  1.89e-10 8.05e-16  2.32e-09    62s
[2026-04-30 14:47:53,752][gurobipy][INFO] -   18   3.19725511e-03  3.11561379e-03  1.60e-10 4.16e-16  1.13e-09    62s
[2026-04-30 14:47:53,976][gurobipy][INFO] -   19   3.17363743e-03  3.12028969e-03  2.92e-10 2.50e-16  7.38e-10    62s
[2026-04-30 14:47:54,226][gurobipy][INFO] -   20   3.14710367e-03  3.12422763e-03  5.46e-10 2.22e-16  3.17e-10    62s
[2026-04-30 14:47:54,647][gurobipy][INFO] -   21   3.13293276e-03  3.12631542e-03  1.61e-10 1.94e-16  9.16e-11    63s
[2026-04-30 14:47:54,986][gurobipy][INFO] -   22   3.13104831e-03  3.12649829e-03  1.14e-10 1.94e-16  6.30e-11    63s
[2026-04-30 14:47:55,227][gurobipy][INFO] -   23   3.12994355e-03  3.12651103e-03  8.01e-11 1.94e-16  4.75e-11    63s
[2026-04-30 14:47:55,463][gurobipy][INFO] -   24   3.12918798e-03  3.12653105e-03  6.17e-11 1.67e-16  3.68e-11    64s
[2026-04-30 14:47:55,683][gurobipy][INFO] -   25   3.12823890e-03  3.12653429e-03  2.94e-11 1.11e-16  2.36e-11    64s
[2026-04-30 14:47:55,941][gurobipy][INFO] -   26   3.12805930e-03  3.12654560e-03  6.74e-11 1.39e-16  2.09e-11    64s
[2026-04-30 14:47:56,330][gurobipy][INFO] -   27   3.12783781e-03  3.12655119e-03  4.53e-11 1.39e-16  1.78e-11    64s
[2026-04-30 14:47:56,690][gurobipy][INFO] -   28   3.12729617e-03  3.12655692e-03  4.77e-11 1.11e-16  1.02e-11    65s
[2026-04-30 14:47:56,987][gurobipy][INFO] -   29   3.12713383e-03  3.12657934e-03  4.09e-11 1.39e-16  7.67e-12    65s
[2026-04-30 14:47:57,425][gurobipy][INFO] -   30   3.12692756e-03  3.12659020e-03  6.12e-11 1.67e-16  4.67e-12    66s
[2026-04-30 14:47:57,846][gurobipy][INFO] -   31   3.12664370e-03  3.12659419e-03  3.12e-10 1.11e-16  6.85e-13    66s
[2026-04-30 14:47:58,229][gurobipy][INFO] -   32   3.12664101e-03  3.12660477e-03  2.71e-10 1.39e-16  5.01e-13    66s
[2026-04-30 14:47:58,474][gurobipy][INFO] -   33   3.12662835e-03  3.12660542e-03  2.18e-10 1.39e-16  3.17e-13    67s
[2026-04-30 14:47:58,867][gurobipy][INFO] -   34   3.12663392e-03  3.12660761e-03  2.67e-10 1.94e-16  3.64e-13    67s
[2026-04-30 14:47:59,266][gurobipy][INFO] -   35   3.12662423e-03  3.12660807e-03  4.58e-10 1.39e-16  2.24e-13    67s
[2026-04-30 14:47:59,601][gurobipy][INFO] -   36   3.12662392e-03  3.12660851e-03  6.53e-10 1.67e-16  2.13e-13    68s
[2026-04-30 14:47:59,920][gurobipy][INFO] -   37   3.12662374e-03  3.12660872e-03  7.06e-10 2.22e-16  2.08e-13    68s
[2026-04-30 14:48:00,238][gurobipy][INFO] -   38   3.12662011e-03  3.12661492e-03  4.29e-10 1.94e-16  7.18e-14    68s
[2026-04-30 14:48:00,583][gurobipy][INFO] -   39   3.12661866e-03  3.12661672e-03  3.27e-10 1.67e-16  2.68e-14    69s
[2026-04-30 14:48:00,862][gurobipy][INFO] -   40   3.12661857e-03  3.12661673e-03  1.46e-09 2.22e-16  2.54e-14    69s
[2026-04-30 14:48:01,101][gurobipy][INFO] -   41   3.12661701e-03  3.12661690e-03  2.98e-10 1.67e-16  1.59e-15    69s
[2026-04-30 14:48:01,255][gurobipy][INFO] -   42   3.12661698e-03  3.12661692e-03  3.38e-10 1.09e-13  7.76e-16    69s
[2026-04-30 14:48:01,314][gurobipy][INFO] - 
[2026-04-30 14:48:01,314][gurobipy][INFO] - Barrier solved model in 42 iterations and 69.38 seconds (45.70 work units)
[2026-04-30 14:48:01,314][gurobipy][INFO] - Optimal objective 3.12661698e-03
[2026-04-30 14:48:01,314][gurobipy][INFO] - 
[2026-04-30 14:48:01,378][gurobipy][INFO] - 
[2026-04-30 14:48:01,378][gurobipy][INFO] - Root crossover log...
[2026-04-30 14:48:01,378][gurobipy][INFO] - 
[2026-04-30 14:48:01,487][gurobipy][INFO] -     2060 DPushes remaining with DInf 5.1177621e-02                70s
[2026-04-30 14:48:01,907][gurobipy][INFO] -      728 DPushes remaining with DInf 2.5000000e-05                70s
[2026-04-30 14:48:02,358][gurobipy][INFO] -        0 DPushes remaining with DInf 2.5000000e-05                70s
[2026-04-30 14:48:02,436][gurobipy][INFO] - 
[2026-04-30 14:48:02,436][gurobipy][INFO] -     3309 PPushes remaining with PInf 0.0000000e+00                71s
[2026-04-30 14:48:02,667][gurobipy][INFO] -        0 PPushes remaining with PInf 0.0000000e+00                71s
[2026-04-30 14:48:02,670][gurobipy][INFO] - 
[2026-04-30 14:48:02,670][gurobipy][INFO] -   Push phase complete: Pinf 0.0000000e+00, Dinf 1.5429975e-01     71s
[2026-04-30 14:48:02,670][gurobipy][INFO] - 
[2026-04-30 14:48:02,836][gurobipy][INFO] - 
[2026-04-30 14:48:02,836][gurobipy][INFO] - Root simplex log...
[2026-04-30 14:48:02,836][gurobipy][INFO] - 
[2026-04-30 14:48:02,836][gurobipy][INFO] - Iteration    Objective       Primal Inf.    Dual Inf.      Time
[2026-04-30 14:48:02,836][gurobipy][INFO] -     4991    3.1266169e-03   0.000000e+00   1.542997e-01     71s
[2026-04-30 14:48:06,469][gurobipy][INFO] -     8838    3.1266169e-03   0.000000e+00   0.000000e+00     75s
[2026-04-30 14:48:06,469][gurobipy][INFO] - Crossover time: 5.15 seconds (2.28 work units)
[2026-04-30 14:48:06,523][gurobipy][INFO] -     8838    3.1266169e-03   0.000000e+00   0.000000e+00     75s
[2026-04-30 14:48:06,699][gurobipy][INFO] - 
[2026-04-30 14:48:06,699][gurobipy][INFO] - Use crossover to convert LP symmetric solution to basic solution...
[2026-04-30 14:48:06,816][gurobipy][INFO] - 
[2026-04-30 14:48:06,816][gurobipy][INFO] - Root crossover log...
[2026-04-30 14:48:06,817][gurobipy][INFO] - 
[2026-04-30 14:48:17,194][gurobipy][INFO] -   237464 variables added to crossover basis                       85s
[2026-04-30 14:48:21,940][gurobipy][INFO] -   238184 variables added to crossover basis                       90s
[2026-04-30 14:48:27,239][gurobipy][INFO] -   238514 variables added to crossover basis                       95s
[2026-04-30 14:48:32,217][gurobipy][INFO] -   238754 variables added to crossover basis                      100s
[2026-04-30 14:48:37,281][gurobipy][INFO] -   238964 variables added to crossover basis                      105s
[2026-04-30 14:48:42,138][gurobipy][INFO] -   239144 variables added to crossover basis                      110s
[2026-04-30 14:48:47,432][gurobipy][INFO] -   239324 variables added to crossover basis                      116s
[2026-04-30 14:48:52,146][gurobipy][INFO] -   239474 variables added to crossover basis                      120s
[2026-04-30 14:48:57,129][gurobipy][INFO] -   239624 variables added to crossover basis                      125s
[2026-04-30 14:49:02,378][gurobipy][INFO] -   239774 variables added to crossover basis                      130s
[2026-04-30 14:49:07,891][gurobipy][INFO] -   239924 variables added to crossover basis                      136s
[2026-04-30 14:49:12,482][gurobipy][INFO] -   240044 variables added to crossover basis                      141s
[2026-04-30 14:49:17,217][gurobipy][INFO] -   240164 variables added to crossover basis                      145s
[2026-04-30 14:49:22,072][gurobipy][INFO] -   240284 variables added to crossover basis                      150s
[2026-04-30 14:49:27,046][gurobipy][INFO] -   240404 variables added to crossover basis                      155s
[2026-04-30 14:49:32,142][gurobipy][INFO] -   240524 variables added to crossover basis                      160s
[2026-04-30 14:49:37,360][gurobipy][INFO] -   240644 variables added to crossover basis                      165s
[2026-04-30 14:49:42,667][gurobipy][INFO] -   240764 variables added to crossover basis                      171s
[2026-04-30 14:49:48,088][gurobipy][INFO] -   240884 variables added to crossover basis                      176s
[2026-04-30 14:49:52,201][gurobipy][INFO] -   240974 variables added to crossover basis                      180s
[2026-04-30 14:49:57,794][gurobipy][INFO] -   241094 variables added to crossover basis                      186s
[2026-04-30 14:50:02,019][gurobipy][INFO] -   241184 variables added to crossover basis                      190s
[2026-04-30 14:50:07,707][gurobipy][INFO] -   241304 variables added to crossover basis                      196s
[2026-04-30 14:50:12,028][gurobipy][INFO] -   241394 variables added to crossover basis                      200s
[2026-04-30 14:50:17,823][gurobipy][INFO] -   241514 variables added to crossover basis                      206s
[2026-04-30 14:50:22,196][gurobipy][INFO] -   241604 variables added to crossover basis                      210s
[2026-04-30 14:50:28,073][gurobipy][INFO] -   241724 variables added to crossover basis                      216s
[2026-04-30 14:50:32,512][gurobipy][INFO] -   241814 variables added to crossover basis                      221s
[2026-04-30 14:50:36,959][gurobipy][INFO] -   241904 variables added to crossover basis                      225s
[2026-04-30 14:50:42,920][gurobipy][INFO] -   242024 variables added to crossover basis                      231s
[2026-04-30 14:50:47,433][gurobipy][INFO] -   242114 variables added to crossover basis                      236s
[2026-04-30 14:50:51,923][gurobipy][INFO] -   242204 variables added to crossover basis                      240s
[2026-04-30 14:50:57,892][gurobipy][INFO] -   242324 variables added to crossover basis                      246s
[2026-04-30 14:51:02,363][gurobipy][INFO] -   242414 variables added to crossover basis                      250s
[2026-04-30 14:51:07,138][gurobipy][INFO] -   242984 variables added to crossover basis                      255s
[2026-04-30 14:51:11,904][gurobipy][INFO] -   243344 variables added to crossover basis                      260s
[2026-04-30 14:51:16,905][gurobipy][INFO] -   243614 variables added to crossover basis                      265s
[2026-04-30 14:51:22,291][gurobipy][INFO] -   243854 variables added to crossover basis                      270s
[2026-04-30 14:51:27,648][gurobipy][INFO] -   244064 variables added to crossover basis                      276s
[2026-04-30 14:51:32,682][gurobipy][INFO] -   244244 variables added to crossover basis                      281s
[2026-04-30 14:51:37,198][gurobipy][INFO] -   244394 variables added to crossover basis                      285s
[2026-04-30 14:51:42,012][gurobipy][INFO] -   244544 variables added to crossover basis                      290s
[2026-04-30 14:51:47,051][gurobipy][INFO] -   244694 variables added to crossover basis                      295s
[2026-04-30 14:51:52,652][gurobipy][INFO] - 
[2026-04-30 14:51:52,663][gurobipy][INFO] - 
[2026-04-30 14:51:52,664][gurobipy][INFO] - Root relaxation: time limit, 244844 iterations, 246.67 seconds (377.54 work units)
[2026-04-30 14:51:52,666][gurobipy][INFO] - 
[2026-04-30 14:51:52,666][gurobipy][INFO] -     Nodes    |    Current Node    |     Objective Bounds      |     Work
[2026-04-30 14:51:52,666][gurobipy][INFO] -  Expl Unexpl |  Obj  Depth IntInf | Incumbent    BestBd   Gap | It/Node Time
[2026-04-30 14:51:52,666][gurobipy][INFO] - 
[2026-04-30 14:51:52,666][gurobipy][INFO] -      0     0          -    0         0.50000    0.00000   100%     -  300s
[2026-04-30 14:51:52,671][gurobipy][INFO] - 
[2026-04-30 14:51:52,672][gurobipy][INFO] - Explored 1 nodes (244844 simplex iterations) in 300.79 seconds (420.11 work units)
[2026-04-30 14:51:52,672][gurobipy][INFO] - Thread count was 32 (of 128 available processors)
[2026-04-30 14:51:52,672][gurobipy][INFO] - 
[2026-04-30 14:51:52,672][gurobipy][INFO] - Solution count 1: 0.5 
[2026-04-30 14:51:52,672][gurobipy][INFO] - 
[2026-04-30 14:51:52,672][gurobipy][INFO] - Time limit reached
[2026-04-30 14:51:52,673][gurobipy][INFO] - Best objective 5.000000000000e-01, best bound 3.875049695186e-14, gap 100.0000%
