[2026-05-03 17:42:52,543][gurobipy][INFO] - Set parameter WLSAccessID
[2026-05-03 17:42:52,543][gurobipy][INFO] - Set parameter WLSSecret
[2026-05-03 17:42:52,543][gurobipy][INFO] - Set parameter LicenseID to value 2619742
[2026-05-03 17:42:52,552][gurobipy][INFO] - Academic license 2619742 - for non-commercial use only - registered to it___@mail.huji.ac.il
[2026-05-03 17:42:52,553][gurobipy][INFO] - Set parameter OutputFlag to value 1
[2026-05-03 17:42:52,553][gurobipy][INFO] - Set parameter MIPGap to value 0
[2026-05-03 17:42:52,553][gurobipy][INFO] - Set parameter TimeLimit to value 300
[2026-05-03 17:46:09,988][gurobipy][INFO] - Gurobi Optimizer version 13.0.1 build v13.0.1rc0 (linux64 - "Ubuntu 22.04.5 LTS")
[2026-05-03 17:46:09,989][gurobipy][INFO] - 
[2026-05-03 17:46:09,989][gurobipy][INFO] - CPU model: Intel(R) Xeon(R) Platinum 8358 CPU @ 2.60GHz, instruction set [SSE2|AVX|AVX2|AVX512]
[2026-05-03 17:46:09,989][gurobipy][INFO] - Thread count: 64 physical cores, 128 logical processors, using up to 32 threads
[2026-05-03 17:46:09,989][gurobipy][INFO] - 
[2026-05-03 17:46:09,989][gurobipy][INFO] - Non-default parameters:
[2026-05-03 17:46:09,989][gurobipy][INFO] - TimeLimit  300
[2026-05-03 17:46:09,989][gurobipy][INFO] - MIPGap  0
[2026-05-03 17:46:09,989][gurobipy][INFO] - 
[2026-05-03 17:46:09,989][gurobipy][INFO] - Academic license 2619742 - for non-commercial use only - registered to it___@mail.huji.ac.il
[2026-05-03 17:46:09,989][gurobipy][INFO] - Optimize a model with 197257 rows, 999910 columns and 394514 nonzeros (Min)
[2026-05-03 17:46:10,008][gurobipy][INFO] - Model fingerprint: 0x3496ac41
[2026-05-03 17:46:10,009][gurobipy][INFO] - Model has 999910 linear objective coefficients and an objective constant of 1
[2026-05-03 17:46:10,010][gurobipy][INFO] - Variable types: 0 continuous, 999910 integer (999910 binary)
[2026-05-03 17:46:10,017][gurobipy][INFO] - Coefficient statistics:
[2026-05-03 17:46:10,017][gurobipy][INFO] -   Matrix range     [1e+00, 1e+00]
[2026-05-03 17:46:10,017][gurobipy][INFO] -   Objective range  [1e-06, 1e-06]
[2026-05-03 17:46:10,017][gurobipy][INFO] -   Bounds range     [1e+00, 1e+00]
[2026-05-03 17:46:10,017][gurobipy][INFO] -   RHS range        [1e+00, 1e+00]
[2026-05-03 17:46:10,017][gurobipy][INFO] - 
[2026-05-03 17:46:10,067][gurobipy][INFO] - Found heuristic solution: objective 0.0000130
[2026-05-03 17:46:10,364][gurobipy][INFO] - Presolve removed 0 rows and 848931 columns
[2026-05-03 17:46:10,364][gurobipy][INFO] - Presolve time: 0.21s
[2026-05-03 17:46:10,367][gurobipy][INFO] - Presolved: 197257 rows, 150979 columns, 394514 nonzeros
[2026-05-03 17:46:10,496][gurobipy][INFO] - Variable types: 0 continuous, 150979 integer (150979 binary)
[2026-05-03 17:46:10,537][gurobipy][INFO] - 
[2026-05-03 17:46:10,537][gurobipy][INFO] - Explored 0 nodes (0 simplex iterations) in 0.55 seconds (0.23 work units)
[2026-05-03 17:46:10,537][gurobipy][INFO] - Thread count was 32 (of 128 available processors)
[2026-05-03 17:46:10,538][gurobipy][INFO] - 
[2026-05-03 17:46:10,538][gurobipy][INFO] - Solution count 1: 1.30012e-05 
[2026-05-03 17:46:10,538][gurobipy][INFO] - 
[2026-05-03 17:46:10,538][gurobipy][INFO] - Optimal solution found (tolerance 0.00e+00)
[2026-05-03 17:46:10,546][gurobipy][INFO] - Best objective 1.300117142344e-05, best bound 1.300117142344e-05, gap 0.0000%
