[2026-05-03 15:42:05,597][gurobipy][INFO] - Set parameter WLSAccessID
[2026-05-03 15:42:05,598][gurobipy][INFO] - Set parameter WLSSecret
[2026-05-03 15:42:05,598][gurobipy][INFO] - Set parameter LicenseID to value 2619742
[2026-05-03 15:42:05,605][gurobipy][INFO] - Academic license 2619742 - for non-commercial use only - registered to it___@mail.huji.ac.il
[2026-05-03 15:42:05,606][gurobipy][INFO] - Set parameter OutputFlag to value 1
[2026-05-03 15:42:05,606][gurobipy][INFO] - Set parameter MIPGap to value 0
[2026-05-03 15:42:05,606][gurobipy][INFO] - Set parameter TimeLimit to value 300
[2026-05-03 15:58:22,971][gurobipy][INFO] - Set parameter NonConvex to value 2
[2026-05-03 16:01:09,838][gurobipy][INFO] - Gurobi Optimizer version 13.0.1 build v13.0.1rc0 (linux64 - "Ubuntu 22.04.5 LTS")
[2026-05-03 16:01:09,839][gurobipy][INFO] - 
[2026-05-03 16:01:09,839][gurobipy][INFO] - CPU model: Intel(R) Xeon(R) Platinum 8358 CPU @ 2.60GHz, instruction set [SSE2|AVX|AVX2|AVX512]
[2026-05-03 16:01:09,839][gurobipy][INFO] - Thread count: 64 physical cores, 128 logical processors, using up to 32 threads
[2026-05-03 16:01:09,839][gurobipy][INFO] - 
[2026-05-03 16:01:09,839][gurobipy][INFO] - Non-default parameters:
[2026-05-03 16:01:09,840][gurobipy][INFO] - TimeLimit  300
[2026-05-03 16:01:09,840][gurobipy][INFO] - MIPGap  0
[2026-05-03 16:01:09,840][gurobipy][INFO] - NonConvex  2
[2026-05-03 16:01:09,840][gurobipy][INFO] - 
[2026-05-03 16:01:10,101][gurobipy][INFO] - Academic license 2619742 - for non-commercial use only - registered to it___@mail.huji.ac.il
[2026-05-03 16:01:10,101][gurobipy][INFO] - Optimize a model with 24994461 rows, 3395624 columns and 49988922 nonzeros (Min)
[2026-05-03 16:01:12,487][gurobipy][INFO] - Model fingerprint: 0x297290ef
[2026-05-03 16:01:12,489][gurobipy][INFO] - Model has 3395624 linear objective coefficients and an objective constant of 0.5
[2026-05-03 16:01:12,489][gurobipy][INFO] - Model has 40 quadratic constraints
[2026-05-03 16:01:12,492][gurobipy][INFO] - Variable types: 20 continuous, 3395604 integer (3395604 binary)
[2026-05-03 16:01:12,827][gurobipy][INFO] - Coefficient statistics:
[2026-05-03 16:01:12,827][gurobipy][INFO] -   Matrix range     [1e+00, 1e+00]
[2026-05-03 16:01:12,827][gurobipy][INFO] -   QMatrix range    [1e+00, 1e+00]
[2026-05-03 16:01:12,827][gurobipy][INFO] -   QLMatrix range   [1e-06, 1e+00]
[2026-05-03 16:01:12,827][gurobipy][INFO] -   Objective range  [1e-07, 3e-02]
[2026-05-03 16:01:12,827][gurobipy][INFO] -   Bounds range     [1e+00, 1e+00]
[2026-05-03 16:01:12,827][gurobipy][INFO] -   RHS range        [1e+00, 1e+00]
[2026-05-03 16:01:12,827][gurobipy][INFO] - 
[2026-05-03 16:01:14,111][gurobipy][INFO] - Found heuristic solution: objective 0.5000000
[2026-05-03 16:01:39,510][gurobipy][INFO] - Presolve removed 0 rows and 0 columns (presolve time = 17s)...
[2026-05-03 16:01:53,295][gurobipy][INFO] - Presolve removed 0 rows and 0 columns (presolve time = 30s)...
[2026-05-03 16:02:05,271][gurobipy][INFO] - Presolve removed 0 rows and 0 columns (presolve time = 42s)...
[2026-05-03 16:02:12,069][gurobipy][INFO] - Presolve removed 0 rows and 0 columns (presolve time = 49s)...
[2026-05-03 16:02:25,647][gurobipy][INFO] - Presolve removed 0 rows and 0 columns (presolve time = 63s)...
[2026-05-03 16:02:37,027][gurobipy][INFO] - Presolve removed 0 rows and 0 columns (presolve time = 74s)...
[2026-05-03 16:02:38,186][gurobipy][INFO] - Presolve removed 0 rows and 0 columns (presolve time = 75s)...
[2026-05-03 16:02:47,290][gurobipy][INFO] - Presolve removed 0 rows and 0 columns (presolve time = 84s)...
[2026-05-03 16:02:48,844][gurobipy][INFO] - Presolve removed 0 rows and 0 columns (presolve time = 86s)...
[2026-05-03 16:02:52,817][gurobipy][INFO] - Presolve removed 0 rows and 0 columns (presolve time = 90s)...
[2026-05-03 16:02:57,816][gurobipy][INFO] - Presolve removed 0 rows and 0 columns (presolve time = 95s)...
[2026-05-03 16:03:02,824][gurobipy][INFO] - Presolve removed 0 rows and 0 columns (presolve time = 100s)...
[2026-05-03 16:03:07,826][gurobipy][INFO] - Presolve removed 0 rows and 0 columns (presolve time = 105s)...
[2026-05-03 16:03:12,824][gurobipy][INFO] - Presolve removed 0 rows and 0 columns (presolve time = 110s)...
[2026-05-03 16:03:17,820][gurobipy][INFO] - Presolve removed 0 rows and 0 columns (presolve time = 115s)...
[2026-05-03 16:03:22,818][gurobipy][INFO] - Presolve removed 0 rows and 0 columns (presolve time = 120s)...
[2026-05-03 16:03:27,822][gurobipy][INFO] - Presolve removed 0 rows and 0 columns (presolve time = 125s)...
[2026-05-03 16:03:32,811][gurobipy][INFO] - Presolve removed 0 rows and 0 columns (presolve time = 130s)...
[2026-05-03 16:03:37,820][gurobipy][INFO] - Presolve removed 0 rows and 0 columns (presolve time = 135s)...
[2026-05-03 16:03:42,814][gurobipy][INFO] - Presolve removed 0 rows and 0 columns (presolve time = 140s)...
[2026-05-03 16:03:47,819][gurobipy][INFO] - Presolve removed 0 rows and 0 columns (presolve time = 145s)...
[2026-05-03 16:03:52,823][gurobipy][INFO] - Presolve removed 0 rows and 0 columns (presolve time = 150s)...
[2026-05-03 16:03:57,817][gurobipy][INFO] - Presolve removed 0 rows and 0 columns (presolve time = 155s)...
[2026-05-03 16:04:02,812][gurobipy][INFO] - Presolve removed 0 rows and 0 columns (presolve time = 160s)...
[2026-05-03 16:04:07,820][gurobipy][INFO] - Presolve removed 0 rows and 0 columns (presolve time = 165s)...
[2026-05-03 16:04:12,817][gurobipy][INFO] - Presolve removed 0 rows and 0 columns (presolve time = 170s)...
[2026-05-03 16:04:17,818][gurobipy][INFO] - Presolve removed 0 rows and 0 columns (presolve time = 175s)...
[2026-05-03 16:04:22,822][gurobipy][INFO] - Presolve removed 0 rows and 0 columns (presolve time = 180s)...
[2026-05-03 16:04:27,822][gurobipy][INFO] - Presolve removed 0 rows and 0 columns (presolve time = 185s)...
[2026-05-03 16:04:32,823][gurobipy][INFO] - Presolve removed 0 rows and 0 columns (presolve time = 190s)...
[2026-05-03 16:04:37,817][gurobipy][INFO] - Presolve removed 0 rows and 0 columns (presolve time = 195s)...
[2026-05-03 16:04:42,813][gurobipy][INFO] - Presolve removed 0 rows and 0 columns (presolve time = 200s)...
[2026-05-03 16:04:47,823][gurobipy][INFO] - Presolve removed 0 rows and 0 columns (presolve time = 205s)...
[2026-05-03 16:04:52,814][gurobipy][INFO] - Presolve removed 0 rows and 0 columns (presolve time = 210s)...
[2026-05-03 16:04:57,816][gurobipy][INFO] - Presolve removed 0 rows and 0 columns (presolve time = 215s)...
[2026-05-03 16:05:02,821][gurobipy][INFO] - Presolve removed 0 rows and 0 columns (presolve time = 220s)...
[2026-05-03 16:05:07,824][gurobipy][INFO] - Presolve removed 0 rows and 0 columns (presolve time = 225s)...
[2026-05-03 16:05:12,816][gurobipy][INFO] - Presolve removed 0 rows and 0 columns (presolve time = 230s)...
[2026-05-03 16:05:17,812][gurobipy][INFO] - Presolve removed 0 rows and 0 columns (presolve time = 235s)...
[2026-05-03 16:05:22,823][gurobipy][INFO] - Presolve removed 0 rows and 0 columns (presolve time = 240s)...
[2026-05-03 16:05:27,818][gurobipy][INFO] - Presolve removed 0 rows and 0 columns (presolve time = 245s)...
[2026-05-03 16:05:32,817][gurobipy][INFO] - Presolve removed 0 rows and 0 columns (presolve time = 250s)...
[2026-05-03 16:05:37,814][gurobipy][INFO] - Presolve removed 0 rows and 0 columns (presolve time = 255s)...
[2026-05-03 16:05:42,812][gurobipy][INFO] - Presolve removed 0 rows and 0 columns (presolve time = 260s)...
[2026-05-03 16:05:47,811][gurobipy][INFO] - Presolve removed 0 rows and 0 columns (presolve time = 265s)...
[2026-05-03 16:05:52,821][gurobipy][INFO] - Presolve removed 0 rows and 0 columns (presolve time = 270s)...
[2026-05-03 16:05:57,812][gurobipy][INFO] - Presolve removed 0 rows and 0 columns (presolve time = 275s)...
[2026-05-03 16:06:02,820][gurobipy][INFO] - Presolve removed 0 rows and 0 columns (presolve time = 280s)...
[2026-05-03 16:06:07,814][gurobipy][INFO] - Presolve removed 0 rows and 0 columns (presolve time = 285s)...
[2026-05-03 16:06:09,852][gurobipy][INFO] - Presolve added 38 rows and 19 columns
[2026-05-03 16:06:09,853][gurobipy][INFO] - Presolve time: 287.04s
[2026-05-03 16:06:12,392][gurobipy][INFO] - 
[2026-05-03 16:06:12,392][gurobipy][INFO] - Explored 0 nodes (0 simplex iterations) in 302.55 seconds (943.46 work units)
[2026-05-03 16:06:12,392][gurobipy][INFO] - Thread count was 1 (of 128 available processors)
[2026-05-03 16:06:12,399][gurobipy][INFO] - 
[2026-05-03 16:06:12,399][gurobipy][INFO] - Solution count 1: 0.5 
[2026-05-03 16:06:12,399][gurobipy][INFO] - 
[2026-05-03 16:06:12,399][gurobipy][INFO] - Time limit reached
[2026-05-03 16:06:13,028][gurobipy][INFO] - Best objective 5.000000000000e-01, best bound -, gap -
