[2026-04-30 14:53:08,391][gurobipy][INFO] - Set parameter WLSAccessID
[2026-04-30 14:53:08,391][gurobipy][INFO] - Set parameter WLSSecret
[2026-04-30 14:53:08,391][gurobipy][INFO] - Set parameter LicenseID to value 2619742
[2026-04-30 14:53:08,470][gurobipy][INFO] - Academic license 2619742 - for non-commercial use only - registered to it___@mail.huji.ac.il
[2026-04-30 14:53:08,472][gurobipy][INFO] - Set parameter OutputFlag to value 1
[2026-04-30 14:53:08,472][gurobipy][INFO] - Set parameter MIPGap to value 0
[2026-04-30 14:53:08,472][gurobipy][INFO] - Set parameter TimeLimit to value 300
[2026-04-30 14:53:17,681][gurobipy][INFO] - Gurobi Optimizer version 13.0.1 build v13.0.1rc0 (linux64 - "Ubuntu 22.04.5 LTS")
[2026-04-30 14:53:17,682][gurobipy][INFO] - 
[2026-04-30 14:53:17,682][gurobipy][INFO] - CPU model: Intel(R) Xeon(R) Platinum 8358 CPU @ 2.60GHz, instruction set [SSE2|AVX|AVX2|AVX512]
[2026-04-30 14:53:17,682][gurobipy][INFO] - Thread count: 64 physical cores, 128 logical processors, using up to 32 threads
[2026-04-30 14:53:17,682][gurobipy][INFO] - 
[2026-04-30 14:53:17,682][gurobipy][INFO] - Non-default parameters:
[2026-04-30 14:53:17,682][gurobipy][INFO] - TimeLimit  300
[2026-04-30 14:53:17,682][gurobipy][INFO] - MIPGap  0
[2026-04-30 14:53:17,682][gurobipy][INFO] - 
[2026-04-30 14:53:17,682][gurobipy][INFO] - Academic license 2619742 - for non-commercial use only - registered to it___@mail.huji.ac.il
[2026-04-30 14:53:17,682][gurobipy][INFO] - Optimize a model with 203106 rows, 5000 columns and 406212 nonzeros (Min)
[2026-04-30 14:53:17,687][gurobipy][INFO] - Model fingerprint: 0x2055735e
[2026-04-30 14:53:17,687][gurobipy][INFO] - Model has 5000 linear objective coefficients and an objective constant of 1
[2026-04-30 14:53:17,687][gurobipy][INFO] - Variable types: 0 continuous, 5000 integer (5000 binary)
[2026-04-30 14:53:17,688][gurobipy][INFO] - Coefficient statistics:
[2026-04-30 14:53:17,688][gurobipy][INFO] -   Matrix range     [1e+00, 1e+00]
[2026-04-30 14:53:17,688][gurobipy][INFO] -   Objective range  [2e-04, 2e-04]
[2026-04-30 14:53:17,688][gurobipy][INFO] -   Bounds range     [1e+00, 1e+00]
[2026-04-30 14:53:17,688][gurobipy][INFO] -   RHS range        [1e+00, 1e+00]
[2026-04-30 14:53:17,688][gurobipy][INFO] - 
[2026-04-30 14:53:17,695][gurobipy][INFO] - Found heuristic solution: objective 0.0200000
[2026-04-30 14:53:22,813][gurobipy][INFO] - Presolve removed 71834 rows and 0 columns (presolve time = 5s)...
[2026-04-30 14:53:27,788][gurobipy][INFO] - Presolve removed 71834 rows and 0 columns (presolve time = 10s)...
[2026-04-30 14:53:31,172][gurobipy][INFO] - Presolve removed 178471 rows and 3816 columns
[2026-04-30 14:53:31,172][gurobipy][INFO] - Presolve time: 13.45s
[2026-04-30 14:53:31,173][gurobipy][INFO] - Presolved: 24635 rows, 1184 columns, 68157 nonzeros
[2026-04-30 14:53:31,191][gurobipy][INFO] - Variable types: 0 continuous, 1184 integer (1184 binary)
[2026-04-30 14:53:31,198][gurobipy][INFO] - 
[2026-04-30 14:53:31,198][gurobipy][INFO] - Explored 0 nodes (0 simplex iterations) in 13.52 seconds (3.15 work units)
[2026-04-30 14:53:31,199][gurobipy][INFO] - Thread count was 32 (of 128 available processors)
[2026-04-30 14:53:31,199][gurobipy][INFO] - 
[2026-04-30 14:53:31,199][gurobipy][INFO] - Solution count 1: 0.02 
[2026-04-30 14:53:31,199][gurobipy][INFO] - 
[2026-04-30 14:53:31,199][gurobipy][INFO] - Optimal solution found (tolerance 0.00e+00)
[2026-04-30 14:53:31,201][gurobipy][INFO] - Best objective 1.999999999999e-02, best bound 1.999999999999e-02, gap 0.0000%
