[2026-04-30 14:50:06,157][gurobipy][INFO] - Set parameter WLSAccessID
[2026-04-30 14:50:06,157][gurobipy][INFO] - Set parameter WLSSecret
[2026-04-30 14:50:06,157][gurobipy][INFO] - Set parameter LicenseID to value 2619742
[2026-04-30 14:50:06,164][gurobipy][INFO] - Academic license 2619742 - for non-commercial use only - registered to it___@mail.huji.ac.il
[2026-04-30 14:50:06,165][gurobipy][INFO] - Set parameter OutputFlag to value 1
[2026-04-30 14:50:06,165][gurobipy][INFO] - Set parameter MIPGap to value 0
[2026-04-30 14:50:06,165][gurobipy][INFO] - Set parameter TimeLimit to value 300
[2026-04-30 14:50:30,346][gurobipy][INFO] - Gurobi Optimizer version 13.0.1 build v13.0.1rc0 (linux64 - "Ubuntu 22.04.5 LTS")
[2026-04-30 14:50:30,347][gurobipy][INFO] - 
[2026-04-30 14:50:30,347][gurobipy][INFO] - CPU model: Intel(R) Xeon(R) Platinum 8358 CPU @ 2.60GHz, instruction set [SSE2|AVX|AVX2|AVX512]
[2026-04-30 14:50:30,347][gurobipy][INFO] - Thread count: 64 physical cores, 128 logical processors, using up to 32 threads
[2026-04-30 14:50:30,347][gurobipy][INFO] - 
[2026-04-30 14:50:30,347][gurobipy][INFO] - Non-default parameters:
[2026-04-30 14:50:30,347][gurobipy][INFO] - TimeLimit  300
[2026-04-30 14:50:30,347][gurobipy][INFO] - MIPGap  0
[2026-04-30 14:50:30,347][gurobipy][INFO] - 
[2026-04-30 14:50:30,347][gurobipy][INFO] - Academic license 2619742 - for non-commercial use only - registered to it___@mail.huji.ac.il
[2026-04-30 14:50:30,347][gurobipy][INFO] - Optimize a model with 572091 rows, 5000 columns and 1144182 nonzeros (Min)
[2026-04-30 14:50:30,358][gurobipy][INFO] - Model fingerprint: 0x78397a95
[2026-04-30 14:50:30,358][gurobipy][INFO] - Model has 5000 linear objective coefficients and an objective constant of 1
[2026-04-30 14:50:30,358][gurobipy][INFO] - Variable types: 0 continuous, 5000 integer (5000 binary)
[2026-04-30 14:50:30,360][gurobipy][INFO] - Coefficient statistics:
[2026-04-30 14:50:30,360][gurobipy][INFO] -   Matrix range     [1e+00, 1e+00]
[2026-04-30 14:50:30,360][gurobipy][INFO] -   Objective range  [2e-04, 2e-04]
[2026-04-30 14:50:30,360][gurobipy][INFO] -   Bounds range     [1e+00, 1e+00]
[2026-04-30 14:50:30,360][gurobipy][INFO] -   RHS range        [1e+00, 1e+00]
[2026-04-30 14:50:30,360][gurobipy][INFO] - 
[2026-04-30 14:50:30,375][gurobipy][INFO] - Found heuristic solution: objective 0.0588000
[2026-04-30 14:50:35,440][gurobipy][INFO] - Presolve removed 254842 rows and 0 columns (presolve time = 5s)...
[2026-04-30 14:50:40,443][gurobipy][INFO] - Presolve removed 254842 rows and 0 columns (presolve time = 10s)...
[2026-04-30 14:50:45,442][gurobipy][INFO] - Presolve removed 417625 rows and 2079 columns (presolve time = 15s)...
[2026-04-30 14:50:45,908][gurobipy][INFO] - Presolve removed 572087 rows and 4995 columns
[2026-04-30 14:50:45,908][gurobipy][INFO] - Presolve time: 15.48s
[2026-04-30 14:50:45,912][gurobipy][INFO] - Presolved: 4 rows, 5 columns, 8 nonzeros
[2026-04-30 14:50:45,913][gurobipy][INFO] - Variable types: 0 continuous, 5 integer (5 binary)
[2026-04-30 14:50:45,929][gurobipy][INFO] - 
[2026-04-30 14:50:45,929][gurobipy][INFO] - Explored 0 nodes (0 simplex iterations) in 15.58 seconds (9.47 work units)
[2026-04-30 14:50:45,929][gurobipy][INFO] - Thread count was 32 (of 128 available processors)
[2026-04-30 14:50:45,929][gurobipy][INFO] - 
[2026-04-30 14:50:45,929][gurobipy][INFO] - Solution count 1: 0.0588 
[2026-04-30 14:50:45,929][gurobipy][INFO] - 
[2026-04-30 14:50:45,929][gurobipy][INFO] - Optimal solution found (tolerance 0.00e+00)
[2026-04-30 14:50:45,934][gurobipy][INFO] - Best objective 5.879999999999e-02, best bound 5.879999999999e-02, gap 0.0000%
