[2026-05-03 16:21:43,379][gurobipy][INFO] - Set parameter WLSAccessID
[2026-05-03 16:21:43,379][gurobipy][INFO] - Set parameter WLSSecret
[2026-05-03 16:21:43,379][gurobipy][INFO] - Set parameter LicenseID to value 2619742
[2026-05-03 16:21:43,411][gurobipy][INFO] - Academic license 2619742 - for non-commercial use only - registered to it___@mail.huji.ac.il
[2026-05-03 16:21:43,413][gurobipy][INFO] - Set parameter OutputFlag to value 1
[2026-05-03 16:21:43,413][gurobipy][INFO] - Set parameter MIPGap to value 0
[2026-05-03 16:21:43,413][gurobipy][INFO] - Set parameter TimeLimit to value 300
[2026-05-03 16:32:41,984][gurobipy][INFO] - Gurobi Optimizer version 13.0.1 build v13.0.1rc0 (linux64 - "Ubuntu 22.04.5 LTS")
[2026-05-03 16:32:41,984][gurobipy][INFO] - 
[2026-05-03 16:32:41,985][gurobipy][INFO] - CPU model: Intel(R) Xeon(R) Platinum 8358 CPU @ 2.60GHz, instruction set [SSE2|AVX|AVX2|AVX512]
[2026-05-03 16:32:41,985][gurobipy][INFO] - Thread count: 64 physical cores, 128 logical processors, using up to 32 threads
[2026-05-03 16:32:41,985][gurobipy][INFO] - 
[2026-05-03 16:32:41,985][gurobipy][INFO] - Non-default parameters:
[2026-05-03 16:32:41,985][gurobipy][INFO] - TimeLimit  300
[2026-05-03 16:32:41,985][gurobipy][INFO] - MIPGap  0
[2026-05-03 16:32:41,985][gurobipy][INFO] - 
[2026-05-03 16:32:41,985][gurobipy][INFO] - Academic license 2619742 - for non-commercial use only - registered to it___@mail.huji.ac.il
[2026-05-03 16:32:41,985][gurobipy][INFO] - Optimize a model with 16695634 rows, 60798 columns and 33391268 nonzeros (Min)
[2026-05-03 16:32:42,304][gurobipy][INFO] - Model fingerprint: 0x24e488a9
[2026-05-03 16:32:42,304][gurobipy][INFO] - Model has 60798 linear objective coefficients and an objective constant of 9.9999999999999989e-01
[2026-05-03 16:32:42,304][gurobipy][INFO] - Variable types: 0 continuous, 60798 integer (60798 binary)
[2026-05-03 16:32:42,358][gurobipy][INFO] - Coefficient statistics:
[2026-05-03 16:32:42,358][gurobipy][INFO] -   Matrix range     [1e+00, 1e+00]
[2026-05-03 16:32:42,358][gurobipy][INFO] -   Objective range  [2e-05, 2e-05]
[2026-05-03 16:32:42,358][gurobipy][INFO] -   Bounds range     [1e+00, 1e+00]
[2026-05-03 16:32:42,358][gurobipy][INFO] -   RHS range        [1e+00, 1e+00]
[2026-05-03 16:32:42,358][gurobipy][INFO] - 
[2026-05-03 16:32:43,136][gurobipy][INFO] - Found heuristic solution: objective 0.0094740
[2026-05-03 16:32:52,371][gurobipy][INFO] - Presolve removed 0 rows and 0 columns (presolve time = 6s)...
[2026-05-03 16:32:56,138][gurobipy][INFO] - Presolve removed 0 rows and 0 columns (presolve time = 10s)...
[2026-05-03 16:33:01,844][gurobipy][INFO] - Presolve removed 0 rows and 0 columns (presolve time = 16s)...
[2026-05-03 16:33:06,021][gurobipy][INFO] - Presolve removed 0 rows and 0 columns (presolve time = 20s)...
[2026-05-03 16:33:11,020][gurobipy][INFO] - Presolve removed 0 rows and 0 columns (presolve time = 25s)...
[2026-05-03 16:33:17,584][gurobipy][INFO] - Presolve removed 0 rows and 0 columns (presolve time = 32s)...
[2026-05-03 16:33:21,182][gurobipy][INFO] - Presolve removed 0 rows and 0 columns (presolve time = 35s)...
[2026-05-03 16:33:26,412][gurobipy][INFO] - Presolve removed 0 rows and 0 columns (presolve time = 40s)...
[2026-05-03 16:33:31,019][gurobipy][INFO] - Presolve removed 0 rows and 0 columns (presolve time = 45s)...
[2026-05-03 16:33:36,068][gurobipy][INFO] - Presolve removed 0 rows and 0 columns (presolve time = 50s)...
[2026-05-03 16:33:41,307][gurobipy][INFO] - Presolve removed 623268 rows and 0 columns (presolve time = 55s)...
[2026-05-03 16:33:46,026][gurobipy][INFO] - Presolve removed 623587 rows and 0 columns (presolve time = 60s)...
[2026-05-03 16:33:51,036][gurobipy][INFO] - Presolve removed 623890 rows and 0 columns (presolve time = 65s)...
[2026-05-03 16:33:56,061][gurobipy][INFO] - Presolve removed 624201 rows and 0 columns (presolve time = 70s)...
[2026-05-03 16:34:01,107][gurobipy][INFO] - Presolve removed 638305 rows and 0 columns (presolve time = 75s)...
[2026-05-03 16:34:06,074][gurobipy][INFO] - Presolve removed 640006 rows and 0 columns (presolve time = 80s)...
[2026-05-03 16:34:11,881][gurobipy][INFO] - Presolve removed 640544 rows and 0 columns (presolve time = 86s)...
[2026-05-03 16:34:16,070][gurobipy][INFO] - Presolve removed 642615 rows and 0 columns (presolve time = 90s)...
[2026-05-03 16:34:21,057][gurobipy][INFO] - Presolve removed 644144 rows and 0 columns (presolve time = 95s)...
[2026-05-03 16:34:26,859][gurobipy][INFO] - Presolve removed 652198 rows and 0 columns (presolve time = 101s)...
[2026-05-03 16:34:31,046][gurobipy][INFO] - Presolve removed 652198 rows and 0 columns (presolve time = 105s)...
[2026-05-03 16:34:36,295][gurobipy][INFO] - Presolve removed 659788 rows and 0 columns (presolve time = 110s)...
[2026-05-03 16:34:41,433][gurobipy][INFO] - Presolve removed 661361 rows and 0 columns (presolve time = 115s)...
[2026-05-03 16:34:46,416][gurobipy][INFO] - Presolve removed 661967 rows and 0 columns (presolve time = 120s)...
[2026-05-03 16:34:52,099][gurobipy][INFO] - Presolve removed 663636 rows and 0 columns (presolve time = 126s)...
[2026-05-03 16:34:56,831][gurobipy][INFO] - Presolve removed 663845 rows and 0 columns (presolve time = 131s)...
[2026-05-03 16:35:01,269][gurobipy][INFO] - Presolve removed 669822 rows and 0 columns (presolve time = 135s)...
[2026-05-03 16:35:06,303][gurobipy][INFO] - Presolve removed 675551 rows and 0 columns (presolve time = 140s)...
[2026-05-03 16:35:11,056][gurobipy][INFO] - Presolve removed 681102 rows and 0 columns (presolve time = 145s)...
[2026-05-03 16:35:16,038][gurobipy][INFO] - Presolve removed 683903 rows and 0 columns (presolve time = 150s)...
[2026-05-03 16:35:21,033][gurobipy][INFO] - Presolve removed 686971 rows and 0 columns (presolve time = 155s)...
[2026-05-03 16:35:26,025][gurobipy][INFO] - Presolve removed 687293 rows and 0 columns (presolve time = 160s)...
[2026-05-03 16:35:31,151][gurobipy][INFO] - Presolve removed 689883 rows and 0 columns (presolve time = 165s)...
[2026-05-03 16:35:36,926][gurobipy][INFO] - Presolve removed 689899 rows and 0 columns (presolve time = 171s)...
[2026-05-03 16:35:41,422][gurobipy][INFO] - Presolve removed 689902 rows and 0 columns (presolve time = 175s)...
[2026-05-03 16:35:46,056][gurobipy][INFO] - Presolve removed 699557 rows and 0 columns (presolve time = 180s)...
[2026-05-03 16:35:51,559][gurobipy][INFO] - Presolve removed 708896 rows and 0 columns (presolve time = 186s)...
[2026-05-03 16:35:56,027][gurobipy][INFO] - Presolve removed 716349 rows and 0 columns (presolve time = 190s)...
[2026-05-03 16:36:01,568][gurobipy][INFO] - Presolve removed 716351 rows and 0 columns (presolve time = 196s)...
[2026-05-03 16:36:06,428][gurobipy][INFO] - Presolve removed 721468 rows and 0 columns (presolve time = 200s)...
[2026-05-03 16:36:11,044][gurobipy][INFO] - Presolve removed 726200 rows and 0 columns (presolve time = 205s)...
[2026-05-03 16:36:16,085][gurobipy][INFO] - Presolve removed 733003 rows and 0 columns (presolve time = 210s)...
[2026-05-03 16:36:21,578][gurobipy][INFO] - Presolve removed 737299 rows and 0 columns (presolve time = 216s)...
[2026-05-03 16:36:26,176][gurobipy][INFO] - Presolve removed 742286 rows and 0 columns (presolve time = 220s)...
[2026-05-03 16:36:31,252][gurobipy][INFO] - Presolve removed 747217 rows and 0 columns (presolve time = 225s)...
[2026-05-03 16:36:36,199][gurobipy][INFO] - Presolve removed 747343 rows and 0 columns (presolve time = 230s)...
[2026-05-03 16:36:41,033][gurobipy][INFO] - Presolve removed 748630 rows and 0 columns (presolve time = 235s)...
[2026-05-03 16:36:46,725][gurobipy][INFO] - Presolve removed 752018 rows and 0 columns (presolve time = 241s)...
[2026-05-03 16:36:51,863][gurobipy][INFO] - Presolve removed 755085 rows and 0 columns (presolve time = 246s)...
[2026-05-03 16:36:56,465][gurobipy][INFO] - Presolve removed 756394 rows and 0 columns (presolve time = 250s)...
[2026-05-03 16:37:01,019][gurobipy][INFO] - Presolve removed 759063 rows and 0 columns (presolve time = 255s)...
[2026-05-03 16:37:06,442][gurobipy][INFO] - Presolve removed 759081 rows and 0 columns (presolve time = 260s)...
[2026-05-03 16:37:11,435][gurobipy][INFO] - Presolve removed 759726 rows and 0 columns (presolve time = 265s)...
[2026-05-03 16:37:16,614][gurobipy][INFO] - Presolve removed 769822 rows and 0 columns (presolve time = 271s)...
[2026-05-03 16:37:21,656][gurobipy][INFO] - Presolve removed 773051 rows and 0 columns (presolve time = 276s)...
[2026-05-03 16:37:26,704][gurobipy][INFO] - Presolve removed 774350 rows and 0 columns (presolve time = 281s)...
[2026-05-03 16:37:31,029][gurobipy][INFO] - Presolve removed 774387 rows and 0 columns (presolve time = 285s)...
[2026-05-03 16:37:36,717][gurobipy][INFO] - Presolve removed 776963 rows and 0 columns (presolve time = 291s)...
[2026-05-03 16:37:41,284][gurobipy][INFO] - Presolve removed 780205 rows and 0 columns (presolve time = 295s)...
[2026-05-03 16:37:42,283][gurobipy][INFO] - Presolve removed 780205 rows and 0 columns
[2026-05-03 16:37:42,283][gurobipy][INFO] - Presolve time: 296.26s
[2026-05-03 16:37:43,195][gurobipy][INFO] - 
[2026-05-03 16:37:43,195][gurobipy][INFO] - Explored 0 nodes (0 simplex iterations) in 301.21 seconds (192.73 work units)
[2026-05-03 16:37:43,195][gurobipy][INFO] - Thread count was 1 (of 128 available processors)
[2026-05-03 16:37:43,195][gurobipy][INFO] - 
[2026-05-03 16:37:43,195][gurobipy][INFO] - Solution count 1: 0.009474 
[2026-05-03 16:37:43,195][gurobipy][INFO] - 
[2026-05-03 16:37:43,195][gurobipy][INFO] - Time limit reached
[2026-05-03 16:37:43,422][gurobipy][INFO] - Best objective 9.473995855070e-03, best bound -, gap -
