[2026-05-03 16:20:35,673][gurobipy][INFO] - Set parameter WLSAccessID
[2026-05-03 16:20:35,673][gurobipy][INFO] - Set parameter WLSSecret
[2026-05-03 16:20:35,673][gurobipy][INFO] - Set parameter LicenseID to value 2619742
[2026-05-03 16:20:35,705][gurobipy][INFO] - Academic license 2619742 - for non-commercial use only - registered to it___@mail.huji.ac.il
[2026-05-03 16:20:35,707][gurobipy][INFO] - Set parameter OutputFlag to value 1
[2026-05-03 16:20:35,707][gurobipy][INFO] - Set parameter MIPGap to value 0
[2026-05-03 16:20:35,707][gurobipy][INFO] - Set parameter TimeLimit to value 300
[2026-05-03 16:22:43,322][gurobipy][INFO] - Gurobi Optimizer version 13.0.1 build v13.0.1rc0 (linux64 - "Ubuntu 22.04.5 LTS")
[2026-05-03 16:22:43,322][gurobipy][INFO] - 
[2026-05-03 16:22:43,322][gurobipy][INFO] - CPU model: Intel(R) Xeon(R) Platinum 8358 CPU @ 2.60GHz, instruction set [SSE2|AVX|AVX2|AVX512]
[2026-05-03 16:22:43,323][gurobipy][INFO] - Thread count: 64 physical cores, 128 logical processors, using up to 32 threads
[2026-05-03 16:22:43,323][gurobipy][INFO] - 
[2026-05-03 16:22:43,323][gurobipy][INFO] - Non-default parameters:
[2026-05-03 16:22:43,323][gurobipy][INFO] - TimeLimit  300
[2026-05-03 16:22:43,323][gurobipy][INFO] - MIPGap  0
[2026-05-03 16:22:43,323][gurobipy][INFO] - 
[2026-05-03 16:22:43,323][gurobipy][INFO] - Academic license 2619742 - for non-commercial use only - registered to it___@mail.huji.ac.il
[2026-05-03 16:22:43,323][gurobipy][INFO] - Optimize a model with 3179951 rows, 60798 columns and 6359902 nonzeros (Min)
[2026-05-03 16:22:43,385][gurobipy][INFO] - Model fingerprint: 0x3bd24d33
[2026-05-03 16:22:43,385][gurobipy][INFO] - Model has 60798 linear objective coefficients and an objective constant of 9.9999999999999989e-01
[2026-05-03 16:22:43,385][gurobipy][INFO] - Variable types: 0 continuous, 60798 integer (60798 binary)
[2026-05-03 16:22:43,396][gurobipy][INFO] - Coefficient statistics:
[2026-05-03 16:22:43,396][gurobipy][INFO] -   Matrix range     [1e+00, 1e+00]
[2026-05-03 16:22:43,396][gurobipy][INFO] -   Objective range  [2e-05, 2e-05]
[2026-05-03 16:22:43,396][gurobipy][INFO] -   Bounds range     [1e+00, 1e+00]
[2026-05-03 16:22:43,396][gurobipy][INFO] -   RHS range        [1e+00, 1e+00]
[2026-05-03 16:22:43,396][gurobipy][INFO] - 
[2026-05-03 16:22:43,505][gurobipy][INFO] - Found heuristic solution: objective 0.0019409
[2026-05-03 16:22:49,246][gurobipy][INFO] - Presolve removed 0 rows and 0 columns (presolve time = 5s)...
[2026-05-03 16:22:53,896][gurobipy][INFO] - Presolve removed 130305 rows and 0 columns (presolve time = 10s)...
[2026-05-03 16:22:58,901][gurobipy][INFO] - Presolve removed 163250 rows and 0 columns (presolve time = 15s)...
[2026-05-03 16:23:03,950][gurobipy][INFO] - Presolve removed 186853 rows and 0 columns (presolve time = 20s)...
[2026-05-03 16:23:08,894][gurobipy][INFO] - Presolve removed 189002 rows and 0 columns (presolve time = 25s)...
[2026-05-03 16:23:13,933][gurobipy][INFO] - Presolve removed 189002 rows and 0 columns (presolve time = 30s)...
[2026-05-03 16:23:18,998][gurobipy][INFO] - Presolve removed 189002 rows and 0 columns (presolve time = 35s)...
[2026-05-03 16:23:23,974][gurobipy][INFO] - Presolve removed 189002 rows and 0 columns (presolve time = 40s)...
[2026-05-03 16:23:28,330][gurobipy][INFO] - Presolve removed 3071354 rows and 58452 columns
[2026-05-03 16:23:28,330][gurobipy][INFO] - Presolve time: 44.44s
[2026-05-03 16:23:28,350][gurobipy][INFO] - Presolved: 108597 rows, 2346 columns, 236069 nonzeros
[2026-05-03 16:23:28,405][gurobipy][INFO] - Variable types: 0 continuous, 2346 integer (2346 binary)
[2026-05-03 16:23:28,545][gurobipy][INFO] - Performing another presolve...
[2026-05-03 16:23:28,550][gurobipy][INFO] - Presolve removed 108544 rows and 2329 columns
[2026-05-03 16:23:28,569][gurobipy][INFO] - Presolve time: 0.01s
[2026-05-03 16:23:29,033][gurobipy][INFO] - 
[2026-05-03 16:23:29,033][gurobipy][INFO] - Explored 1 nodes (0 simplex iterations) in 45.71 seconds (45.98 work units)
[2026-05-03 16:23:29,033][gurobipy][INFO] - Thread count was 32 (of 128 available processors)
[2026-05-03 16:23:29,033][gurobipy][INFO] - 
[2026-05-03 16:23:29,033][gurobipy][INFO] - Solution count 2: 0.00194085 0.00200664 
[2026-05-03 16:23:29,033][gurobipy][INFO] - 
[2026-05-03 16:23:29,033][gurobipy][INFO] - Optimal solution found (tolerance 0.00e+00)
[2026-05-03 16:23:29,226][gurobipy][INFO] - Best objective 1.940853317485e-03, best bound 1.940853317485e-03, gap 0.0000%
