[2026-04-30 14:51:21,536][gurobipy][INFO] - Set parameter WLSAccessID
[2026-04-30 14:51:21,536][gurobipy][INFO] - Set parameter WLSSecret
[2026-04-30 14:51:21,537][gurobipy][INFO] - Set parameter LicenseID to value 2619742
[2026-04-30 14:51:21,611][gurobipy][INFO] - Academic license 2619742 - for non-commercial use only - registered to it___@mail.huji.ac.il
[2026-04-30 14:51:21,613][gurobipy][INFO] - Set parameter OutputFlag to value 1
[2026-04-30 14:51:21,613][gurobipy][INFO] - Set parameter MIPGap to value 0
[2026-04-30 14:51:21,613][gurobipy][INFO] - Set parameter TimeLimit to value 300
[2026-04-30 14:52:07,169][gurobipy][INFO] - Set parameter NonConvex to value 2
[2026-04-30 14:52:07,606][gurobipy][INFO] - Gurobi Optimizer version 13.0.1 build v13.0.1rc0 (linux64 - "Ubuntu 22.04.5 LTS")
[2026-04-30 14:52:07,606][gurobipy][INFO] - 
[2026-04-30 14:52:07,606][gurobipy][INFO] - CPU model: Intel(R) Xeon(R) Platinum 8358 CPU @ 2.60GHz, instruction set [SSE2|AVX|AVX2|AVX512]
[2026-04-30 14:52:07,606][gurobipy][INFO] - Thread count: 64 physical cores, 128 logical processors, using up to 32 threads
[2026-04-30 14:52:07,607][gurobipy][INFO] - 
[2026-04-30 14:52:07,607][gurobipy][INFO] - Non-default parameters:
[2026-04-30 14:52:07,607][gurobipy][INFO] - TimeLimit  300
[2026-04-30 14:52:07,607][gurobipy][INFO] - MIPGap  0
[2026-04-30 14:52:07,607][gurobipy][INFO] - NonConvex  2
[2026-04-30 14:52:07,607][gurobipy][INFO] - 
[2026-04-30 14:52:07,607][gurobipy][INFO] - Academic license 2619742 - for non-commercial use only - registered to it___@mail.huji.ac.il
[2026-04-30 14:52:07,607][gurobipy][INFO] - Optimize a model with 919827 rows, 5020 columns and 1839654 nonzeros (Min)
[2026-04-30 14:52:07,629][gurobipy][INFO] - Model fingerprint: 0xfda91ede
[2026-04-30 14:52:07,630][gurobipy][INFO] - Model has 5020 linear objective coefficients and an objective constant of 0.5
[2026-04-30 14:52:07,630][gurobipy][INFO] - Model has 40 quadratic constraints
[2026-04-30 14:52:07,630][gurobipy][INFO] - Variable types: 20 continuous, 5000 integer (5000 binary)
[2026-04-30 14:52:07,634][gurobipy][INFO] - Coefficient statistics:
[2026-04-30 14:52:07,634][gurobipy][INFO] -   Matrix range     [1e+00, 1e+00]
[2026-04-30 14:52:07,634][gurobipy][INFO] -   QMatrix range    [1e+00, 1e+00]
[2026-04-30 14:52:07,634][gurobipy][INFO] -   QLMatrix range   [1e-04, 1e+00]
[2026-04-30 14:52:07,634][gurobipy][INFO] -   Objective range  [1e-04, 3e-02]
[2026-04-30 14:52:07,634][gurobipy][INFO] -   Bounds range     [1e+00, 1e+00]
[2026-04-30 14:52:07,634][gurobipy][INFO] -   RHS range        [1e+00, 1e+00]
[2026-04-30 14:52:07,635][gurobipy][INFO] - 
[2026-04-30 14:52:07,664][gurobipy][INFO] - Found heuristic solution: objective 0.5000000
[2026-04-30 14:52:12,866][gurobipy][INFO] - Presolve removed 437242 rows and 0 columns (presolve time = 5s)...
[2026-04-30 14:52:17,906][gurobipy][INFO] - Presolve removed 438140 rows and 0 columns (presolve time = 10s)...
[2026-04-30 14:52:22,870][gurobipy][INFO] - Presolve removed 439296 rows and 0 columns (presolve time = 15s)...
[2026-04-30 14:52:27,854][gurobipy][INFO] - Presolve removed 440654 rows and 0 columns (presolve time = 20s)...
[2026-04-30 14:52:32,935][gurobipy][INFO] - Presolve removed 441969 rows and 0 columns (presolve time = 25s)...
[2026-04-30 14:52:37,905][gurobipy][INFO] - Presolve removed 441969 rows and 0 columns (presolve time = 30s)...
[2026-04-30 14:52:42,939][gurobipy][INFO] - Presolve removed 441969 rows and 0 columns (presolve time = 35s)...
[2026-04-30 14:52:47,869][gurobipy][INFO] - Presolve removed 441969 rows and 0 columns (presolve time = 40s)...
[2026-04-30 14:52:52,911][gurobipy][INFO] - Presolve removed 441969 rows and 0 columns (presolve time = 45s)...
[2026-04-30 14:52:57,923][gurobipy][INFO] - Presolve removed 441969 rows and 0 columns (presolve time = 50s)...
[2026-04-30 14:53:02,869][gurobipy][INFO] - Presolve removed 441969 rows and 0 columns (presolve time = 55s)...
[2026-04-30 14:53:07,917][gurobipy][INFO] - Presolve removed 441969 rows and 0 columns (presolve time = 60s)...
[2026-04-30 14:53:12,945][gurobipy][INFO] - Presolve removed 441969 rows and 0 columns (presolve time = 65s)...
[2026-04-30 14:53:17,906][gurobipy][INFO] - Presolve removed 441969 rows and 0 columns (presolve time = 70s)...
[2026-04-30 14:53:22,934][gurobipy][INFO] - Presolve removed 441969 rows and 0 columns (presolve time = 75s)...
[2026-04-30 14:53:27,829][gurobipy][INFO] - Presolve removed 441969 rows and 0 columns (presolve time = 80s)...
[2026-04-30 14:53:32,898][gurobipy][INFO] - Presolve removed 441969 rows and 0 columns (presolve time = 85s)...
[2026-04-30 14:53:37,891][gurobipy][INFO] - Presolve removed 441969 rows and 0 columns (presolve time = 90s)...
[2026-04-30 14:53:42,835][gurobipy][INFO] - Presolve removed 441969 rows and 0 columns (presolve time = 95s)...
[2026-04-30 14:53:46,774][gurobipy][INFO] - Presolve added 0 rows and 18 columns
[2026-04-30 14:53:46,775][gurobipy][INFO] - Presolve removed 441933 rows and 0 columns
[2026-04-30 14:53:46,775][gurobipy][INFO] - Presolve time: 98.95s
[2026-04-30 14:53:46,780][gurobipy][INFO] - Presolved: 677914 rows, 305038 columns, 2139644 nonzeros
[2026-04-30 14:53:46,780][gurobipy][INFO] - Presolved model has 200000 SOS constraint(s)
[2026-04-30 14:53:49,006][gurobipy][INFO] - Variable types: 200038 continuous, 105000 integer (105000 binary)
[2026-04-30 14:57:07,679][gurobipy][INFO] - 
[2026-04-30 14:57:07,680][gurobipy][INFO] - Explored 1 nodes (0 simplex iterations) in 300.07 seconds (113.72 work units)
[2026-04-30 14:57:07,680][gurobipy][INFO] - Thread count was 32 (of 128 available processors)
[2026-04-30 14:57:07,680][gurobipy][INFO] - 
[2026-04-30 14:57:07,680][gurobipy][INFO] - Solution count 1: 0.5 
[2026-04-30 14:57:07,680][gurobipy][INFO] - 
[2026-04-30 14:57:07,680][gurobipy][INFO] - Time limit reached
[2026-04-30 14:57:07,689][gurobipy][INFO] - Best objective 5.000000000000e-01, best bound 3.875049695186e-14, gap 100.0000%
