[2026-05-03 15:42:05,337][gurobipy][INFO] - Set parameter WLSAccessID
[2026-05-03 15:42:05,337][gurobipy][INFO] - Set parameter WLSSecret
[2026-05-03 15:42:05,337][gurobipy][INFO] - Set parameter LicenseID to value 2619742
[2026-05-03 15:42:05,347][gurobipy][INFO] - Academic license 2619742 - for non-commercial use only - registered to it___@mail.huji.ac.il
[2026-05-03 15:42:05,348][gurobipy][INFO] - Set parameter OutputFlag to value 1
[2026-05-03 15:42:05,348][gurobipy][INFO] - Set parameter MIPGap to value 0
[2026-05-03 15:42:05,348][gurobipy][INFO] - Set parameter TimeLimit to value 300
[2026-05-03 16:18:06,245][gurobipy][INFO] - Set parameter NonConvex to value 2
[2026-05-03 16:20:57,014][gurobipy][INFO] - Gurobi Optimizer version 13.0.1 build v13.0.1rc0 (linux64 - "Ubuntu 22.04.5 LTS")
[2026-05-03 16:20:57,015][gurobipy][INFO] - 
[2026-05-03 16:20:57,015][gurobipy][INFO] - CPU model: Intel(R) Xeon(R) Platinum 8358 CPU @ 2.60GHz, instruction set [SSE2|AVX|AVX2|AVX512]
[2026-05-03 16:20:57,015][gurobipy][INFO] - Thread count: 64 physical cores, 128 logical processors, using up to 32 threads
[2026-05-03 16:20:57,015][gurobipy][INFO] - 
[2026-05-03 16:20:57,015][gurobipy][INFO] - Non-default parameters:
[2026-05-03 16:20:57,015][gurobipy][INFO] - TimeLimit  300
[2026-05-03 16:20:57,015][gurobipy][INFO] - MIPGap  0
[2026-05-03 16:20:57,015][gurobipy][INFO] - NonConvex  2
[2026-05-03 16:20:57,016][gurobipy][INFO] - 
[2026-05-03 16:20:57,016][gurobipy][INFO] - Academic license 2619742 - for non-commercial use only - registered to it___@mail.huji.ac.il
[2026-05-03 16:20:57,016][gurobipy][INFO] - Optimize a model with 53881684 rows, 3395624 columns and 107763368 nonzeros (Min)
[2026-05-03 16:20:59,986][gurobipy][INFO] - Model fingerprint: 0x30e54970
[2026-05-03 16:20:59,988][gurobipy][INFO] - Model has 3395624 linear objective coefficients and an objective constant of 0.5
[2026-05-03 16:20:59,988][gurobipy][INFO] - Model has 40 quadratic constraints
[2026-05-03 16:20:59,991][gurobipy][INFO] - Variable types: 20 continuous, 3395604 integer (3395604 binary)
[2026-05-03 16:21:00,532][gurobipy][INFO] - Coefficient statistics:
[2026-05-03 16:21:00,532][gurobipy][INFO] -   Matrix range     [1e+00, 1e+00]
[2026-05-03 16:21:00,532][gurobipy][INFO] -   QMatrix range    [1e+00, 1e+00]
[2026-05-03 16:21:00,532][gurobipy][INFO] -   QLMatrix range   [1e-06, 1e+00]
[2026-05-03 16:21:00,532][gurobipy][INFO] -   Objective range  [1e-07, 3e-02]
[2026-05-03 16:21:00,532][gurobipy][INFO] -   Bounds range     [1e+00, 1e+00]
[2026-05-03 16:21:00,532][gurobipy][INFO] -   RHS range        [1e+00, 1e+00]
[2026-05-03 16:21:00,533][gurobipy][INFO] - 
[2026-05-03 16:21:02,495][gurobipy][INFO] - Found heuristic solution: objective 0.5000000
