[2026-05-03 17:36:01,445][gurobipy][INFO] - Set parameter WLSAccessID
[2026-05-03 17:36:01,446][gurobipy][INFO] - Set parameter WLSSecret
[2026-05-03 17:36:01,446][gurobipy][INFO] - Set parameter LicenseID to value 2619742
[2026-05-03 17:36:01,718][gurobipy][INFO] - Academic license 2619742 - for non-commercial use only - registered to it___@mail.huji.ac.il
[2026-05-03 17:36:01,721][gurobipy][INFO] - Set parameter OutputFlag to value 1
[2026-05-03 17:36:01,721][gurobipy][INFO] - Set parameter MIPGap to value 0
[2026-05-03 17:36:01,721][gurobipy][INFO] - Set parameter TimeLimit to value 300
[2026-05-03 17:39:51,903][gurobipy][INFO] - Set parameter NonConvex to value 2
[2026-05-03 17:40:40,580][gurobipy][INFO] - Gurobi Optimizer version 13.0.1 build v13.0.1rc0 (linux64 - "Ubuntu 22.04.5 LTS")
[2026-05-03 17:40:40,580][gurobipy][INFO] - 
[2026-05-03 17:40:40,580][gurobipy][INFO] - CPU model: Intel(R) Xeon(R) Platinum 8358 CPU @ 2.60GHz, instruction set [SSE2|AVX|AVX2|AVX512]
[2026-05-03 17:40:40,580][gurobipy][INFO] - Thread count: 64 physical cores, 128 logical processors, using up to 32 threads
[2026-05-03 17:40:40,580][gurobipy][INFO] - 
[2026-05-03 17:40:40,580][gurobipy][INFO] - Non-default parameters:
[2026-05-03 17:40:40,580][gurobipy][INFO] - TimeLimit  300
[2026-05-03 17:40:40,581][gurobipy][INFO] - MIPGap  0
[2026-05-03 17:40:40,581][gurobipy][INFO] - NonConvex  2
[2026-05-03 17:40:40,581][gurobipy][INFO] - 
[2026-05-03 17:40:40,581][gurobipy][INFO] - Academic license 2619742 - for non-commercial use only - registered to it___@mail.huji.ac.il
[2026-05-03 17:40:40,581][gurobipy][INFO] - Optimize a model with 924388 rows, 999930 columns and 1848776 nonzeros (Min)
[2026-05-03 17:40:41,186][gurobipy][INFO] - Model fingerprint: 0x28f69866
[2026-05-03 17:40:41,187][gurobipy][INFO] - Model has 999930 linear objective coefficients and an objective constant of 0.5
[2026-05-03 17:40:41,187][gurobipy][INFO] - Model has 40 quadratic constraints
[2026-05-03 17:40:41,188][gurobipy][INFO] - Variable types: 20 continuous, 999910 integer (999910 binary)
[2026-05-03 17:40:41,279][gurobipy][INFO] - Coefficient statistics:
[2026-05-03 17:40:41,279][gurobipy][INFO] -   Matrix range     [1e+00, 1e+00]
[2026-05-03 17:40:41,279][gurobipy][INFO] -   QMatrix range    [1e+00, 1e+00]
[2026-05-03 17:40:41,279][gurobipy][INFO] -   QLMatrix range   [9e-05, 1e+00]
[2026-05-03 17:40:41,279][gurobipy][INFO] -   Objective range  [5e-07, 3e-02]
[2026-05-03 17:40:41,279][gurobipy][INFO] -   Bounds range     [1e+00, 1e+00]
[2026-05-03 17:40:41,279][gurobipy][INFO] -   RHS range        [1e+00, 1e+00]
[2026-05-03 17:40:41,279][gurobipy][INFO] - 
[2026-05-03 17:40:41,529][gurobipy][INFO] - Found heuristic solution: objective 0.5000000
[2026-05-03 17:40:51,149][gurobipy][INFO] - Presolve removed 0 rows and 0 columns (presolve time = 8s)...
[2026-05-03 17:40:54,810][gurobipy][INFO] - Presolve removed 0 rows and 0 columns (presolve time = 12s)...
[2026-05-03 17:40:58,837][gurobipy][INFO] - Presolve removed 0 rows and 0 columns (presolve time = 16s)...
[2026-05-03 17:41:03,900][gurobipy][INFO] - Presolve removed 0 rows and 0 columns (presolve time = 21s)...
[2026-05-03 17:41:08,178][gurobipy][INFO] - Presolve removed 197491 rows and 0 columns (presolve time = 25s)...
[2026-05-03 17:41:13,160][gurobipy][INFO] - Presolve removed 197491 rows and 0 columns (presolve time = 30s)...
[2026-05-03 17:41:19,304][gurobipy][INFO] - Presolve removed 197491 rows and 0 columns (presolve time = 36s)...
[2026-05-03 17:41:23,241][gurobipy][INFO] - Presolve removed 197491 rows and 0 columns (presolve time = 40s)...
[2026-05-03 17:41:28,743][gurobipy][INFO] - Presolve removed 197491 rows and 0 columns (presolve time = 46s)...
[2026-05-03 17:41:33,163][gurobipy][INFO] - Presolve removed 197491 rows and 0 columns (presolve time = 50s)...
[2026-05-03 17:41:38,150][gurobipy][INFO] - Presolve removed 197491 rows and 0 columns (presolve time = 55s)...
[2026-05-03 17:41:43,152][gurobipy][INFO] - Presolve removed 197491 rows and 0 columns (presolve time = 60s)...
[2026-05-03 17:41:48,201][gurobipy][INFO] - Presolve removed 197491 rows and 0 columns (presolve time = 65s)...
[2026-05-03 17:41:56,567][gurobipy][INFO] - Presolve removed 197491 rows and 0 columns (presolve time = 73s)...
[2026-05-03 17:41:58,146][gurobipy][INFO] - Presolve removed 197491 rows and 0 columns (presolve time = 75s)...
[2026-05-03 17:42:03,231][gurobipy][INFO] - Presolve removed 197491 rows and 0 columns (presolve time = 80s)...
[2026-05-03 17:42:09,944][gurobipy][INFO] - Presolve removed 197491 rows and 0 columns (presolve time = 87s)...
[2026-05-03 17:43:19,482][gurobipy][INFO] - Presolve removed 197491 rows and 0 columns (presolve time = 156s)...
[2026-05-03 17:43:19,483][gurobipy][INFO] - Presolve added 0 rows and 20 columns
[2026-05-03 17:43:19,483][gurobipy][INFO] - Presolve removed 197451 rows and 0 columns
[2026-05-03 17:43:19,483][gurobipy][INFO] - Presolve time: 156.34s
[2026-05-03 17:43:19,594][gurobipy][INFO] - Presolved: 40723357 rows, 60994550 columns, 161636897 nonzeros
[2026-05-03 17:43:19,594][gurobipy][INFO] - Presolved model has 39996400 SOS constraint(s)
