[2026-04-30 14:50:23,357][gurobipy][INFO] - Set parameter WLSAccessID
[2026-04-30 14:50:23,357][gurobipy][INFO] - Set parameter WLSSecret
[2026-04-30 14:50:23,357][gurobipy][INFO] - Set parameter LicenseID to value 2619742
[2026-04-30 14:50:23,364][gurobipy][INFO] - Academic license 2619742 - for non-commercial use only - registered to it___@mail.huji.ac.il
[2026-04-30 14:50:23,365][gurobipy][INFO] - Set parameter OutputFlag to value 1
[2026-04-30 14:50:23,365][gurobipy][INFO] - Set parameter MIPGap to value 0
[2026-04-30 14:50:23,365][gurobipy][INFO] - Set parameter TimeLimit to value 300
[2026-04-30 14:50:46,624][gurobipy][INFO] - Set parameter NonConvex to value 2
[2026-04-30 14:50:46,928][gurobipy][INFO] - Gurobi Optimizer version 13.0.1 build v13.0.1rc0 (linux64 - "Ubuntu 22.04.5 LTS")
[2026-04-30 14:50:46,928][gurobipy][INFO] - 
[2026-04-30 14:50:46,928][gurobipy][INFO] - CPU model: Intel(R) Xeon(R) Platinum 8358 CPU @ 2.60GHz, instruction set [SSE2|AVX|AVX2|AVX512]
[2026-04-30 14:50:46,928][gurobipy][INFO] - Thread count: 64 physical cores, 128 logical processors, using up to 32 threads
[2026-04-30 14:50:46,928][gurobipy][INFO] - 
[2026-04-30 14:50:46,928][gurobipy][INFO] - Non-default parameters:
[2026-04-30 14:50:46,928][gurobipy][INFO] - TimeLimit  300
[2026-04-30 14:50:46,928][gurobipy][INFO] - MIPGap  0
[2026-04-30 14:50:46,928][gurobipy][INFO] - NonConvex  2
[2026-04-30 14:50:46,928][gurobipy][INFO] - 
[2026-04-30 14:50:46,929][gurobipy][INFO] - Academic license 2619742 - for non-commercial use only - registered to it___@mail.huji.ac.il
[2026-04-30 14:50:46,929][gurobipy][INFO] - Optimize a model with 564385 rows, 5020 columns and 1128770 nonzeros (Min)
[2026-04-30 14:50:46,942][gurobipy][INFO] - Model fingerprint: 0x1cf21ae2
[2026-04-30 14:50:46,942][gurobipy][INFO] - Model has 5020 linear objective coefficients and an objective constant of 0.5
[2026-04-30 14:50:46,942][gurobipy][INFO] - Model has 40 quadratic constraints
[2026-04-30 14:50:46,942][gurobipy][INFO] - Variable types: 20 continuous, 5000 integer (5000 binary)
[2026-04-30 14:50:46,944][gurobipy][INFO] - Coefficient statistics:
[2026-04-30 14:50:46,944][gurobipy][INFO] -   Matrix range     [1e+00, 1e+00]
[2026-04-30 14:50:46,944][gurobipy][INFO] -   QMatrix range    [1e+00, 1e+00]
[2026-04-30 14:50:46,944][gurobipy][INFO] -   QLMatrix range   [9e-05, 1e+00]
[2026-04-30 14:50:46,944][gurobipy][INFO] -   Objective range  [1e-04, 3e-02]
[2026-04-30 14:50:46,944][gurobipy][INFO] -   Bounds range     [1e+00, 1e+00]
[2026-04-30 14:50:46,944][gurobipy][INFO] -   RHS range        [1e+00, 1e+00]
[2026-04-30 14:50:46,944][gurobipy][INFO] - 
[2026-04-30 14:50:46,955][gurobipy][INFO] - Found heuristic solution: objective 0.5000000
[2026-04-30 14:50:52,025][gurobipy][INFO] - Presolve removed 256646 rows and 0 columns (presolve time = 5s)...
[2026-04-30 14:50:57,007][gurobipy][INFO] - Presolve removed 256767 rows and 0 columns (presolve time = 10s)...
[2026-04-30 14:51:02,049][gurobipy][INFO] - Presolve removed 256767 rows and 0 columns (presolve time = 15s)...
[2026-04-30 14:51:07,031][gurobipy][INFO] - Presolve removed 256767 rows and 0 columns (presolve time = 20s)...
[2026-04-30 14:51:12,051][gurobipy][INFO] - Presolve removed 256767 rows and 0 columns (presolve time = 25s)...
[2026-04-30 14:51:17,065][gurobipy][INFO] - Presolve removed 256767 rows and 0 columns (presolve time = 30s)...
[2026-04-30 14:51:19,767][gurobipy][INFO] - Presolve added 0 rows and 16 columns
[2026-04-30 14:51:19,767][gurobipy][INFO] - Presolve removed 256735 rows and 0 columns
[2026-04-30 14:51:19,767][gurobipy][INFO] - Presolve time: 32.76s
[2026-04-30 14:51:19,769][gurobipy][INFO] - Presolved: 507670 rows, 305036 columns, 1619230 nonzeros
[2026-04-30 14:51:19,769][gurobipy][INFO] - Presolved model has 200000 SOS constraint(s)
[2026-04-30 14:51:21,301][gurobipy][INFO] - Variable types: 200036 continuous, 105000 integer (105000 binary)
[2026-04-30 14:55:24,048][gurobipy][INFO] - 
[2026-04-30 14:55:24,049][gurobipy][INFO] - Deterministic concurrent LP optimizer: primal simplex, dual simplex, and barrier
[2026-04-30 14:55:24,049][gurobipy][INFO] - Showing barrier log only...
[2026-04-30 14:55:24,049][gurobipy][INFO] - 
[2026-04-30 14:55:27,980][gurobipy][INFO] - Root barrier log...
[2026-04-30 14:55:27,980][gurobipy][INFO] - 
[2026-04-30 14:55:36,959][gurobipy][INFO] - Elapsed ordering time = 5s
[2026-04-30 14:55:41,959][gurobipy][INFO] - Elapsed ordering time = 10s
[2026-04-30 14:55:46,947][gurobipy][INFO] - Ordering time: 14.99s
[2026-04-30 14:55:46,965][gurobipy][INFO] - 
[2026-04-30 14:55:46,966][gurobipy][INFO] - Barrier performed 0 iterations in 300.04 seconds (254.46 work units)
[2026-04-30 14:55:46,966][gurobipy][INFO] - Time limit reached
[2026-04-30 14:55:46,966][gurobipy][INFO] - 
[2026-04-30 14:55:46,981][gurobipy][INFO] - 
[2026-04-30 14:55:47,031][gurobipy][INFO] - 
[2026-04-30 14:55:47,031][gurobipy][INFO] - Root relaxation: time limit, 22450 iterations, 22.98 seconds (20.36 work units)
[2026-04-30 14:55:47,033][gurobipy][INFO] - 
[2026-04-30 14:55:47,033][gurobipy][INFO] -     Nodes    |    Current Node    |     Objective Bounds      |     Work
[2026-04-30 14:55:47,033][gurobipy][INFO] -  Expl Unexpl |  Obj  Depth IntInf | Incumbent    BestBd   Gap | It/Node Time
[2026-04-30 14:55:47,033][gurobipy][INFO] - 
[2026-04-30 14:55:47,033][gurobipy][INFO] -      0     0          -    0         0.50000    0.00000   100%     -  300s
[2026-04-30 14:55:47,055][gurobipy][INFO] - 
[2026-04-30 14:55:47,055][gurobipy][INFO] - Explored 1 nodes (22450 simplex iterations) in 300.13 seconds (246.12 work units)
[2026-04-30 14:55:47,055][gurobipy][INFO] - Thread count was 32 (of 128 available processors)
[2026-04-30 14:55:47,055][gurobipy][INFO] - 
[2026-04-30 14:55:47,055][gurobipy][INFO] - Solution count 1: 0.5 
[2026-04-30 14:55:47,055][gurobipy][INFO] - 
[2026-04-30 14:55:47,055][gurobipy][INFO] - Time limit reached
[2026-04-30 14:55:47,062][gurobipy][INFO] - Best objective 5.000000000000e-01, best bound 3.875049695186e-14, gap 100.0000%
