[2026-05-03 16:09:42,479][gurobipy][INFO] - Set parameter WLSAccessID
[2026-05-03 16:09:42,479][gurobipy][INFO] - Set parameter WLSSecret
[2026-05-03 16:09:42,479][gurobipy][INFO] - Set parameter LicenseID to value 2619742
[2026-05-03 16:09:42,488][gurobipy][INFO] - Academic license 2619742 - for non-commercial use only - registered to it___@mail.huji.ac.il
[2026-05-03 16:09:42,489][gurobipy][INFO] - Set parameter OutputFlag to value 1
[2026-05-03 16:09:42,489][gurobipy][INFO] - Set parameter MIPGap to value 0
[2026-05-03 16:09:42,489][gurobipy][INFO] - Set parameter TimeLimit to value 300
[2026-05-03 16:13:52,069][gurobipy][INFO] - Set parameter NonConvex to value 2
[2026-05-03 16:13:55,987][gurobipy][INFO] - Gurobi Optimizer version 13.0.1 build v13.0.1rc0 (linux64 - "Ubuntu 22.04.5 LTS")
[2026-05-03 16:13:55,987][gurobipy][INFO] - 
[2026-05-03 16:13:55,988][gurobipy][INFO] - CPU model: Intel(R) Xeon(R) Platinum 8358 CPU @ 2.60GHz, instruction set [SSE2|AVX|AVX2|AVX512]
[2026-05-03 16:13:55,988][gurobipy][INFO] - Thread count: 64 physical cores, 128 logical processors, using up to 32 threads
[2026-05-03 16:13:55,988][gurobipy][INFO] - 
[2026-05-03 16:13:55,988][gurobipy][INFO] - Non-default parameters:
[2026-05-03 16:13:55,988][gurobipy][INFO] - TimeLimit  300
[2026-05-03 16:13:55,988][gurobipy][INFO] - MIPGap  0
[2026-05-03 16:13:55,988][gurobipy][INFO] - NonConvex  2
[2026-05-03 16:13:55,988][gurobipy][INFO] - 
[2026-05-03 16:13:55,988][gurobipy][INFO] - Academic license 2619742 - for non-commercial use only - registered to it___@mail.huji.ac.il
[2026-05-03 16:13:55,988][gurobipy][INFO] - Optimize a model with 6490742 rows, 60818 columns and 12981484 nonzeros (Min)
[2026-05-03 16:13:56,144][gurobipy][INFO] - Model fingerprint: 0x59530b4b
[2026-05-03 16:13:56,144][gurobipy][INFO] - Model has 60818 linear objective coefficients and an objective constant of 4.9999999999999994e-01
[2026-05-03 16:13:56,144][gurobipy][INFO] - Model has 40 quadratic constraints
[2026-05-03 16:13:56,144][gurobipy][INFO] - Variable types: 20 continuous, 60798 integer (60798 binary)
[2026-05-03 16:13:56,168][gurobipy][INFO] - Coefficient statistics:
[2026-05-03 16:13:56,168][gurobipy][INFO] -   Matrix range     [1e+00, 1e+00]
[2026-05-03 16:13:56,168][gurobipy][INFO] -   QMatrix range    [1e+00, 1e+00]
[2026-05-03 16:13:56,168][gurobipy][INFO] -   QLMatrix range   [5e-03, 1e+00]
[2026-05-03 16:13:56,168][gurobipy][INFO] -   Objective range  [8e-06, 3e-02]
[2026-05-03 16:13:56,168][gurobipy][INFO] -   Bounds range     [1e+00, 1e+00]
[2026-05-03 16:13:56,168][gurobipy][INFO] -   RHS range        [1e+00, 1e+00]
[2026-05-03 16:13:56,168][gurobipy][INFO] - 
[2026-05-03 16:13:56,327][gurobipy][INFO] - Found heuristic solution: objective 0.5000000
[2026-05-03 16:14:02,456][gurobipy][INFO] - Presolve removed 0 rows and 0 columns (presolve time = 5s)...
[2026-05-03 16:14:07,570][gurobipy][INFO] - Presolve removed 0 rows and 0 columns (presolve time = 10s)...
[2026-05-03 16:14:12,271][gurobipy][INFO] - Presolve removed 0 rows and 0 columns (presolve time = 15s)...
[2026-05-03 16:14:17,683][gurobipy][INFO] - Presolve removed 415707 rows and 0 columns (presolve time = 20s)...
[2026-05-03 16:14:22,451][gurobipy][INFO] - Presolve removed 431750 rows and 0 columns (presolve time = 25s)...
[2026-05-03 16:14:27,701][gurobipy][INFO] - Presolve removed 438004 rows and 0 columns (presolve time = 30s)...
[2026-05-03 16:14:32,714][gurobipy][INFO] - Presolve removed 448529 rows and 0 columns (presolve time = 35s)...
[2026-05-03 16:14:37,639][gurobipy][INFO] - Presolve removed 468073 rows and 0 columns (presolve time = 40s)...
[2026-05-03 16:14:42,443][gurobipy][INFO] - Presolve removed 471867 rows and 0 columns (presolve time = 45s)...
[2026-05-03 16:14:47,537][gurobipy][INFO] - Presolve removed 473050 rows and 0 columns (presolve time = 50s)...
[2026-05-03 16:14:52,376][gurobipy][INFO] - Presolve removed 475919 rows and 0 columns (presolve time = 55s)...
[2026-05-03 16:14:57,494][gurobipy][INFO] - Presolve removed 487207 rows and 0 columns (presolve time = 60s)...
[2026-05-03 16:15:02,365][gurobipy][INFO] - Presolve removed 487230 rows and 0 columns (presolve time = 65s)...
[2026-05-03 16:15:07,532][gurobipy][INFO] - Presolve removed 487543 rows and 0 columns (presolve time = 70s)...
[2026-05-03 16:15:12,673][gurobipy][INFO] - Presolve removed 490812 rows and 0 columns (presolve time = 75s)...
[2026-05-03 16:15:17,451][gurobipy][INFO] - Presolve removed 492095 rows and 0 columns (presolve time = 80s)...
[2026-05-03 16:15:22,302][gurobipy][INFO] - Presolve removed 497852 rows and 0 columns (presolve time = 85s)...
[2026-05-03 16:15:27,377][gurobipy][INFO] - Presolve removed 497868 rows and 0 columns (presolve time = 90s)...
[2026-05-03 16:15:32,273][gurobipy][INFO] - Presolve removed 505073 rows and 0 columns (presolve time = 95s)...
[2026-05-03 16:15:37,270][gurobipy][INFO] - Presolve removed 505073 rows and 0 columns (presolve time = 100s)...
[2026-05-03 16:15:42,362][gurobipy][INFO] - Presolve removed 505073 rows and 0 columns (presolve time = 105s)...
[2026-05-03 16:15:47,380][gurobipy][INFO] - Presolve removed 505073 rows and 0 columns (presolve time = 110s)...
[2026-05-03 16:15:52,351][gurobipy][INFO] - Presolve removed 505073 rows and 0 columns (presolve time = 115s)...
[2026-05-03 16:15:57,429][gurobipy][INFO] - Presolve removed 505073 rows and 0 columns (presolve time = 120s)...
[2026-05-03 16:16:02,602][gurobipy][INFO] - Presolve removed 505073 rows and 0 columns (presolve time = 125s)...
[2026-05-03 16:16:07,408][gurobipy][INFO] - Presolve removed 505073 rows and 0 columns (presolve time = 130s)...
[2026-05-03 16:16:12,278][gurobipy][INFO] - Presolve removed 505073 rows and 0 columns (presolve time = 135s)...
[2026-05-03 16:16:17,411][gurobipy][INFO] - Presolve removed 505073 rows and 0 columns (presolve time = 140s)...
[2026-05-03 16:16:22,566][gurobipy][INFO] - Presolve removed 505073 rows and 0 columns (presolve time = 145s)...
[2026-05-03 16:16:27,354][gurobipy][INFO] - Presolve removed 505073 rows and 0 columns (presolve time = 150s)...
[2026-05-03 16:16:32,634][gurobipy][INFO] - Presolve removed 505073 rows and 0 columns (presolve time = 155s)...
[2026-05-03 16:16:37,656][gurobipy][INFO] - Presolve removed 505073 rows and 0 columns (presolve time = 160s)...
[2026-05-03 16:16:42,378][gurobipy][INFO] - Presolve removed 505073 rows and 0 columns (presolve time = 165s)...
[2026-05-03 16:16:47,286][gurobipy][INFO] - Presolve removed 505073 rows and 0 columns (presolve time = 170s)...
[2026-05-03 16:16:52,329][gurobipy][INFO] - Presolve removed 505073 rows and 0 columns (presolve time = 175s)...
[2026-05-03 16:16:57,290][gurobipy][INFO] - Presolve removed 505073 rows and 0 columns (presolve time = 180s)...
[2026-05-03 16:17:02,335][gurobipy][INFO] - Presolve removed 505073 rows and 0 columns (presolve time = 185s)...
[2026-05-03 16:17:07,272][gurobipy][INFO] - Presolve removed 505073 rows and 0 columns (presolve time = 190s)...
[2026-05-03 16:17:12,580][gurobipy][INFO] - Presolve removed 505073 rows and 0 columns (presolve time = 195s)...
[2026-05-03 16:17:17,930][gurobipy][INFO] - Presolve removed 505073 rows and 0 columns (presolve time = 201s)...
[2026-05-03 16:17:22,686][gurobipy][INFO] - Presolve removed 505073 rows and 0 columns (presolve time = 205s)...
[2026-05-03 16:17:31,299][gurobipy][INFO] - Presolve removed 505073 rows and 0 columns (presolve time = 214s)...
[2026-05-03 16:17:31,299][gurobipy][INFO] - Presolve added 0 rows and 24 columns
[2026-05-03 16:17:31,299][gurobipy][INFO] - Presolve removed 505029 rows and 0 columns
[2026-05-03 16:17:31,299][gurobipy][INFO] - Presolve time: 214.03s
[2026-05-03 16:17:31,346][gurobipy][INFO] - Presolved: 8417653 rows, 3708722 columns, 21837124 nonzeros
[2026-05-03 16:17:31,346][gurobipy][INFO] - Presolved model has 2431920 SOS constraint(s)
[2026-05-03 16:17:54,886][gurobipy][INFO] - Variable types: 2431960 continuous, 1276762 integer (1276758 binary)
[2026-05-03 16:18:56,361][gurobipy][INFO] - 
[2026-05-03 16:18:56,362][gurobipy][INFO] - Explored 1 nodes (0 simplex iterations) in 300.37 seconds (251.22 work units)
[2026-05-03 16:18:56,362][gurobipy][INFO] - Thread count was 32 (of 128 available processors)
[2026-05-03 16:18:56,362][gurobipy][INFO] - 
[2026-05-03 16:18:56,362][gurobipy][INFO] - Solution count 1: 0.5 
[2026-05-03 16:18:56,363][gurobipy][INFO] - 
[2026-05-03 16:18:56,363][gurobipy][INFO] - Time limit reached
[2026-05-03 16:18:56,433][gurobipy][INFO] - Best objective 5.000000000000e-01, best bound -5.732534808173e-13, gap 100.0000%
