[2026-05-03 16:10:11,545][gurobipy][INFO] - Set parameter WLSAccessID
[2026-05-03 16:10:11,545][gurobipy][INFO] - Set parameter WLSSecret
[2026-05-03 16:10:11,545][gurobipy][INFO] - Set parameter LicenseID to value 2619742
[2026-05-03 16:10:11,554][gurobipy][INFO] - Academic license 2619742 - for non-commercial use only - registered to it___@mail.huji.ac.il
[2026-05-03 16:10:11,555][gurobipy][INFO] - Set parameter OutputFlag to value 1
[2026-05-03 16:10:11,555][gurobipy][INFO] - Set parameter MIPGap to value 0
[2026-05-03 16:10:11,555][gurobipy][INFO] - Set parameter TimeLimit to value 300
[2026-05-03 16:12:27,660][gurobipy][INFO] - Set parameter NonConvex to value 2
[2026-05-03 16:12:30,998][gurobipy][INFO] - Gurobi Optimizer version 13.0.1 build v13.0.1rc0 (linux64 - "Ubuntu 22.04.5 LTS")
[2026-05-03 16:12:30,998][gurobipy][INFO] - 
[2026-05-03 16:12:30,998][gurobipy][INFO] - CPU model: Intel(R) Xeon(R) Platinum 8358 CPU @ 2.60GHz, instruction set [SSE2|AVX|AVX2|AVX512]
[2026-05-03 16:12:30,998][gurobipy][INFO] - Thread count: 64 physical cores, 128 logical processors, using up to 32 threads
[2026-05-03 16:12:30,998][gurobipy][INFO] - 
[2026-05-03 16:12:30,998][gurobipy][INFO] - Non-default parameters:
[2026-05-03 16:12:30,998][gurobipy][INFO] - TimeLimit  300
[2026-05-03 16:12:30,998][gurobipy][INFO] - MIPGap  0
[2026-05-03 16:12:30,998][gurobipy][INFO] - NonConvex  2
[2026-05-03 16:12:30,999][gurobipy][INFO] - 
[2026-05-03 16:12:30,999][gurobipy][INFO] - Academic license 2619742 - for non-commercial use only - registered to it___@mail.huji.ac.il
[2026-05-03 16:12:30,999][gurobipy][INFO] - Optimize a model with 3310615 rows, 60818 columns and 6621230 nonzeros (Min)
[2026-05-03 16:12:31,099][gurobipy][INFO] - Model fingerprint: 0x000ed925
[2026-05-03 16:12:31,100][gurobipy][INFO] - Model has 60818 linear objective coefficients and an objective constant of 4.9999999999999994e-01
[2026-05-03 16:12:31,100][gurobipy][INFO] - Model has 40 quadratic constraints
[2026-05-03 16:12:31,100][gurobipy][INFO] - Variable types: 20 continuous, 60798 integer (60798 binary)
[2026-05-03 16:12:31,115][gurobipy][INFO] - Coefficient statistics:
[2026-05-03 16:12:31,115][gurobipy][INFO] -   Matrix range     [1e+00, 1e+00]
[2026-05-03 16:12:31,115][gurobipy][INFO] -   QMatrix range    [1e+00, 1e+00]
[2026-05-03 16:12:31,115][gurobipy][INFO] -   QLMatrix range   [5e-05, 1e+00]
[2026-05-03 16:12:31,115][gurobipy][INFO] -   Objective range  [8e-06, 3e-02]
[2026-05-03 16:12:31,115][gurobipy][INFO] -   Bounds range     [1e+00, 1e+00]
[2026-05-03 16:12:31,115][gurobipy][INFO] -   RHS range        [1e+00, 1e+00]
[2026-05-03 16:12:31,115][gurobipy][INFO] - 
[2026-05-03 16:12:31,188][gurobipy][INFO] - Found heuristic solution: objective 0.5000000
[2026-05-03 16:12:36,601][gurobipy][INFO] - Presolve removed 0 rows and 0 columns (presolve time = 5s)...
[2026-05-03 16:12:41,853][gurobipy][INFO] - Presolve removed 0 rows and 0 columns (presolve time = 10s)...
[2026-05-03 16:12:46,798][gurobipy][INFO] - Presolve removed 316475 rows and 0 columns (presolve time = 15s)...
[2026-05-03 16:12:51,769][gurobipy][INFO] - Presolve removed 329117 rows and 0 columns (presolve time = 20s)...
[2026-05-03 16:12:56,637][gurobipy][INFO] - Presolve removed 333213 rows and 0 columns (presolve time = 25s)...
[2026-05-03 16:13:01,785][gurobipy][INFO] - Presolve removed 340875 rows and 0 columns (presolve time = 30s)...
[2026-05-03 16:13:06,884][gurobipy][INFO] - Presolve removed 350574 rows and 0 columns (presolve time = 35s)...
[2026-05-03 16:13:11,702][gurobipy][INFO] - Presolve removed 354126 rows and 0 columns (presolve time = 40s)...
[2026-05-03 16:13:16,618][gurobipy][INFO] - Presolve removed 354126 rows and 0 columns (presolve time = 45s)...
[2026-05-03 16:13:21,614][gurobipy][INFO] - Presolve removed 354126 rows and 0 columns (presolve time = 50s)...
[2026-05-03 16:13:26,615][gurobipy][INFO] - Presolve removed 354126 rows and 0 columns (presolve time = 55s)...
[2026-05-03 16:13:31,742][gurobipy][INFO] - Presolve removed 354126 rows and 0 columns (presolve time = 60s)...
[2026-05-03 16:13:36,794][gurobipy][INFO] - Presolve removed 354126 rows and 0 columns (presolve time = 65s)...
[2026-05-03 16:13:41,617][gurobipy][INFO] - Presolve removed 354126 rows and 0 columns (presolve time = 70s)...
[2026-05-03 16:13:46,859][gurobipy][INFO] - Presolve removed 354126 rows and 0 columns (presolve time = 75s)...
[2026-05-03 16:13:52,239][gurobipy][INFO] - Presolve removed 354126 rows and 0 columns (presolve time = 81s)...
[2026-05-03 16:13:56,631][gurobipy][INFO] - Presolve removed 354126 rows and 0 columns (presolve time = 85s)...
[2026-05-03 16:14:07,593][gurobipy][INFO] - Presolve removed 354126 rows and 0 columns (presolve time = 96s)...
[2026-05-03 16:14:07,593][gurobipy][INFO] - Presolve added 0 rows and 21 columns
[2026-05-03 16:14:07,593][gurobipy][INFO] - Presolve removed 354086 rows and 0 columns
[2026-05-03 16:14:07,593][gurobipy][INFO] - Presolve time: 95.99s
[2026-05-03 16:14:07,608][gurobipy][INFO] - Presolved: 5388469 rows, 3708719 columns, 15584365 nonzeros
[2026-05-03 16:14:07,608][gurobipy][INFO] - Presolved model has 2431920 SOS constraint(s)
[2026-05-03 16:14:25,297][gurobipy][INFO] - Variable types: 2431959 continuous, 1276760 integer (1276758 binary)
[2026-05-03 16:17:31,737][gurobipy][INFO] - 
[2026-05-03 16:17:31,738][gurobipy][INFO] - Explored 1 nodes (0 simplex iterations) in 300.74 seconds (349.44 work units)
[2026-05-03 16:17:31,738][gurobipy][INFO] - Thread count was 32 (of 128 available processors)
[2026-05-03 16:17:31,738][gurobipy][INFO] - 
[2026-05-03 16:17:31,738][gurobipy][INFO] - Solution count 1: 0.5 
[2026-05-03 16:17:31,738][gurobipy][INFO] - 
[2026-05-03 16:17:31,738][gurobipy][INFO] - Time limit reached
[2026-05-03 16:17:31,791][gurobipy][INFO] - Best objective 5.000000000000e-01, best bound -5.732534808173e-13, gap 100.0000%
