[2026-04-30 14:45:47,051][gurobipy][INFO] - Set parameter WLSAccessID
[2026-04-30 14:45:47,051][gurobipy][INFO] - Set parameter WLSSecret
[2026-04-30 14:45:47,051][gurobipy][INFO] - Set parameter LicenseID to value 2619742
[2026-04-30 14:45:47,130][gurobipy][INFO] - Academic license 2619742 - for non-commercial use only - registered to it___@mail.huji.ac.il
[2026-04-30 14:45:47,131][gurobipy][INFO] - Set parameter OutputFlag to value 1
[2026-04-30 14:45:47,132][gurobipy][INFO] - Set parameter MIPGap to value 0
[2026-04-30 14:45:47,132][gurobipy][INFO] - Set parameter TimeLimit to value 300
[2026-04-30 14:45:49,074][gurobipy][INFO] - Set parameter NonConvex to value 2
[2026-04-30 14:45:49,323][gurobipy][INFO] - Gurobi Optimizer version 13.0.1 build v13.0.1rc0 (linux64 - "Ubuntu 22.04.5 LTS")
[2026-04-30 14:45:49,323][gurobipy][INFO] - 
[2026-04-30 14:45:49,323][gurobipy][INFO] - CPU model: Intel(R) Xeon(R) Platinum 8358 CPU @ 2.60GHz, instruction set [SSE2|AVX|AVX2|AVX512]
[2026-04-30 14:45:49,323][gurobipy][INFO] - Thread count: 64 physical cores, 128 logical processors, using up to 32 threads
[2026-04-30 14:45:49,323][gurobipy][INFO] - 
[2026-04-30 14:45:49,324][gurobipy][INFO] - Non-default parameters:
[2026-04-30 14:45:49,324][gurobipy][INFO] - TimeLimit  300
[2026-04-30 14:45:49,324][gurobipy][INFO] - MIPGap  0
[2026-04-30 14:45:49,324][gurobipy][INFO] - NonConvex  2
[2026-04-30 14:45:49,324][gurobipy][INFO] - 
[2026-04-30 14:45:49,324][gurobipy][INFO] - Academic license 2619742 - for non-commercial use only - registered to it___@mail.huji.ac.il
[2026-04-30 14:45:49,324][gurobipy][INFO] - Optimize a model with 34401 rows, 5020 columns and 68802 nonzeros (Min)
[2026-04-30 14:45:49,328][gurobipy][INFO] - Model fingerprint: 0x6b3cd1ed
[2026-04-30 14:45:49,328][gurobipy][INFO] - Model has 5020 linear objective coefficients and an objective constant of 0.5
[2026-04-30 14:45:49,328][gurobipy][INFO] - Model has 40 quadratic constraints
[2026-04-30 14:45:49,328][gurobipy][INFO] - Variable types: 20 continuous, 5000 integer (5000 binary)
[2026-04-30 14:45:49,329][gurobipy][INFO] - Coefficient statistics:
[2026-04-30 14:45:49,329][gurobipy][INFO] -   Matrix range     [1e+00, 1e+00]
[2026-04-30 14:45:49,329][gurobipy][INFO] -   QMatrix range    [1e+00, 1e+00]
[2026-04-30 14:45:49,329][gurobipy][INFO] -   QLMatrix range   [2e-04, 1e+00]
[2026-04-30 14:45:49,329][gurobipy][INFO] -   Objective range  [1e-04, 3e-02]
[2026-04-30 14:45:49,329][gurobipy][INFO] -   Bounds range     [1e+00, 1e+00]
[2026-04-30 14:45:49,329][gurobipy][INFO] -   RHS range        [1e+00, 1e+00]
[2026-04-30 14:45:49,329][gurobipy][INFO] - 
[2026-04-30 14:45:49,331][gurobipy][INFO] - Found heuristic solution: objective 0.5000000
[2026-04-30 14:45:50,707][gurobipy][INFO] - Presolve added 0 rows and 14 columns
[2026-04-30 14:45:50,707][gurobipy][INFO] - Presolve removed 8960 rows and 0 columns
[2026-04-30 14:45:50,707][gurobipy][INFO] - Presolve time: 1.37s
[2026-04-30 14:45:50,708][gurobipy][INFO] - Presolved: 225461 rows, 305034 columns, 799871 nonzeros
[2026-04-30 14:45:50,708][gurobipy][INFO] - Presolved model has 200000 SOS constraint(s)
[2026-04-30 14:45:51,581][gurobipy][INFO] - Variable types: 200034 continuous, 105000 integer (105000 binary)
[2026-04-30 14:46:22,318][gurobipy][INFO] - 
[2026-04-30 14:46:22,319][gurobipy][INFO] - Deterministic concurrent LP optimizer: primal simplex, dual simplex, and barrier
[2026-04-30 14:46:22,319][gurobipy][INFO] - Showing barrier log only...
[2026-04-30 14:46:22,319][gurobipy][INFO] - 
[2026-04-30 14:46:23,673][gurobipy][INFO] - Root barrier log...
[2026-04-30 14:46:23,673][gurobipy][INFO] - 
[2026-04-30 14:46:24,007][gurobipy][INFO] - Ordering time: 0.27s
[2026-04-30 14:46:24,077][gurobipy][INFO] - 
[2026-04-30 14:46:24,078][gurobipy][INFO] - Barrier statistics:
[2026-04-30 14:46:24,078][gurobipy][INFO] -  Dense cols : 41
[2026-04-30 14:46:24,078][gurobipy][INFO] -  AA' NZ     : 7.411e+05
[2026-04-30 14:46:24,078][gurobipy][INFO] -  Factor NZ  : 1.362e+06 (roughly 25 MB of memory)
[2026-04-30 14:46:24,078][gurobipy][INFO] -  Factor Ops : 1.273e+08 (less than 1 second per iteration)
[2026-04-30 14:46:24,078][gurobipy][INFO] -  Threads    : 30
[2026-04-30 14:46:24,240][gurobipy][INFO] - 
[2026-04-30 14:46:24,240][gurobipy][INFO] -                   Objective                Residual
[2026-04-30 14:46:24,240][gurobipy][INFO] - Iter       Primal          Dual         Primal    Dual     Compl     Time
[2026-04-30 14:46:24,241][gurobipy][INFO] -    0   6.58528826e+01 -1.85301591e+04  2.24e+03 1.06e-03  1.59e+00    35s
[2026-04-30 14:46:24,442][gurobipy][INFO] -    1   1.16851114e+01 -9.58932942e+03  4.20e+02 4.39e-02  4.65e-01    35s
[2026-04-30 14:46:24,565][gurobipy][INFO] -    2   8.36919554e+00 -3.26719358e+03  2.23e+02 7.23e-03  1.67e-01    35s
[2026-04-30 14:46:24,806][gurobipy][INFO] -    3   4.51659213e+00 -9.64070617e+02  2.42e+00 3.18e-04  2.36e-02    35s
[2026-04-30 14:46:25,020][gurobipy][INFO] -    4   4.39214333e+00 -2.82372972e+01  1.35e-02 1.07e-05  7.81e-04    36s
[2026-04-30 14:46:25,218][gurobipy][INFO] -    5   2.92866284e+00 -6.80683172e+00  2.36e-06 3.19e-06  2.33e-04    36s
[2026-04-30 14:46:25,411][gurobipy][INFO] -    6   1.42865914e+00 -9.51470923e-01  9.35e-07 4.94e-07  5.67e-05    36s
[2026-04-30 14:46:25,539][gurobipy][INFO] -    7   2.87958645e-01 -1.86839053e-01  1.46e-07 7.62e-08  1.13e-05    36s
[2026-04-30 14:46:25,686][gurobipy][INFO] -    8   2.44447427e-02 -7.05146379e-03  3.31e-09 8.88e-16  7.48e-07    36s
[2026-04-30 14:46:25,839][gurobipy][INFO] -    9   5.04994036e-03  1.42174708e-03  4.92e-10 1.05e-15  8.59e-08    37s
[2026-04-30 14:46:25,978][gurobipy][INFO] -   10   4.37582577e-03  1.93163366e-03  3.87e-10 1.03e-15  5.78e-08    37s
[2026-04-30 14:46:26,198][gurobipy][INFO] -   11   3.48537805e-03  2.03337665e-03  2.31e-10 3.61e-16  3.44e-08    37s
[2026-04-30 14:46:26,358][gurobipy][INFO] -   12   3.00346011e-03  2.12816311e-03  1.47e-10 7.22e-16  2.07e-08    37s
[2026-04-30 14:46:26,560][gurobipy][INFO] -   13   2.86973302e-03  2.19072141e-03  1.22e-10 6.11e-16  1.61e-08    37s
[2026-04-30 14:46:26,700][gurobipy][INFO] -   14   2.69832871e-03  2.22760138e-03  9.23e-11 2.78e-16  1.11e-08    37s
[2026-04-30 14:46:26,805][gurobipy][INFO] -   15   2.56081822e-03  2.25167807e-03  6.18e-11 5.55e-16  7.31e-09    37s
[2026-04-30 14:46:26,908][gurobipy][INFO] -   16   2.48991939e-03  2.26918443e-03  4.64e-11 1.67e-16  5.22e-09    38s
[2026-04-30 14:46:26,994][gurobipy][INFO] -   17   2.42228634e-03  2.28291732e-03  3.27e-11 1.39e-16  3.30e-09    38s
[2026-04-30 14:46:27,109][gurobipy][INFO] -   18   2.38281239e-03  2.29368586e-03  2.23e-11 4.72e-16  2.11e-09    38s
[2026-04-30 14:46:27,261][gurobipy][INFO] -   19   2.35611357e-03  2.29743411e-03  1.64e-11 2.78e-16  1.39e-09    38s
[2026-04-30 14:46:27,371][gurobipy][INFO] -   20   2.30910723e-03  2.29988124e-03  2.73e-11 2.50e-16  2.18e-10    38s
[2026-04-30 14:46:27,486][gurobipy][INFO] -   21   2.30594023e-03  2.30040265e-03  2.36e-11 1.11e-16  1.31e-10    38s
[2026-04-30 14:46:27,607][gurobipy][INFO] -   22   2.30186335e-03  2.30060457e-03  4.18e-11 1.67e-16  2.98e-11    38s
[2026-04-30 14:46:27,727][gurobipy][INFO] -   23   2.30090958e-03  2.30064995e-03  4.73e-11 2.22e-16  6.14e-12    38s
[2026-04-30 14:46:27,849][gurobipy][INFO] -   24   2.30067235e-03  2.30065347e-03  4.00e-11 1.67e-16  4.47e-13    39s
[2026-04-30 14:46:27,996][gurobipy][INFO] -   25   2.30065671e-03  2.30065669e-03  1.33e-10 2.22e-16  4.13e-16    39s
[2026-04-30 14:46:27,997][gurobipy][INFO] - 
[2026-04-30 14:46:27,997][gurobipy][INFO] - Barrier solved model in 25 iterations and 38.67 seconds (31.08 work units)
[2026-04-30 14:46:27,997][gurobipy][INFO] - Optimal objective 2.30065671e-03
[2026-04-30 14:46:27,997][gurobipy][INFO] - 
[2026-04-30 14:46:28,004][gurobipy][INFO] - 
[2026-04-30 14:46:28,004][gurobipy][INFO] - Root crossover log...
[2026-04-30 14:46:28,004][gurobipy][INFO] - 
[2026-04-30 14:46:28,039][gurobipy][INFO] -    10359 DPushes remaining with DInf 0.0000000e+00                39s
[2026-04-30 14:46:28,884][gurobipy][INFO] -        0 DPushes remaining with DInf 0.0000000e+00                40s
[2026-04-30 14:46:28,919][gurobipy][INFO] - 
[2026-04-30 14:46:28,919][gurobipy][INFO] -        0 PPushes remaining with PInf 0.0000000e+00                40s
[2026-04-30 14:46:28,921][gurobipy][INFO] - 
[2026-04-30 14:46:28,921][gurobipy][INFO] -   Push phase complete: Pinf 0.0000000e+00, Dinf 1.2864943e-14     40s
[2026-04-30 14:46:28,921][gurobipy][INFO] - 
[2026-04-30 14:46:28,950][gurobipy][INFO] - 
[2026-04-30 14:46:28,950][gurobipy][INFO] - Root simplex log...
[2026-04-30 14:46:28,950][gurobipy][INFO] - 
[2026-04-30 14:46:28,950][gurobipy][INFO] - Iteration    Objective       Primal Inf.    Dual Inf.      Time
[2026-04-30 14:46:28,950][gurobipy][INFO] -     5822    2.3006567e-03   0.000000e+00   0.000000e+00     40s
[2026-04-30 14:46:28,950][gurobipy][INFO] - Crossover time: 0.95 seconds (0.29 work units)
[2026-04-30 14:46:29,018][gurobipy][INFO] -     5822    2.3006567e-03   0.000000e+00   0.000000e+00     40s
[2026-04-30 14:46:29,496][gurobipy][INFO] - 
[2026-04-30 14:46:29,496][gurobipy][INFO] - Use crossover to convert LP symmetric solution to basic solution...
[2026-04-30 14:46:30,111][gurobipy][INFO] - 
[2026-04-30 14:46:30,111][gurobipy][INFO] - Root crossover log...
[2026-04-30 14:46:30,111][gurobipy][INFO] - 
[2026-04-30 14:46:40,428][gurobipy][INFO] -   221527 variables added to crossover basis                       51s
[2026-04-30 14:46:44,574][gurobipy][INFO] -   222247 variables added to crossover basis                       55s
[2026-04-30 14:46:49,586][gurobipy][INFO] -   222577 variables added to crossover basis                       60s
[2026-04-30 14:46:54,343][gurobipy][INFO] -   222817 variables added to crossover basis                       65s
[2026-04-30 14:46:59,983][gurobipy][INFO] -   223057 variables added to crossover basis                       71s
[2026-04-30 14:47:04,776][gurobipy][INFO] -   223237 variables added to crossover basis                       75s
[2026-04-30 14:47:09,983][gurobipy][INFO] -   223417 variables added to crossover basis                       81s
[2026-04-30 14:47:14,651][gurobipy][INFO] -   223567 variables added to crossover basis                       85s
[2026-04-30 14:47:19,602][gurobipy][INFO] -   223717 variables added to crossover basis                       90s
[2026-04-30 14:47:24,820][gurobipy][INFO] -   223867 variables added to crossover basis                       95s
[2026-04-30 14:47:30,274][gurobipy][INFO] -   224017 variables added to crossover basis                      101s
[2026-04-30 14:47:34,806][gurobipy][INFO] -   224137 variables added to crossover basis                      105s
[2026-04-30 14:47:39,476][gurobipy][INFO] -   224257 variables added to crossover basis                      110s
[2026-04-30 14:47:45,521][gurobipy][INFO] -   224407 variables added to crossover basis                      116s
[2026-04-30 14:47:50,509][gurobipy][INFO] -   224527 variables added to crossover basis                      121s
[2026-04-30 14:47:55,593][gurobipy][INFO] -   224647 variables added to crossover basis                      126s
[2026-04-30 14:47:59,494][gurobipy][INFO] -   224737 variables added to crossover basis                      130s
[2026-04-30 14:48:04,787][gurobipy][INFO] -   224857 variables added to crossover basis                      135s
[2026-04-30 14:48:10,179][gurobipy][INFO] -   224977 variables added to crossover basis                      141s
[2026-04-30 14:48:15,668][gurobipy][INFO] -   225097 variables added to crossover basis                      146s
[2026-04-30 14:48:19,849][gurobipy][INFO] -   225187 variables added to crossover basis                      151s
[2026-04-30 14:48:25,467][gurobipy][INFO] -   225307 variables added to crossover basis                      156s
[2026-04-30 14:48:29,743][gurobipy][INFO] -   225397 variables added to crossover basis                      160s
[2026-04-30 14:48:35,495][gurobipy][INFO] -   225517 variables added to crossover basis                      166s
[2026-04-30 14:48:39,871][gurobipy][INFO] -   225607 variables added to crossover basis                      171s
[2026-04-30 14:48:45,732][gurobipy][INFO] -   225727 variables added to crossover basis                      176s
[2026-04-30 14:48:50,157][gurobipy][INFO] -   225817 variables added to crossover basis                      181s
[2026-04-30 14:48:54,610][gurobipy][INFO] -   225907 variables added to crossover basis                      185s
[2026-04-30 14:49:00,597][gurobipy][INFO] -   226027 variables added to crossover basis                      191s
[2026-04-30 14:49:05,111][gurobipy][INFO] -   226117 variables added to crossover basis                      196s
[2026-04-30 14:49:09,639][gurobipy][INFO] -   226207 variables added to crossover basis                      200s
[2026-04-30 14:49:15,691][gurobipy][INFO] -   226327 variables added to crossover basis                      206s
[2026-04-30 14:49:20,242][gurobipy][INFO] -   226417 variables added to crossover basis                      211s
[2026-04-30 14:49:24,797][gurobipy][INFO] -   226507 variables added to crossover basis                      215s
[2026-04-30 14:49:29,384][gurobipy][INFO] -   226927 variables added to crossover basis                      220s
[2026-04-30 14:49:34,382][gurobipy][INFO] -   227377 variables added to crossover basis                      225s
[2026-04-30 14:49:39,664][gurobipy][INFO] -   227677 variables added to crossover basis                      230s
[2026-04-30 14:49:44,927][gurobipy][INFO] -   227917 variables added to crossover basis                      236s
[2026-04-30 14:49:49,438][gurobipy][INFO] -   228097 variables added to crossover basis                      240s
[2026-04-30 14:49:54,421][gurobipy][INFO] -   228277 variables added to crossover basis                      245s
[2026-04-30 14:49:59,822][gurobipy][INFO] -   228457 variables added to crossover basis                      250s
[2026-04-30 14:50:04,626][gurobipy][INFO] -   228607 variables added to crossover basis                      255s
[2026-04-30 14:50:09,703][gurobipy][INFO] -   228757 variables added to crossover basis                      260s
[2026-04-30 14:50:15,037][gurobipy][INFO] -   228907 variables added to crossover basis                      266s
[2026-04-30 14:50:19,474][gurobipy][INFO] -   229027 variables added to crossover basis                      270s
[2026-04-30 14:50:25,220][gurobipy][INFO] -   229177 variables added to crossover basis                      276s
[2026-04-30 14:50:29,967][gurobipy][INFO] -   229297 variables added to crossover basis                      281s
[2026-04-30 14:50:34,853][gurobipy][INFO] -   229417 variables added to crossover basis                      286s
[2026-04-30 14:50:39,856][gurobipy][INFO] -   229537 variables added to crossover basis                      291s
[2026-04-30 14:50:44,978][gurobipy][INFO] -   229657 variables added to crossover basis                      296s
[2026-04-30 14:50:50,174][gurobipy][INFO] - 
[2026-04-30 14:50:50,186][gurobipy][INFO] - 
[2026-04-30 14:50:50,186][gurobipy][INFO] - Root relaxation: time limit, 229777 iterations, 267.87 seconds (432.42 work units)
[2026-04-30 14:50:50,189][gurobipy][INFO] - 
[2026-04-30 14:50:50,189][gurobipy][INFO] -     Nodes    |    Current Node    |     Objective Bounds      |     Work
[2026-04-30 14:50:50,189][gurobipy][INFO] -  Expl Unexpl |  Obj  Depth IntInf | Incumbent    BestBd   Gap | It/Node Time
[2026-04-30 14:50:50,189][gurobipy][INFO] - 
[2026-04-30 14:50:50,189][gurobipy][INFO] -      0     0          -    0         0.50000    0.00000   100%     -  300s
[2026-04-30 14:50:50,194][gurobipy][INFO] - 
[2026-04-30 14:50:50,194][gurobipy][INFO] - Explored 1 nodes (229777 simplex iterations) in 300.87 seconds (462.22 work units)
[2026-04-30 14:50:50,194][gurobipy][INFO] - Thread count was 32 (of 128 available processors)
[2026-04-30 14:50:50,194][gurobipy][INFO] - 
[2026-04-30 14:50:50,194][gurobipy][INFO] - Solution count 1: 0.5 
[2026-04-30 14:50:50,194][gurobipy][INFO] - 
[2026-04-30 14:50:50,194][gurobipy][INFO] - Time limit reached
[2026-04-30 14:50:50,195][gurobipy][INFO] - Best objective 5.000000000000e-01, best bound 3.875049695186e-14, gap 100.0000%
