[2026-05-03 17:33:28,427][gurobipy][INFO] - Set parameter WLSAccessID
[2026-05-03 17:33:28,427][gurobipy][INFO] - Set parameter WLSSecret
[2026-05-03 17:33:28,427][gurobipy][INFO] - Set parameter LicenseID to value 2619742
[2026-05-03 17:33:28,436][gurobipy][INFO] - Academic license 2619742 - for non-commercial use only - registered to it___@mail.huji.ac.il
[2026-05-03 17:33:28,437][gurobipy][INFO] - Set parameter OutputFlag to value 1
[2026-05-03 17:33:28,437][gurobipy][INFO] - Set parameter MIPGap to value 0
[2026-05-03 17:33:28,438][gurobipy][INFO] - Set parameter TimeLimit to value 300
[2026-05-03 17:37:49,191][gurobipy][INFO] - Set parameter NonConvex to value 2
[2026-05-03 17:38:36,770][gurobipy][INFO] - Gurobi Optimizer version 13.0.1 build v13.0.1rc0 (linux64 - "Ubuntu 22.04.5 LTS")
[2026-05-03 17:38:36,771][gurobipy][INFO] - 
[2026-05-03 17:38:36,771][gurobipy][INFO] - CPU model: Intel(R) Xeon(R) Platinum 8358 CPU @ 2.60GHz, instruction set [SSE2|AVX|AVX2|AVX512]
[2026-05-03 17:38:36,771][gurobipy][INFO] - Thread count: 64 physical cores, 128 logical processors, using up to 32 threads
[2026-05-03 17:38:36,771][gurobipy][INFO] - 
[2026-05-03 17:38:36,771][gurobipy][INFO] - Non-default parameters:
[2026-05-03 17:38:36,771][gurobipy][INFO] - TimeLimit  300
[2026-05-03 17:38:36,771][gurobipy][INFO] - MIPGap  0
[2026-05-03 17:38:36,771][gurobipy][INFO] - NonConvex  2
[2026-05-03 17:38:36,771][gurobipy][INFO] - 
[2026-05-03 17:38:36,771][gurobipy][INFO] - Academic license 2619742 - for non-commercial use only - registered to it___@mail.huji.ac.il
[2026-05-03 17:38:36,771][gurobipy][INFO] - Optimize a model with 1804361 rows, 999930 columns and 3608722 nonzeros (Min)
[2026-05-03 17:38:37,389][gurobipy][INFO] - Model fingerprint: 0xfc38b011
[2026-05-03 17:38:37,390][gurobipy][INFO] - Model has 999930 linear objective coefficients and an objective constant of 0.5
[2026-05-03 17:38:37,390][gurobipy][INFO] - Model has 40 quadratic constraints
[2026-05-03 17:38:37,391][gurobipy][INFO] - Variable types: 20 continuous, 999910 integer (999910 binary)
[2026-05-03 17:38:37,483][gurobipy][INFO] - Coefficient statistics:
[2026-05-03 17:38:37,483][gurobipy][INFO] -   Matrix range     [1e+00, 1e+00]
[2026-05-03 17:38:37,483][gurobipy][INFO] -   QMatrix range    [1e+00, 1e+00]
[2026-05-03 17:38:37,483][gurobipy][INFO] -   QLMatrix range   [9e-05, 1e+00]
[2026-05-03 17:38:37,483][gurobipy][INFO] -   Objective range  [5e-07, 3e-02]
[2026-05-03 17:38:37,483][gurobipy][INFO] -   Bounds range     [1e+00, 1e+00]
[2026-05-03 17:38:37,483][gurobipy][INFO] -   RHS range        [1e+00, 1e+00]
[2026-05-03 17:38:37,483][gurobipy][INFO] - 
[2026-05-03 17:38:37,749][gurobipy][INFO] - Found heuristic solution: objective 0.5000000
[2026-05-03 17:38:47,867][gurobipy][INFO] - Presolve removed 0 rows and 0 columns (presolve time = 8s)...
[2026-05-03 17:38:50,013][gurobipy][INFO] - Presolve removed 0 rows and 0 columns (presolve time = 11s)...
[2026-05-03 17:38:55,919][gurobipy][INFO] - Presolve removed 0 rows and 0 columns (presolve time = 16s)...
[2026-05-03 17:39:00,542][gurobipy][INFO] - Presolve removed 0 rows and 0 columns (presolve time = 21s)...
[2026-05-03 17:39:04,536][gurobipy][INFO] - Presolve removed 0 rows and 0 columns (presolve time = 25s)...
[2026-05-03 17:39:09,489][gurobipy][INFO] - Presolve removed 0 rows and 0 columns (presolve time = 30s)...
[2026-05-03 17:39:14,497][gurobipy][INFO] - Presolve removed 487955 rows and 0 columns (presolve time = 35s)...
[2026-05-03 17:39:19,505][gurobipy][INFO] - Presolve removed 487955 rows and 0 columns (presolve time = 40s)...
[2026-05-03 17:39:24,507][gurobipy][INFO] - Presolve removed 487955 rows and 0 columns (presolve time = 45s)...
[2026-05-03 17:39:29,487][gurobipy][INFO] - Presolve removed 487955 rows and 0 columns (presolve time = 50s)...
[2026-05-03 17:39:34,504][gurobipy][INFO] - Presolve removed 487955 rows and 0 columns (presolve time = 55s)...
[2026-05-03 17:39:39,508][gurobipy][INFO] - Presolve removed 487955 rows and 0 columns (presolve time = 60s)...
[2026-05-03 17:39:44,489][gurobipy][INFO] - Presolve removed 487955 rows and 0 columns (presolve time = 65s)...
[2026-05-03 17:39:49,556][gurobipy][INFO] - Presolve removed 487955 rows and 0 columns (presolve time = 70s)...
[2026-05-03 17:39:54,626][gurobipy][INFO] - Presolve removed 487955 rows and 0 columns (presolve time = 75s)...
[2026-05-03 17:40:00,762][gurobipy][INFO] - Presolve removed 487955 rows and 0 columns (presolve time = 81s)...
[2026-05-03 17:40:04,496][gurobipy][INFO] - Presolve removed 487955 rows and 0 columns (presolve time = 85s)...
[2026-05-03 17:40:09,498][gurobipy][INFO] - Presolve removed 487955 rows and 0 columns (presolve time = 90s)...
[2026-05-03 17:40:14,501][gurobipy][INFO] - Presolve removed 487955 rows and 0 columns (presolve time = 95s)...
[2026-05-03 17:40:19,491][gurobipy][INFO] - Presolve removed 487955 rows and 0 columns (presolve time = 100s)...
[2026-05-03 17:40:24,490][gurobipy][INFO] - Presolve removed 487955 rows and 0 columns (presolve time = 105s)...
[2026-05-03 17:40:30,107][gurobipy][INFO] - Presolve removed 487955 rows and 0 columns (presolve time = 111s)...
[2026-05-03 17:40:34,507][gurobipy][INFO] - Presolve removed 487955 rows and 0 columns (presolve time = 115s)...
[2026-05-03 17:40:41,667][gurobipy][INFO] - Presolve removed 487955 rows and 0 columns (presolve time = 122s)...
[2026-05-03 17:40:44,516][gurobipy][INFO] - Presolve removed 487955 rows and 0 columns (presolve time = 125s)...
[2026-05-03 17:40:49,508][gurobipy][INFO] - Presolve removed 487955 rows and 0 columns (presolve time = 130s)...
[2026-05-03 17:40:54,887][gurobipy][INFO] - Presolve removed 487955 rows and 0 columns (presolve time = 135s)...
[2026-05-03 17:42:15,966][gurobipy][INFO] - Presolve removed 487955 rows and 0 columns (presolve time = 216s)...
[2026-05-03 17:42:15,967][gurobipy][INFO] - Presolve added 0 rows and 20 columns
[2026-05-03 17:42:15,967][gurobipy][INFO] - Presolve removed 487915 rows and 0 columns
[2026-05-03 17:42:15,967][gurobipy][INFO] - Presolve time: 216.48s
[2026-05-03 17:42:16,099][gurobipy][INFO] - Presolved: 41312866 rows, 60994550 columns, 163106266 nonzeros
[2026-05-03 17:42:16,099][gurobipy][INFO] - Presolved model has 39996400 SOS constraint(s)
