[2026-04-30 14:51:39,495][gurobipy][INFO] - Set parameter WLSAccessID
[2026-04-30 14:51:39,495][gurobipy][INFO] - Set parameter WLSSecret
[2026-04-30 14:51:39,495][gurobipy][INFO] - Set parameter LicenseID to value 2619742
[2026-04-30 14:51:39,546][gurobipy][INFO] - Academic license 2619742 - for non-commercial use only - registered to it___@mail.huji.ac.il
[2026-04-30 14:51:39,548][gurobipy][INFO] - Set parameter OutputFlag to value 1
[2026-04-30 14:51:39,548][gurobipy][INFO] - Set parameter MIPGap to value 0
[2026-04-30 14:51:39,548][gurobipy][INFO] - Set parameter TimeLimit to value 300
[2026-04-30 14:52:17,216][gurobipy][INFO] - Set parameter NonConvex to value 2
[2026-04-30 14:52:17,561][gurobipy][INFO] - Gurobi Optimizer version 13.0.1 build v13.0.1rc0 (linux64 - "Ubuntu 22.04.5 LTS")
[2026-04-30 14:52:17,561][gurobipy][INFO] - 
[2026-04-30 14:52:17,561][gurobipy][INFO] - CPU model: Intel(R) Xeon(R) Platinum 8358 CPU @ 2.60GHz, instruction set [SSE2|AVX|AVX2|AVX512]
[2026-04-30 14:52:17,561][gurobipy][INFO] - Thread count: 64 physical cores, 128 logical processors, using up to 32 threads
[2026-04-30 14:52:17,561][gurobipy][INFO] - 
[2026-04-30 14:52:17,561][gurobipy][INFO] - Non-default parameters:
[2026-04-30 14:52:17,561][gurobipy][INFO] - TimeLimit  300
[2026-04-30 14:52:17,561][gurobipy][INFO] - MIPGap  0
[2026-04-30 14:52:17,561][gurobipy][INFO] - NonConvex  2
[2026-04-30 14:52:17,561][gurobipy][INFO] - 
[2026-04-30 14:52:17,561][gurobipy][INFO] - Academic license 2619742 - for non-commercial use only - registered to it___@mail.huji.ac.il
[2026-04-30 14:52:17,561][gurobipy][INFO] - Optimize a model with 896296 rows, 5020 columns and 1792592 nonzeros (Min)
[2026-04-30 14:52:17,581][gurobipy][INFO] - Model fingerprint: 0x8589dd3d
[2026-04-30 14:52:17,581][gurobipy][INFO] - Model has 5020 linear objective coefficients and an objective constant of 0.5
[2026-04-30 14:52:17,581][gurobipy][INFO] - Model has 40 quadratic constraints
[2026-04-30 14:52:17,581][gurobipy][INFO] - Variable types: 20 continuous, 5000 integer (5000 binary)
[2026-04-30 14:52:17,585][gurobipy][INFO] - Coefficient statistics:
[2026-04-30 14:52:17,585][gurobipy][INFO] -   Matrix range     [1e+00, 1e+00]
[2026-04-30 14:52:17,585][gurobipy][INFO] -   QMatrix range    [1e+00, 1e+00]
[2026-04-30 14:52:17,585][gurobipy][INFO] -   QLMatrix range   [9e-05, 1e+00]
[2026-04-30 14:52:17,585][gurobipy][INFO] -   Objective range  [1e-04, 3e-02]
[2026-04-30 14:52:17,585][gurobipy][INFO] -   Bounds range     [1e+00, 1e+00]
[2026-04-30 14:52:17,585][gurobipy][INFO] -   RHS range        [1e+00, 1e+00]
[2026-04-30 14:52:17,585][gurobipy][INFO] - 
[2026-04-30 14:52:17,604][gurobipy][INFO] - Found heuristic solution: objective 0.5000000
[2026-04-30 14:52:22,707][gurobipy][INFO] - Presolve removed 422921 rows and 0 columns (presolve time = 5s)...
[2026-04-30 14:52:27,705][gurobipy][INFO] - Presolve removed 425674 rows and 0 columns (presolve time = 10s)...
[2026-04-30 14:52:32,749][gurobipy][INFO] - Presolve removed 426796 rows and 0 columns (presolve time = 15s)...
[2026-04-30 14:52:37,708][gurobipy][INFO] - Presolve removed 426796 rows and 0 columns (presolve time = 20s)...
[2026-04-30 14:52:42,713][gurobipy][INFO] - Presolve removed 426796 rows and 0 columns (presolve time = 25s)...
[2026-04-30 14:52:47,718][gurobipy][INFO] - Presolve removed 426796 rows and 0 columns (presolve time = 30s)...
[2026-04-30 14:52:52,701][gurobipy][INFO] - Presolve removed 426796 rows and 0 columns (presolve time = 35s)...
[2026-04-30 14:52:57,740][gurobipy][INFO] - Presolve removed 426796 rows and 0 columns (presolve time = 40s)...
[2026-04-30 14:53:02,721][gurobipy][INFO] - Presolve removed 426796 rows and 0 columns (presolve time = 45s)...
[2026-04-30 14:53:07,699][gurobipy][INFO] - Presolve removed 426796 rows and 0 columns (presolve time = 50s)...
[2026-04-30 14:53:10,844][gurobipy][INFO] - Presolve added 0 rows and 16 columns
[2026-04-30 14:53:10,844][gurobipy][INFO] - Presolve removed 426764 rows and 0 columns
[2026-04-30 14:53:10,844][gurobipy][INFO] - Presolve time: 53.15s
[2026-04-30 14:53:10,849][gurobipy][INFO] - Presolved: 669552 rows, 305036 columns, 2088695 nonzeros
[2026-04-30 14:53:10,849][gurobipy][INFO] - Presolved model has 200000 SOS constraint(s)
[2026-04-30 14:53:12,807][gurobipy][INFO] - Variable types: 200036 continuous, 105000 integer (105000 binary)
[2026-04-30 14:57:17,806][gurobipy][INFO] - 
[2026-04-30 14:57:17,807][gurobipy][INFO] - Explored 1 nodes (0 simplex iterations) in 300.24 seconds (136.74 work units)
[2026-04-30 14:57:17,807][gurobipy][INFO] - Thread count was 32 (of 128 available processors)
[2026-04-30 14:57:17,807][gurobipy][INFO] - 
[2026-04-30 14:57:17,807][gurobipy][INFO] - Solution count 1: 0.5 
[2026-04-30 14:57:17,807][gurobipy][INFO] - 
[2026-04-30 14:57:17,807][gurobipy][INFO] - Time limit reached
[2026-04-30 14:57:17,816][gurobipy][INFO] - Best objective 5.000000000000e-01, best bound 3.875049695186e-14, gap 100.0000%
