[2026-05-03 15:39:27,346][gurobipy][INFO] - Set parameter WLSAccessID
[2026-05-03 15:39:27,347][gurobipy][INFO] - Set parameter WLSSecret
[2026-05-03 15:39:27,347][gurobipy][INFO] - Set parameter LicenseID to value 2619742
[2026-05-03 15:39:27,355][gurobipy][INFO] - Academic license 2619742 - for non-commercial use only - registered to it___@mail.huji.ac.il
[2026-05-03 15:39:27,356][gurobipy][INFO] - Set parameter OutputFlag to value 1
[2026-05-03 15:39:27,356][gurobipy][INFO] - Set parameter MIPGap to value 0
[2026-05-03 15:39:27,356][gurobipy][INFO] - Set parameter TimeLimit to value 300
[2026-05-03 15:40:38,203][gurobipy][INFO] - Gurobi Optimizer version 13.0.1 build v13.0.1rc0 (linux64 - "Ubuntu 22.04.5 LTS")
[2026-05-03 15:40:38,204][gurobipy][INFO] - 
[2026-05-03 15:40:38,204][gurobipy][INFO] - CPU model: Intel(R) Xeon(R) Platinum 8358 CPU @ 2.60GHz, instruction set [SSE2|AVX|AVX2|AVX512]
[2026-05-03 15:40:38,204][gurobipy][INFO] - Thread count: 64 physical cores, 128 logical processors, using up to 32 threads
[2026-05-03 15:40:38,204][gurobipy][INFO] - 
[2026-05-03 15:40:38,204][gurobipy][INFO] - Non-default parameters:
[2026-05-03 15:40:38,204][gurobipy][INFO] - TimeLimit  300
[2026-05-03 15:40:38,204][gurobipy][INFO] - MIPGap  0
[2026-05-03 15:40:38,204][gurobipy][INFO] - 
[2026-05-03 15:40:38,205][gurobipy][INFO] - Academic license 2619742 - for non-commercial use only - registered to it___@mail.huji.ac.il
[2026-05-03 15:40:38,205][gurobipy][INFO] - Optimize a model with 1744202 rows, 48842 columns and 3488404 nonzeros (Min)
[2026-05-03 15:40:38,242][gurobipy][INFO] - Model fingerprint: 0x9d17217e
[2026-05-03 15:40:38,242][gurobipy][INFO] - Model has 48842 linear objective coefficients and an objective constant of 1
[2026-05-03 15:40:38,243][gurobipy][INFO] - Variable types: 0 continuous, 48842 integer (48842 binary)
[2026-05-03 15:40:38,252][gurobipy][INFO] - Coefficient statistics:
[2026-05-03 15:40:38,252][gurobipy][INFO] -   Matrix range     [1e+00, 1e+00]
[2026-05-03 15:40:38,252][gurobipy][INFO] -   Objective range  [2e-05, 2e-05]
[2026-05-03 15:40:38,252][gurobipy][INFO] -   Bounds range     [1e+00, 1e+00]
[2026-05-03 15:40:38,252][gurobipy][INFO] -   RHS range        [1e+00, 1e+00]
[2026-05-03 15:40:38,252][gurobipy][INFO] - 
[2026-05-03 15:40:38,307][gurobipy][INFO] - Found heuristic solution: objective 0.0020474
[2026-05-03 15:40:43,504][gurobipy][INFO] - Presolve removed 0 rows and 0 columns (presolve time = 5s)...
[2026-05-03 15:40:48,521][gurobipy][INFO] - Presolve removed 110085 rows and 0 columns (presolve time = 10s)...
[2026-05-03 15:40:53,526][gurobipy][INFO] - Presolve removed 110533 rows and 0 columns (presolve time = 15s)...
[2026-05-03 15:40:58,552][gurobipy][INFO] - Presolve removed 110533 rows and 0 columns (presolve time = 20s)...
[2026-05-03 15:41:02,117][gurobipy][INFO] - Presolve removed 1691464 rows and 47195 columns
[2026-05-03 15:41:02,117][gurobipy][INFO] - Presolve time: 23.61s
[2026-05-03 15:41:02,122][gurobipy][INFO] - Presolved: 52738 rows, 1647 columns, 117789 nonzeros
[2026-05-03 15:41:02,153][gurobipy][INFO] - Variable types: 0 continuous, 1647 integer (1647 binary)
[2026-05-03 15:41:02,206][gurobipy][INFO] - 
[2026-05-03 15:41:02,207][gurobipy][INFO] - Explored 0 nodes (0 simplex iterations) in 24.00 seconds (28.66 work units)
[2026-05-03 15:41:02,207][gurobipy][INFO] - Thread count was 32 (of 128 available processors)
[2026-05-03 15:41:02,207][gurobipy][INFO] - 
[2026-05-03 15:41:02,207][gurobipy][INFO] - Solution count 1: 0.00204742 
[2026-05-03 15:41:02,207][gurobipy][INFO] - 
[2026-05-03 15:41:02,207][gurobipy][INFO] - Optimal solution found (tolerance 0.00e+00)
[2026-05-03 15:41:02,226][gurobipy][INFO] - Best objective 2.047418205533e-03, best bound 2.047418205533e-03, gap 0.0000%
