[2026-05-03 16:08:34,331][gurobipy][INFO] - Set parameter WLSAccessID
[2026-05-03 16:08:34,331][gurobipy][INFO] - Set parameter WLSSecret
[2026-05-03 16:08:34,331][gurobipy][INFO] - Set parameter LicenseID to value 2619742
[2026-05-03 16:08:34,339][gurobipy][INFO] - Academic license 2619742 - for non-commercial use only - registered to it___@mail.huji.ac.il
[2026-05-03 16:08:34,340][gurobipy][INFO] - Set parameter OutputFlag to value 1
[2026-05-03 16:08:34,340][gurobipy][INFO] - Set parameter MIPGap to value 0
[2026-05-03 16:08:34,340][gurobipy][INFO] - Set parameter TimeLimit to value 300
[2026-05-03 16:08:45,285][gurobipy][INFO] - Set parameter NonConvex to value 2
[2026-05-03 16:08:47,766][gurobipy][INFO] - Gurobi Optimizer version 13.0.1 build v13.0.1rc0 (linux64 - "Ubuntu 22.04.5 LTS")
[2026-05-03 16:08:47,766][gurobipy][INFO] - 
[2026-05-03 16:08:47,766][gurobipy][INFO] - CPU model: Intel(R) Xeon(R) Platinum 8358 CPU @ 2.60GHz, instruction set [SSE2|AVX|AVX2|AVX512]
[2026-05-03 16:08:47,766][gurobipy][INFO] - Thread count: 64 physical cores, 128 logical processors, using up to 32 threads
[2026-05-03 16:08:47,766][gurobipy][INFO] - 
[2026-05-03 16:08:47,766][gurobipy][INFO] - Non-default parameters:
[2026-05-03 16:08:47,766][gurobipy][INFO] - TimeLimit  300
[2026-05-03 16:08:47,766][gurobipy][INFO] - MIPGap  0
[2026-05-03 16:08:47,766][gurobipy][INFO] - NonConvex  2
[2026-05-03 16:08:47,767][gurobipy][INFO] - 
[2026-05-03 16:08:47,767][gurobipy][INFO] - Academic license 2619742 - for non-commercial use only - registered to it___@mail.huji.ac.il
[2026-05-03 16:08:47,767][gurobipy][INFO] - Optimize a model with 272732 rows, 60818 columns and 545464 nonzeros (Min)
[2026-05-03 16:08:47,806][gurobipy][INFO] - Model fingerprint: 0xa43c9241
[2026-05-03 16:08:47,806][gurobipy][INFO] - Model has 60818 linear objective coefficients and an objective constant of 4.9999999999999994e-01
[2026-05-03 16:08:47,806][gurobipy][INFO] - Model has 40 quadratic constraints
[2026-05-03 16:08:47,806][gurobipy][INFO] - Variable types: 20 continuous, 60798 integer (60798 binary)
[2026-05-03 16:08:47,812][gurobipy][INFO] - Coefficient statistics:
[2026-05-03 16:08:47,812][gurobipy][INFO] -   Matrix range     [1e+00, 1e+00]
[2026-05-03 16:08:47,812][gurobipy][INFO] -   QMatrix range    [1e+00, 1e+00]
[2026-05-03 16:08:47,812][gurobipy][INFO] -   QLMatrix range   [1e-04, 1e+00]
[2026-05-03 16:08:47,812][gurobipy][INFO] -   Objective range  [8e-06, 3e-02]
[2026-05-03 16:08:47,812][gurobipy][INFO] -   Bounds range     [1e+00, 1e+00]
[2026-05-03 16:08:47,812][gurobipy][INFO] -   RHS range        [1e+00, 1e+00]
[2026-05-03 16:08:47,812][gurobipy][INFO] - 
[2026-05-03 16:08:47,826][gurobipy][INFO] - Found heuristic solution: objective 0.5000000
[2026-05-03 16:08:52,913][gurobipy][INFO] - Presolve removed 59057 rows and 0 columns (presolve time = 5s)...
[2026-05-03 16:09:00,828][gurobipy][INFO] - Presolve removed 59057 rows and 0 columns (presolve time = 13s)...
[2026-05-03 16:09:00,828][gurobipy][INFO] - Presolve added 0 rows and 18 columns
[2026-05-03 16:09:00,828][gurobipy][INFO] - Presolve removed 59021 rows and 0 columns
[2026-05-03 16:09:00,828][gurobipy][INFO] - Presolve time: 12.93s
[2026-05-03 16:09:00,832][gurobipy][INFO] - Presolved: 2645651 rows, 3708716 columns, 9970940 nonzeros
[2026-05-03 16:09:00,832][gurobipy][INFO] - Presolved model has 2431920 SOS constraint(s)
[2026-05-03 16:09:12,685][gurobipy][INFO] - Variable types: 2431958 continuous, 1276758 integer (1276758 binary)
[2026-05-03 16:35:07,932][gurobipy][INFO] - 
[2026-05-03 16:35:07,933][gurobipy][INFO] - Explored 1 nodes (0 simplex iterations) in 1580.17 seconds (1804.91 work units)
[2026-05-03 16:35:07,933][gurobipy][INFO] - Thread count was 32 (of 128 available processors)
[2026-05-03 16:35:07,933][gurobipy][INFO] - 
[2026-05-03 16:35:07,933][gurobipy][INFO] - Solution count 1: 0.5 
[2026-05-03 16:35:07,933][gurobipy][INFO] - 
[2026-05-03 16:35:07,933][gurobipy][INFO] - Time limit reached
[2026-05-03 16:35:07,940][gurobipy][INFO] - Best objective 5.000000000000e-01, best bound -5.732534808173e-13, gap 100.0000%
