[2026-04-30 14:45:38,998][gurobipy][INFO] - Set parameter WLSAccessID
[2026-04-30 14:45:38,998][gurobipy][INFO] - Set parameter WLSSecret
[2026-04-30 14:45:38,998][gurobipy][INFO] - Set parameter LicenseID to value 2619742
[2026-04-30 14:45:39,054][gurobipy][INFO] - Academic license 2619742 - for non-commercial use only - registered to it___@mail.huji.ac.il
[2026-04-30 14:45:39,055][gurobipy][INFO] - Set parameter OutputFlag to value 1
[2026-04-30 14:45:39,056][gurobipy][INFO] - Set parameter MIPGap to value 0
[2026-04-30 14:45:39,056][gurobipy][INFO] - Set parameter TimeLimit to value 300
[2026-04-30 14:45:41,028][gurobipy][INFO] - Gurobi Optimizer version 13.0.1 build v13.0.1rc0 (linux64 - "Ubuntu 22.04.5 LTS")
[2026-04-30 14:45:41,028][gurobipy][INFO] - 
[2026-04-30 14:45:41,028][gurobipy][INFO] - CPU model: Intel(R) Xeon(R) Platinum 8358 CPU @ 2.60GHz, instruction set [SSE2|AVX|AVX2|AVX512]
[2026-04-30 14:45:41,028][gurobipy][INFO] - Thread count: 64 physical cores, 128 logical processors, using up to 32 threads
[2026-04-30 14:45:41,028][gurobipy][INFO] - 
[2026-04-30 14:45:41,028][gurobipy][INFO] - Non-default parameters:
[2026-04-30 14:45:41,028][gurobipy][INFO] - TimeLimit  300
[2026-04-30 14:45:41,028][gurobipy][INFO] - MIPGap  0
[2026-04-30 14:45:41,028][gurobipy][INFO] - 
[2026-04-30 14:45:41,029][gurobipy][INFO] - Academic license 2619742 - for non-commercial use only - registered to it___@mail.huji.ac.il
[2026-04-30 14:45:41,029][gurobipy][INFO] - Optimize a model with 34401 rows, 5000 columns and 68802 nonzeros (Min)
[2026-04-30 14:45:41,030][gurobipy][INFO] - Model fingerprint: 0x4efda96d
[2026-04-30 14:45:41,030][gurobipy][INFO] - Model has 5000 linear objective coefficients and an objective constant of 1
[2026-04-30 14:45:41,030][gurobipy][INFO] - Variable types: 0 continuous, 5000 integer (5000 binary)
[2026-04-30 14:45:41,030][gurobipy][INFO] - Coefficient statistics:
[2026-04-30 14:45:41,030][gurobipy][INFO] -   Matrix range     [1e+00, 1e+00]
[2026-04-30 14:45:41,030][gurobipy][INFO] -   Objective range  [2e-04, 2e-04]
[2026-04-30 14:45:41,030][gurobipy][INFO] -   Bounds range     [1e+00, 1e+00]
[2026-04-30 14:45:41,030][gurobipy][INFO] -   RHS range        [1e+00, 1e+00]
[2026-04-30 14:45:41,030][gurobipy][INFO] - 
[2026-04-30 14:45:41,032][gurobipy][INFO] - Found heuristic solution: objective 0.0040000
[2026-04-30 14:45:41,493][gurobipy][INFO] - Presolve removed 34401 rows and 5000 columns
[2026-04-30 14:45:41,494][gurobipy][INFO] - Presolve time: 0.46s
[2026-04-30 14:45:41,494][gurobipy][INFO] - Presolve: All rows and columns removed
[2026-04-30 14:45:41,495][gurobipy][INFO] - 
[2026-04-30 14:45:41,495][gurobipy][INFO] - Explored 0 nodes (0 simplex iterations) in 0.47 seconds (0.45 work units)
[2026-04-30 14:45:41,495][gurobipy][INFO] - Thread count was 1 (of 128 available processors)
[2026-04-30 14:45:41,495][gurobipy][INFO] - 
[2026-04-30 14:45:41,495][gurobipy][INFO] - Solution count 1: 0.004 
[2026-04-30 14:45:41,495][gurobipy][INFO] - 
[2026-04-30 14:45:41,495][gurobipy][INFO] - Optimal solution found (tolerance 0.00e+00)
[2026-04-30 14:45:41,495][gurobipy][INFO] - Best objective 3.999999999988e-03, best bound 3.999999999988e-03, gap 0.0000%
