[2026-05-03 15:43:06,276][gurobipy][INFO] - Set parameter WLSAccessID
[2026-05-03 15:43:06,276][gurobipy][INFO] - Set parameter WLSSecret
[2026-05-03 15:43:06,276][gurobipy][INFO] - Set parameter LicenseID to value 2619742
[2026-05-03 15:43:06,285][gurobipy][INFO] - Academic license 2619742 - for non-commercial use only - registered to it___@mail.huji.ac.il
[2026-05-03 15:43:06,286][gurobipy][INFO] - Set parameter OutputFlag to value 1
[2026-05-03 15:43:06,286][gurobipy][INFO] - Set parameter MIPGap to value 0
[2026-05-03 15:43:06,287][gurobipy][INFO] - Set parameter TimeLimit to value 300
[2026-05-03 15:46:10,205][gurobipy][INFO] - Set parameter NonConvex to value 2
[2026-05-03 15:48:53,472][gurobipy][INFO] - Gurobi Optimizer version 13.0.1 build v13.0.1rc0 (linux64 - "Ubuntu 22.04.5 LTS")
[2026-05-03 15:48:53,473][gurobipy][INFO] - 
[2026-05-03 15:48:53,473][gurobipy][INFO] - CPU model: Intel(R) Xeon(R) Platinum 8358 CPU @ 2.60GHz, instruction set [SSE2|AVX|AVX2|AVX512]
[2026-05-03 15:48:53,473][gurobipy][INFO] - Thread count: 64 physical cores, 128 logical processors, using up to 32 threads
[2026-05-03 15:48:53,473][gurobipy][INFO] - 
[2026-05-03 15:48:53,473][gurobipy][INFO] - Non-default parameters:
[2026-05-03 15:48:53,473][gurobipy][INFO] - TimeLimit  300
[2026-05-03 15:48:53,473][gurobipy][INFO] - MIPGap  0
[2026-05-03 15:48:53,473][gurobipy][INFO] - NonConvex  2
[2026-05-03 15:48:53,473][gurobipy][INFO] - 
[2026-05-03 15:48:53,474][gurobipy][INFO] - Academic license 2619742 - for non-commercial use only - registered to it___@mail.huji.ac.il
[2026-05-03 15:48:53,474][gurobipy][INFO] - Optimize a model with 4522843 rows, 3395624 columns and 9045686 nonzeros (Min)
[2026-05-03 15:48:55,427][gurobipy][INFO] - Model fingerprint: 0xc6bb0156
[2026-05-03 15:48:55,429][gurobipy][INFO] - Model has 3395624 linear objective coefficients and an objective constant of 0.5
[2026-05-03 15:48:55,429][gurobipy][INFO] - Model has 40 quadratic constraints
[2026-05-03 15:48:55,432][gurobipy][INFO] - Variable types: 20 continuous, 3395604 integer (3395604 binary)
[2026-05-03 15:48:55,707][gurobipy][INFO] - Coefficient statistics:
[2026-05-03 15:48:55,707][gurobipy][INFO] -   Matrix range     [1e+00, 1e+00]
[2026-05-03 15:48:55,707][gurobipy][INFO] -   QMatrix range    [1e+00, 1e+00]
[2026-05-03 15:48:55,707][gurobipy][INFO] -   QLMatrix range   [3e-06, 1e+00]
[2026-05-03 15:48:55,707][gurobipy][INFO] -   Objective range  [1e-07, 3e-02]
[2026-05-03 15:48:55,707][gurobipy][INFO] -   Bounds range     [1e+00, 1e+00]
[2026-05-03 15:48:55,707][gurobipy][INFO] -   RHS range        [1e+00, 1e+00]
[2026-05-03 15:48:55,707][gurobipy][INFO] - 
[2026-05-03 15:48:56,623][gurobipy][INFO] - Found heuristic solution: objective 0.5000000
[2026-05-03 15:49:16,759][gurobipy][INFO] - Presolve removed 0 rows and 0 columns (presolve time = 14s)...
[2026-05-03 15:49:28,818][gurobipy][INFO] - Presolve removed 0 rows and 0 columns (presolve time = 26s)...
[2026-05-03 15:49:35,273][gurobipy][INFO] - Presolve removed 0 rows and 0 columns (presolve time = 33s)...
[2026-05-03 15:49:41,739][gurobipy][INFO] - Presolve removed 0 rows and 0 columns (presolve time = 39s)...
[2026-05-03 15:49:54,819][gurobipy][INFO] - Presolve removed 0 rows and 0 columns (presolve time = 52s)...
[2026-05-03 15:50:00,606][gurobipy][INFO] - Presolve removed 0 rows and 0 columns (presolve time = 58s)...
[2026-05-03 15:50:03,431][gurobipy][INFO] - Presolve removed 0 rows and 0 columns (presolve time = 61s)...
[2026-05-03 15:50:07,520][gurobipy][INFO] - Presolve removed 0 rows and 0 columns (presolve time = 65s)...
[2026-05-03 15:50:12,521][gurobipy][INFO] - Presolve removed 0 rows and 0 columns (presolve time = 70s)...
[2026-05-03 15:50:17,521][gurobipy][INFO] - Presolve removed 0 rows and 0 columns (presolve time = 75s)...
[2026-05-03 15:50:22,521][gurobipy][INFO] - Presolve removed 0 rows and 0 columns (presolve time = 80s)...
[2026-05-03 15:50:27,521][gurobipy][INFO] - Presolve removed 0 rows and 0 columns (presolve time = 85s)...
[2026-05-03 15:50:32,520][gurobipy][INFO] - Presolve removed 0 rows and 0 columns (presolve time = 90s)...
[2026-05-03 15:50:37,519][gurobipy][INFO] - Presolve removed 0 rows and 0 columns (presolve time = 95s)...
[2026-05-03 15:50:42,519][gurobipy][INFO] - Presolve removed 0 rows and 0 columns (presolve time = 100s)...
[2026-05-03 15:50:47,521][gurobipy][INFO] - Presolve removed 0 rows and 0 columns (presolve time = 105s)...
[2026-05-03 15:50:52,519][gurobipy][INFO] - Presolve removed 0 rows and 0 columns (presolve time = 110s)...
[2026-05-03 15:51:08,962][gurobipy][INFO] - Presolve removed 0 rows and 0 columns (presolve time = 126s)...
[2026-05-03 15:51:12,519][gurobipy][INFO] - Presolve removed 0 rows and 0 columns (presolve time = 130s)...
[2026-05-03 15:51:17,519][gurobipy][INFO] - Presolve removed 0 rows and 0 columns (presolve time = 135s)...
[2026-05-03 15:51:22,521][gurobipy][INFO] - Presolve removed 0 rows and 0 columns (presolve time = 140s)...
[2026-05-03 15:51:27,520][gurobipy][INFO] - Presolve removed 0 rows and 0 columns (presolve time = 145s)...
[2026-05-03 15:51:32,520][gurobipy][INFO] - Presolve removed 0 rows and 0 columns (presolve time = 150s)...
[2026-05-03 15:51:37,520][gurobipy][INFO] - Presolve removed 0 rows and 0 columns (presolve time = 155s)...
[2026-05-03 15:51:42,519][gurobipy][INFO] - Presolve removed 0 rows and 0 columns (presolve time = 160s)...
[2026-05-03 15:51:47,520][gurobipy][INFO] - Presolve removed 0 rows and 0 columns (presolve time = 165s)...
[2026-05-03 15:51:52,521][gurobipy][INFO] - Presolve removed 0 rows and 0 columns (presolve time = 170s)...
[2026-05-03 15:51:57,519][gurobipy][INFO] - Presolve removed 0 rows and 0 columns (presolve time = 175s)...
[2026-05-03 15:52:02,523][gurobipy][INFO] - Presolve removed 0 rows and 0 columns (presolve time = 180s)...
[2026-05-03 15:52:07,519][gurobipy][INFO] - Presolve removed 0 rows and 0 columns (presolve time = 185s)...
[2026-05-03 15:52:12,521][gurobipy][INFO] - Presolve removed 0 rows and 0 columns (presolve time = 190s)...
[2026-05-03 15:52:17,519][gurobipy][INFO] - Presolve removed 0 rows and 0 columns (presolve time = 195s)...
[2026-05-03 15:52:22,519][gurobipy][INFO] - Presolve removed 0 rows and 0 columns (presolve time = 200s)...
[2026-05-03 15:52:27,520][gurobipy][INFO] - Presolve removed 0 rows and 0 columns (presolve time = 205s)...
[2026-05-03 15:52:32,519][gurobipy][INFO] - Presolve removed 0 rows and 0 columns (presolve time = 210s)...
[2026-05-03 15:52:37,520][gurobipy][INFO] - Presolve removed 0 rows and 0 columns (presolve time = 215s)...
[2026-05-03 15:52:42,520][gurobipy][INFO] - Presolve removed 0 rows and 0 columns (presolve time = 220s)...
[2026-05-03 15:52:47,521][gurobipy][INFO] - Presolve removed 0 rows and 0 columns (presolve time = 225s)...
[2026-05-03 15:52:52,523][gurobipy][INFO] - Presolve removed 0 rows and 0 columns (presolve time = 230s)...
[2026-05-03 15:52:57,521][gurobipy][INFO] - Presolve removed 0 rows and 0 columns (presolve time = 235s)...
[2026-05-03 15:53:02,522][gurobipy][INFO] - Presolve removed 0 rows and 0 columns (presolve time = 240s)...
[2026-05-03 15:53:07,520][gurobipy][INFO] - Presolve removed 0 rows and 0 columns (presolve time = 245s)...
[2026-05-03 15:53:25,775][gurobipy][INFO] - Presolve removed 0 rows and 0 columns (presolve time = 263s)...
[2026-05-03 15:53:27,519][gurobipy][INFO] - Presolve removed 0 rows and 0 columns (presolve time = 265s)...
[2026-05-03 15:53:32,521][gurobipy][INFO] - Presolve removed 0 rows and 0 columns (presolve time = 270s)...
[2026-05-03 15:53:37,519][gurobipy][INFO] - Presolve removed 0 rows and 0 columns (presolve time = 275s)...
[2026-05-03 15:53:42,520][gurobipy][INFO] - Presolve removed 0 rows and 0 columns (presolve time = 280s)...
[2026-05-03 15:53:47,521][gurobipy][INFO] - Presolve removed 0 rows and 0 columns (presolve time = 285s)...
[2026-05-03 15:53:52,521][gurobipy][INFO] - Presolve removed 0 rows and 0 columns (presolve time = 290s)...
[2026-05-03 15:53:53,477][gurobipy][INFO] - Presolve added 38 rows and 19 columns
[2026-05-03 15:53:53,477][gurobipy][INFO] - Presolve time: 290.96s
[2026-05-03 15:53:55,478][gurobipy][INFO] - 
[2026-05-03 15:53:55,478][gurobipy][INFO] - Explored 0 nodes (0 simplex iterations) in 302.00 seconds (941.02 work units)
[2026-05-03 15:53:55,478][gurobipy][INFO] - Thread count was 1 (of 128 available processors)
[2026-05-03 15:53:55,485][gurobipy][INFO] - 
[2026-05-03 15:53:55,485][gurobipy][INFO] - Solution count 1: 0.5 
[2026-05-03 15:53:55,485][gurobipy][INFO] - 
[2026-05-03 15:53:55,485][gurobipy][INFO] - Time limit reached
[2026-05-03 15:53:55,916][gurobipy][INFO] - Best objective 5.000000000000e-01, best bound -, gap -
