[2026-05-03 15:43:17,111][gurobipy][INFO] - Set parameter WLSAccessID
[2026-05-03 15:43:17,112][gurobipy][INFO] - Set parameter WLSSecret
[2026-05-03 15:43:17,112][gurobipy][INFO] - Set parameter LicenseID to value 2619742
[2026-05-03 15:43:17,182][gurobipy][INFO] - Academic license 2619742 - for non-commercial use only - registered to it___@mail.huji.ac.il
[2026-05-03 15:43:17,184][gurobipy][INFO] - Set parameter OutputFlag to value 1
[2026-05-03 15:43:17,185][gurobipy][INFO] - Set parameter MIPGap to value 0
[2026-05-03 15:43:17,185][gurobipy][INFO] - Set parameter TimeLimit to value 300
[2026-05-03 15:53:16,413][gurobipy][INFO] - Set parameter NonConvex to value 2
[2026-05-03 15:56:01,489][gurobipy][INFO] - Gurobi Optimizer version 13.0.1 build v13.0.1rc0 (linux64 - "Ubuntu 22.04.5 LTS")
[2026-05-03 15:56:01,490][gurobipy][INFO] - 
[2026-05-03 15:56:01,490][gurobipy][INFO] - CPU model: Intel(R) Xeon(R) Platinum 8358 CPU @ 2.60GHz, instruction set [SSE2|AVX|AVX2|AVX512]
[2026-05-03 15:56:01,490][gurobipy][INFO] - Thread count: 64 physical cores, 128 logical processors, using up to 32 threads
[2026-05-03 15:56:01,490][gurobipy][INFO] - 
[2026-05-03 15:56:01,490][gurobipy][INFO] - Non-default parameters:
[2026-05-03 15:56:01,491][gurobipy][INFO] - TimeLimit  300
[2026-05-03 15:56:01,491][gurobipy][INFO] - MIPGap  0
[2026-05-03 15:56:01,491][gurobipy][INFO] - NonConvex  2
[2026-05-03 15:56:01,491][gurobipy][INFO] - 
[2026-05-03 15:56:01,491][gurobipy][INFO] - Academic license 2619742 - for non-commercial use only - registered to it___@mail.huji.ac.il
[2026-05-03 15:56:01,491][gurobipy][INFO] - Optimize a model with 14712867 rows, 3395624 columns and 29425734 nonzeros (Min)
[2026-05-03 15:56:03,640][gurobipy][INFO] - Model fingerprint: 0x6ff8dc05
[2026-05-03 15:56:03,642][gurobipy][INFO] - Model has 3395624 linear objective coefficients and an objective constant of 0.5
[2026-05-03 15:56:03,642][gurobipy][INFO] - Model has 40 quadratic constraints
[2026-05-03 15:56:03,645][gurobipy][INFO] - Variable types: 20 continuous, 3395604 integer (3395604 binary)
[2026-05-03 15:56:03,937][gurobipy][INFO] - Coefficient statistics:
[2026-05-03 15:56:03,937][gurobipy][INFO] -   Matrix range     [1e+00, 1e+00]
[2026-05-03 15:56:03,937][gurobipy][INFO] -   QMatrix range    [1e+00, 1e+00]
[2026-05-03 15:56:03,937][gurobipy][INFO] -   QLMatrix range   [6e-06, 1e+00]
[2026-05-03 15:56:03,937][gurobipy][INFO] -   Objective range  [1e-07, 3e-02]
[2026-05-03 15:56:03,937][gurobipy][INFO] -   Bounds range     [1e+00, 1e+00]
[2026-05-03 15:56:03,937][gurobipy][INFO] -   RHS range        [1e+00, 1e+00]
[2026-05-03 15:56:03,937][gurobipy][INFO] - 
[2026-05-03 15:56:04,984][gurobipy][INFO] - Found heuristic solution: objective 0.5000000
[2026-05-03 15:56:27,884][gurobipy][INFO] - Presolve removed 0 rows and 0 columns (presolve time = 16s)...
[2026-05-03 15:56:40,840][gurobipy][INFO] - Presolve removed 0 rows and 0 columns (presolve time = 29s)...
[2026-05-03 15:56:43,382][gurobipy][INFO] - Presolve removed 0 rows and 0 columns (presolve time = 31s)...
[2026-05-03 15:56:50,000][gurobipy][INFO] - Presolve removed 0 rows and 0 columns (presolve time = 38s)...
[2026-05-03 15:56:56,337][gurobipy][INFO] - Presolve removed 0 rows and 0 columns (presolve time = 44s)...
[2026-05-03 15:57:09,169][gurobipy][INFO] - Presolve removed 0 rows and 0 columns (presolve time = 57s)...
[2026-05-03 15:57:18,108][gurobipy][INFO] - Presolve removed 0 rows and 0 columns (presolve time = 66s)...
[2026-05-03 15:57:24,709][gurobipy][INFO] - Presolve removed 0 rows and 0 columns (presolve time = 72s)...
[2026-05-03 15:57:27,284][gurobipy][INFO] - Presolve removed 0 rows and 0 columns (presolve time = 75s)...
[2026-05-03 15:57:32,285][gurobipy][INFO] - Presolve removed 0 rows and 0 columns (presolve time = 80s)...
[2026-05-03 15:57:37,284][gurobipy][INFO] - Presolve removed 0 rows and 0 columns (presolve time = 85s)...
[2026-05-03 15:57:42,285][gurobipy][INFO] - Presolve removed 0 rows and 0 columns (presolve time = 90s)...
[2026-05-03 15:57:47,286][gurobipy][INFO] - Presolve removed 0 rows and 0 columns (presolve time = 95s)...
[2026-05-03 15:57:52,285][gurobipy][INFO] - Presolve removed 0 rows and 0 columns (presolve time = 100s)...
[2026-05-03 15:57:57,285][gurobipy][INFO] - Presolve removed 0 rows and 0 columns (presolve time = 105s)...
[2026-05-03 15:58:02,286][gurobipy][INFO] - Presolve removed 0 rows and 0 columns (presolve time = 110s)...
[2026-05-03 15:58:07,284][gurobipy][INFO] - Presolve removed 0 rows and 0 columns (presolve time = 115s)...
[2026-05-03 15:58:12,285][gurobipy][INFO] - Presolve removed 0 rows and 0 columns (presolve time = 120s)...
[2026-05-03 15:58:17,284][gurobipy][INFO] - Presolve removed 0 rows and 0 columns (presolve time = 125s)...
[2026-05-03 15:58:22,285][gurobipy][INFO] - Presolve removed 0 rows and 0 columns (presolve time = 130s)...
[2026-05-03 15:58:27,284][gurobipy][INFO] - Presolve removed 0 rows and 0 columns (presolve time = 135s)...
[2026-05-03 15:58:32,284][gurobipy][INFO] - Presolve removed 0 rows and 0 columns (presolve time = 140s)...
[2026-05-03 15:58:37,286][gurobipy][INFO] - Presolve removed 0 rows and 0 columns (presolve time = 145s)...
[2026-05-03 15:58:42,286][gurobipy][INFO] - Presolve removed 0 rows and 0 columns (presolve time = 150s)...
[2026-05-03 15:58:47,285][gurobipy][INFO] - Presolve removed 0 rows and 0 columns (presolve time = 155s)...
[2026-05-03 15:58:52,284][gurobipy][INFO] - Presolve removed 0 rows and 0 columns (presolve time = 160s)...
[2026-05-03 15:58:57,286][gurobipy][INFO] - Presolve removed 0 rows and 0 columns (presolve time = 165s)...
[2026-05-03 15:59:02,286][gurobipy][INFO] - Presolve removed 0 rows and 0 columns (presolve time = 170s)...
[2026-05-03 15:59:07,285][gurobipy][INFO] - Presolve removed 0 rows and 0 columns (presolve time = 175s)...
[2026-05-03 15:59:12,284][gurobipy][INFO] - Presolve removed 0 rows and 0 columns (presolve time = 180s)...
[2026-05-03 15:59:17,285][gurobipy][INFO] - Presolve removed 0 rows and 0 columns (presolve time = 185s)...
[2026-05-03 15:59:29,330][gurobipy][INFO] - Presolve removed 0 rows and 0 columns (presolve time = 197s)...
[2026-05-03 15:59:32,286][gurobipy][INFO] - Presolve removed 0 rows and 0 columns (presolve time = 200s)...
[2026-05-03 15:59:37,284][gurobipy][INFO] - Presolve removed 0 rows and 0 columns (presolve time = 205s)...
[2026-05-03 15:59:42,285][gurobipy][INFO] - Presolve removed 0 rows and 0 columns (presolve time = 210s)...
[2026-05-03 15:59:47,286][gurobipy][INFO] - Presolve removed 0 rows and 0 columns (presolve time = 215s)...
[2026-05-03 15:59:52,285][gurobipy][INFO] - Presolve removed 0 rows and 0 columns (presolve time = 220s)...
[2026-05-03 15:59:57,285][gurobipy][INFO] - Presolve removed 0 rows and 0 columns (presolve time = 225s)...
[2026-05-03 16:00:02,285][gurobipy][INFO] - Presolve removed 0 rows and 0 columns (presolve time = 230s)...
[2026-05-03 16:00:07,292][gurobipy][INFO] - Presolve removed 0 rows and 0 columns (presolve time = 235s)...
[2026-05-03 16:00:12,286][gurobipy][INFO] - Presolve removed 0 rows and 0 columns (presolve time = 240s)...
[2026-05-03 16:00:17,286][gurobipy][INFO] - Presolve removed 0 rows and 0 columns (presolve time = 245s)...
[2026-05-03 16:00:22,285][gurobipy][INFO] - Presolve removed 0 rows and 0 columns (presolve time = 250s)...
[2026-05-03 16:00:27,286][gurobipy][INFO] - Presolve removed 0 rows and 0 columns (presolve time = 255s)...
[2026-05-03 16:00:32,286][gurobipy][INFO] - Presolve removed 0 rows and 0 columns (presolve time = 260s)...
[2026-05-03 16:00:37,287][gurobipy][INFO] - Presolve removed 0 rows and 0 columns (presolve time = 265s)...
[2026-05-03 16:00:42,287][gurobipy][INFO] - Presolve removed 0 rows and 0 columns (presolve time = 270s)...
[2026-05-03 16:00:47,283][gurobipy][INFO] - Presolve removed 0 rows and 0 columns (presolve time = 275s)...
[2026-05-03 16:00:57,493][gurobipy][INFO] - Presolve removed 0 rows and 0 columns (presolve time = 285s)...
[2026-05-03 16:01:01,502][gurobipy][INFO] - Presolve added 38 rows and 19 columns
[2026-05-03 16:01:01,502][gurobipy][INFO] - Presolve time: 289.22s
[2026-05-03 16:01:03,691][gurobipy][INFO] - 
[2026-05-03 16:01:03,692][gurobipy][INFO] - Explored 0 nodes (0 simplex iterations) in 302.20 seconds (978.19 work units)
[2026-05-03 16:01:03,692][gurobipy][INFO] - Thread count was 1 (of 128 available processors)
[2026-05-03 16:01:03,698][gurobipy][INFO] - 
[2026-05-03 16:01:03,698][gurobipy][INFO] - Solution count 1: 0.5 
[2026-05-03 16:01:03,698][gurobipy][INFO] - 
[2026-05-03 16:01:03,698][gurobipy][INFO] - Time limit reached
[2026-05-03 16:01:04,170][gurobipy][INFO] - Best objective 5.000000000000e-01, best bound -, gap -
