[2026-04-30 14:50:36,251][gurobipy][INFO] - Set parameter WLSAccessID
[2026-04-30 14:50:36,251][gurobipy][INFO] - Set parameter WLSSecret
[2026-04-30 14:50:36,251][gurobipy][INFO] - Set parameter LicenseID to value 2619742
[2026-04-30 14:50:36,302][gurobipy][INFO] - Academic license 2619742 - for non-commercial use only - registered to it___@mail.huji.ac.il
[2026-04-30 14:50:36,304][gurobipy][INFO] - Set parameter OutputFlag to value 1
[2026-04-30 14:50:36,304][gurobipy][INFO] - Set parameter MIPGap to value 0
[2026-04-30 14:50:36,304][gurobipy][INFO] - Set parameter TimeLimit to value 300
[2026-04-30 14:51:03,153][gurobipy][INFO] - Gurobi Optimizer version 13.0.1 build v13.0.1rc0 (linux64 - "Ubuntu 22.04.5 LTS")
[2026-04-30 14:51:03,153][gurobipy][INFO] - 
[2026-04-30 14:51:03,153][gurobipy][INFO] - CPU model: Intel(R) Xeon(R) Platinum 8358 CPU @ 2.60GHz, instruction set [SSE2|AVX|AVX2|AVX512]
[2026-04-30 14:51:03,153][gurobipy][INFO] - Thread count: 64 physical cores, 128 logical processors, using up to 32 threads
[2026-04-30 14:51:03,153][gurobipy][INFO] - 
[2026-04-30 14:51:03,153][gurobipy][INFO] - Non-default parameters:
[2026-04-30 14:51:03,153][gurobipy][INFO] - TimeLimit  300
[2026-04-30 14:51:03,153][gurobipy][INFO] - MIPGap  0
[2026-04-30 14:51:03,154][gurobipy][INFO] - 
[2026-04-30 14:51:03,154][gurobipy][INFO] - Academic license 2619742 - for non-commercial use only - registered to it___@mail.huji.ac.il
[2026-04-30 14:51:03,154][gurobipy][INFO] - Optimize a model with 579911 rows, 5000 columns and 1159822 nonzeros (Min)
[2026-04-30 14:51:03,165][gurobipy][INFO] - Model fingerprint: 0xae49545b
[2026-04-30 14:51:03,165][gurobipy][INFO] - Model has 5000 linear objective coefficients and an objective constant of 1
[2026-04-30 14:51:03,165][gurobipy][INFO] - Variable types: 0 continuous, 5000 integer (5000 binary)
[2026-04-30 14:51:03,167][gurobipy][INFO] - Coefficient statistics:
[2026-04-30 14:51:03,168][gurobipy][INFO] -   Matrix range     [1e+00, 1e+00]
[2026-04-30 14:51:03,168][gurobipy][INFO] -   Objective range  [2e-04, 2e-04]
[2026-04-30 14:51:03,168][gurobipy][INFO] -   Bounds range     [1e+00, 1e+00]
[2026-04-30 14:51:03,168][gurobipy][INFO] -   RHS range        [1e+00, 1e+00]
[2026-04-30 14:51:03,168][gurobipy][INFO] - 
[2026-04-30 14:51:03,188][gurobipy][INFO] - Found heuristic solution: objective 0.1332000
[2026-04-30 14:51:08,276][gurobipy][INFO] - Presolve removed 268673 rows and 0 columns (presolve time = 5s)...
[2026-04-30 14:51:13,278][gurobipy][INFO] - Presolve removed 270962 rows and 0 columns (presolve time = 10s)...
[2026-04-30 14:51:18,274][gurobipy][INFO] - Presolve removed 270962 rows and 0 columns (presolve time = 15s)...
[2026-04-30 14:51:23,321][gurobipy][INFO] - Presolve removed 270962 rows and 0 columns (presolve time = 20s)...
[2026-04-30 14:51:28,314][gurobipy][INFO] - Presolve removed 270962 rows and 0 columns (presolve time = 25s)...
[2026-04-30 14:51:33,356][gurobipy][INFO] - Presolve removed 270962 rows and 0 columns (presolve time = 30s)...
[2026-04-30 14:51:38,387][gurobipy][INFO] - Presolve removed 431844 rows and 2197 columns (presolve time = 35s)...
[2026-04-30 14:51:38,960][gurobipy][INFO] - Presolve removed 563018 rows and 3736 columns
[2026-04-30 14:51:38,960][gurobipy][INFO] - Presolve time: 35.70s
[2026-04-30 14:51:38,967][gurobipy][INFO] - Presolved: 16893 rows, 1264 columns, 34335 nonzeros
[2026-04-30 14:51:38,973][gurobipy][INFO] - Variable types: 0 continuous, 1264 integer (1264 binary)
[2026-04-30 14:51:39,275][gurobipy][INFO] - Performing another presolve...
[2026-04-30 14:51:44,057][gurobipy][INFO] - Presolve removed 7900 rows and 850 columns
[2026-04-30 14:51:44,057][gurobipy][INFO] - Presolve time: 4.78s
[2026-04-30 14:51:44,098][gurobipy][INFO] - 
[2026-04-30 14:51:44,099][gurobipy][INFO] - Root simplex log...
[2026-04-30 14:51:44,099][gurobipy][INFO] - 
[2026-04-30 14:51:44,099][gurobipy][INFO] - Iteration    Objective       Primal Inf.    Dual Inf.      Time
[2026-04-30 14:51:44,099][gurobipy][INFO] -        0    5.8200000e-02   0.000000e+00   0.000000e+00     41s
[2026-04-30 14:51:44,099][gurobipy][INFO] - 
[2026-04-30 14:51:44,099][gurobipy][INFO] - Root relaxation: objective 5.820000e-02, 0 iterations, 0.00 seconds (0.00 work units)
[2026-04-30 14:51:44,142][gurobipy][INFO] - 
[2026-04-30 14:51:44,142][gurobipy][INFO] -     Nodes    |    Current Node    |     Objective Bounds      |     Work
[2026-04-30 14:51:44,142][gurobipy][INFO] -  Expl Unexpl |  Obj  Depth IntInf | Incumbent    BestBd   Gap | It/Node Time
[2026-04-30 14:51:44,143][gurobipy][INFO] - 
[2026-04-30 14:51:44,143][gurobipy][INFO] - *    0     0               0       0.0582000    0.05820  0.00%     -   40s
[2026-04-30 14:51:44,326][gurobipy][INFO] - 
[2026-04-30 14:51:44,326][gurobipy][INFO] - Explored 1 nodes (0 simplex iterations) in 41.17 seconds (10.39 work units)
[2026-04-30 14:51:44,326][gurobipy][INFO] - Thread count was 32 (of 128 available processors)
[2026-04-30 14:51:44,326][gurobipy][INFO] - 
[2026-04-30 14:51:44,326][gurobipy][INFO] - Solution count 3: 0.0582 0.1332 0.1378 
[2026-04-30 14:51:44,326][gurobipy][INFO] - 
[2026-04-30 14:51:44,326][gurobipy][INFO] - Optimal solution found (tolerance 0.00e+00)
[2026-04-30 14:51:44,368][gurobipy][INFO] - Best objective 5.819999999999e-02, best bound 5.819999999999e-02, gap 0.0000%
