[2026-05-03 15:39:27,308][gurobipy][INFO] - Set parameter WLSAccessID
[2026-05-03 15:39:27,309][gurobipy][INFO] - Set parameter WLSSecret
[2026-05-03 15:39:27,309][gurobipy][INFO] - Set parameter LicenseID to value 2619742
[2026-05-03 15:39:27,318][gurobipy][INFO] - Academic license 2619742 - for non-commercial use only - registered to it___@mail.huji.ac.il
[2026-05-03 15:39:27,319][gurobipy][INFO] - Set parameter OutputFlag to value 1
[2026-05-03 15:39:27,319][gurobipy][INFO] - Set parameter MIPGap to value 0
[2026-05-03 15:39:27,319][gurobipy][INFO] - Set parameter TimeLimit to value 300
[2026-05-03 15:39:35,528][gurobipy][INFO] - Gurobi Optimizer version 13.0.1 build v13.0.1rc0 (linux64 - "Ubuntu 22.04.5 LTS")
[2026-05-03 15:39:35,529][gurobipy][INFO] - 
[2026-05-03 15:39:35,529][gurobipy][INFO] - CPU model: Intel(R) Xeon(R) Platinum 8358 CPU @ 2.60GHz, instruction set [SSE2|AVX|AVX2|AVX512]
[2026-05-03 15:39:35,529][gurobipy][INFO] - Thread count: 64 physical cores, 128 logical processors, using up to 32 threads
[2026-05-03 15:39:35,529][gurobipy][INFO] - 
[2026-05-03 15:39:35,529][gurobipy][INFO] - Non-default parameters:
[2026-05-03 15:39:35,529][gurobipy][INFO] - TimeLimit  300
[2026-05-03 15:39:35,530][gurobipy][INFO] - MIPGap  0
[2026-05-03 15:39:35,530][gurobipy][INFO] - 
[2026-05-03 15:39:35,530][gurobipy][INFO] - Academic license 2619742 - for non-commercial use only - registered to it___@mail.huji.ac.il
[2026-05-03 15:39:35,530][gurobipy][INFO] - Optimize a model with 171114 rows, 48842 columns and 342228 nonzeros (Min)
[2026-05-03 15:39:35,536][gurobipy][INFO] - Model fingerprint: 0xc1b570b7
[2026-05-03 15:39:35,536][gurobipy][INFO] - Model has 48842 linear objective coefficients and an objective constant of 1
[2026-05-03 15:39:35,537][gurobipy][INFO] - Variable types: 0 continuous, 48842 integer (48842 binary)
[2026-05-03 15:39:35,538][gurobipy][INFO] - Coefficient statistics:
[2026-05-03 15:39:35,538][gurobipy][INFO] -   Matrix range     [1e+00, 1e+00]
[2026-05-03 15:39:35,538][gurobipy][INFO] -   Objective range  [2e-05, 2e-05]
[2026-05-03 15:39:35,538][gurobipy][INFO] -   Bounds range     [1e+00, 1e+00]
[2026-05-03 15:39:35,538][gurobipy][INFO] -   RHS range        [1e+00, 1e+00]
[2026-05-03 15:39:35,538][gurobipy][INFO] - 
[2026-05-03 15:39:35,545][gurobipy][INFO] - Found heuristic solution: objective 0.0002047
[2026-05-03 15:39:36,306][gurobipy][INFO] - Presolve removed 171114 rows and 48842 columns
[2026-05-03 15:39:36,306][gurobipy][INFO] - Presolve time: 0.74s
[2026-05-03 15:39:36,307][gurobipy][INFO] - Presolve: All rows and columns removed
[2026-05-03 15:39:36,312][gurobipy][INFO] - 
[2026-05-03 15:39:36,312][gurobipy][INFO] - Explored 0 nodes (0 simplex iterations) in 0.78 seconds (1.73 work units)
[2026-05-03 15:39:36,312][gurobipy][INFO] - Thread count was 1 (of 128 available processors)
[2026-05-03 15:39:36,312][gurobipy][INFO] - 
[2026-05-03 15:39:36,312][gurobipy][INFO] - Solution count 1: 0.000204742 
[2026-05-03 15:39:36,312][gurobipy][INFO] - 
[2026-05-03 15:39:36,312][gurobipy][INFO] - Optimal solution found (tolerance 0.00e+00)
[2026-05-03 15:39:36,314][gurobipy][INFO] - Best objective 2.047418204540e-04, best bound 2.047418204540e-04, gap 0.0000%
