[2026-05-03 17:46:18,733][gurobipy][INFO] - Set parameter WLSAccessID
[2026-05-03 17:46:18,733][gurobipy][INFO] - Set parameter WLSSecret
[2026-05-03 17:46:18,733][gurobipy][INFO] - Set parameter LicenseID to value 2619742
[2026-05-03 17:46:18,741][gurobipy][INFO] - Academic license 2619742 - for non-commercial use only - registered to it___@mail.huji.ac.il
[2026-05-03 17:46:18,742][gurobipy][INFO] - Set parameter OutputFlag to value 1
[2026-05-03 17:46:18,742][gurobipy][INFO] - Set parameter MIPGap to value 0
[2026-05-03 17:46:18,742][gurobipy][INFO] - Set parameter TimeLimit to value 300
[2026-05-03 17:55:09,622][gurobipy][INFO] - Gurobi Optimizer version 13.0.1 build v13.0.1rc0 (linux64 - "Ubuntu 22.04.5 LTS")
[2026-05-03 17:55:09,622][gurobipy][INFO] - 
[2026-05-03 17:55:09,622][gurobipy][INFO] - CPU model: Intel(R) Xeon(R) Platinum 8358 CPU @ 2.60GHz, instruction set [SSE2|AVX|AVX2|AVX512]
[2026-05-03 17:55:09,622][gurobipy][INFO] - Thread count: 64 physical cores, 128 logical processors, using up to 32 threads
[2026-05-03 17:55:09,622][gurobipy][INFO] - 
[2026-05-03 17:55:09,622][gurobipy][INFO] - Non-default parameters:
[2026-05-03 17:55:09,622][gurobipy][INFO] - TimeLimit  300
[2026-05-03 17:55:09,622][gurobipy][INFO] - MIPGap  0
[2026-05-03 17:55:09,622][gurobipy][INFO] - 
[2026-05-03 17:55:09,622][gurobipy][INFO] - Academic license 2619742 - for non-commercial use only - registered to it___@mail.huji.ac.il
[2026-05-03 17:55:09,622][gurobipy][INFO] - Optimize a model with 8326197 rows, 999910 columns and 16652394 nonzeros (Min)
[2026-05-03 17:55:09,822][gurobipy][INFO] - Model fingerprint: 0x510ebd17
[2026-05-03 17:55:09,823][gurobipy][INFO] - Model has 999910 linear objective coefficients and an objective constant of 1
[2026-05-03 17:55:09,824][gurobipy][INFO] - Variable types: 0 continuous, 999910 integer (999910 binary)
[2026-05-03 17:55:09,864][gurobipy][INFO] - Coefficient statistics:
[2026-05-03 17:55:09,865][gurobipy][INFO] -   Matrix range     [1e+00, 1e+00]
[2026-05-03 17:55:09,865][gurobipy][INFO] -   Objective range  [1e-06, 1e-06]
[2026-05-03 17:55:09,865][gurobipy][INFO] -   Bounds range     [1e+00, 1e+00]
[2026-05-03 17:55:09,865][gurobipy][INFO] -   RHS range        [1e+00, 1e+00]
[2026-05-03 17:55:09,865][gurobipy][INFO] - 
[2026-05-03 17:55:10,363][gurobipy][INFO] - Found heuristic solution: objective 0.0006531
[2026-05-03 17:55:17,353][gurobipy][INFO] - Presolve removed 0 rows and 784 columns (presolve time = 5s)...
[2026-05-03 17:55:22,633][gurobipy][INFO] - Presolve removed 4530 rows and 5314 columns (presolve time = 10s)...
[2026-05-03 17:55:27,168][gurobipy][INFO] - Presolve removed 4530 rows and 5314 columns (presolve time = 15s)...
[2026-05-03 17:55:32,790][gurobipy][INFO] - Presolve removed 4539 rows and 5323 columns (presolve time = 21s)...
[2026-05-03 17:55:37,546][gurobipy][INFO] - Presolve removed 4539 rows and 5332 columns (presolve time = 25s)...
[2026-05-03 17:55:42,165][gurobipy][INFO] - Presolve removed 4539 rows and 5332 columns (presolve time = 30s)...
[2026-05-03 17:55:47,201][gurobipy][INFO] - Presolve removed 4539 rows and 5332 columns (presolve time = 35s)...
[2026-05-03 17:55:52,167][gurobipy][INFO] - Presolve removed 4539 rows and 5332 columns (presolve time = 40s)...
[2026-05-03 17:55:57,176][gurobipy][INFO] - Presolve removed 729801 rows and 5332 columns (presolve time = 45s)...
[2026-05-03 17:56:02,165][gurobipy][INFO] - Presolve removed 732684 rows and 5332 columns (presolve time = 50s)...
[2026-05-03 17:56:07,173][gurobipy][INFO] - Presolve removed 736747 rows and 5332 columns (presolve time = 55s)...
[2026-05-03 17:56:12,172][gurobipy][INFO] - Presolve removed 740681 rows and 5332 columns (presolve time = 60s)...
[2026-05-03 17:56:17,172][gurobipy][INFO] - Presolve removed 744297 rows and 5332 columns (presolve time = 65s)...
[2026-05-03 17:56:22,172][gurobipy][INFO] - Presolve removed 744297 rows and 5332 columns (presolve time = 70s)...
[2026-05-03 17:56:27,172][gurobipy][INFO] - Presolve removed 752707 rows and 5332 columns (presolve time = 75s)...
[2026-05-03 17:56:32,182][gurobipy][INFO] - Presolve removed 752707 rows and 5332 columns (presolve time = 80s)...
[2026-05-03 17:56:37,183][gurobipy][INFO] - Presolve removed 757067 rows and 5332 columns (presolve time = 85s)...
[2026-05-03 17:56:42,186][gurobipy][INFO] - Presolve removed 760177 rows and 5332 columns (presolve time = 90s)...
[2026-05-03 17:56:47,191][gurobipy][INFO] - Presolve removed 760177 rows and 5332 columns (presolve time = 95s)...
[2026-05-03 17:56:52,193][gurobipy][INFO] - Presolve removed 760177 rows and 5332 columns (presolve time = 100s)...
[2026-05-03 17:56:57,179][gurobipy][INFO] - Presolve removed 760177 rows and 5332 columns (presolve time = 105s)...
[2026-05-03 17:57:02,176][gurobipy][INFO] - Presolve removed 766885 rows and 5332 columns (presolve time = 110s)...
[2026-05-03 17:57:07,181][gurobipy][INFO] - Presolve removed 771177 rows and 5332 columns (presolve time = 115s)...
[2026-05-03 17:57:12,173][gurobipy][INFO] - Presolve removed 778082 rows and 5332 columns (presolve time = 120s)...
[2026-05-03 17:57:17,187][gurobipy][INFO] - Presolve removed 780475 rows and 5332 columns (presolve time = 125s)...
[2026-05-03 17:57:22,189][gurobipy][INFO] - Presolve removed 781954 rows and 5332 columns (presolve time = 130s)...
[2026-05-03 17:57:27,170][gurobipy][INFO] - Presolve removed 793019 rows and 5332 columns (presolve time = 135s)...
[2026-05-03 17:57:32,178][gurobipy][INFO] - Presolve removed 793019 rows and 5332 columns (presolve time = 140s)...
[2026-05-03 17:57:37,171][gurobipy][INFO] - Presolve removed 793019 rows and 5332 columns (presolve time = 145s)...
[2026-05-03 17:57:42,187][gurobipy][INFO] - Presolve removed 797721 rows and 5332 columns (presolve time = 150s)...
[2026-05-03 17:57:47,175][gurobipy][INFO] - Presolve removed 797721 rows and 5332 columns (presolve time = 155s)...
[2026-05-03 17:57:52,176][gurobipy][INFO] - Presolve removed 809801 rows and 5332 columns (presolve time = 160s)...
[2026-05-03 17:57:57,183][gurobipy][INFO] - Presolve removed 824356 rows and 5332 columns (presolve time = 165s)...
[2026-05-03 17:58:02,167][gurobipy][INFO] - Presolve removed 824356 rows and 5332 columns (presolve time = 170s)...
[2026-05-03 17:58:07,166][gurobipy][INFO] - Presolve removed 824356 rows and 5332 columns (presolve time = 175s)...
[2026-05-03 17:58:12,166][gurobipy][INFO] - Presolve removed 824356 rows and 5332 columns (presolve time = 180s)...
[2026-05-03 17:58:17,384][gurobipy][INFO] - Presolve removed 920936 rows and 5332 columns (presolve time = 185s)...
[2026-05-03 17:58:22,279][gurobipy][INFO] - Presolve removed 934355 rows and 18751 columns (presolve time = 190s)...
[2026-05-03 17:58:27,181][gurobipy][INFO] - Presolve removed 3379370 rows and 196216 columns (presolve time = 195s)...
[2026-05-03 17:58:32,637][gurobipy][INFO] - Presolve removed 3475485 rows and 292326 columns (presolve time = 200s)...
[2026-05-03 17:58:37,251][gurobipy][INFO] - Presolve removed 4169575 rows and 485724 columns (presolve time = 205s)...
[2026-05-03 17:58:42,655][gurobipy][INFO] - Presolve removed 4405549 rows and 543342 columns (presolve time = 210s)...
[2026-05-03 17:58:48,329][gurobipy][INFO] - Presolve removed 8286317 rows and 994657 columns (presolve time = 216s)...
[2026-05-03 17:58:48,879][gurobipy][INFO] - Presolve removed 8286317 rows and 994657 columns
[2026-05-03 17:58:48,880][gurobipy][INFO] - Presolve time: 216.71s
[2026-05-03 17:58:48,939][gurobipy][INFO] - Presolved: 39880 rows, 5253 columns, 94729 nonzeros
[2026-05-03 17:58:49,006][gurobipy][INFO] - Variable types: 0 continuous, 5253 integer (5253 binary)
[2026-05-03 17:58:49,144][gurobipy][INFO] - Performing another presolve...
[2026-05-03 17:58:49,174][gurobipy][INFO] - Presolve removed 39880 rows and 5253 columns
[2026-05-03 17:58:49,174][gurobipy][INFO] - Presolve time: 0.03s
[2026-05-03 17:58:50,931][gurobipy][INFO] - 
[2026-05-03 17:58:50,931][gurobipy][INFO] - Explored 1 nodes (0 simplex iterations) in 221.31 seconds (170.73 work units)
[2026-05-03 17:58:50,931][gurobipy][INFO] - Thread count was 32 (of 128 available processors)
[2026-05-03 17:58:50,931][gurobipy][INFO] - 
[2026-05-03 17:58:50,931][gurobipy][INFO] - Solution count 1: 0.000653059 
[2026-05-03 17:58:50,931][gurobipy][INFO] - 
[2026-05-03 17:58:50,931][gurobipy][INFO] - Optimal solution found (tolerance 0.00e+00)
[2026-05-03 17:58:51,115][gurobipy][INFO] - Best objective 6.530587766069e-04, best bound 6.530587766069e-04, gap 0.0000%
