[2026-05-03 15:45:13,611][gurobipy][INFO] - Set parameter WLSAccessID
[2026-05-03 15:45:13,611][gurobipy][INFO] - Set parameter WLSSecret
[2026-05-03 15:45:13,611][gurobipy][INFO] - Set parameter LicenseID to value 2619742
[2026-05-03 15:45:13,620][gurobipy][INFO] - Academic license 2619742 - for non-commercial use only - registered to it___@mail.huji.ac.il
[2026-05-03 15:45:13,621][gurobipy][INFO] - Set parameter OutputFlag to value 1
[2026-05-03 15:45:13,622][gurobipy][INFO] - Set parameter MIPGap to value 0
[2026-05-03 15:45:13,622][gurobipy][INFO] - Set parameter TimeLimit to value 300
[2026-05-03 16:01:58,676][gurobipy][INFO] - Gurobi Optimizer version 13.0.1 build v13.0.1rc0 (linux64 - "Ubuntu 22.04.5 LTS")
[2026-05-03 16:01:58,677][gurobipy][INFO] - 
[2026-05-03 16:01:58,677][gurobipy][INFO] - CPU model: Intel(R) Xeon(R) Platinum 8358 CPU @ 2.60GHz, instruction set [SSE2|AVX|AVX2|AVX512]
[2026-05-03 16:01:58,677][gurobipy][INFO] - Thread count: 64 physical cores, 128 logical processors, using up to 32 threads
[2026-05-03 16:01:58,677][gurobipy][INFO] - 
[2026-05-03 16:01:58,677][gurobipy][INFO] - Non-default parameters:
[2026-05-03 16:01:58,677][gurobipy][INFO] - TimeLimit  300
[2026-05-03 16:01:58,677][gurobipy][INFO] - MIPGap  0
[2026-05-03 16:01:58,677][gurobipy][INFO] - 
[2026-05-03 16:01:58,933][gurobipy][INFO] - Academic license 2619742 - for non-commercial use only - registered to it___@mail.huji.ac.il
[2026-05-03 16:01:58,933][gurobipy][INFO] - Optimize a model with 24994461 rows, 3395604 columns and 49988922 nonzeros (Min)
[2026-05-03 16:01:59,471][gurobipy][INFO] - Model fingerprint: 0x36203cee
[2026-05-03 16:01:59,474][gurobipy][INFO] - Model has 3395604 linear objective coefficients and an objective constant of 1
[2026-05-03 16:01:59,476][gurobipy][INFO] - Variable types: 0 continuous, 3395604 integer (3395604 binary)
[2026-05-03 16:01:59,578][gurobipy][INFO] - Coefficient statistics:
[2026-05-03 16:01:59,578][gurobipy][INFO] -   Matrix range     [1e+00, 1e+00]
[2026-05-03 16:01:59,578][gurobipy][INFO] -   Objective range  [3e-07, 3e-07]
[2026-05-03 16:01:59,578][gurobipy][INFO] -   Bounds range     [1e+00, 1e+00]
[2026-05-03 16:01:59,578][gurobipy][INFO] -   RHS range        [1e+00, 1e+00]
[2026-05-03 16:01:59,578][gurobipy][INFO] - 
[2026-05-03 16:02:00,516][gurobipy][INFO] - Found heuristic solution: objective 0.2465458
[2026-05-03 16:02:08,953][gurobipy][INFO] - Presolve removed 0 rows and 297516 columns (presolve time = 5s)...
[2026-05-03 16:02:13,742][gurobipy][INFO] - Presolve removed 0 rows and 297516 columns (presolve time = 10s)...
[2026-05-03 16:02:19,347][gurobipy][INFO] - Presolve removed 158112 rows and 455628 columns (presolve time = 16s)...
[2026-05-03 16:02:23,559][gurobipy][INFO] - Presolve removed 158112 rows and 455630 columns (presolve time = 20s)...
[2026-05-03 16:02:28,557][gurobipy][INFO] - Presolve removed 158112 rows and 455630 columns (presolve time = 25s)...
[2026-05-03 16:02:34,216][gurobipy][INFO] - Presolve removed 158122 rows and 455640 columns (presolve time = 31s)...
[2026-05-03 16:02:38,559][gurobipy][INFO] - Presolve removed 158122 rows and 484754 columns (presolve time = 35s)...
[2026-05-03 16:02:43,554][gurobipy][INFO] - Presolve removed 158122 rows and 484754 columns (presolve time = 40s)...
[2026-05-03 16:02:48,555][gurobipy][INFO] - Presolve removed 158122 rows and 484754 columns (presolve time = 45s)...
[2026-05-03 16:02:53,562][gurobipy][INFO] - Presolve removed 158122 rows and 484754 columns (presolve time = 50s)...
[2026-05-03 16:02:58,561][gurobipy][INFO] - Presolve removed 158122 rows and 484754 columns (presolve time = 55s)...
[2026-05-03 16:03:03,561][gurobipy][INFO] - Presolve removed 158122 rows and 484754 columns (presolve time = 60s)...
[2026-05-03 16:03:08,704][gurobipy][INFO] - Presolve removed 158887 rows and 484754 columns (presolve time = 65s)...
[2026-05-03 16:03:13,696][gurobipy][INFO] - Presolve removed 158887 rows and 484754 columns (presolve time = 70s)...
[2026-05-03 16:03:18,671][gurobipy][INFO] - Presolve removed 158887 rows and 484754 columns (presolve time = 75s)...
[2026-05-03 16:03:23,876][gurobipy][INFO] - Presolve removed 158887 rows and 484754 columns (presolve time = 80s)...
[2026-05-03 16:03:28,784][gurobipy][INFO] - Presolve removed 158887 rows and 484754 columns (presolve time = 85s)...
[2026-05-03 16:03:33,551][gurobipy][INFO] - Presolve removed 158887 rows and 484754 columns (presolve time = 90s)...
[2026-05-03 16:03:38,618][gurobipy][INFO] - Presolve removed 1259840 rows and 490011 columns (presolve time = 95s)...
[2026-05-03 16:03:44,746][gurobipy][INFO] - Presolve removed 1259840 rows and 490011 columns (presolve time = 101s)...
[2026-05-03 16:03:49,187][gurobipy][INFO] - Presolve removed 1259840 rows and 490011 columns (presolve time = 106s)...
[2026-05-03 16:03:53,637][gurobipy][INFO] - Presolve removed 1259840 rows and 490011 columns (presolve time = 110s)...
[2026-05-03 16:03:58,663][gurobipy][INFO] - Presolve removed 1259840 rows and 490011 columns (presolve time = 115s)...
[2026-05-03 16:04:03,851][gurobipy][INFO] - Presolve removed 1259840 rows and 490011 columns (presolve time = 120s)...
[2026-05-03 16:04:08,736][gurobipy][INFO] - Presolve removed 1259840 rows and 490011 columns (presolve time = 125s)...
[2026-05-03 16:04:13,654][gurobipy][INFO] - Presolve removed 1259840 rows and 490011 columns (presolve time = 130s)...
[2026-05-03 16:04:18,551][gurobipy][INFO] - Presolve removed 1259840 rows and 490011 columns (presolve time = 135s)...
[2026-05-03 16:04:24,258][gurobipy][INFO] - Presolve removed 1259840 rows and 490011 columns (presolve time = 141s)...
[2026-05-03 16:04:29,118][gurobipy][INFO] - Presolve removed 21180461 rows and 3335814 columns (presolve time = 146s)...
[2026-05-03 16:04:29,119][gurobipy][INFO] - Presolve removed 21180461 rows and 3335814 columns
[2026-05-03 16:04:29,119][gurobipy][INFO] - Presolve time: 145.57s
[2026-05-03 16:04:29,347][gurobipy][INFO] - Presolved: 3814000 rows, 59790 columns, 7628239 nonzeros
[2026-05-03 16:04:31,402][gurobipy][INFO] - Found heuristic solution: objective 0.0935398
[2026-05-03 16:04:31,413][gurobipy][INFO] - Variable types: 0 continuous, 59790 integer (59790 binary)
[2026-05-03 16:04:32,815][gurobipy][INFO] - Performing another presolve...
[2026-05-03 16:04:33,427][gurobipy][INFO] - Presolve removed 3814000 rows and 59790 columns
[2026-05-03 16:04:33,427][gurobipy][INFO] - Presolve time: 0.61s
[2026-05-03 16:04:35,093][gurobipy][INFO] - 
[2026-05-03 16:04:35,094][gurobipy][INFO] - Explored 1 nodes (0 simplex iterations) in 156.42 seconds (294.32 work units)
[2026-05-03 16:04:35,094][gurobipy][INFO] - Thread count was 32 (of 128 available processors)
[2026-05-03 16:04:35,094][gurobipy][INFO] - 
[2026-05-03 16:04:35,094][gurobipy][INFO] - Solution count 2: 0.0935398 0.246546 
[2026-05-03 16:04:35,094][gurobipy][INFO] - 
[2026-05-03 16:04:35,094][gurobipy][INFO] - Optimal solution found (tolerance 0.00e+00)
[2026-05-03 16:04:35,343][gurobipy][INFO] - Best objective 9.353976495088e-02, best bound 9.353976490339e-02, gap 0.0000%
