[2026-04-30 14:50:57,511][gurobipy][INFO] - Set parameter WLSAccessID
[2026-04-30 14:50:57,511][gurobipy][INFO] - Set parameter WLSSecret
[2026-04-30 14:50:57,512][gurobipy][INFO] - Set parameter LicenseID to value 2619742
[2026-04-30 14:50:57,562][gurobipy][INFO] - Academic license 2619742 - for non-commercial use only - registered to it___@mail.huji.ac.il
[2026-04-30 14:50:57,564][gurobipy][INFO] - Set parameter OutputFlag to value 1
[2026-04-30 14:50:57,564][gurobipy][INFO] - Set parameter MIPGap to value 0
[2026-04-30 14:50:57,564][gurobipy][INFO] - Set parameter TimeLimit to value 300
[2026-04-30 14:51:22,986][gurobipy][INFO] - Set parameter NonConvex to value 2
[2026-04-30 14:51:23,333][gurobipy][INFO] - Gurobi Optimizer version 13.0.1 build v13.0.1rc0 (linux64 - "Ubuntu 22.04.5 LTS")
[2026-04-30 14:51:23,333][gurobipy][INFO] - 
[2026-04-30 14:51:23,333][gurobipy][INFO] - CPU model: Intel(R) Xeon(R) Platinum 8358 CPU @ 2.60GHz, instruction set [SSE2|AVX|AVX2|AVX512]
[2026-04-30 14:51:23,333][gurobipy][INFO] - Thread count: 64 physical cores, 128 logical processors, using up to 32 threads
[2026-04-30 14:51:23,333][gurobipy][INFO] - 
[2026-04-30 14:51:23,333][gurobipy][INFO] - Non-default parameters:
[2026-04-30 14:51:23,333][gurobipy][INFO] - TimeLimit  300
[2026-04-30 14:51:23,333][gurobipy][INFO] - MIPGap  0
[2026-04-30 14:51:23,333][gurobipy][INFO] - NonConvex  2
[2026-04-30 14:51:23,333][gurobipy][INFO] - 
[2026-04-30 14:51:23,334][gurobipy][INFO] - Academic license 2619742 - for non-commercial use only - registered to it___@mail.huji.ac.il
[2026-04-30 14:51:23,334][gurobipy][INFO] - Optimize a model with 579911 rows, 5020 columns and 1159822 nonzeros (Min)
[2026-04-30 14:51:23,348][gurobipy][INFO] - Model fingerprint: 0x350e9805
[2026-04-30 14:51:23,348][gurobipy][INFO] - Model has 5020 linear objective coefficients and an objective constant of 0.5
[2026-04-30 14:51:23,348][gurobipy][INFO] - Model has 40 quadratic constraints
[2026-04-30 14:51:23,348][gurobipy][INFO] - Variable types: 20 continuous, 5000 integer (5000 binary)
[2026-04-30 14:51:23,350][gurobipy][INFO] - Coefficient statistics:
[2026-04-30 14:51:23,350][gurobipy][INFO] -   Matrix range     [1e+00, 1e+00]
[2026-04-30 14:51:23,350][gurobipy][INFO] -   QMatrix range    [1e+00, 1e+00]
[2026-04-30 14:51:23,350][gurobipy][INFO] -   QLMatrix range   [1e-04, 1e+00]
[2026-04-30 14:51:23,350][gurobipy][INFO] -   Objective range  [1e-04, 3e-02]
[2026-04-30 14:51:23,350][gurobipy][INFO] -   Bounds range     [1e+00, 1e+00]
[2026-04-30 14:51:23,350][gurobipy][INFO] -   RHS range        [1e+00, 1e+00]
[2026-04-30 14:51:23,351][gurobipy][INFO] - 
[2026-04-30 14:51:23,364][gurobipy][INFO] - Found heuristic solution: objective 0.5000000
[2026-04-30 14:51:28,445][gurobipy][INFO] - Presolve removed 268904 rows and 0 columns (presolve time = 5s)...
[2026-04-30 14:51:33,431][gurobipy][INFO] - Presolve removed 270659 rows and 0 columns (presolve time = 10s)...
[2026-04-30 14:51:38,460][gurobipy][INFO] - Presolve removed 270785 rows and 0 columns (presolve time = 15s)...
[2026-04-30 14:51:43,489][gurobipy][INFO] - Presolve removed 270785 rows and 0 columns (presolve time = 20s)...
[2026-04-30 14:51:48,472][gurobipy][INFO] - Presolve removed 270785 rows and 0 columns (presolve time = 25s)...
[2026-04-30 14:51:53,482][gurobipy][INFO] - Presolve removed 270785 rows and 0 columns (presolve time = 30s)...
[2026-04-30 14:51:58,516][gurobipy][INFO] - Presolve removed 270785 rows and 0 columns (presolve time = 35s)...
[2026-04-30 14:52:03,475][gurobipy][INFO] - Presolve removed 270786 rows and 0 columns (presolve time = 40s)...
[2026-04-30 14:52:08,476][gurobipy][INFO] - Presolve removed 270786 rows and 0 columns (presolve time = 45s)...
[2026-04-30 14:52:13,505][gurobipy][INFO] - Presolve removed 270786 rows and 0 columns (presolve time = 50s)...
[2026-04-30 14:52:15,156][gurobipy][INFO] - Presolve added 0 rows and 18 columns
[2026-04-30 14:52:15,156][gurobipy][INFO] - Presolve removed 270750 rows and 0 columns
[2026-04-30 14:52:15,156][gurobipy][INFO] - Presolve time: 51.73s
[2026-04-30 14:52:15,160][gurobipy][INFO] - Presolved: 509181 rows, 305038 columns, 1655694 nonzeros
[2026-04-30 14:52:15,160][gurobipy][INFO] - Presolved model has 200000 SOS constraint(s)
[2026-04-30 14:52:16,788][gurobipy][INFO] - Variable types: 200038 continuous, 105000 integer (105000 binary)
[2026-04-30 14:56:20,675][gurobipy][INFO] - 
[2026-04-30 14:56:20,676][gurobipy][INFO] - Deterministic concurrent LP optimizer: primal simplex, dual simplex, and barrier
[2026-04-30 14:56:20,676][gurobipy][INFO] - Showing barrier log only...
[2026-04-30 14:56:20,676][gurobipy][INFO] - 
[2026-04-30 14:56:23,414][gurobipy][INFO] - 
[2026-04-30 14:56:23,428][gurobipy][INFO] - 
[2026-04-30 14:56:23,428][gurobipy][INFO] - Root relaxation: time limit, 0 iterations, 2.75 seconds (1.25 work units)
[2026-04-30 14:56:23,453][gurobipy][INFO] - 
[2026-04-30 14:56:23,454][gurobipy][INFO] - Explored 1 nodes (0 simplex iterations) in 300.12 seconds (231.41 work units)
[2026-04-30 14:56:23,454][gurobipy][INFO] - Thread count was 32 (of 128 available processors)
[2026-04-30 14:56:23,454][gurobipy][INFO] - 
[2026-04-30 14:56:23,454][gurobipy][INFO] - Solution count 1: 0.5 
[2026-04-30 14:56:23,454][gurobipy][INFO] - 
[2026-04-30 14:56:23,454][gurobipy][INFO] - Time limit reached
[2026-04-30 14:56:23,462][gurobipy][INFO] - Best objective 5.000000000000e-01, best bound 3.875049695186e-14, gap 100.0000%
