[2026-04-30 14:48:17,751][gurobipy][INFO] - Set parameter WLSAccessID
[2026-04-30 14:48:17,751][gurobipy][INFO] - Set parameter WLSSecret
[2026-04-30 14:48:17,751][gurobipy][INFO] - Set parameter LicenseID to value 2619742
[2026-04-30 14:48:17,822][gurobipy][INFO] - Academic license 2619742 - for non-commercial use only - registered to it___@mail.huji.ac.il
[2026-04-30 14:48:17,824][gurobipy][INFO] - Set parameter OutputFlag to value 1
[2026-04-30 14:48:17,824][gurobipy][INFO] - Set parameter MIPGap to value 0
[2026-04-30 14:48:17,824][gurobipy][INFO] - Set parameter TimeLimit to value 300
[2026-04-30 14:48:27,328][gurobipy][INFO] - Set parameter NonConvex to value 2
[2026-04-30 14:48:27,580][gurobipy][INFO] - Gurobi Optimizer version 13.0.1 build v13.0.1rc0 (linux64 - "Ubuntu 22.04.5 LTS")
[2026-04-30 14:48:27,580][gurobipy][INFO] - 
[2026-04-30 14:48:27,580][gurobipy][INFO] - CPU model: Intel(R) Xeon(R) Platinum 8358 CPU @ 2.60GHz, instruction set [SSE2|AVX|AVX2|AVX512]
[2026-04-30 14:48:27,581][gurobipy][INFO] - Thread count: 64 physical cores, 128 logical processors, using up to 32 threads
[2026-04-30 14:48:27,581][gurobipy][INFO] - 
[2026-04-30 14:48:27,581][gurobipy][INFO] - Non-default parameters:
[2026-04-30 14:48:27,581][gurobipy][INFO] - TimeLimit  300
[2026-04-30 14:48:27,581][gurobipy][INFO] - MIPGap  0
[2026-04-30 14:48:27,581][gurobipy][INFO] - NonConvex  2
[2026-04-30 14:48:27,581][gurobipy][INFO] - 
[2026-04-30 14:48:27,581][gurobipy][INFO] - Academic license 2619742 - for non-commercial use only - registered to it___@mail.huji.ac.il
[2026-04-30 14:48:27,581][gurobipy][INFO] - Optimize a model with 197149 rows, 5020 columns and 394298 nonzeros (Min)
[2026-04-30 14:48:27,588][gurobipy][INFO] - Model fingerprint: 0x3b4f7f59
[2026-04-30 14:48:27,588][gurobipy][INFO] - Model has 5020 linear objective coefficients and an objective constant of 0.5
[2026-04-30 14:48:27,588][gurobipy][INFO] - Model has 40 quadratic constraints
[2026-04-30 14:48:27,588][gurobipy][INFO] - Variable types: 20 continuous, 5000 integer (5000 binary)
[2026-04-30 14:48:27,589][gurobipy][INFO] - Coefficient statistics:
[2026-04-30 14:48:27,589][gurobipy][INFO] -   Matrix range     [1e+00, 1e+00]
[2026-04-30 14:48:27,589][gurobipy][INFO] -   QMatrix range    [1e+00, 1e+00]
[2026-04-30 14:48:27,589][gurobipy][INFO] -   QLMatrix range   [9e-05, 1e+00]
[2026-04-30 14:48:27,589][gurobipy][INFO] -   Objective range  [1e-04, 3e-02]
[2026-04-30 14:48:27,589][gurobipy][INFO] -   Bounds range     [1e+00, 1e+00]
[2026-04-30 14:48:27,589][gurobipy][INFO] -   RHS range        [1e+00, 1e+00]
[2026-04-30 14:48:27,589][gurobipy][INFO] - 
[2026-04-30 14:48:27,593][gurobipy][INFO] - Found heuristic solution: objective 0.5000000
[2026-04-30 14:48:32,653][gurobipy][INFO] - Presolve removed 87516 rows and 0 columns (presolve time = 5s)...
[2026-04-30 14:48:37,653][gurobipy][INFO] - Presolve removed 87516 rows and 0 columns (presolve time = 10s)...
[2026-04-30 14:48:41,763][gurobipy][INFO] - Presolve added 0 rows and 16 columns
[2026-04-30 14:48:41,763][gurobipy][INFO] - Presolve removed 87484 rows and 0 columns
[2026-04-30 14:48:41,763][gurobipy][INFO] - Presolve time: 14.15s
[2026-04-30 14:48:41,764][gurobipy][INFO] - Presolved: 309685 rows, 305036 columns, 1067031 nonzeros
[2026-04-30 14:48:41,764][gurobipy][INFO] - Presolved model has 200000 SOS constraint(s)
[2026-04-30 14:48:42,934][gurobipy][INFO] - Variable types: 200036 continuous, 105000 integer (105000 binary)
[2026-04-30 14:50:44,575][gurobipy][INFO] - 
[2026-04-30 14:50:44,576][gurobipy][INFO] - Deterministic concurrent LP optimizer: primal simplex, dual simplex, and barrier
[2026-04-30 14:50:44,576][gurobipy][INFO] - Showing barrier log only...
[2026-04-30 14:50:44,576][gurobipy][INFO] - 
[2026-04-30 14:50:47,916][gurobipy][INFO] - Root barrier log...
[2026-04-30 14:50:47,916][gurobipy][INFO] - 
[2026-04-30 14:50:53,438][gurobipy][INFO] - Elapsed ordering time = 5s
[2026-04-30 14:50:54,076][gurobipy][INFO] - Ordering time: 5.64s
[2026-04-30 14:50:54,359][gurobipy][INFO] - 
[2026-04-30 14:50:54,359][gurobipy][INFO] - Barrier statistics:
[2026-04-30 14:50:54,359][gurobipy][INFO] -  Dense cols : 118
[2026-04-30 14:50:54,359][gurobipy][INFO] -  AA' NZ     : 4.425e+06
[2026-04-30 14:50:54,359][gurobipy][INFO] -  Factor NZ  : 8.360e+06 (roughly 130 MB of memory)
[2026-04-30 14:50:54,359][gurobipy][INFO] -  Factor Ops : 1.023e+09 (less than 1 second per iteration)
[2026-04-30 14:50:54,359][gurobipy][INFO] -  Threads    : 30
[2026-04-30 14:50:55,141][gurobipy][INFO] - 
[2026-04-30 14:50:55,141][gurobipy][INFO] -                   Objective                Residual
[2026-04-30 14:50:55,141][gurobipy][INFO] - Iter       Primal          Dual         Primal    Dual     Compl     Time
[2026-04-30 14:50:55,286][gurobipy][INFO] -    0   1.13808940e+02 -2.63523071e+04  1.26e+04 2.71e-04  2.22e+00   148s
[2026-04-30 14:50:56,237][gurobipy][INFO] -    1   1.15724340e+01 -1.69934524e+04  2.05e+03 3.94e-02  5.25e-01   149s
[2026-04-30 14:50:57,351][gurobipy][INFO] -    2   9.28946134e+00 -1.00016815e+04  1.44e+03 8.75e-03  2.61e-01   150s
[2026-04-30 14:50:58,612][gurobipy][INFO] -    3   6.30714646e+00 -5.63129238e+03  6.43e+02 4.92e-04  9.24e-02   151s
[2026-04-30 14:50:59,721][gurobipy][INFO] -    4   4.04723123e+00 -2.18524189e+03  3.90e+01 2.90e-13  1.43e-02   152s
[2026-04-30 14:51:00,451][gurobipy][INFO] -    5   3.85321286e+00 -9.09442759e+01  1.22e-10 1.68e-13  5.39e-04   153s
[2026-04-30 14:51:01,197][gurobipy][INFO] -    6   3.12416087e+00 -4.79575069e+00  7.82e-11 3.94e-14  4.50e-05   154s
[2026-04-30 14:51:02,001][gurobipy][INFO] -    7   2.14334896e+00 -1.27584807e+00  6.37e-11 1.15e-14  1.94e-05   154s
[2026-04-30 14:51:03,012][gurobipy][INFO] -    8   4.53654456e-01 -1.20385107e-01  7.09e-11 1.53e-15  3.26e-06   155s
[2026-04-30 14:51:03,799][gurobipy][INFO] -    9   6.02979102e-02 -1.90753430e-02  5.46e-11 1.39e-15  4.51e-07   156s
[2026-04-30 14:51:04,772][gurobipy][INFO] -   10   1.25032050e-02  9.07146571e-03  6.00e-11 1.69e-15  1.95e-08   157s
[2026-04-30 14:51:06,096][gurobipy][INFO] -   11   1.21347649e-02  9.89046093e-03  4.91e-11 1.80e-15  1.28e-08   159s
[2026-04-30 14:51:07,043][gurobipy][INFO] -   12   1.19494475e-02  9.89796688e-03  4.91e-11 1.53e-15  1.17e-08   159s
[2026-04-30 14:51:07,895][gurobipy][INFO] -   13   1.15451436e-02  9.92082627e-03  4.91e-11 8.33e-16  9.23e-09   160s
[2026-04-30 14:51:08,551][gurobipy][INFO] -   14   1.14318137e-02  9.93683315e-03  4.37e-11 4.72e-16  8.49e-09   161s
[2026-04-30 14:51:09,611][gurobipy][INFO] -   15   1.11212654e-02  9.96874956e-03  2.91e-11 1.08e-15  6.55e-09   162s
[2026-04-30 14:51:10,610][gurobipy][INFO] -   16   1.08007181e-02  1.00245549e-02  4.18e-11 8.33e-16  4.41e-09   163s
[2026-04-30 14:51:11,293][gurobipy][INFO] -   17   1.06664393e-02  1.00491581e-02  3.46e-11 1.17e-15  3.51e-09   164s
[2026-04-30 14:51:12,011][gurobipy][INFO] -   18   1.06102270e-02  1.00716664e-02  3.64e-11 5.83e-16  3.06e-09   164s
[2026-04-30 14:51:12,804][gurobipy][INFO] -   19   1.04760864e-02  1.00892931e-02  3.82e-11 3.89e-16  2.20e-09   165s
[2026-04-30 14:51:13,787][gurobipy][INFO] -   20   1.03928273e-02  1.01002213e-02  5.64e-11 4.72e-16  1.66e-09   166s
[2026-04-30 14:51:15,289][gurobipy][INFO] -   21   1.02977160e-02  1.01246475e-02  6.37e-11 1.83e-15  9.83e-10   168s
[2026-04-30 14:51:16,412][gurobipy][INFO] -   22   1.02662597e-02  1.01337872e-02  3.09e-11 1.25e-15  7.53e-10   169s
[2026-04-30 14:51:17,193][gurobipy][INFO] -   23   1.02169059e-02  1.01389589e-02  7.76e-11 6.38e-16  4.43e-10   170s
[2026-04-30 14:51:18,003][gurobipy][INFO] -   24   1.01696889e-02  1.01417307e-02  4.73e-10 6.11e-16  1.59e-10   170s
[2026-04-30 14:51:19,042][gurobipy][INFO] -   25   1.01609419e-02  1.01427720e-02  3.01e-10 3.13e-16  1.03e-10   171s
[2026-04-30 14:51:20,496][gurobipy][INFO] -   26   1.01554896e-02  1.01436480e-02  1.94e-10 2.50e-16  6.73e-11   173s
[2026-04-30 14:51:21,638][gurobipy][INFO] -   27   1.01532178e-02  1.01439024e-02  1.46e-10 2.78e-16  5.29e-11   174s
[2026-04-30 14:51:23,209][gurobipy][INFO] -   28   1.01510128e-02  1.01441274e-02  1.01e-10 3.33e-16  3.91e-11   176s
[2026-04-30 14:51:24,777][gurobipy][INFO] -   29   1.01498733e-02  1.01444817e-02  8.01e-11 3.61e-16  3.06e-11   177s
[2026-04-30 14:51:26,271][gurobipy][INFO] -   30   1.01494760e-02  1.01445686e-02  8.86e-11 2.47e-16  2.79e-11   179s
[2026-04-30 14:51:27,888][gurobipy][INFO] -   31   1.01489512e-02  1.01445885e-02  7.72e-11 3.05e-16  2.48e-11   180s
[2026-04-30 14:51:29,309][gurobipy][INFO] -   32   1.01483528e-02  1.01446414e-02  5.96e-11 1.94e-16  2.11e-11   182s
[2026-04-30 14:51:30,855][gurobipy][INFO] -   33   1.01477193e-02  1.01447102e-02  7.83e-11 2.22e-16  1.71e-11   183s
[2026-04-30 14:51:32,235][gurobipy][INFO] -   34   1.01470240e-02  1.01447431e-02  4.37e-11 3.40e-16  1.30e-11   185s
[2026-04-30 14:51:33,753][gurobipy][INFO] -   35   1.01466463e-02  1.01447733e-02  7.70e-11 3.37e-16  1.06e-11   186s
[2026-04-30 14:51:35,194][gurobipy][INFO] -   36   1.01463555e-02  1.01449139e-02  6.04e-11 1.94e-16  8.19e-12   188s
[2026-04-30 14:51:36,624][gurobipy][INFO] -   37   1.01462044e-02  1.01449744e-02  8.72e-11 3.89e-16  6.99e-12   189s
[2026-04-30 14:51:38,072][gurobipy][INFO] -   38   1.01460451e-02  1.01449932e-02  7.25e-11 1.67e-16  5.98e-12   190s
[2026-04-30 14:51:39,318][gurobipy][INFO] -   39   1.01458423e-02  1.01450119e-02  7.09e-11 2.17e-16  4.72e-12   192s
[2026-04-30 14:51:40,795][gurobipy][INFO] -   40   1.01457974e-02  1.01450223e-02  6.12e-11 1.67e-16  4.40e-12   193s
[2026-04-30 14:51:42,306][gurobipy][INFO] -   41   1.01457819e-02  1.01450364e-02  6.55e-11 1.45e-16  4.24e-12   195s
[2026-04-30 14:51:43,790][gurobipy][INFO] -   42   1.01456906e-02  1.01450958e-02  4.78e-11 2.78e-16  3.38e-12   196s
[2026-04-30 14:51:45,709][gurobipy][INFO] -   43   1.01456463e-02  1.01451098e-02  5.88e-11 3.05e-16  3.05e-12   198s
[2026-04-30 14:51:47,410][gurobipy][INFO] -   44   1.01456166e-02  1.01451168e-02  5.82e-11 2.50e-16  2.84e-12   200s
[2026-04-30 14:51:48,919][gurobipy][INFO] -   45   1.01455848e-02  1.01451470e-02  4.39e-11 2.22e-16  2.49e-12   201s
[2026-04-30 14:51:50,754][gurobipy][INFO] -   46   1.01455596e-02  1.01451511e-02  1.70e-10 1.94e-16  2.32e-12   203s
[2026-04-30 14:51:52,405][gurobipy][INFO] -   47   1.01455005e-02  1.01451758e-02  1.82e-10 1.94e-16  1.84e-12   205s
[2026-04-30 14:51:54,051][gurobipy][INFO] -   48   1.01454623e-02  1.01452095e-02  1.56e-10 2.74e-16  1.44e-12   206s
[2026-04-30 14:51:55,378][gurobipy][INFO] -   49   1.01454339e-02  1.01452354e-02  1.33e-10 3.33e-16  1.13e-12   208s
[2026-04-30 14:51:56,868][gurobipy][INFO] -   50   1.01454250e-02  1.01452406e-02  1.49e-10 1.75e-16  1.05e-12   209s
[2026-04-30 14:51:58,571][gurobipy][INFO] -   51   1.01453640e-02  1.01452431e-02  2.31e-10 1.11e-16  6.87e-13   211s
[2026-04-30 14:51:59,961][gurobipy][INFO] -   52   1.01452743e-02  1.01452639e-02  1.98e-10 3.61e-16  5.91e-14   212s
[2026-04-30 14:52:01,010][gurobipy][INFO] -   53   1.01452674e-02  1.01452674e-02  3.24e-10 5.27e-16  5.91e-17   213s
[2026-04-30 14:52:01,098][gurobipy][INFO] - 
[2026-04-30 14:52:01,098][gurobipy][INFO] - Barrier solved model in 53 iterations and 213.49 seconds (105.30 work units)
[2026-04-30 14:52:01,098][gurobipy][INFO] - Optimal objective 1.01452674e-02
[2026-04-30 14:52:01,098][gurobipy][INFO] - 
[2026-04-30 14:52:01,515][gurobipy][INFO] - 
[2026-04-30 14:52:01,515][gurobipy][INFO] - Root crossover log...
[2026-04-30 14:52:01,515][gurobipy][INFO] - 
[2026-04-30 14:52:01,969][gurobipy][INFO] -    53038 DPushes remaining with DInf 0.0000000e+00               214s
[2026-04-30 14:52:02,689][gurobipy][INFO] -    38426 DPushes remaining with DInf 0.0000000e+00               215s
[2026-04-30 14:52:07,618][gurobipy][INFO] -    14772 DPushes remaining with DInf 0.0000000e+00               220s
[2026-04-30 14:52:09,598][gurobipy][INFO] -        0 DPushes remaining with DInf 0.0000000e+00               222s
[2026-04-30 14:52:09,622][gurobipy][INFO] - 
[2026-04-30 14:52:09,622][gurobipy][INFO] -        0 PPushes remaining with PInf 0.0000000e+00               222s
[2026-04-30 14:52:09,634][gurobipy][INFO] - 
[2026-04-30 14:52:09,635][gurobipy][INFO] -   Push phase complete: Pinf 0.0000000e+00, Dinf 4.7651141e-14    222s
[2026-04-30 14:52:09,635][gurobipy][INFO] - 
[2026-04-30 14:52:09,733][gurobipy][INFO] - 
[2026-04-30 14:52:09,733][gurobipy][INFO] - Root simplex log...
[2026-04-30 14:52:09,733][gurobipy][INFO] - 
[2026-04-30 14:52:09,733][gurobipy][INFO] - Iteration    Objective       Primal Inf.    Dual Inf.      Time
[2026-04-30 14:52:09,733][gurobipy][INFO] -    30814    1.0145267e-02   0.000000e+00   0.000000e+00    222s
[2026-04-30 14:52:09,733][gurobipy][INFO] - Crossover time: 8.55 seconds (4.09 work units)
[2026-04-30 14:52:09,876][gurobipy][INFO] -    30814    1.0145267e-02   0.000000e+00   0.000000e+00    222s
[2026-04-30 14:52:10,423][gurobipy][INFO] - 
[2026-04-30 14:52:10,423][gurobipy][INFO] - Use crossover to convert LP symmetric solution to basic solution...
[2026-04-30 14:52:10,600][gurobipy][INFO] - 
[2026-04-30 14:52:10,600][gurobipy][INFO] - Root crossover log...
[2026-04-30 14:52:10,600][gurobipy][INFO] - 
[2026-04-30 14:52:21,479][gurobipy][INFO] -   298578 variables added to crossover basis                      234s
[2026-04-30 14:52:22,742][gurobipy][INFO] -   298968 variables added to crossover basis                      235s
[2026-04-30 14:52:27,815][gurobipy][INFO] -   299448 variables added to crossover basis                      240s
[2026-04-30 14:52:32,651][gurobipy][INFO] -   299748 variables added to crossover basis                      245s
[2026-04-30 14:52:38,134][gurobipy][INFO] -   300018 variables added to crossover basis                      251s
[2026-04-30 14:52:42,943][gurobipy][INFO] -   300228 variables added to crossover basis                      255s
[2026-04-30 14:52:48,335][gurobipy][INFO] -   300438 variables added to crossover basis                      261s
[2026-04-30 14:52:53,352][gurobipy][INFO] -   300618 variables added to crossover basis                      266s
[2026-04-30 14:52:57,897][gurobipy][INFO] -   300768 variables added to crossover basis                      270s
[2026-04-30 14:53:03,514][gurobipy][INFO] -   300948 variables added to crossover basis                      276s
[2026-04-30 14:53:08,395][gurobipy][INFO] -   301098 variables added to crossover basis                      281s
[2026-04-30 14:53:13,460][gurobipy][INFO] -   301248 variables added to crossover basis                      286s
[2026-04-30 14:53:17,664][gurobipy][INFO] -   301368 variables added to crossover basis                      290s
[2026-04-30 14:53:23,040][gurobipy][INFO] -   301518 variables added to crossover basis                      295s
[2026-04-30 14:53:28,441][gurobipy][INFO] - 
[2026-04-30 14:53:28,452][gurobipy][INFO] - 
[2026-04-30 14:53:28,452][gurobipy][INFO] - Root relaxation: time limit, 58070 iterations, 163.88 seconds (123.81 work units)
[2026-04-30 14:53:28,454][gurobipy][INFO] - 
[2026-04-30 14:53:28,454][gurobipy][INFO] -     Nodes    |    Current Node    |     Objective Bounds      |     Work
[2026-04-30 14:53:28,454][gurobipy][INFO] -  Expl Unexpl |  Obj  Depth IntInf | Incumbent    BestBd   Gap | It/Node Time
[2026-04-30 14:53:28,454][gurobipy][INFO] - 
[2026-04-30 14:53:28,454][gurobipy][INFO] -      0     0          -    0         0.50000    0.00000   100%     -  300s
[2026-04-30 14:53:28,463][gurobipy][INFO] - 
[2026-04-30 14:53:28,463][gurobipy][INFO] - Explored 1 nodes (58070 simplex iterations) in 300.88 seconds (214.00 work units)
[2026-04-30 14:53:28,463][gurobipy][INFO] - Thread count was 32 (of 128 available processors)
[2026-04-30 14:53:28,463][gurobipy][INFO] - 
[2026-04-30 14:53:28,463][gurobipy][INFO] - Solution count 1: 0.5 
[2026-04-30 14:53:28,463][gurobipy][INFO] - 
[2026-04-30 14:53:28,463][gurobipy][INFO] - Time limit reached
[2026-04-30 14:53:28,466][gurobipy][INFO] - Best objective 5.000000000000e-01, best bound 3.875049695186e-14, gap 100.0000%
