[2026-05-03 15:41:57,774][gurobipy][INFO] - Set parameter WLSAccessID
[2026-05-03 15:41:57,774][gurobipy][INFO] - Set parameter WLSSecret
[2026-05-03 15:41:57,774][gurobipy][INFO] - Set parameter LicenseID to value 2619742
[2026-05-03 15:41:58,002][gurobipy][INFO] - Academic license 2619742 - for non-commercial use only - registered to it___@mail.huji.ac.il
[2026-05-03 15:41:58,004][gurobipy][INFO] - Set parameter OutputFlag to value 1
[2026-05-03 15:41:58,005][gurobipy][INFO] - Set parameter MIPGap to value 0
[2026-05-03 15:41:58,005][gurobipy][INFO] - Set parameter TimeLimit to value 300
[2026-05-03 15:46:36,568][gurobipy][INFO] - Set parameter NonConvex to value 2
[2026-05-03 15:49:28,997][gurobipy][INFO] - Gurobi Optimizer version 13.0.1 build v13.0.1rc0 (linux64 - "Ubuntu 22.04.5 LTS")
[2026-05-03 15:49:28,998][gurobipy][INFO] - 
[2026-05-03 15:49:28,998][gurobipy][INFO] - CPU model: Intel(R) Xeon(R) Platinum 8358 CPU @ 2.60GHz, instruction set [SSE2|AVX|AVX2|AVX512]
[2026-05-03 15:49:28,998][gurobipy][INFO] - Thread count: 64 physical cores, 128 logical processors, using up to 32 threads
[2026-05-03 15:49:28,999][gurobipy][INFO] - 
[2026-05-03 15:49:28,999][gurobipy][INFO] - Non-default parameters:
[2026-05-03 15:49:28,999][gurobipy][INFO] - TimeLimit  300
[2026-05-03 15:49:28,999][gurobipy][INFO] - MIPGap  0
[2026-05-03 15:49:28,999][gurobipy][INFO] - NonConvex  2
[2026-05-03 15:49:28,999][gurobipy][INFO] - 
[2026-05-03 15:49:28,999][gurobipy][INFO] - Academic license 2619742 - for non-commercial use only - registered to it___@mail.huji.ac.il
[2026-05-03 15:49:28,999][gurobipy][INFO] - Optimize a model with 6542262 rows, 3395624 columns and 13084524 nonzeros (Min)
[2026-05-03 15:49:30,963][gurobipy][INFO] - Model fingerprint: 0xaf310b1d
[2026-05-03 15:49:30,966][gurobipy][INFO] - Model has 3395624 linear objective coefficients and an objective constant of 0.5
[2026-05-03 15:49:30,966][gurobipy][INFO] - Model has 40 quadratic constraints
[2026-05-03 15:49:30,969][gurobipy][INFO] - Variable types: 20 continuous, 3395604 integer (3395604 binary)
[2026-05-03 15:49:31,294][gurobipy][INFO] - Coefficient statistics:
[2026-05-03 15:49:31,294][gurobipy][INFO] -   Matrix range     [1e+00, 1e+00]
[2026-05-03 15:49:31,294][gurobipy][INFO] -   QMatrix range    [1e+00, 1e+00]
[2026-05-03 15:49:31,294][gurobipy][INFO] -   QLMatrix range   [4e-06, 1e+00]
[2026-05-03 15:49:31,294][gurobipy][INFO] -   Objective range  [1e-07, 3e-02]
[2026-05-03 15:49:31,294][gurobipy][INFO] -   Bounds range     [1e+00, 1e+00]
[2026-05-03 15:49:31,294][gurobipy][INFO] -   RHS range        [1e+00, 1e+00]
[2026-05-03 15:49:31,294][gurobipy][INFO] - 
[2026-05-03 15:49:32,578][gurobipy][INFO] - Found heuristic solution: objective 0.5000000
[2026-05-03 15:49:55,234][gurobipy][INFO] - Presolve removed 0 rows and 0 columns (presolve time = 15s)...
[2026-05-03 15:50:08,100][gurobipy][INFO] - Presolve removed 0 rows and 0 columns (presolve time = 28s)...
[2026-05-03 15:50:15,448][gurobipy][INFO] - Presolve removed 0 rows and 0 columns (presolve time = 35s)...
[2026-05-03 15:50:21,976][gurobipy][INFO] - Presolve removed 0 rows and 0 columns (presolve time = 42s)...
[2026-05-03 15:50:36,261][gurobipy][INFO] - Presolve removed 0 rows and 0 columns (presolve time = 56s)...
[2026-05-03 15:50:42,907][gurobipy][INFO] - Presolve removed 0 rows and 0 columns (presolve time = 63s)...
[2026-05-03 15:50:46,072][gurobipy][INFO] - Presolve removed 0 rows and 0 columns (presolve time = 66s)...
[2026-05-03 15:50:50,102][gurobipy][INFO] - Presolve removed 0 rows and 0 columns (presolve time = 70s)...
[2026-05-03 15:50:55,102][gurobipy][INFO] - Presolve removed 0 rows and 0 columns (presolve time = 75s)...
[2026-05-03 15:51:00,101][gurobipy][INFO] - Presolve removed 0 rows and 0 columns (presolve time = 80s)...
[2026-05-03 15:51:05,105][gurobipy][INFO] - Presolve removed 0 rows and 0 columns (presolve time = 85s)...
[2026-05-03 15:51:10,104][gurobipy][INFO] - Presolve removed 0 rows and 0 columns (presolve time = 90s)...
[2026-05-03 15:51:15,104][gurobipy][INFO] - Presolve removed 0 rows and 0 columns (presolve time = 95s)...
[2026-05-03 15:51:20,102][gurobipy][INFO] - Presolve removed 0 rows and 0 columns (presolve time = 100s)...
[2026-05-03 15:51:25,102][gurobipy][INFO] - Presolve removed 0 rows and 0 columns (presolve time = 105s)...
[2026-05-03 15:51:30,105][gurobipy][INFO] - Presolve removed 0 rows and 0 columns (presolve time = 110s)...
[2026-05-03 15:51:35,105][gurobipy][INFO] - Presolve removed 0 rows and 0 columns (presolve time = 115s)...
[2026-05-03 15:51:40,105][gurobipy][INFO] - Presolve removed 0 rows and 0 columns (presolve time = 120s)...
[2026-05-03 15:51:45,101][gurobipy][INFO] - Presolve removed 0 rows and 0 columns (presolve time = 125s)...
[2026-05-03 15:51:50,104][gurobipy][INFO] - Presolve removed 0 rows and 0 columns (presolve time = 130s)...
[2026-05-03 15:51:55,102][gurobipy][INFO] - Presolve removed 0 rows and 0 columns (presolve time = 135s)...
[2026-05-03 15:52:00,102][gurobipy][INFO] - Presolve removed 0 rows and 0 columns (presolve time = 140s)...
[2026-05-03 15:52:05,104][gurobipy][INFO] - Presolve removed 0 rows and 0 columns (presolve time = 145s)...
[2026-05-03 15:52:10,101][gurobipy][INFO] - Presolve removed 0 rows and 0 columns (presolve time = 150s)...
[2026-05-03 15:52:15,105][gurobipy][INFO] - Presolve removed 0 rows and 0 columns (presolve time = 155s)...
[2026-05-03 15:52:20,104][gurobipy][INFO] - Presolve removed 0 rows and 0 columns (presolve time = 160s)...
[2026-05-03 15:52:25,104][gurobipy][INFO] - Presolve removed 0 rows and 0 columns (presolve time = 165s)...
[2026-05-03 15:52:30,105][gurobipy][INFO] - Presolve removed 0 rows and 0 columns (presolve time = 170s)...
[2026-05-03 15:52:35,105][gurobipy][INFO] - Presolve removed 0 rows and 0 columns (presolve time = 175s)...
[2026-05-03 15:52:40,102][gurobipy][INFO] - Presolve removed 0 rows and 0 columns (presolve time = 180s)...
[2026-05-03 15:52:45,105][gurobipy][INFO] - Presolve removed 0 rows and 0 columns (presolve time = 185s)...
[2026-05-03 15:52:50,104][gurobipy][INFO] - Presolve removed 0 rows and 0 columns (presolve time = 190s)...
[2026-05-03 15:52:55,105][gurobipy][INFO] - Presolve removed 0 rows and 0 columns (presolve time = 195s)...
[2026-05-03 15:53:00,105][gurobipy][INFO] - Presolve removed 0 rows and 0 columns (presolve time = 200s)...
[2026-05-03 15:53:05,102][gurobipy][INFO] - Presolve removed 0 rows and 0 columns (presolve time = 205s)...
[2026-05-03 15:53:10,102][gurobipy][INFO] - Presolve removed 0 rows and 0 columns (presolve time = 210s)...
[2026-05-03 15:53:15,105][gurobipy][INFO] - Presolve removed 0 rows and 0 columns (presolve time = 215s)...
[2026-05-03 15:53:20,104][gurobipy][INFO] - Presolve removed 0 rows and 0 columns (presolve time = 220s)...
[2026-05-03 15:53:25,102][gurobipy][INFO] - Presolve removed 0 rows and 0 columns (presolve time = 225s)...
[2026-05-03 15:53:30,103][gurobipy][INFO] - Presolve removed 0 rows and 0 columns (presolve time = 230s)...
[2026-05-03 15:53:35,104][gurobipy][INFO] - Presolve removed 0 rows and 0 columns (presolve time = 235s)...
[2026-05-03 15:53:40,102][gurobipy][INFO] - Presolve removed 0 rows and 0 columns (presolve time = 240s)...
[2026-05-03 15:53:45,105][gurobipy][INFO] - Presolve removed 0 rows and 0 columns (presolve time = 245s)...
[2026-05-03 15:53:50,103][gurobipy][INFO] - Presolve removed 0 rows and 0 columns (presolve time = 250s)...
[2026-05-03 15:53:55,105][gurobipy][INFO] - Presolve removed 0 rows and 0 columns (presolve time = 255s)...
[2026-05-03 15:54:00,102][gurobipy][INFO] - Presolve removed 0 rows and 0 columns (presolve time = 260s)...
[2026-05-03 15:54:05,102][gurobipy][INFO] - Presolve removed 0 rows and 0 columns (presolve time = 265s)...
[2026-05-03 15:54:10,104][gurobipy][INFO] - Presolve removed 0 rows and 0 columns (presolve time = 270s)...
[2026-05-03 15:54:15,104][gurobipy][INFO] - Presolve removed 0 rows and 0 columns (presolve time = 275s)...
[2026-05-03 15:54:20,102][gurobipy][INFO] - Presolve removed 0 rows and 0 columns (presolve time = 280s)...
[2026-05-03 15:54:25,102][gurobipy][INFO] - Presolve removed 0 rows and 0 columns (presolve time = 285s)...
[2026-05-03 15:54:29,002][gurobipy][INFO] - Presolve added 36 rows and 18 columns
[2026-05-03 15:54:29,003][gurobipy][INFO] - Presolve time: 288.90s
[2026-05-03 15:54:31,007][gurobipy][INFO] - 
[2026-05-03 15:54:31,007][gurobipy][INFO] - Explored 0 nodes (0 simplex iterations) in 302.01 seconds (922.98 work units)
[2026-05-03 15:54:31,007][gurobipy][INFO] - Thread count was 1 (of 128 available processors)
[2026-05-03 15:54:31,014][gurobipy][INFO] - 
[2026-05-03 15:54:31,014][gurobipy][INFO] - Solution count 1: 0.5 
[2026-05-03 15:54:31,014][gurobipy][INFO] - 
[2026-05-03 15:54:31,014][gurobipy][INFO] - Time limit reached
[2026-05-03 15:54:31,461][gurobipy][INFO] - Best objective 5.000000000000e-01, best bound -, gap -
