[2026-05-03 15:42:36,933][gurobipy][INFO] - Set parameter WLSAccessID
[2026-05-03 15:42:36,934][gurobipy][INFO] - Set parameter WLSSecret
[2026-05-03 15:42:36,934][gurobipy][INFO] - Set parameter LicenseID to value 2619742
[2026-05-03 15:42:36,941][gurobipy][INFO] - Academic license 2619742 - for non-commercial use only - registered to it___@mail.huji.ac.il
[2026-05-03 15:42:36,943][gurobipy][INFO] - Set parameter OutputFlag to value 1
[2026-05-03 15:42:36,943][gurobipy][INFO] - Set parameter MIPGap to value 0
[2026-05-03 15:42:36,943][gurobipy][INFO] - Set parameter TimeLimit to value 300
[2026-05-03 15:45:36,038][gurobipy][INFO] - Set parameter NonConvex to value 2
[2026-05-03 15:48:29,931][gurobipy][INFO] - Gurobi Optimizer version 13.0.1 build v13.0.1rc0 (linux64 - "Ubuntu 22.04.5 LTS")
[2026-05-03 15:48:29,932][gurobipy][INFO] - 
[2026-05-03 15:48:29,932][gurobipy][INFO] - CPU model: Intel(R) Xeon(R) Platinum 8358 CPU @ 2.60GHz, instruction set [SSE2|AVX|AVX2|AVX512]
[2026-05-03 15:48:29,932][gurobipy][INFO] - Thread count: 64 physical cores, 128 logical processors, using up to 32 threads
[2026-05-03 15:48:29,932][gurobipy][INFO] - 
[2026-05-03 15:48:29,932][gurobipy][INFO] - Non-default parameters:
[2026-05-03 15:48:29,932][gurobipy][INFO] - TimeLimit  300
[2026-05-03 15:48:29,932][gurobipy][INFO] - MIPGap  0
[2026-05-03 15:48:29,932][gurobipy][INFO] - NonConvex  2
[2026-05-03 15:48:29,932][gurobipy][INFO] - 
[2026-05-03 15:48:29,932][gurobipy][INFO] - Academic license 2619742 - for non-commercial use only - registered to it___@mail.huji.ac.il
[2026-05-03 15:48:29,932][gurobipy][INFO] - Optimize a model with 4148203 rows, 3395624 columns and 8296406 nonzeros (Min)
[2026-05-03 15:48:31,929][gurobipy][INFO] - Model fingerprint: 0x8ae7d1c2
[2026-05-03 15:48:31,932][gurobipy][INFO] - Model has 3395624 linear objective coefficients and an objective constant of 0.5
[2026-05-03 15:48:31,932][gurobipy][INFO] - Model has 40 quadratic constraints
[2026-05-03 15:48:31,935][gurobipy][INFO] - Variable types: 20 continuous, 3395604 integer (3395604 binary)
[2026-05-03 15:48:32,254][gurobipy][INFO] - Coefficient statistics:
[2026-05-03 15:48:32,254][gurobipy][INFO] -   Matrix range     [1e+00, 1e+00]
[2026-05-03 15:48:32,254][gurobipy][INFO] -   QMatrix range    [1e+00, 1e+00]
[2026-05-03 15:48:32,254][gurobipy][INFO] -   QLMatrix range   [3e-06, 1e+00]
[2026-05-03 15:48:32,254][gurobipy][INFO] -   Objective range  [1e-07, 3e-02]
[2026-05-03 15:48:32,254][gurobipy][INFO] -   Bounds range     [1e+00, 1e+00]
[2026-05-03 15:48:32,254][gurobipy][INFO] -   RHS range        [1e+00, 1e+00]
[2026-05-03 15:48:32,254][gurobipy][INFO] - 
[2026-05-03 15:48:33,204][gurobipy][INFO] - Found heuristic solution: objective 0.5000000
[2026-05-03 15:48:55,643][gurobipy][INFO] - Presolve removed 0 rows and 0 columns (presolve time = 15s)...
[2026-05-03 15:49:09,139][gurobipy][INFO] - Presolve removed 0 rows and 0 columns (presolve time = 29s)...
[2026-05-03 15:49:16,308][gurobipy][INFO] - Presolve removed 0 rows and 0 columns (presolve time = 36s)...
[2026-05-03 15:49:23,553][gurobipy][INFO] - Presolve removed 0 rows and 0 columns (presolve time = 43s)...
[2026-05-03 15:49:39,722][gurobipy][INFO] - Presolve removed 0 rows and 0 columns (presolve time = 59s)...
[2026-05-03 15:49:40,420][gurobipy][INFO] - Presolve removed 0 rows and 0 columns (presolve time = 60s)...
[2026-05-03 15:49:47,675][gurobipy][INFO] - Presolve removed 0 rows and 0 columns (presolve time = 67s)...
[2026-05-03 15:49:51,347][gurobipy][INFO] - Presolve removed 0 rows and 0 columns (presolve time = 71s)...
[2026-05-03 15:49:55,336][gurobipy][INFO] - Presolve removed 0 rows and 0 columns (presolve time = 75s)...
[2026-05-03 15:50:00,337][gurobipy][INFO] - Presolve removed 0 rows and 0 columns (presolve time = 80s)...
[2026-05-03 15:50:05,339][gurobipy][INFO] - Presolve removed 0 rows and 0 columns (presolve time = 85s)...
[2026-05-03 15:50:10,339][gurobipy][INFO] - Presolve removed 0 rows and 0 columns (presolve time = 90s)...
[2026-05-03 15:50:15,337][gurobipy][INFO] - Presolve removed 0 rows and 0 columns (presolve time = 95s)...
[2026-05-03 15:50:20,339][gurobipy][INFO] - Presolve removed 0 rows and 0 columns (presolve time = 100s)...
[2026-05-03 15:50:25,337][gurobipy][INFO] - Presolve removed 0 rows and 0 columns (presolve time = 105s)...
[2026-05-03 15:50:30,337][gurobipy][INFO] - Presolve removed 0 rows and 0 columns (presolve time = 110s)...
[2026-05-03 15:50:35,339][gurobipy][INFO] - Presolve removed 0 rows and 0 columns (presolve time = 115s)...
[2026-05-03 15:50:40,337][gurobipy][INFO] - Presolve removed 0 rows and 0 columns (presolve time = 120s)...
[2026-05-03 15:50:45,339][gurobipy][INFO] - Presolve removed 0 rows and 0 columns (presolve time = 125s)...
[2026-05-03 15:50:50,338][gurobipy][INFO] - Presolve removed 0 rows and 0 columns (presolve time = 130s)...
[2026-05-03 15:50:55,337][gurobipy][INFO] - Presolve removed 0 rows and 0 columns (presolve time = 135s)...
[2026-05-03 15:51:00,337][gurobipy][INFO] - Presolve removed 0 rows and 0 columns (presolve time = 140s)...
[2026-05-03 15:51:05,337][gurobipy][INFO] - Presolve removed 0 rows and 0 columns (presolve time = 145s)...
[2026-05-03 15:51:10,337][gurobipy][INFO] - Presolve removed 0 rows and 0 columns (presolve time = 150s)...
[2026-05-03 15:51:15,340][gurobipy][INFO] - Presolve removed 0 rows and 0 columns (presolve time = 155s)...
[2026-05-03 15:51:20,338][gurobipy][INFO] - Presolve removed 0 rows and 0 columns (presolve time = 160s)...
[2026-05-03 15:51:25,339][gurobipy][INFO] - Presolve removed 0 rows and 0 columns (presolve time = 165s)...
[2026-05-03 15:51:30,337][gurobipy][INFO] - Presolve removed 0 rows and 0 columns (presolve time = 170s)...
[2026-05-03 15:51:35,339][gurobipy][INFO] - Presolve removed 0 rows and 0 columns (presolve time = 175s)...
[2026-05-03 15:51:40,337][gurobipy][INFO] - Presolve removed 0 rows and 0 columns (presolve time = 180s)...
[2026-05-03 15:51:45,339][gurobipy][INFO] - Presolve removed 0 rows and 0 columns (presolve time = 185s)...
[2026-05-03 15:51:50,338][gurobipy][INFO] - Presolve removed 0 rows and 0 columns (presolve time = 190s)...
[2026-05-03 15:51:55,339][gurobipy][INFO] - Presolve removed 0 rows and 0 columns (presolve time = 195s)...
[2026-05-03 15:52:00,339][gurobipy][INFO] - Presolve removed 0 rows and 0 columns (presolve time = 200s)...
[2026-05-03 15:52:05,337][gurobipy][INFO] - Presolve removed 0 rows and 0 columns (presolve time = 205s)...
[2026-05-03 15:52:10,338][gurobipy][INFO] - Presolve removed 0 rows and 0 columns (presolve time = 210s)...
[2026-05-03 15:52:15,337][gurobipy][INFO] - Presolve removed 0 rows and 0 columns (presolve time = 215s)...
[2026-05-03 15:52:20,337][gurobipy][INFO] - Presolve removed 0 rows and 0 columns (presolve time = 220s)...
[2026-05-03 15:52:25,339][gurobipy][INFO] - Presolve removed 0 rows and 0 columns (presolve time = 225s)...
[2026-05-03 15:52:30,336][gurobipy][INFO] - Presolve removed 0 rows and 0 columns (presolve time = 230s)...
[2026-05-03 15:52:35,337][gurobipy][INFO] - Presolve removed 0 rows and 0 columns (presolve time = 235s)...
[2026-05-03 15:52:40,337][gurobipy][INFO] - Presolve removed 0 rows and 0 columns (presolve time = 240s)...
[2026-05-03 15:52:45,336][gurobipy][INFO] - Presolve removed 0 rows and 0 columns (presolve time = 245s)...
[2026-05-03 15:52:50,339][gurobipy][INFO] - Presolve removed 0 rows and 0 columns (presolve time = 250s)...
[2026-05-03 15:52:55,337][gurobipy][INFO] - Presolve removed 0 rows and 0 columns (presolve time = 255s)...
[2026-05-03 15:53:00,337][gurobipy][INFO] - Presolve removed 0 rows and 0 columns (presolve time = 260s)...
[2026-05-03 15:53:08,404][gurobipy][INFO] - Presolve removed 0 rows and 0 columns (presolve time = 268s)...
[2026-05-03 15:53:10,340][gurobipy][INFO] - Presolve removed 0 rows and 0 columns (presolve time = 270s)...
[2026-05-03 15:53:15,339][gurobipy][INFO] - Presolve removed 0 rows and 0 columns (presolve time = 275s)...
[2026-05-03 15:53:20,339][gurobipy][INFO] - Presolve removed 0 rows and 0 columns (presolve time = 280s)...
[2026-05-03 15:53:25,339][gurobipy][INFO] - Presolve removed 0 rows and 0 columns (presolve time = 285s)...
[2026-05-03 15:53:29,940][gurobipy][INFO] - Presolve added 40 rows and 20 columns
[2026-05-03 15:53:29,941][gurobipy][INFO] - Presolve time: 289.60s
[2026-05-03 15:53:32,111][gurobipy][INFO] - 
[2026-05-03 15:53:32,111][gurobipy][INFO] - Explored 0 nodes (0 simplex iterations) in 302.18 seconds (898.50 work units)
[2026-05-03 15:53:32,111][gurobipy][INFO] - Thread count was 1 (of 128 available processors)
[2026-05-03 15:53:32,118][gurobipy][INFO] - 
[2026-05-03 15:53:32,118][gurobipy][INFO] - Solution count 1: 0.5 
[2026-05-03 15:53:32,118][gurobipy][INFO] - 
[2026-05-03 15:53:32,118][gurobipy][INFO] - Time limit reached
[2026-05-03 15:53:32,631][gurobipy][INFO] - Best objective 5.000000000000e-01, best bound -, gap -
