[2026-05-03 17:37:13,025][gurobipy][INFO] - Set parameter WLSAccessID
[2026-05-03 17:37:13,026][gurobipy][INFO] - Set parameter WLSSecret
[2026-05-03 17:37:13,026][gurobipy][INFO] - Set parameter LicenseID to value 2619742
[2026-05-03 17:37:13,035][gurobipy][INFO] - Academic license 2619742 - for non-commercial use only - registered to it___@mail.huji.ac.il
[2026-05-03 17:37:13,036][gurobipy][INFO] - Set parameter OutputFlag to value 1
[2026-05-03 17:37:13,036][gurobipy][INFO] - Set parameter MIPGap to value 0
[2026-05-03 17:37:13,036][gurobipy][INFO] - Set parameter TimeLimit to value 300
[2026-05-03 17:46:09,555][gurobipy][INFO] - Set parameter NonConvex to value 2
[2026-05-03 17:47:05,196][gurobipy][INFO] - Gurobi Optimizer version 13.0.1 build v13.0.1rc0 (linux64 - "Ubuntu 22.04.5 LTS")
[2026-05-03 17:47:05,197][gurobipy][INFO] - 
[2026-05-03 17:47:05,197][gurobipy][INFO] - CPU model: Intel(R) Xeon(R) Platinum 8358 CPU @ 2.60GHz, instruction set [SSE2|AVX|AVX2|AVX512]
[2026-05-03 17:47:05,197][gurobipy][INFO] - Thread count: 64 physical cores, 128 logical processors, using up to 32 threads
[2026-05-03 17:47:05,197][gurobipy][INFO] - 
[2026-05-03 17:47:05,197][gurobipy][INFO] - Non-default parameters:
[2026-05-03 17:47:05,197][gurobipy][INFO] - TimeLimit  300
[2026-05-03 17:47:05,197][gurobipy][INFO] - MIPGap  0
[2026-05-03 17:47:05,197][gurobipy][INFO] - NonConvex  2
[2026-05-03 17:47:05,197][gurobipy][INFO] - 
[2026-05-03 17:47:05,222][gurobipy][INFO] - Academic license 2619742 - for non-commercial use only - registered to it___@mail.huji.ac.il
[2026-05-03 17:47:05,222][gurobipy][INFO] - Optimize a model with 8503279 rows, 999930 columns and 17006558 nonzeros (Min)
[2026-05-03 17:47:05,988][gurobipy][INFO] - Model fingerprint: 0x0ebfd4d2
[2026-05-03 17:47:05,989][gurobipy][INFO] - Model has 999930 linear objective coefficients and an objective constant of 0.5
[2026-05-03 17:47:05,989][gurobipy][INFO] - Model has 40 quadratic constraints
[2026-05-03 17:47:05,990][gurobipy][INFO] - Variable types: 20 continuous, 999910 integer (999910 binary)
[2026-05-03 17:47:06,119][gurobipy][INFO] - Coefficient statistics:
[2026-05-03 17:47:06,119][gurobipy][INFO] -   Matrix range     [1e+00, 1e+00]
[2026-05-03 17:47:06,119][gurobipy][INFO] -   QMatrix range    [1e+00, 1e+00]
[2026-05-03 17:47:06,119][gurobipy][INFO] -   QLMatrix range   [9e-05, 1e+00]
[2026-05-03 17:47:06,119][gurobipy][INFO] -   Objective range  [5e-07, 3e-02]
[2026-05-03 17:47:06,119][gurobipy][INFO] -   Bounds range     [1e+00, 1e+00]
[2026-05-03 17:47:06,119][gurobipy][INFO] -   RHS range        [1e+00, 1e+00]
[2026-05-03 17:47:06,120][gurobipy][INFO] - 
[2026-05-03 17:47:06,591][gurobipy][INFO] - Found heuristic solution: objective 0.5000000
[2026-05-03 17:47:15,824][gurobipy][INFO] - Presolve removed 0 rows and 0 columns (presolve time = 6s)...
[2026-05-03 17:47:21,399][gurobipy][INFO] - Presolve removed 0 rows and 0 columns (presolve time = 12s)...
[2026-05-03 17:47:25,489][gurobipy][INFO] - Presolve removed 0 rows and 0 columns (presolve time = 16s)...
[2026-05-03 17:47:31,668][gurobipy][INFO] - Presolve removed 0 rows and 0 columns (presolve time = 22s)...
[2026-05-03 17:47:39,771][gurobipy][INFO] - Presolve removed 0 rows and 0 columns (presolve time = 30s)...
[2026-05-03 17:47:40,283][gurobipy][INFO] - Presolve removed 0 rows and 0 columns (presolve time = 30s)...
[2026-05-03 17:47:47,127][gurobipy][INFO] - Presolve removed 0 rows and 0 columns (presolve time = 37s)...
[2026-05-03 17:47:49,978][gurobipy][INFO] - Presolve removed 0 rows and 0 columns (presolve time = 40s)...
[2026-05-03 17:47:54,869][gurobipy][INFO] - Presolve removed 0 rows and 0 columns (presolve time = 45s)...
[2026-05-03 17:47:59,873][gurobipy][INFO] - Presolve removed 0 rows and 0 columns (presolve time = 50s)...
[2026-05-03 17:48:04,870][gurobipy][INFO] - Presolve removed 0 rows and 0 columns (presolve time = 55s)...
[2026-05-03 17:48:09,870][gurobipy][INFO] - Presolve removed 0 rows and 0 columns (presolve time = 60s)...
[2026-05-03 17:48:14,952][gurobipy][INFO] - Presolve removed 0 rows and 0 columns (presolve time = 65s)...
[2026-05-03 17:48:19,870][gurobipy][INFO] - Presolve removed 0 rows and 0 columns (presolve time = 70s)...
[2026-05-03 17:48:24,868][gurobipy][INFO] - Presolve removed 0 rows and 0 columns (presolve time = 75s)...
[2026-05-03 17:48:29,871][gurobipy][INFO] - Presolve removed 0 rows and 0 columns (presolve time = 80s)...
[2026-05-03 17:48:35,131][gurobipy][INFO] - Presolve removed 3492276 rows and 0 columns (presolve time = 85s)...
[2026-05-03 17:48:39,879][gurobipy][INFO] - Presolve removed 3494207 rows and 0 columns (presolve time = 90s)...
[2026-05-03 17:48:44,938][gurobipy][INFO] - Presolve removed 3494810 rows and 0 columns (presolve time = 95s)...
[2026-05-03 17:48:49,887][gurobipy][INFO] - Presolve removed 3494810 rows and 0 columns (presolve time = 100s)...
[2026-05-03 17:48:54,917][gurobipy][INFO] - Presolve removed 3494810 rows and 0 columns (presolve time = 105s)...
[2026-05-03 17:48:59,885][gurobipy][INFO] - Presolve removed 3494810 rows and 0 columns (presolve time = 110s)...
[2026-05-03 17:49:04,878][gurobipy][INFO] - Presolve removed 3494810 rows and 0 columns (presolve time = 115s)...
[2026-05-03 17:49:09,909][gurobipy][INFO] - Presolve removed 3494810 rows and 0 columns (presolve time = 120s)...
[2026-05-03 17:49:14,872][gurobipy][INFO] - Presolve removed 3494810 rows and 0 columns (presolve time = 125s)...
[2026-05-03 17:49:19,880][gurobipy][INFO] - Presolve removed 3494810 rows and 0 columns (presolve time = 130s)...
[2026-05-03 17:49:24,890][gurobipy][INFO] - Presolve removed 3494810 rows and 0 columns (presolve time = 135s)...
[2026-05-03 17:49:29,894][gurobipy][INFO] - Presolve removed 3494810 rows and 0 columns (presolve time = 140s)...
[2026-05-03 17:49:34,900][gurobipy][INFO] - Presolve removed 3494810 rows and 0 columns (presolve time = 145s)...
[2026-05-03 17:49:39,915][gurobipy][INFO] - Presolve removed 3494810 rows and 0 columns (presolve time = 150s)...
[2026-05-03 17:49:44,875][gurobipy][INFO] - Presolve removed 3494810 rows and 0 columns (presolve time = 155s)...
[2026-05-03 17:49:49,926][gurobipy][INFO] - Presolve removed 3494810 rows and 0 columns (presolve time = 160s)...
[2026-05-03 17:49:54,876][gurobipy][INFO] - Presolve removed 3494810 rows and 0 columns (presolve time = 165s)...
[2026-05-03 17:49:59,926][gurobipy][INFO] - Presolve removed 3494810 rows and 0 columns (presolve time = 170s)...
[2026-05-03 17:50:04,916][gurobipy][INFO] - Presolve removed 3494810 rows and 0 columns (presolve time = 175s)...
[2026-05-03 17:50:09,910][gurobipy][INFO] - Presolve removed 3494810 rows and 0 columns (presolve time = 180s)...
[2026-05-03 17:50:14,907][gurobipy][INFO] - Presolve removed 3494810 rows and 0 columns (presolve time = 185s)...
[2026-05-03 17:50:19,923][gurobipy][INFO] - Presolve removed 3494810 rows and 0 columns (presolve time = 190s)...
[2026-05-03 17:50:24,906][gurobipy][INFO] - Presolve removed 3494810 rows and 0 columns (presolve time = 195s)...
[2026-05-03 17:50:29,922][gurobipy][INFO] - Presolve removed 3494810 rows and 0 columns (presolve time = 200s)...
[2026-05-03 17:50:34,968][gurobipy][INFO] - Presolve removed 3494810 rows and 0 columns (presolve time = 205s)...
[2026-05-03 17:50:39,910][gurobipy][INFO] - Presolve removed 3494810 rows and 0 columns (presolve time = 210s)...
[2026-05-03 17:50:44,960][gurobipy][INFO] - Presolve removed 3494810 rows and 0 columns (presolve time = 215s)...
[2026-05-03 17:50:49,895][gurobipy][INFO] - Presolve removed 3494810 rows and 0 columns (presolve time = 220s)...
[2026-05-03 17:50:54,888][gurobipy][INFO] - Presolve removed 3494810 rows and 0 columns (presolve time = 225s)...
[2026-05-03 17:50:59,901][gurobipy][INFO] - Presolve removed 3494810 rows and 0 columns (presolve time = 230s)...
[2026-05-03 17:51:04,947][gurobipy][INFO] - Presolve removed 3494810 rows and 0 columns (presolve time = 235s)...
[2026-05-03 17:51:09,876][gurobipy][INFO] - Presolve removed 3494810 rows and 0 columns (presolve time = 240s)...
[2026-05-03 17:51:14,908][gurobipy][INFO] - Presolve removed 3494810 rows and 0 columns (presolve time = 245s)...
[2026-05-03 17:51:19,923][gurobipy][INFO] - Presolve removed 3494810 rows and 0 columns (presolve time = 250s)...
[2026-05-03 17:51:24,873][gurobipy][INFO] - Presolve removed 3494810 rows and 0 columns (presolve time = 255s)...
[2026-05-03 17:51:29,910][gurobipy][INFO] - Presolve removed 3494810 rows and 0 columns (presolve time = 260s)...
[2026-05-03 17:51:34,900][gurobipy][INFO] - Presolve removed 3494810 rows and 0 columns (presolve time = 265s)...
[2026-05-03 17:51:39,922][gurobipy][INFO] - Presolve removed 3494810 rows and 0 columns (presolve time = 270s)...
[2026-05-03 17:51:45,422][gurobipy][INFO] - Presolve removed 3494810 rows and 0 columns (presolve time = 276s)...
[2026-05-03 17:51:49,869][gurobipy][INFO] - Presolve removed 3494810 rows and 0 columns (presolve time = 280s)...
[2026-05-03 17:51:54,871][gurobipy][INFO] - Presolve removed 3494810 rows and 0 columns (presolve time = 285s)...
[2026-05-03 17:52:00,110][gurobipy][INFO] - Presolve removed 3494810 rows and 0 columns (presolve time = 290s)...
[2026-05-03 17:52:05,054][gurobipy][INFO] - Presolve removed 3494810 rows and 0 columns (presolve time = 295s)...
[2026-05-03 17:52:05,449][gurobipy][INFO] - Presolve added 0 rows and 20 columns
[2026-05-03 17:52:05,449][gurobipy][INFO] - Presolve removed 3494770 rows and 0 columns
[2026-05-03 17:52:05,449][gurobipy][INFO] - Presolve time: 295.58s
[2026-05-03 17:52:06,400][gurobipy][INFO] - 
[2026-05-03 17:52:06,400][gurobipy][INFO] - Explored 0 nodes (0 simplex iterations) in 301.20 seconds (271.03 work units)
[2026-05-03 17:52:06,400][gurobipy][INFO] - Thread count was 1 (of 128 available processors)
[2026-05-03 17:52:06,402][gurobipy][INFO] - 
[2026-05-03 17:52:06,402][gurobipy][INFO] - Solution count 1: 0.5 
[2026-05-03 17:52:06,402][gurobipy][INFO] - 
[2026-05-03 17:52:06,402][gurobipy][INFO] - Time limit reached
[2026-05-03 17:52:06,617][gurobipy][INFO] - Best objective 5.000000000000e-01, best bound -, gap -
