[2026-05-03 17:48:18,205][gurobipy][INFO] - Set parameter WLSAccessID
[2026-05-03 17:48:18,206][gurobipy][INFO] - Set parameter WLSSecret
[2026-05-03 17:48:18,206][gurobipy][INFO] - Set parameter LicenseID to value 2619742
[2026-05-03 17:48:18,213][gurobipy][INFO] - Academic license 2619742 - for non-commercial use only - registered to it___@mail.huji.ac.il
[2026-05-03 17:48:18,215][gurobipy][INFO] - Set parameter OutputFlag to value 1
[2026-05-03 17:48:18,215][gurobipy][INFO] - Set parameter MIPGap to value 0
[2026-05-03 17:48:18,215][gurobipy][INFO] - Set parameter TimeLimit to value 300
[2026-05-03 17:57:04,137][gurobipy][INFO] - Gurobi Optimizer version 13.0.1 build v13.0.1rc0 (linux64 - "Ubuntu 22.04.5 LTS")
[2026-05-03 17:57:04,138][gurobipy][INFO] - 
[2026-05-03 17:57:04,138][gurobipy][INFO] - CPU model: Intel(R) Xeon(R) Platinum 8358 CPU @ 2.60GHz, instruction set [SSE2|AVX|AVX2|AVX512]
[2026-05-03 17:57:04,138][gurobipy][INFO] - Thread count: 64 physical cores, 128 logical processors, using up to 32 threads
[2026-05-03 17:57:04,138][gurobipy][INFO] - 
[2026-05-03 17:57:04,138][gurobipy][INFO] - Non-default parameters:
[2026-05-03 17:57:04,138][gurobipy][INFO] - TimeLimit  300
[2026-05-03 17:57:04,138][gurobipy][INFO] - MIPGap  0
[2026-05-03 17:57:04,138][gurobipy][INFO] - 
[2026-05-03 17:57:04,139][gurobipy][INFO] - Academic license 2619742 - for non-commercial use only - registered to it___@mail.huji.ac.il
[2026-05-03 17:57:04,139][gurobipy][INFO] - Optimize a model with 8449643 rows, 999910 columns and 16899286 nonzeros (Min)
[2026-05-03 17:57:04,359][gurobipy][INFO] - Model fingerprint: 0x27e7cf70
[2026-05-03 17:57:04,360][gurobipy][INFO] - Model has 999910 linear objective coefficients and an objective constant of 1
[2026-05-03 17:57:04,361][gurobipy][INFO] - Variable types: 0 continuous, 999910 integer (999910 binary)
[2026-05-03 17:57:04,404][gurobipy][INFO] - Coefficient statistics:
[2026-05-03 17:57:04,404][gurobipy][INFO] -   Matrix range     [1e+00, 1e+00]
[2026-05-03 17:57:04,404][gurobipy][INFO] -   Objective range  [1e-06, 1e-06]
[2026-05-03 17:57:04,404][gurobipy][INFO] -   Bounds range     [1e+00, 1e+00]
[2026-05-03 17:57:04,404][gurobipy][INFO] -   RHS range        [1e+00, 1e+00]
[2026-05-03 17:57:04,404][gurobipy][INFO] - 
[2026-05-03 17:57:04,934][gurobipy][INFO] - Found heuristic solution: objective 0.0006741
[2026-05-03 17:57:12,136][gurobipy][INFO] - Presolve removed 0 rows and 0 columns (presolve time = 5s)...
[2026-05-03 17:57:17,821][gurobipy][INFO] - Presolve removed 3294 rows and 3294 columns (presolve time = 11s)...
[2026-05-03 17:57:21,752][gurobipy][INFO] - Presolve removed 3294 rows and 3295 columns (presolve time = 15s)...
[2026-05-03 17:57:27,296][gurobipy][INFO] - Presolve removed 3302 rows and 3303 columns (presolve time = 21s)...
[2026-05-03 17:57:31,754][gurobipy][INFO] - Presolve removed 3302 rows and 3312 columns (presolve time = 25s)...
[2026-05-03 17:57:36,850][gurobipy][INFO] - Presolve removed 3302 rows and 3312 columns (presolve time = 30s)...
[2026-05-03 17:57:41,782][gurobipy][INFO] - Presolve removed 3302 rows and 3312 columns (presolve time = 35s)...
[2026-05-03 17:57:46,770][gurobipy][INFO] - Presolve removed 777303 rows and 3312 columns (presolve time = 40s)...
[2026-05-03 17:57:51,756][gurobipy][INFO] - Presolve removed 780347 rows and 3312 columns (presolve time = 45s)...
[2026-05-03 17:57:56,764][gurobipy][INFO] - Presolve removed 783397 rows and 3312 columns (presolve time = 50s)...
[2026-05-03 17:58:01,775][gurobipy][INFO] - Presolve removed 786102 rows and 3312 columns (presolve time = 55s)...
[2026-05-03 17:58:06,753][gurobipy][INFO] - Presolve removed 788765 rows and 3312 columns (presolve time = 60s)...
[2026-05-03 17:58:11,753][gurobipy][INFO] - Presolve removed 796233 rows and 3312 columns (presolve time = 65s)...
[2026-05-03 17:58:16,767][gurobipy][INFO] - Presolve removed 803289 rows and 3312 columns (presolve time = 70s)...
[2026-05-03 17:58:21,759][gurobipy][INFO] - Presolve removed 803289 rows and 3312 columns (presolve time = 75s)...
[2026-05-03 17:58:26,769][gurobipy][INFO] - Presolve removed 803289 rows and 3312 columns (presolve time = 80s)...
[2026-05-03 17:58:31,770][gurobipy][INFO] - Presolve removed 826264 rows and 3312 columns (presolve time = 85s)...
[2026-05-03 17:58:36,776][gurobipy][INFO] - Presolve removed 832581 rows and 3312 columns (presolve time = 90s)...
[2026-05-03 17:58:41,756][gurobipy][INFO] - Presolve removed 832581 rows and 3312 columns (presolve time = 95s)...
[2026-05-03 17:58:46,769][gurobipy][INFO] - Presolve removed 836531 rows and 3312 columns (presolve time = 100s)...
[2026-05-03 17:58:51,766][gurobipy][INFO] - Presolve removed 837592 rows and 3312 columns (presolve time = 105s)...
[2026-05-03 17:58:56,776][gurobipy][INFO] - Presolve removed 837592 rows and 3312 columns (presolve time = 110s)...
[2026-05-03 17:59:01,758][gurobipy][INFO] - Presolve removed 837592 rows and 3312 columns (presolve time = 115s)...
[2026-05-03 17:59:06,779][gurobipy][INFO] - Presolve removed 842250 rows and 3312 columns (presolve time = 120s)...
[2026-05-03 17:59:11,758][gurobipy][INFO] - Presolve removed 844641 rows and 3312 columns (presolve time = 125s)...
[2026-05-03 17:59:16,773][gurobipy][INFO] - Presolve removed 844641 rows and 3312 columns (presolve time = 130s)...
[2026-05-03 17:59:21,768][gurobipy][INFO] - Presolve removed 844641 rows and 3312 columns (presolve time = 135s)...
[2026-05-03 17:59:26,764][gurobipy][INFO] - Presolve removed 844641 rows and 3312 columns (presolve time = 140s)...
[2026-05-03 17:59:31,762][gurobipy][INFO] - Presolve removed 844641 rows and 3312 columns (presolve time = 145s)...
[2026-05-03 17:59:36,760][gurobipy][INFO] - Presolve removed 846148 rows and 3312 columns (presolve time = 150s)...
[2026-05-03 17:59:41,759][gurobipy][INFO] - Presolve removed 846148 rows and 3312 columns (presolve time = 155s)...
[2026-05-03 17:59:46,770][gurobipy][INFO] - Presolve removed 857404 rows and 3312 columns (presolve time = 160s)...
[2026-05-03 17:59:51,758][gurobipy][INFO] - Presolve removed 858383 rows and 3312 columns (presolve time = 165s)...
[2026-05-03 17:59:56,763][gurobipy][INFO] - Presolve removed 858383 rows and 3312 columns (presolve time = 170s)...
[2026-05-03 18:00:01,777][gurobipy][INFO] - Presolve removed 858383 rows and 3312 columns (presolve time = 175s)...
[2026-05-03 18:00:06,764][gurobipy][INFO] - Presolve removed 860341 rows and 3312 columns (presolve time = 180s)...
[2026-05-03 18:00:11,752][gurobipy][INFO] - Presolve removed 860341 rows and 3312 columns (presolve time = 185s)...
[2026-05-03 18:00:16,752][gurobipy][INFO] - Presolve removed 860341 rows and 3312 columns (presolve time = 190s)...
[2026-05-03 18:00:21,790][gurobipy][INFO] - Presolve removed 999742 rows and 3312 columns (presolve time = 195s)...
[2026-05-03 18:00:27,799][gurobipy][INFO] - Presolve removed 1012818 rows and 16388 columns (presolve time = 201s)...
[2026-05-03 18:00:32,251][gurobipy][INFO] - Presolve removed 1047537 rows and 16745 columns (presolve time = 205s)...
[2026-05-03 18:00:36,941][gurobipy][INFO] - Presolve removed 3608582 rows and 184839 columns (presolve time = 210s)...
[2026-05-03 18:00:42,076][gurobipy][INFO] - Presolve removed 3704765 rows and 281017 columns (presolve time = 215s)...
[2026-05-03 18:00:47,351][gurobipy][INFO] - Presolve removed 4645992 rows and 457664 columns (presolve time = 221s)...
[2026-05-03 18:00:51,875][gurobipy][INFO] - Presolve removed 4960957 rows and 557668 columns (presolve time = 225s)...
[2026-05-03 18:00:56,955][gurobipy][INFO] - Presolve removed 5124628 rows and 601509 columns (presolve time = 230s)...
[2026-05-03 18:01:01,655][gurobipy][INFO] - Presolve removed 8360275 rows and 970171 columns
[2026-05-03 18:01:01,655][gurobipy][INFO] - Presolve time: 234.90s
[2026-05-03 18:01:01,745][gurobipy][INFO] - Presolved: 89368 rows, 29739 columns, 191178 nonzeros
[2026-05-03 18:01:01,829][gurobipy][INFO] - Variable types: 0 continuous, 29739 integer (29739 binary)
[2026-05-03 18:01:02,255][gurobipy][INFO] - 
[2026-05-03 18:01:02,255][gurobipy][INFO] - Explored 0 nodes (0 simplex iterations) in 238.12 seconds (179.14 work units)
[2026-05-03 18:01:02,255][gurobipy][INFO] - Thread count was 32 (of 128 available processors)
[2026-05-03 18:01:02,255][gurobipy][INFO] - 
[2026-05-03 18:01:02,255][gurobipy][INFO] - Solution count 1: 0.000674061 
[2026-05-03 18:01:02,255][gurobipy][INFO] - 
[2026-05-03 18:01:02,255][gurobipy][INFO] - Optimal solution found (tolerance 0.00e+00)
[2026-05-03 18:01:02,373][gurobipy][INFO] - Best objective 6.740606667770e-04, best bound 6.740606667770e-04, gap 0.0000%
