[2026-04-30 14:49:23,291][gurobipy][INFO] - Set parameter WLSAccessID
[2026-04-30 14:49:23,292][gurobipy][INFO] - Set parameter WLSSecret
[2026-04-30 14:49:23,292][gurobipy][INFO] - Set parameter LicenseID to value 2619742
[2026-04-30 14:49:23,362][gurobipy][INFO] - Academic license 2619742 - for non-commercial use only - registered to it___@mail.huji.ac.il
[2026-04-30 14:49:23,365][gurobipy][INFO] - Set parameter OutputFlag to value 1
[2026-04-30 14:49:23,365][gurobipy][INFO] - Set parameter MIPGap to value 0
[2026-04-30 14:49:23,365][gurobipy][INFO] - Set parameter TimeLimit to value 300
[2026-04-30 14:49:43,481][gurobipy][INFO] - Set parameter NonConvex to value 2
[2026-04-30 14:49:43,821][gurobipy][INFO] - Gurobi Optimizer version 13.0.1 build v13.0.1rc0 (linux64 - "Ubuntu 22.04.5 LTS")
[2026-04-30 14:49:43,821][gurobipy][INFO] - 
[2026-04-30 14:49:43,821][gurobipy][INFO] - CPU model: Intel(R) Xeon(R) Platinum 8358 CPU @ 2.60GHz, instruction set [SSE2|AVX|AVX2|AVX512]
[2026-04-30 14:49:43,821][gurobipy][INFO] - Thread count: 64 physical cores, 128 logical processors, using up to 32 threads
[2026-04-30 14:49:43,821][gurobipy][INFO] - 
[2026-04-30 14:49:43,821][gurobipy][INFO] - Non-default parameters:
[2026-04-30 14:49:43,821][gurobipy][INFO] - TimeLimit  300
[2026-04-30 14:49:43,821][gurobipy][INFO] - MIPGap  0
[2026-04-30 14:49:43,821][gurobipy][INFO] - NonConvex  2
[2026-04-30 14:49:43,821][gurobipy][INFO] - 
[2026-04-30 14:49:43,822][gurobipy][INFO] - Academic license 2619742 - for non-commercial use only - registered to it___@mail.huji.ac.il
[2026-04-30 14:49:43,822][gurobipy][INFO] - Optimize a model with 389684 rows, 5020 columns and 779368 nonzeros (Min)
[2026-04-30 14:49:43,833][gurobipy][INFO] - Model fingerprint: 0x1aacd795
[2026-04-30 14:49:43,833][gurobipy][INFO] - Model has 5020 linear objective coefficients and an objective constant of 0.5
[2026-04-30 14:49:43,833][gurobipy][INFO] - Model has 40 quadratic constraints
[2026-04-30 14:49:43,833][gurobipy][INFO] - Variable types: 20 continuous, 5000 integer (5000 binary)
[2026-04-30 14:49:43,835][gurobipy][INFO] - Coefficient statistics:
[2026-04-30 14:49:43,835][gurobipy][INFO] -   Matrix range     [1e+00, 1e+00]
[2026-04-30 14:49:43,835][gurobipy][INFO] -   QMatrix range    [1e+00, 1e+00]
[2026-04-30 14:49:43,835][gurobipy][INFO] -   QLMatrix range   [2e-04, 1e+00]
[2026-04-30 14:49:43,835][gurobipy][INFO] -   Objective range  [1e-04, 3e-02]
[2026-04-30 14:49:43,835][gurobipy][INFO] -   Bounds range     [1e+00, 1e+00]
[2026-04-30 14:49:43,835][gurobipy][INFO] -   RHS range        [1e+00, 1e+00]
[2026-04-30 14:49:43,835][gurobipy][INFO] - 
[2026-04-30 14:49:43,847][gurobipy][INFO] - Found heuristic solution: objective 0.5000000
[2026-04-30 14:49:48,962][gurobipy][INFO] - Presolve removed 162978 rows and 0 columns (presolve time = 5s)...
[2026-04-30 14:49:53,908][gurobipy][INFO] - Presolve removed 164907 rows and 0 columns (presolve time = 10s)...
[2026-04-30 14:49:58,915][gurobipy][INFO] - Presolve removed 165598 rows and 0 columns (presolve time = 15s)...
[2026-04-30 14:50:03,976][gurobipy][INFO] - Presolve removed 165598 rows and 0 columns (presolve time = 20s)...
[2026-04-30 14:50:08,910][gurobipy][INFO] - Presolve removed 165598 rows and 0 columns (presolve time = 25s)...
[2026-04-30 14:50:14,008][gurobipy][INFO] - Presolve removed 165598 rows and 0 columns (presolve time = 30s)...
[2026-04-30 14:50:19,009][gurobipy][INFO] - Presolve removed 165598 rows and 0 columns (presolve time = 35s)...
[2026-04-30 14:50:23,925][gurobipy][INFO] - Presolve removed 165598 rows and 0 columns (presolve time = 40s)...
[2026-04-30 14:50:28,956][gurobipy][INFO] - Presolve removed 165598 rows and 0 columns (presolve time = 45s)...
[2026-04-30 14:50:33,937][gurobipy][INFO] - Presolve removed 165598 rows and 0 columns (presolve time = 50s)...
[2026-04-30 14:50:38,929][gurobipy][INFO] - Presolve removed 165598 rows and 0 columns (presolve time = 55s)...
[2026-04-30 14:50:39,555][gurobipy][INFO] - Presolve added 0 rows and 14 columns
[2026-04-30 14:50:39,555][gurobipy][INFO] - Presolve removed 165570 rows and 0 columns
[2026-04-30 14:50:39,555][gurobipy][INFO] - Presolve time: 55.65s
[2026-04-30 14:50:39,557][gurobipy][INFO] - Presolved: 424134 rows, 305034 columns, 1347914 nonzeros
[2026-04-30 14:50:39,557][gurobipy][INFO] - Presolved model has 200000 SOS constraint(s)
[2026-04-30 14:50:41,141][gurobipy][INFO] - Variable types: 200034 continuous, 105000 integer (105000 binary)
[2026-04-30 14:54:48,684][gurobipy][INFO] - 
[2026-04-30 14:54:48,685][gurobipy][INFO] - Explored 1 nodes (0 simplex iterations) in 304.86 seconds (153.29 work units)
[2026-04-30 14:54:48,685][gurobipy][INFO] - Thread count was 32 (of 128 available processors)
[2026-04-30 14:54:48,685][gurobipy][INFO] - 
[2026-04-30 14:54:48,685][gurobipy][INFO] - Solution count 1: 0.5 
[2026-04-30 14:54:48,685][gurobipy][INFO] - 
[2026-04-30 14:54:48,685][gurobipy][INFO] - Time limit reached
[2026-04-30 14:54:48,689][gurobipy][INFO] - Best objective 5.000000000000e-01, best bound 3.875049695186e-14, gap 100.0000%
