[2026-04-30 14:46:24,879][gurobipy][INFO] - Set parameter WLSAccessID
[2026-04-30 14:46:24,880][gurobipy][INFO] - Set parameter WLSSecret
[2026-04-30 14:46:24,880][gurobipy][INFO] - Set parameter LicenseID to value 2619742
[2026-04-30 14:46:24,930][gurobipy][INFO] - Academic license 2619742 - for non-commercial use only - registered to it___@mail.huji.ac.il
[2026-04-30 14:46:24,931][gurobipy][INFO] - Set parameter OutputFlag to value 1
[2026-04-30 14:46:24,932][gurobipy][INFO] - Set parameter MIPGap to value 0
[2026-04-30 14:46:24,932][gurobipy][INFO] - Set parameter TimeLimit to value 300
[2026-04-30 14:46:28,042][gurobipy][INFO] - Set parameter NonConvex to value 2
[2026-04-30 14:46:28,299][gurobipy][INFO] - Gurobi Optimizer version 13.0.1 build v13.0.1rc0 (linux64 - "Ubuntu 22.04.5 LTS")
[2026-04-30 14:46:28,300][gurobipy][INFO] - 
[2026-04-30 14:46:28,300][gurobipy][INFO] - CPU model: Intel(R) Xeon(R) Platinum 8358 CPU @ 2.60GHz, instruction set [SSE2|AVX|AVX2|AVX512]
[2026-04-30 14:46:28,300][gurobipy][INFO] - Thread count: 64 physical cores, 128 logical processors, using up to 32 threads
[2026-04-30 14:46:28,300][gurobipy][INFO] - 
[2026-04-30 14:46:28,300][gurobipy][INFO] - Non-default parameters:
[2026-04-30 14:46:28,300][gurobipy][INFO] - TimeLimit  300
[2026-04-30 14:46:28,300][gurobipy][INFO] - MIPGap  0
[2026-04-30 14:46:28,300][gurobipy][INFO] - NonConvex  2
[2026-04-30 14:46:28,300][gurobipy][INFO] - 
[2026-04-30 14:46:28,300][gurobipy][INFO] - Academic license 2619742 - for non-commercial use only - registered to it___@mail.huji.ac.il
[2026-04-30 14:46:28,300][gurobipy][INFO] - Optimize a model with 60516 rows, 5020 columns and 121032 nonzeros (Min)
[2026-04-30 14:46:28,305][gurobipy][INFO] - Model fingerprint: 0xfa582025
[2026-04-30 14:46:28,305][gurobipy][INFO] - Model has 5020 linear objective coefficients and an objective constant of 0.5
[2026-04-30 14:46:28,305][gurobipy][INFO] - Model has 40 quadratic constraints
[2026-04-30 14:46:28,305][gurobipy][INFO] - Variable types: 20 continuous, 5000 integer (5000 binary)
[2026-04-30 14:46:28,306][gurobipy][INFO] - Coefficient statistics:
[2026-04-30 14:46:28,306][gurobipy][INFO] -   Matrix range     [1e+00, 1e+00]
[2026-04-30 14:46:28,306][gurobipy][INFO] -   QMatrix range    [1e+00, 1e+00]
[2026-04-30 14:46:28,306][gurobipy][INFO] -   QLMatrix range   [2e-04, 1e+00]
[2026-04-30 14:46:28,306][gurobipy][INFO] -   Objective range  [1e-04, 3e-02]
[2026-04-30 14:46:28,306][gurobipy][INFO] -   Bounds range     [1e+00, 1e+00]
[2026-04-30 14:46:28,306][gurobipy][INFO] -   RHS range        [1e+00, 1e+00]
[2026-04-30 14:46:28,306][gurobipy][INFO] - 
[2026-04-30 14:46:28,308][gurobipy][INFO] - Found heuristic solution: objective 0.5000000
[2026-04-30 14:46:31,214][gurobipy][INFO] - Presolve added 0 rows and 14 columns
[2026-04-30 14:46:31,214][gurobipy][INFO] - Presolve removed 19035 rows and 0 columns
[2026-04-30 14:46:31,214][gurobipy][INFO] - Presolve time: 2.90s
[2026-04-30 14:46:31,214][gurobipy][INFO] - Presolved: 241501 rows, 305034 columns, 842211 nonzeros
[2026-04-30 14:46:31,214][gurobipy][INFO] - Presolved model has 200000 SOS constraint(s)
[2026-04-30 14:46:32,075][gurobipy][INFO] - Variable types: 200034 continuous, 105000 integer (105000 binary)
[2026-04-30 14:47:07,505][gurobipy][INFO] - 
[2026-04-30 14:47:07,506][gurobipy][INFO] - Deterministic concurrent LP optimizer: primal simplex, dual simplex, and barrier
[2026-04-30 14:47:07,506][gurobipy][INFO] - Showing barrier log only...
[2026-04-30 14:47:07,506][gurobipy][INFO] - 
[2026-04-30 14:47:09,031][gurobipy][INFO] - Root barrier log...
[2026-04-30 14:47:09,031][gurobipy][INFO] - 
[2026-04-30 14:47:09,985][gurobipy][INFO] - Ordering time: 0.84s
[2026-04-30 14:47:10,077][gurobipy][INFO] - 
[2026-04-30 14:47:10,077][gurobipy][INFO] - Barrier statistics:
[2026-04-30 14:47:10,077][gurobipy][INFO] -  Dense cols : 50
[2026-04-30 14:47:10,078][gurobipy][INFO] -  AA' NZ     : 1.421e+06
[2026-04-30 14:47:10,078][gurobipy][INFO] -  Factor NZ  : 2.563e+06 (roughly 50 MB of memory)
[2026-04-30 14:47:10,078][gurobipy][INFO] -  Factor Ops : 2.409e+08 (less than 1 second per iteration)
[2026-04-30 14:47:10,078][gurobipy][INFO] -  Threads    : 30
[2026-04-30 14:47:10,272][gurobipy][INFO] - 
[2026-04-30 14:47:10,272][gurobipy][INFO] -                   Objective                Residual
[2026-04-30 14:47:10,272][gurobipy][INFO] - Iter       Primal          Dual         Primal    Dual     Compl     Time
[2026-04-30 14:47:10,274][gurobipy][INFO] -    0   6.42383522e+01 -1.98171451e+04  3.77e+03 1.12e-03  1.40e+00    42s
[2026-04-30 14:47:10,543][gurobipy][INFO] -    1   9.90987273e+00 -1.09872238e+04  6.64e+02 4.25e-02  3.70e-01    42s
[2026-04-30 14:47:10,777][gurobipy][INFO] -    2   7.29469848e+00 -4.64001073e+03  3.51e+02 5.72e-03  1.42e-01    42s
[2026-04-30 14:47:11,094][gurobipy][INFO] -    3   4.66869665e+00 -1.67787855e+03  4.82e+01 6.41e-04  2.80e-02    43s
[2026-04-30 14:47:11,364][gurobipy][INFO] -    4   4.20022900e+00 -1.31598410e+02  4.37e-11 1.55e-05  1.80e-03    43s
[2026-04-30 14:47:11,604][gurobipy][INFO] -    5   3.73409105e+00 -1.09215936e+01  3.15e-10 1.55e-06  1.94e-04    43s
[2026-04-30 14:47:11,875][gurobipy][INFO] -    6   2.62568986e+00 -1.82369559e+00  1.09e-10 3.03e-07  5.88e-05    44s
[2026-04-30 14:47:12,069][gurobipy][INFO] -    7   9.63621841e-01 -4.53967479e-01  3.74e-11 3.31e-08  1.87e-05    44s
[2026-04-30 14:47:12,259][gurobipy][INFO] -    8   9.89858530e-02 -2.66832280e-02  3.64e-11 8.05e-16  1.66e-06    44s
[2026-04-30 14:47:12,463][gurobipy][INFO] -    9   9.19151898e-03  1.77749135e-03  2.91e-11 1.50e-15  9.76e-08    44s
[2026-04-30 14:47:12,757][gurobipy][INFO] -   10   7.58945964e-03  2.81110592e-03  2.91e-11 8.60e-16  6.29e-08    44s
[2026-04-30 14:47:13,053][gurobipy][INFO] -   11   6.03725104e-03  2.92525976e-03  3.64e-11 5.55e-16  4.10e-08    45s
[2026-04-30 14:47:13,222][gurobipy][INFO] -   12   5.17211776e-03  3.02830758e-03  2.18e-11 6.94e-16  2.82e-08    45s
[2026-04-30 14:47:13,338][gurobipy][INFO] -   13   4.57932288e-03  3.07786593e-03  3.64e-11 5.00e-16  1.98e-08    45s
[2026-04-30 14:47:13,461][gurobipy][INFO] -   14   4.37871504e-03  3.13821737e-03  3.46e-11 1.14e-15  1.63e-08    45s
[2026-04-30 14:47:13,638][gurobipy][INFO] -   15   4.02600298e-03  3.18825665e-03  2.18e-11 8.33e-16  1.10e-08    45s
[2026-04-30 14:47:13,799][gurobipy][INFO] -   16   3.79169520e-03  3.24339116e-03  1.64e-11 6.11e-16  7.22e-09    45s
[2026-04-30 14:47:13,946][gurobipy][INFO] -   17   3.62925139e-03  3.25801098e-03  3.46e-11 8.05e-16  4.89e-09    46s
[2026-04-30 14:47:14,118][gurobipy][INFO] -   18   3.46159995e-03  3.27872633e-03  2.55e-11 1.94e-16  2.41e-09    46s
[2026-04-30 14:47:14,255][gurobipy][INFO] -   19   3.43931128e-03  3.28532508e-03  2.00e-11 8.33e-17  2.03e-09    46s
[2026-04-30 14:47:14,406][gurobipy][INFO] -   20   3.33168453e-03  3.29096062e-03  2.18e-11 2.78e-16  5.36e-10    46s
[2026-04-30 14:47:14,604][gurobipy][INFO] -   21   3.31011190e-03  3.29316376e-03  3.64e-11 3.05e-16  2.23e-10    46s
[2026-04-30 14:47:14,757][gurobipy][INFO] -   22   3.30776869e-03  3.29355230e-03  3.82e-11 1.67e-16  1.87e-10    46s
[2026-04-30 14:47:14,992][gurobipy][INFO] -   23   3.29762032e-03  3.29368820e-03  3.64e-11 3.89e-16  5.18e-11    47s
[2026-04-30 14:47:15,192][gurobipy][INFO] -   24   3.29496865e-03  3.29376191e-03  2.73e-11 2.22e-16  1.59e-11    47s
[2026-04-30 14:47:15,331][gurobipy][INFO] -   25   3.29436797e-03  3.29393066e-03  2.55e-11 2.50e-16  5.76e-12    47s
[2026-04-30 14:47:15,548][gurobipy][INFO] -   26   3.29411012e-03  3.29394700e-03  3.46e-11 1.39e-16  2.15e-12    47s
[2026-04-30 14:47:15,763][gurobipy][INFO] -   27   3.29396576e-03  3.29395853e-03  3.64e-11 2.22e-16  9.52e-14    47s
[2026-04-30 14:47:15,922][gurobipy][INFO] -   28   3.29395992e-03  3.29395986e-03  2.35e-10 6.94e-16  8.24e-16    48s
[2026-04-30 14:47:15,924][gurobipy][INFO] - 
[2026-04-30 14:47:15,924][gurobipy][INFO] - Barrier solved model in 28 iterations and 47.62 seconds (42.07 work units)
[2026-04-30 14:47:15,924][gurobipy][INFO] - Optimal objective 3.29395992e-03
[2026-04-30 14:47:15,924][gurobipy][INFO] - 
[2026-04-30 14:47:16,004][gurobipy][INFO] - 
[2026-04-30 14:47:16,004][gurobipy][INFO] - Root crossover log...
[2026-04-30 14:47:16,004][gurobipy][INFO] - 
[2026-04-30 14:47:16,078][gurobipy][INFO] -    18867 DPushes remaining with DInf 0.0000000e+00                48s
[2026-04-30 14:47:18,290][gurobipy][INFO] -        0 DPushes remaining with DInf 0.0000000e+00                50s
[2026-04-30 14:47:18,373][gurobipy][INFO] - 
[2026-04-30 14:47:18,373][gurobipy][INFO] -        0 PPushes remaining with PInf 0.0000000e+00                50s
[2026-04-30 14:47:18,376][gurobipy][INFO] - 
[2026-04-30 14:47:18,376][gurobipy][INFO] -   Push phase complete: Pinf 0.0000000e+00, Dinf 3.7880103e-14     50s
[2026-04-30 14:47:18,376][gurobipy][INFO] - 
[2026-04-30 14:47:18,435][gurobipy][INFO] - 
[2026-04-30 14:47:18,435][gurobipy][INFO] - Root simplex log...
[2026-04-30 14:47:18,435][gurobipy][INFO] - 
[2026-04-30 14:47:18,435][gurobipy][INFO] - Iteration    Objective       Primal Inf.    Dual Inf.      Time
[2026-04-30 14:47:18,435][gurobipy][INFO] -     9395    3.2939599e-03   0.000000e+00   0.000000e+00     50s
[2026-04-30 14:47:18,435][gurobipy][INFO] - Crossover time: 2.48 seconds (0.60 work units)
[2026-04-30 14:47:18,530][gurobipy][INFO] -     9395    3.2939599e-03   0.000000e+00   0.000000e+00     50s
[2026-04-30 14:47:18,739][gurobipy][INFO] - 
[2026-04-30 14:47:18,739][gurobipy][INFO] - Use crossover to convert LP symmetric solution to basic solution...
[2026-04-30 14:47:18,933][gurobipy][INFO] - 
[2026-04-30 14:47:18,934][gurobipy][INFO] - Root crossover log...
[2026-04-30 14:47:18,934][gurobipy][INFO] - 
[2026-04-30 14:47:29,287][gurobipy][INFO] -   237362 variables added to crossover basis                       61s
[2026-04-30 14:47:33,509][gurobipy][INFO] -   238052 variables added to crossover basis                       65s
[2026-04-30 14:47:38,465][gurobipy][INFO] -   238382 variables added to crossover basis                       70s
[2026-04-30 14:47:43,831][gurobipy][INFO] -   238652 variables added to crossover basis                       76s
[2026-04-30 14:47:48,729][gurobipy][INFO] -   238862 variables added to crossover basis                       80s
[2026-04-30 14:47:53,422][gurobipy][INFO] -   239042 variables added to crossover basis                       85s
[2026-04-30 14:47:58,564][gurobipy][INFO] -   239222 variables added to crossover basis                       90s
[2026-04-30 14:48:04,109][gurobipy][INFO] -   239402 variables added to crossover basis                       96s
[2026-04-30 14:48:09,036][gurobipy][INFO] -   239552 variables added to crossover basis                      101s
[2026-04-30 14:48:14,242][gurobipy][INFO] -   239702 variables added to crossover basis                      106s
[2026-04-30 14:48:18,611][gurobipy][INFO] -   239822 variables added to crossover basis                      110s
[2026-04-30 14:48:24,277][gurobipy][INFO] -   239972 variables added to crossover basis                      116s
[2026-04-30 14:48:28,973][gurobipy][INFO] -   240092 variables added to crossover basis                      121s
[2026-04-30 14:48:33,779][gurobipy][INFO] -   240212 variables added to crossover basis                      125s
[2026-04-30 14:48:38,742][gurobipy][INFO] -   240332 variables added to crossover basis                      130s
[2026-04-30 14:48:43,801][gurobipy][INFO] -   240452 variables added to crossover basis                      136s
[2026-04-30 14:48:48,985][gurobipy][INFO] -   240572 variables added to crossover basis                      141s
[2026-04-30 14:48:54,306][gurobipy][INFO] -   240692 variables added to crossover basis                      146s
[2026-04-30 14:48:58,361][gurobipy][INFO] -   240782 variables added to crossover basis                      150s
[2026-04-30 14:49:03,850][gurobipy][INFO] -   240902 variables added to crossover basis                      156s
[2026-04-30 14:49:09,457][gurobipy][INFO] -   241022 variables added to crossover basis                      161s
[2026-04-30 14:49:13,697][gurobipy][INFO] -   241112 variables added to crossover basis                      165s
[2026-04-30 14:49:19,427][gurobipy][INFO] -   241232 variables added to crossover basis                      171s
[2026-04-30 14:49:23,763][gurobipy][INFO] -   241322 variables added to crossover basis                      175s
[2026-04-30 14:49:29,618][gurobipy][INFO] -   241442 variables added to crossover basis                      181s
[2026-04-30 14:49:34,074][gurobipy][INFO] -   241532 variables added to crossover basis                      186s
[2026-04-30 14:49:38,641][gurobipy][INFO] -   241622 variables added to crossover basis                      190s
[2026-04-30 14:49:44,817][gurobipy][INFO] -   241742 variables added to crossover basis                      197s
[2026-04-30 14:49:49,626][gurobipy][INFO] -   241832 variables added to crossover basis                      201s
[2026-04-30 14:49:54,394][gurobipy][INFO] -   241922 variables added to crossover basis                      206s
[2026-04-30 14:49:59,045][gurobipy][INFO] -   242012 variables added to crossover basis                      211s
[2026-04-30 14:50:03,624][gurobipy][INFO] -   242102 variables added to crossover basis                      215s
[2026-04-30 14:50:09,801][gurobipy][INFO] -   242222 variables added to crossover basis                      222s
[2026-04-30 14:50:14,356][gurobipy][INFO] -   242312 variables added to crossover basis                      226s
[2026-04-30 14:50:18,332][gurobipy][INFO] -   242792 variables added to crossover basis                      230s
[2026-04-30 14:50:23,593][gurobipy][INFO] -   243212 variables added to crossover basis                      235s
[2026-04-30 14:50:28,660][gurobipy][INFO] -   243482 variables added to crossover basis                      240s
[2026-04-30 14:50:33,399][gurobipy][INFO] -   243692 variables added to crossover basis                      245s
[2026-04-30 14:50:38,778][gurobipy][INFO] -   243902 variables added to crossover basis                      250s
[2026-04-30 14:50:43,992][gurobipy][INFO] -   244082 variables added to crossover basis                      256s
[2026-04-30 14:50:48,788][gurobipy][INFO] -   244232 variables added to crossover basis                      260s
[2026-04-30 14:50:53,879][gurobipy][INFO] -   244382 variables added to crossover basis                      266s
[2026-04-30 14:50:59,205][gurobipy][INFO] -   244532 variables added to crossover basis                      271s
[2026-04-30 14:51:03,532][gurobipy][INFO] -   244652 variables added to crossover basis                      275s
[2026-04-30 14:51:09,306][gurobipy][INFO] -   244802 variables added to crossover basis                      281s
[2026-04-30 14:51:14,228][gurobipy][INFO] -   244922 variables added to crossover basis                      286s
[2026-04-30 14:51:19,261][gurobipy][INFO] -   245042 variables added to crossover basis                      291s
[2026-04-30 14:51:24,546][gurobipy][INFO] -   245162 variables added to crossover basis                      296s
[2026-04-30 14:51:29,118][gurobipy][INFO] - 
[2026-04-30 14:51:29,143][gurobipy][INFO] - 
[2026-04-30 14:51:29,143][gurobipy][INFO] - Root relaxation: time limit, 245252 iterations, 261.64 seconds (409.87 work units)
[2026-04-30 14:51:29,145][gurobipy][INFO] - 
[2026-04-30 14:51:29,145][gurobipy][INFO] -     Nodes    |    Current Node    |     Objective Bounds      |     Work
[2026-04-30 14:51:29,145][gurobipy][INFO] -  Expl Unexpl |  Obj  Depth IntInf | Incumbent    BestBd   Gap | It/Node Time
[2026-04-30 14:51:29,145][gurobipy][INFO] - 
[2026-04-30 14:51:29,145][gurobipy][INFO] -      0     0          -    0         0.50000    0.00000   100%     -  300s
[2026-04-30 14:51:29,151][gurobipy][INFO] - 
[2026-04-30 14:51:29,151][gurobipy][INFO] - Explored 1 nodes (245252 simplex iterations) in 300.85 seconds (449.10 work units)
[2026-04-30 14:51:29,151][gurobipy][INFO] - Thread count was 32 (of 128 available processors)
[2026-04-30 14:51:29,151][gurobipy][INFO] - 
[2026-04-30 14:51:29,151][gurobipy][INFO] - Solution count 1: 0.5 
[2026-04-30 14:51:29,151][gurobipy][INFO] - 
[2026-04-30 14:51:29,151][gurobipy][INFO] - Time limit reached
[2026-04-30 14:51:29,152][gurobipy][INFO] - Best objective 5.000000000000e-01, best bound 3.875049695186e-14, gap 100.0000%
