[2026-05-03 16:18:13,825][gurobipy][INFO] - Set parameter WLSAccessID
[2026-05-03 16:18:13,825][gurobipy][INFO] - Set parameter WLSSecret
[2026-05-03 16:18:13,825][gurobipy][INFO] - Set parameter LicenseID to value 2619742
[2026-05-03 16:18:13,877][gurobipy][INFO] - Academic license 2619742 - for non-commercial use only - registered to it___@mail.huji.ac.il
[2026-05-03 16:18:13,878][gurobipy][INFO] - Set parameter OutputFlag to value 1
[2026-05-03 16:18:13,878][gurobipy][INFO] - Set parameter MIPGap to value 0
[2026-05-03 16:18:13,879][gurobipy][INFO] - Set parameter TimeLimit to value 300
[2026-05-03 16:18:25,527][gurobipy][INFO] - Gurobi Optimizer version 13.0.1 build v13.0.1rc0 (linux64 - "Ubuntu 22.04.5 LTS")
[2026-05-03 16:18:25,527][gurobipy][INFO] - 
[2026-05-03 16:18:25,527][gurobipy][INFO] - CPU model: Intel(R) Xeon(R) Platinum 8358 CPU @ 2.60GHz, instruction set [SSE2|AVX|AVX2|AVX512]
[2026-05-03 16:18:25,527][gurobipy][INFO] - Thread count: 64 physical cores, 128 logical processors, using up to 32 threads
[2026-05-03 16:18:25,527][gurobipy][INFO] - 
[2026-05-03 16:18:25,528][gurobipy][INFO] - Non-default parameters:
[2026-05-03 16:18:25,528][gurobipy][INFO] - TimeLimit  300
[2026-05-03 16:18:25,528][gurobipy][INFO] - MIPGap  0
[2026-05-03 16:18:25,528][gurobipy][INFO] - 
[2026-05-03 16:18:25,528][gurobipy][INFO] - Academic license 2619742 - for non-commercial use only - registered to it___@mail.huji.ac.il
[2026-05-03 16:18:25,528][gurobipy][INFO] - Optimize a model with 287992 rows, 60798 columns and 575984 nonzeros (Min)
[2026-05-03 16:18:25,534][gurobipy][INFO] - Model fingerprint: 0xaf1fc07a
[2026-05-03 16:18:25,535][gurobipy][INFO] - Model has 60798 linear objective coefficients and an objective constant of 9.9999999999999989e-01
[2026-05-03 16:18:25,535][gurobipy][INFO] - Variable types: 0 continuous, 60798 integer (60798 binary)
[2026-05-03 16:18:25,536][gurobipy][INFO] - Coefficient statistics:
[2026-05-03 16:18:25,536][gurobipy][INFO] -   Matrix range     [1e+00, 1e+00]
[2026-05-03 16:18:25,536][gurobipy][INFO] -   Objective range  [2e-05, 2e-05]
[2026-05-03 16:18:25,536][gurobipy][INFO] -   Bounds range     [1e+00, 1e+00]
[2026-05-03 16:18:25,536][gurobipy][INFO] -   RHS range        [1e+00, 1e+00]
[2026-05-03 16:18:25,536][gurobipy][INFO] - 
[2026-05-03 16:18:25,545][gurobipy][INFO] - Found heuristic solution: objective 0.0002138
[2026-05-03 16:18:27,752][gurobipy][INFO] - Presolve removed 287845 rows and 60755 columns
[2026-05-03 16:18:27,752][gurobipy][INFO] - Presolve time: 2.18s
[2026-05-03 16:18:27,754][gurobipy][INFO] - Presolved: 147 rows, 43 columns, 340 nonzeros
[2026-05-03 16:18:27,756][gurobipy][INFO] - Variable types: 0 continuous, 43 integer (43 binary)
[2026-05-03 16:18:27,765][gurobipy][INFO] - 
[2026-05-03 16:18:27,765][gurobipy][INFO] - Explored 0 nodes (0 simplex iterations) in 2.24 seconds (4.36 work units)
[2026-05-03 16:18:27,765][gurobipy][INFO] - Thread count was 32 (of 128 available processors)
[2026-05-03 16:18:27,765][gurobipy][INFO] - 
[2026-05-03 16:18:27,765][gurobipy][INFO] - Solution count 1: 0.000213823 
[2026-05-03 16:18:27,765][gurobipy][INFO] - 
[2026-05-03 16:18:27,765][gurobipy][INFO] - Optimal solution found (tolerance 0.00e+00)
[2026-05-03 16:18:27,767][gurobipy][INFO] - Best objective 2.138228230600e-04, best bound 2.138228230600e-04, gap 0.0000%
