[2026-05-03 16:21:30,783][gurobipy][INFO] - Set parameter WLSAccessID
[2026-05-03 16:21:30,783][gurobipy][INFO] - Set parameter WLSSecret
[2026-05-03 16:21:30,783][gurobipy][INFO] - Set parameter LicenseID to value 2619742
[2026-05-03 16:21:30,815][gurobipy][INFO] - Academic license 2619742 - for non-commercial use only - registered to it___@mail.huji.ac.il
[2026-05-03 16:21:30,816][gurobipy][INFO] - Set parameter OutputFlag to value 1
[2026-05-03 16:21:30,817][gurobipy][INFO] - Set parameter MIPGap to value 0
[2026-05-03 16:21:30,817][gurobipy][INFO] - Set parameter TimeLimit to value 300
[2026-05-03 16:22:34,851][gurobipy][INFO] - Gurobi Optimizer version 13.0.1 build v13.0.1rc0 (linux64 - "Ubuntu 22.04.5 LTS")
[2026-05-03 16:22:34,852][gurobipy][INFO] - 
[2026-05-03 16:22:34,852][gurobipy][INFO] - CPU model: Intel(R) Xeon(R) Platinum 8358 CPU @ 2.60GHz, instruction set [SSE2|AVX|AVX2|AVX512]
[2026-05-03 16:22:34,852][gurobipy][INFO] - Thread count: 64 physical cores, 128 logical processors, using up to 32 threads
[2026-05-03 16:22:34,852][gurobipy][INFO] - 
[2026-05-03 16:22:34,852][gurobipy][INFO] - Non-default parameters:
[2026-05-03 16:22:34,852][gurobipy][INFO] - TimeLimit  300
[2026-05-03 16:22:34,852][gurobipy][INFO] - MIPGap  0
[2026-05-03 16:22:34,852][gurobipy][INFO] - 
[2026-05-03 16:22:34,852][gurobipy][INFO] - Academic license 2619742 - for non-commercial use only - registered to it___@mail.huji.ac.il
[2026-05-03 16:22:34,853][gurobipy][INFO] - Optimize a model with 1575299 rows, 60798 columns and 3150598 nonzeros (Min)
[2026-05-03 16:22:34,884][gurobipy][INFO] - Model fingerprint: 0xf835e28d
[2026-05-03 16:22:34,884][gurobipy][INFO] - Model has 60798 linear objective coefficients and an objective constant of 9.9999999999999989e-01
[2026-05-03 16:22:34,884][gurobipy][INFO] - Variable types: 0 continuous, 60798 integer (60798 binary)
[2026-05-03 16:22:34,891][gurobipy][INFO] - Coefficient statistics:
[2026-05-03 16:22:34,891][gurobipy][INFO] -   Matrix range     [1e+00, 1e+00]
[2026-05-03 16:22:34,891][gurobipy][INFO] -   Objective range  [2e-05, 2e-05]
[2026-05-03 16:22:34,891][gurobipy][INFO] -   Bounds range     [1e+00, 1e+00]
[2026-05-03 16:22:34,891][gurobipy][INFO] -   RHS range        [1e+00, 1e+00]
[2026-05-03 16:22:34,891][gurobipy][INFO] - 
[2026-05-03 16:22:34,945][gurobipy][INFO] - Found heuristic solution: objective 0.0010033
[2026-05-03 16:22:40,113][gurobipy][INFO] - Presolve removed 85587 rows and 0 columns (presolve time = 5s)...
[2026-05-03 16:22:45,150][gurobipy][INFO] - Presolve removed 109347 rows and 0 columns (presolve time = 10s)...
[2026-05-03 16:22:49,494][gurobipy][INFO] - Presolve removed 1558909 rows and 60029 columns
[2026-05-03 16:22:49,494][gurobipy][INFO] - Presolve time: 14.38s
[2026-05-03 16:22:49,507][gurobipy][INFO] - Presolved: 16390 rows, 769 columns, 37509 nonzeros
[2026-05-03 16:22:49,518][gurobipy][INFO] - Variable types: 0 continuous, 769 integer (769 binary)
[2026-05-03 16:22:49,615][gurobipy][INFO] - Performing another presolve...
[2026-05-03 16:22:49,619][gurobipy][INFO] - Presolve removed 16390 rows and 769 columns
[2026-05-03 16:22:49,619][gurobipy][INFO] - Presolve time: 0.00s
[2026-05-03 16:22:49,663][gurobipy][INFO] - 
[2026-05-03 16:22:49,663][gurobipy][INFO] - Explored 1 nodes (0 simplex iterations) in 14.81 seconds (22.00 work units)
[2026-05-03 16:22:49,663][gurobipy][INFO] - Thread count was 32 (of 128 available processors)
[2026-05-03 16:22:49,663][gurobipy][INFO] - 
[2026-05-03 16:22:49,663][gurobipy][INFO] - Solution count 1: 0.00100332 
[2026-05-03 16:22:49,663][gurobipy][INFO] - 
[2026-05-03 16:22:49,663][gurobipy][INFO] - Optimal solution found (tolerance 0.00e+00)
[2026-05-03 16:22:49,678][gurobipy][INFO] - Best objective 1.003322477654e-03, best bound 1.003322477654e-03, gap 0.0000%
