[2026-04-30 14:54:54,910][gurobipy][INFO] - Set parameter WLSAccessID
[2026-04-30 14:54:54,911][gurobipy][INFO] - Set parameter WLSSecret
[2026-04-30 14:54:54,911][gurobipy][INFO] - Set parameter LicenseID to value 2619742
[2026-04-30 14:54:54,944][gurobipy][INFO] - Academic license 2619742 - for non-commercial use only - registered to it___@mail.huji.ac.il
[2026-04-30 14:54:54,945][gurobipy][INFO] - Set parameter OutputFlag to value 1
[2026-04-30 14:54:54,946][gurobipy][INFO] - Set parameter MIPGap to value 0
[2026-04-30 14:54:54,946][gurobipy][INFO] - Set parameter TimeLimit to value 300
[2026-04-30 14:55:11,791][gurobipy][INFO] - Gurobi Optimizer version 13.0.1 build v13.0.1rc0 (linux64 - "Ubuntu 22.04.5 LTS")
[2026-04-30 14:55:11,791][gurobipy][INFO] - 
[2026-04-30 14:55:11,791][gurobipy][INFO] - CPU model: Intel(R) Xeon(R) Platinum 8358 CPU @ 2.60GHz, instruction set [SSE2|AVX|AVX2|AVX512]
[2026-04-30 14:55:11,791][gurobipy][INFO] - Thread count: 64 physical cores, 128 logical processors, using up to 32 threads
[2026-04-30 14:55:11,791][gurobipy][INFO] - 
[2026-04-30 14:55:11,792][gurobipy][INFO] - Non-default parameters:
[2026-04-30 14:55:11,792][gurobipy][INFO] - TimeLimit  300
[2026-04-30 14:55:11,792][gurobipy][INFO] - MIPGap  0
[2026-04-30 14:55:11,792][gurobipy][INFO] - 
[2026-04-30 14:55:11,792][gurobipy][INFO] - Academic license 2619742 - for non-commercial use only - registered to it___@mail.huji.ac.il
[2026-04-30 14:55:11,792][gurobipy][INFO] - Optimize a model with 389684 rows, 5000 columns and 779368 nonzeros (Min)
[2026-04-30 14:55:11,799][gurobipy][INFO] - Model fingerprint: 0x308ebf79
[2026-04-30 14:55:11,799][gurobipy][INFO] - Model has 5000 linear objective coefficients and an objective constant of 1
[2026-04-30 14:55:11,799][gurobipy][INFO] - Variable types: 0 continuous, 5000 integer (5000 binary)
[2026-04-30 14:55:11,801][gurobipy][INFO] - Coefficient statistics:
[2026-04-30 14:55:11,801][gurobipy][INFO] -   Matrix range     [1e+00, 1e+00]
[2026-04-30 14:55:11,801][gurobipy][INFO] -   Objective range  [2e-04, 2e-04]
[2026-04-30 14:55:11,801][gurobipy][INFO] -   Bounds range     [1e+00, 1e+00]
[2026-04-30 14:55:11,801][gurobipy][INFO] -   RHS range        [1e+00, 1e+00]
[2026-04-30 14:55:11,801][gurobipy][INFO] - 
[2026-04-30 14:55:11,811][gurobipy][INFO] - Found heuristic solution: objective 0.0396000
[2026-04-30 14:55:16,887][gurobipy][INFO] - Presolve removed 163932 rows and 0 columns (presolve time = 5s)...
[2026-04-30 14:55:21,912][gurobipy][INFO] - Presolve removed 163932 rows and 0 columns (presolve time = 10s)...
[2026-04-30 14:55:26,911][gurobipy][INFO] - Presolve removed 163932 rows and 0 columns (presolve time = 15s)...
[2026-04-30 14:55:29,158][gurobipy][INFO] - Presolve removed 389684 rows and 5000 columns
[2026-04-30 14:55:29,158][gurobipy][INFO] - Presolve time: 17.31s
[2026-04-30 14:55:29,160][gurobipy][INFO] - Presolve: All rows and columns removed
[2026-04-30 14:55:29,172][gurobipy][INFO] - 
[2026-04-30 14:55:29,172][gurobipy][INFO] - Explored 0 nodes (0 simplex iterations) in 17.38 seconds (6.44 work units)
[2026-04-30 14:55:29,172][gurobipy][INFO] - Thread count was 1 (of 128 available processors)
[2026-04-30 14:55:29,172][gurobipy][INFO] - 
[2026-04-30 14:55:29,172][gurobipy][INFO] - Solution count 1: 0.0396 
[2026-04-30 14:55:29,172][gurobipy][INFO] - 
[2026-04-30 14:55:29,172][gurobipy][INFO] - Optimal solution found (tolerance 0.00e+00)
[2026-04-30 14:55:29,176][gurobipy][INFO] - Best objective 3.959999999999e-02, best bound 3.959999999999e-02, gap 0.0000%
