[2026-05-03 17:37:09,137][gurobipy][INFO] - Set parameter WLSAccessID
[2026-05-03 17:37:09,137][gurobipy][INFO] - Set parameter WLSSecret
[2026-05-03 17:37:09,137][gurobipy][INFO] - Set parameter LicenseID to value 2619742
[2026-05-03 17:37:09,146][gurobipy][INFO] - Academic license 2619742 - for non-commercial use only - registered to it___@mail.huji.ac.il
[2026-05-03 17:37:09,147][gurobipy][INFO] - Set parameter OutputFlag to value 1
[2026-05-03 17:37:09,147][gurobipy][INFO] - Set parameter MIPGap to value 0
[2026-05-03 17:37:09,147][gurobipy][INFO] - Set parameter TimeLimit to value 300
[2026-05-03 17:41:23,385][gurobipy][INFO] - Set parameter NonConvex to value 2
[2026-05-03 17:42:12,814][gurobipy][INFO] - Gurobi Optimizer version 13.0.1 build v13.0.1rc0 (linux64 - "Ubuntu 22.04.5 LTS")
[2026-05-03 17:42:12,815][gurobipy][INFO] - 
[2026-05-03 17:42:12,815][gurobipy][INFO] - CPU model: Intel(R) Xeon(R) Platinum 8358 CPU @ 2.60GHz, instruction set [SSE2|AVX|AVX2|AVX512]
[2026-05-03 17:42:12,815][gurobipy][INFO] - Thread count: 64 physical cores, 128 logical processors, using up to 32 threads
[2026-05-03 17:42:12,815][gurobipy][INFO] - 
[2026-05-03 17:42:12,815][gurobipy][INFO] - Non-default parameters:
[2026-05-03 17:42:12,815][gurobipy][INFO] - TimeLimit  300
[2026-05-03 17:42:12,815][gurobipy][INFO] - MIPGap  0
[2026-05-03 17:42:12,815][gurobipy][INFO] - NonConvex  2
[2026-05-03 17:42:12,815][gurobipy][INFO] - 
[2026-05-03 17:42:12,815][gurobipy][INFO] - Academic license 2619742 - for non-commercial use only - registered to it___@mail.huji.ac.il
[2026-05-03 17:42:12,815][gurobipy][INFO] - Optimize a model with 1645920 rows, 999930 columns and 3291840 nonzeros (Min)
[2026-05-03 17:42:13,429][gurobipy][INFO] - Model fingerprint: 0x9294b044
[2026-05-03 17:42:13,430][gurobipy][INFO] - Model has 999930 linear objective coefficients and an objective constant of 0.5
[2026-05-03 17:42:13,430][gurobipy][INFO] - Model has 40 quadratic constraints
[2026-05-03 17:42:13,431][gurobipy][INFO] - Variable types: 20 continuous, 999910 integer (999910 binary)
[2026-05-03 17:42:13,524][gurobipy][INFO] - Coefficient statistics:
[2026-05-03 17:42:13,525][gurobipy][INFO] -   Matrix range     [1e+00, 1e+00]
[2026-05-03 17:42:13,525][gurobipy][INFO] -   QMatrix range    [1e+00, 1e+00]
[2026-05-03 17:42:13,525][gurobipy][INFO] -   QLMatrix range   [9e-05, 1e+00]
[2026-05-03 17:42:13,525][gurobipy][INFO] -   Objective range  [5e-07, 3e-02]
[2026-05-03 17:42:13,525][gurobipy][INFO] -   Bounds range     [1e+00, 1e+00]
[2026-05-03 17:42:13,525][gurobipy][INFO] -   RHS range        [1e+00, 1e+00]
[2026-05-03 17:42:13,525][gurobipy][INFO] - 
[2026-05-03 17:42:13,782][gurobipy][INFO] - Found heuristic solution: objective 0.5000000
[2026-05-03 17:42:23,913][gurobipy][INFO] - Presolve removed 0 rows and 0 columns (presolve time = 8s)...
[2026-05-03 17:42:26,026][gurobipy][INFO] - Presolve removed 0 rows and 0 columns (presolve time = 11s)...
[2026-05-03 17:42:31,965][gurobipy][INFO] - Presolve removed 0 rows and 0 columns (presolve time = 17s)...
[2026-05-03 17:42:36,202][gurobipy][INFO] - Presolve removed 0 rows and 0 columns (presolve time = 21s)...
[2026-05-03 17:42:40,444][gurobipy][INFO] - Presolve removed 0 rows and 0 columns (presolve time = 25s)...
[2026-05-03 17:42:45,444][gurobipy][INFO] - Presolve removed 0 rows and 0 columns (presolve time = 30s)...
[2026-05-03 17:42:50,448][gurobipy][INFO] - Presolve removed 441072 rows and 0 columns (presolve time = 35s)...
[2026-05-03 17:42:55,445][gurobipy][INFO] - Presolve removed 441072 rows and 0 columns (presolve time = 40s)...
[2026-05-03 17:43:00,547][gurobipy][INFO] - Presolve removed 441072 rows and 0 columns (presolve time = 45s)...
[2026-05-03 17:43:05,452][gurobipy][INFO] - Presolve removed 441072 rows and 0 columns (presolve time = 50s)...
[2026-05-03 17:43:11,024][gurobipy][INFO] - Presolve removed 441072 rows and 0 columns (presolve time = 56s)...
[2026-05-03 17:43:16,735][gurobipy][INFO] - Presolve removed 441072 rows and 0 columns (presolve time = 61s)...
[2026-05-03 17:43:20,444][gurobipy][INFO] - Presolve removed 441072 rows and 0 columns (presolve time = 65s)...
[2026-05-03 17:43:25,458][gurobipy][INFO] - Presolve removed 441072 rows and 0 columns (presolve time = 70s)...
[2026-05-03 17:43:31,841][gurobipy][INFO] - Presolve removed 441072 rows and 0 columns (presolve time = 76s)...
[2026-05-03 17:43:35,547][gurobipy][INFO] - Presolve removed 441072 rows and 0 columns (presolve time = 80s)...
[2026-05-03 17:43:43,886][gurobipy][INFO] - Presolve removed 441072 rows and 0 columns (presolve time = 88s)...
[2026-05-03 17:43:45,602][gurobipy][INFO] - Presolve removed 441072 rows and 0 columns (presolve time = 90s)...
[2026-05-03 17:43:50,470][gurobipy][INFO] - Presolve removed 441072 rows and 0 columns (presolve time = 95s)...
[2026-05-03 17:43:55,505][gurobipy][INFO] - Presolve removed 441072 rows and 0 columns (presolve time = 100s)...
[2026-05-03 17:44:00,790][gurobipy][INFO] - Presolve removed 441072 rows and 0 columns (presolve time = 105s)...
[2026-05-03 17:45:15,821][gurobipy][INFO] - Presolve removed 441072 rows and 0 columns (presolve time = 180s)...
[2026-05-03 17:45:15,821][gurobipy][INFO] - Presolve added 0 rows and 20 columns
[2026-05-03 17:45:15,821][gurobipy][INFO] - Presolve removed 441032 rows and 0 columns
[2026-05-03 17:45:15,821][gurobipy][INFO] - Presolve time: 180.38s
[2026-05-03 17:45:15,949][gurobipy][INFO] - Presolved: 41201308 rows, 60994550 columns, 162836320 nonzeros
[2026-05-03 17:45:15,949][gurobipy][INFO] - Presolved model has 39996400 SOS constraint(s)
