[2026-05-03 15:39:21,268][gurobipy][INFO] - Set parameter WLSAccessID
[2026-05-03 15:39:21,269][gurobipy][INFO] - Set parameter WLSSecret
[2026-05-03 15:39:21,269][gurobipy][INFO] - Set parameter LicenseID to value 2619742
[2026-05-03 15:39:21,278][gurobipy][INFO] - Academic license 2619742 - for non-commercial use only - registered to it___@mail.huji.ac.il
[2026-05-03 15:39:21,279][gurobipy][INFO] - Set parameter OutputFlag to value 1
[2026-05-03 15:39:21,279][gurobipy][INFO] - Set parameter MIPGap to value 0
[2026-05-03 15:39:21,279][gurobipy][INFO] - Set parameter TimeLimit to value 300
[2026-05-03 15:39:21,334][gurobipy][INFO] - Set parameter WLSAccessID
[2026-05-03 15:39:21,335][gurobipy][INFO] - Set parameter WLSSecret
[2026-05-03 15:39:21,335][gurobipy][INFO] - Set parameter LicenseID to value 2619742
[2026-05-03 15:39:21,361][gurobipy][INFO] - Academic license 2619742 - for non-commercial use only - registered to it___@mail.huji.ac.il
[2026-05-03 15:39:21,361][gurobipy][INFO] - Set parameter OutputFlag to value 1
[2026-05-03 15:39:21,362][gurobipy][INFO] - Set parameter MIPGap to value 0
[2026-05-03 15:39:21,362][gurobipy][INFO] - Set parameter TimeLimit to value 300
[2026-05-03 15:39:21,376][gurobipy][INFO] - Set parameter WLSAccessID
[2026-05-03 15:39:21,376][gurobipy][INFO] - Set parameter WLSSecret
[2026-05-03 15:39:21,376][gurobipy][INFO] - Set parameter LicenseID to value 2619742
[2026-05-03 15:39:21,425][gurobipy][INFO] - Academic license 2619742 - for non-commercial use only - registered to it___@mail.huji.ac.il
[2026-05-03 15:39:21,426][gurobipy][INFO] - Set parameter OutputFlag to value 1
[2026-05-03 15:39:21,427][gurobipy][INFO] - Set parameter MIPGap to value 0
[2026-05-03 15:39:21,427][gurobipy][INFO] - Set parameter TimeLimit to value 300
[2026-05-03 15:39:30,003][gurobipy][INFO] - Set parameter NonConvex to value 2
[2026-05-03 15:39:31,865][gurobipy][INFO] - Gurobi Optimizer version 13.0.1 build v13.0.1rc0 (linux64 - "Ubuntu 22.04.5 LTS")
[2026-05-03 15:39:31,865][gurobipy][INFO] - 
[2026-05-03 15:39:31,865][gurobipy][INFO] - CPU model: Intel(R) Xeon(R) Platinum 8358 CPU @ 2.60GHz, instruction set [SSE2|AVX|AVX2|AVX512]
[2026-05-03 15:39:31,865][gurobipy][INFO] - Thread count: 64 physical cores, 128 logical processors, using up to 32 threads
[2026-05-03 15:39:31,865][gurobipy][INFO] - 
[2026-05-03 15:39:31,865][gurobipy][INFO] - Non-default parameters:
[2026-05-03 15:39:31,865][gurobipy][INFO] - TimeLimit  300
[2026-05-03 15:39:31,865][gurobipy][INFO] - MIPGap  0
[2026-05-03 15:39:31,865][gurobipy][INFO] - NonConvex  2
[2026-05-03 15:39:31,865][gurobipy][INFO] - 
[2026-05-03 15:39:31,866][gurobipy][INFO] - Academic license 2619742 - for non-commercial use only - registered to it___@mail.huji.ac.il
[2026-05-03 15:39:31,866][gurobipy][INFO] - Optimize a model with 215587 rows, 48862 columns and 431174 nonzeros (Min)
[2026-05-03 15:39:31,896][gurobipy][INFO] - Model fingerprint: 0xd31a1ea1
[2026-05-03 15:39:31,896][gurobipy][INFO] - Model has 48862 linear objective coefficients and an objective constant of 0.5
[2026-05-03 15:39:31,896][gurobipy][INFO] - Model has 40 quadratic constraints
[2026-05-03 15:39:31,896][gurobipy][INFO] - Variable types: 20 continuous, 48842 integer (48842 binary)
[2026-05-03 15:39:31,900][gurobipy][INFO] - Coefficient statistics:
[2026-05-03 15:39:31,900][gurobipy][INFO] -   Matrix range     [1e+00, 1e+00]
[2026-05-03 15:39:31,900][gurobipy][INFO] -   QMatrix range    [1e+00, 1e+00]
[2026-05-03 15:39:31,900][gurobipy][INFO] -   QLMatrix range   [1e-05, 1e+00]
[2026-05-03 15:39:31,900][gurobipy][INFO] -   Objective range  [1e-05, 3e-02]
[2026-05-03 15:39:31,900][gurobipy][INFO] -   Bounds range     [1e+00, 1e+00]
[2026-05-03 15:39:31,900][gurobipy][INFO] -   RHS range        [1e+00, 1e+00]
[2026-05-03 15:39:31,900][gurobipy][INFO] - 
[2026-05-03 15:39:31,912][gurobipy][INFO] - Found heuristic solution: objective 0.5000000
[2026-05-03 15:39:40,736][gurobipy][INFO] - Presolve removed 74305 rows and 0 columns (presolve time = 9s)...
[2026-05-03 15:39:40,736][gurobipy][INFO] - Presolve added 0 rows and 17 columns
[2026-05-03 15:39:40,736][gurobipy][INFO] - Presolve removed 74271 rows and 0 columns
[2026-05-03 15:39:40,736][gurobipy][INFO] - Presolve time: 8.75s
[2026-05-03 15:39:40,740][gurobipy][INFO] - Presolved: 2095016 rows, 2979399 columns, 7878574 nonzeros
[2026-05-03 15:39:40,740][gurobipy][INFO] - Presolved model has 1953680 SOS constraint(s)
[2026-05-03 15:39:50,413][gurobipy][INFO] - Variable types: 1953717 continuous, 1025682 integer (1025682 binary)
[2026-05-03 15:39:59,503][gurobipy][INFO] - Set parameter NonConvex to value 2
[2026-05-03 15:40:01,531][gurobipy][INFO] - Gurobi Optimizer version 13.0.1 build v13.0.1rc0 (linux64 - "Ubuntu 22.04.5 LTS")
[2026-05-03 15:40:01,532][gurobipy][INFO] - 
[2026-05-03 15:40:01,532][gurobipy][INFO] - CPU model: Intel(R) Xeon(R) Platinum 8358 CPU @ 2.60GHz, instruction set [SSE2|AVX|AVX2|AVX512]
[2026-05-03 15:40:01,532][gurobipy][INFO] - Thread count: 64 physical cores, 128 logical processors, using up to 32 threads
[2026-05-03 15:40:01,532][gurobipy][INFO] - 
[2026-05-03 15:40:01,532][gurobipy][INFO] - Non-default parameters:
[2026-05-03 15:40:01,532][gurobipy][INFO] - TimeLimit  300
[2026-05-03 15:40:01,532][gurobipy][INFO] - MIPGap  0
[2026-05-03 15:40:01,532][gurobipy][INFO] - NonConvex  2
[2026-05-03 15:40:01,532][gurobipy][INFO] - 
[2026-05-03 15:40:01,532][gurobipy][INFO] - Academic license 2619742 - for non-commercial use only - registered to it___@mail.huji.ac.il
[2026-05-03 15:40:01,532][gurobipy][INFO] - Optimize a model with 955631 rows, 48862 columns and 1911262 nonzeros (Min)
[2026-05-03 15:40:01,577][gurobipy][INFO] - Model fingerprint: 0xfcf921ed
[2026-05-03 15:40:01,577][gurobipy][INFO] - Model has 48862 linear objective coefficients and an objective constant of 0.5
[2026-05-03 15:40:01,577][gurobipy][INFO] - Model has 40 quadratic constraints
[2026-05-03 15:40:01,577][gurobipy][INFO] - Variable types: 20 continuous, 48842 integer (48842 binary)
[2026-05-03 15:40:01,584][gurobipy][INFO] - Coefficient statistics:
[2026-05-03 15:40:01,584][gurobipy][INFO] -   Matrix range     [1e+00, 1e+00]
[2026-05-03 15:40:01,584][gurobipy][INFO] -   QMatrix range    [1e+00, 1e+00]
[2026-05-03 15:40:01,584][gurobipy][INFO] -   QLMatrix range   [7e-06, 1e+00]
[2026-05-03 15:40:01,584][gurobipy][INFO] -   Objective range  [1e-05, 3e-02]
[2026-05-03 15:40:01,584][gurobipy][INFO] -   Bounds range     [1e+00, 1e+00]
[2026-05-03 15:40:01,584][gurobipy][INFO] -   RHS range        [1e+00, 1e+00]
[2026-05-03 15:40:01,584][gurobipy][INFO] - 
[2026-05-03 15:40:01,607][gurobipy][INFO] - Found heuristic solution: objective 0.5000000
[2026-05-03 15:40:07,111][gurobipy][INFO] - Presolve removed 0 rows and 0 columns (presolve time = 5s)...
[2026-05-03 15:40:11,752][gurobipy][INFO] - Presolve removed 284510 rows and 0 columns (presolve time = 10s)...
[2026-05-03 15:40:16,765][gurobipy][INFO] - Presolve removed 284510 rows and 0 columns (presolve time = 15s)...
[2026-05-03 15:40:21,754][gurobipy][INFO] - Presolve removed 284510 rows and 0 columns (presolve time = 20s)...
[2026-05-03 15:40:28,868][gurobipy][INFO] - Presolve removed 284510 rows and 0 columns (presolve time = 27s)...
[2026-05-03 15:40:28,868][gurobipy][INFO] - Presolve added 0 rows and 17 columns
[2026-05-03 15:40:28,868][gurobipy][INFO] - Presolve removed 284476 rows and 0 columns
[2026-05-03 15:40:28,868][gurobipy][INFO] - Presolve time: 27.13s
[2026-05-03 15:40:28,873][gurobipy][INFO] - Presolved: 2624855 rows, 2979399 columns, 9148220 nonzeros
[2026-05-03 15:40:28,873][gurobipy][INFO] - Presolved model has 1953680 SOS constraint(s)
[2026-05-03 15:40:38,596][gurobipy][INFO] - Set parameter NonConvex to value 2
[2026-05-03 15:40:40,396][gurobipy][INFO] - Variable types: 1953717 continuous, 1025682 integer (1025682 binary)
[2026-05-03 15:40:41,261][gurobipy][INFO] - Gurobi Optimizer version 13.0.1 build v13.0.1rc0 (linux64 - "Ubuntu 22.04.5 LTS")
[2026-05-03 15:40:41,261][gurobipy][INFO] - 
[2026-05-03 15:40:41,261][gurobipy][INFO] - CPU model: Intel(R) Xeon(R) Platinum 8358 CPU @ 2.60GHz, instruction set [SSE2|AVX|AVX2|AVX512]
[2026-05-03 15:40:41,261][gurobipy][INFO] - Thread count: 64 physical cores, 128 logical processors, using up to 32 threads
[2026-05-03 15:40:41,261][gurobipy][INFO] - 
[2026-05-03 15:40:41,261][gurobipy][INFO] - Non-default parameters:
[2026-05-03 15:40:41,261][gurobipy][INFO] - TimeLimit  300
[2026-05-03 15:40:41,261][gurobipy][INFO] - MIPGap  0
[2026-05-03 15:40:41,262][gurobipy][INFO] - NonConvex  2
[2026-05-03 15:40:41,262][gurobipy][INFO] - 
[2026-05-03 15:40:41,262][gurobipy][INFO] - Academic license 2619742 - for non-commercial use only - registered to it___@mail.huji.ac.il
[2026-05-03 15:40:41,262][gurobipy][INFO] - Optimize a model with 1879984 rows, 48862 columns and 3759968 nonzeros (Min)
[2026-05-03 15:40:41,327][gurobipy][INFO] - Model fingerprint: 0xf8116358
[2026-05-03 15:40:41,327][gurobipy][INFO] - Model has 48862 linear objective coefficients and an objective constant of 0.5
[2026-05-03 15:40:41,327][gurobipy][INFO] - Model has 40 quadratic constraints
[2026-05-03 15:40:41,328][gurobipy][INFO] - Variable types: 20 continuous, 48842 integer (48842 binary)
[2026-05-03 15:40:41,338][gurobipy][INFO] - Coefficient statistics:
[2026-05-03 15:40:41,338][gurobipy][INFO] -   Matrix range     [1e+00, 1e+00]
[2026-05-03 15:40:41,338][gurobipy][INFO] -   QMatrix range    [1e+00, 1e+00]
[2026-05-03 15:40:41,338][gurobipy][INFO] -   QLMatrix range   [3e-05, 1e+00]
[2026-05-03 15:40:41,338][gurobipy][INFO] -   Objective range  [1e-05, 3e-02]
[2026-05-03 15:40:41,339][gurobipy][INFO] -   Bounds range     [1e+00, 1e+00]
[2026-05-03 15:40:41,339][gurobipy][INFO] -   RHS range        [1e+00, 1e+00]
[2026-05-03 15:40:41,339][gurobipy][INFO] - 
[2026-05-03 15:40:41,391][gurobipy][INFO] - Found heuristic solution: objective 0.5000000
[2026-05-03 15:40:46,700][gurobipy][INFO] - Presolve removed 0 rows and 0 columns (presolve time = 5s)...
[2026-05-03 15:40:51,738][gurobipy][INFO] - Presolve removed 287098 rows and 0 columns (presolve time = 10s)...
[2026-05-03 15:40:56,723][gurobipy][INFO] - Presolve removed 287655 rows and 0 columns (presolve time = 15s)...
[2026-05-03 15:41:01,705][gurobipy][INFO] - Presolve removed 298363 rows and 0 columns (presolve time = 20s)...
[2026-05-03 15:41:06,713][gurobipy][INFO] - Presolve removed 298969 rows and 0 columns (presolve time = 25s)...
[2026-05-03 15:41:11,720][gurobipy][INFO] - Presolve removed 301954 rows and 0 columns (presolve time = 30s)...
[2026-05-03 15:41:17,006][gurobipy][INFO] - Presolve removed 303010 rows and 0 columns (presolve time = 35s)...
[2026-05-03 15:41:21,704][gurobipy][INFO] - Presolve removed 303010 rows and 0 columns (presolve time = 40s)...
[2026-05-03 15:41:26,799][gurobipy][INFO] - Presolve removed 303010 rows and 0 columns (presolve time = 45s)...
[2026-05-03 15:41:31,738][gurobipy][INFO] - Presolve removed 303010 rows and 0 columns (presolve time = 50s)...
[2026-05-03 15:41:36,699][gurobipy][INFO] - Presolve removed 303010 rows and 0 columns (presolve time = 55s)...
[2026-05-03 15:41:47,912][gurobipy][INFO] - Presolve removed 303010 rows and 0 columns (presolve time = 66s)...
[2026-05-03 15:41:47,912][gurobipy][INFO] - Presolve added 0 rows and 18 columns
[2026-05-03 15:41:47,912][gurobipy][INFO] - Presolve removed 302974 rows and 0 columns
[2026-05-03 15:41:47,912][gurobipy][INFO] - Presolve time: 66.21s
[2026-05-03 15:41:47,920][gurobipy][INFO] - Presolved: 3530710 rows, 2979400 columns, 11081227 nonzeros
[2026-05-03 15:41:47,921][gurobipy][INFO] - Presolved model has 1953680 SOS constraint(s)
[2026-05-03 15:42:02,223][gurobipy][INFO] - Variable types: 1953718 continuous, 1025682 integer (1025682 binary)
[2026-05-03 15:45:05,358][gurobipy][INFO] - 
[2026-05-03 15:45:05,358][gurobipy][INFO] - Explored 1 nodes (0 simplex iterations) in 303.83 seconds (427.62 work units)
[2026-05-03 15:45:05,358][gurobipy][INFO] - Thread count was 32 (of 128 available processors)
[2026-05-03 15:45:05,358][gurobipy][INFO] - 
[2026-05-03 15:45:05,358][gurobipy][INFO] - Solution count 1: 0.5 
[2026-05-03 15:45:05,358][gurobipy][INFO] - 
[2026-05-03 15:45:05,358][gurobipy][INFO] - Time limit reached
[2026-05-03 15:45:05,373][gurobipy][INFO] - Best objective 5.000000000000e-01, best bound 1.811682958329e-13, gap 100.0000%
[2026-05-03 15:45:41,799][gurobipy][INFO] - 
[2026-05-03 15:45:41,799][gurobipy][INFO] - Explored 1 nodes (0 simplex iterations) in 300.54 seconds (273.68 work units)
[2026-05-03 15:45:41,800][gurobipy][INFO] - Thread count was 32 (of 128 available processors)
[2026-05-03 15:45:41,800][gurobipy][INFO] - 
[2026-05-03 15:45:41,800][gurobipy][INFO] - Solution count 1: 0.5 
[2026-05-03 15:45:41,800][gurobipy][INFO] - 
[2026-05-03 15:45:41,800][gurobipy][INFO] - Time limit reached
[2026-05-03 15:45:41,833][gurobipy][INFO] - Best objective 5.000000000000e-01, best bound 1.811682958329e-13, gap 100.0000%
[2026-05-03 16:03:47,208][gurobipy][INFO] - 
[2026-05-03 16:03:47,208][gurobipy][INFO] - Explored 1 nodes (0 simplex iterations) in 1455.34 seconds (1436.64 work units)
[2026-05-03 16:03:47,208][gurobipy][INFO] - Thread count was 32 (of 128 available processors)
[2026-05-03 16:03:47,208][gurobipy][INFO] - 
[2026-05-03 16:03:47,208][gurobipy][INFO] - Solution count 1: 0.5 
[2026-05-03 16:03:47,208][gurobipy][INFO] - 
[2026-05-03 16:03:47,208][gurobipy][INFO] - Time limit reached
[2026-05-03 16:03:47,214][gurobipy][INFO] - Best objective 5.000000000000e-01, best bound 1.811682958329e-13, gap 100.0000%
