[2026-05-03 16:19:45,457][gurobipy][INFO] - Set parameter WLSAccessID
[2026-05-03 16:19:45,457][gurobipy][INFO] - Set parameter WLSSecret
[2026-05-03 16:19:45,457][gurobipy][INFO] - Set parameter LicenseID to value 2619742
[2026-05-03 16:19:45,490][gurobipy][INFO] - Academic license 2619742 - for non-commercial use only - registered to it___@mail.huji.ac.il
[2026-05-03 16:19:45,492][gurobipy][INFO] - Set parameter OutputFlag to value 1
[2026-05-03 16:19:45,492][gurobipy][INFO] - Set parameter MIPGap to value 0
[2026-05-03 16:19:45,492][gurobipy][INFO] - Set parameter TimeLimit to value 300
[2026-05-03 16:24:18,746][gurobipy][INFO] - Gurobi Optimizer version 13.0.1 build v13.0.1rc0 (linux64 - "Ubuntu 22.04.5 LTS")
[2026-05-03 16:24:18,746][gurobipy][INFO] - 
[2026-05-03 16:24:18,746][gurobipy][INFO] - CPU model: Intel(R) Xeon(R) Platinum 8358 CPU @ 2.60GHz, instruction set [SSE2|AVX|AVX2|AVX512]
[2026-05-03 16:24:18,746][gurobipy][INFO] - Thread count: 64 physical cores, 128 logical processors, using up to 32 threads
[2026-05-03 16:24:18,746][gurobipy][INFO] - 
[2026-05-03 16:24:18,746][gurobipy][INFO] - Non-default parameters:
[2026-05-03 16:24:18,747][gurobipy][INFO] - TimeLimit  300
[2026-05-03 16:24:18,747][gurobipy][INFO] - MIPGap  0
[2026-05-03 16:24:18,747][gurobipy][INFO] - 
[2026-05-03 16:24:18,747][gurobipy][INFO] - Academic license 2619742 - for non-commercial use only - registered to it___@mail.huji.ac.il
[2026-05-03 16:24:18,747][gurobipy][INFO] - Optimize a model with 6758283 rows, 60798 columns and 13516566 nonzeros (Min)
[2026-05-03 16:24:18,877][gurobipy][INFO] - Model fingerprint: 0x9bc6f3af
[2026-05-03 16:24:18,878][gurobipy][INFO] - Model has 60798 linear objective coefficients and an objective constant of 9.9999999999999989e-01
[2026-05-03 16:24:18,878][gurobipy][INFO] - Variable types: 0 continuous, 60798 integer (60798 binary)
[2026-05-03 16:24:18,901][gurobipy][INFO] - Coefficient statistics:
[2026-05-03 16:24:18,901][gurobipy][INFO] -   Matrix range     [1e+00, 1e+00]
[2026-05-03 16:24:18,901][gurobipy][INFO] -   Objective range  [2e-05, 2e-05]
[2026-05-03 16:24:18,901][gurobipy][INFO] -   Bounds range     [1e+00, 1e+00]
[2026-05-03 16:24:18,901][gurobipy][INFO] -   RHS range        [1e+00, 1e+00]
[2026-05-03 16:24:18,901][gurobipy][INFO] - 
[2026-05-03 16:24:19,199][gurobipy][INFO] - Found heuristic solution: objective 0.0038159
[2026-05-03 16:24:25,469][gurobipy][INFO] - Presolve removed 0 rows and 0 columns (presolve time = 5s)...
[2026-05-03 16:24:30,308][gurobipy][INFO] - Presolve removed 0 rows and 0 columns (presolve time = 10s)...
[2026-05-03 16:24:35,671][gurobipy][INFO] - Presolve removed 0 rows and 0 columns (presolve time = 15s)...
[2026-05-03 16:24:40,408][gurobipy][INFO] - Presolve removed 0 rows and 0 columns (presolve time = 20s)...
[2026-05-03 16:24:45,442][gurobipy][INFO] - Presolve removed 251468 rows and 0 columns (presolve time = 25s)...
[2026-05-03 16:24:50,602][gurobipy][INFO] - Presolve removed 262509 rows and 0 columns (presolve time = 30s)...
[2026-05-03 16:24:55,357][gurobipy][INFO] - Presolve removed 266424 rows and 0 columns (presolve time = 35s)...
[2026-05-03 16:25:00,403][gurobipy][INFO] - Presolve removed 266424 rows and 0 columns (presolve time = 40s)...
[2026-05-03 16:25:05,490][gurobipy][INFO] - Presolve removed 270367 rows and 0 columns (presolve time = 45s)...
[2026-05-03 16:25:10,446][gurobipy][INFO] - Presolve removed 272922 rows and 0 columns (presolve time = 50s)...
[2026-05-03 16:25:15,335][gurobipy][INFO] - Presolve removed 272970 rows and 0 columns (presolve time = 55s)...
[2026-05-03 16:25:20,500][gurobipy][INFO] - Presolve removed 274287 rows and 0 columns (presolve time = 60s)...
[2026-05-03 16:25:25,573][gurobipy][INFO] - Presolve removed 274287 rows and 0 columns (presolve time = 65s)...
[2026-05-03 16:25:30,510][gurobipy][INFO] - Presolve removed 280309 rows and 0 columns (presolve time = 70s)...
[2026-05-03 16:25:35,402][gurobipy][INFO] - Presolve removed 291896 rows and 0 columns (presolve time = 75s)...
[2026-05-03 16:25:40,470][gurobipy][INFO] - Presolve removed 293904 rows and 0 columns (presolve time = 80s)...
[2026-05-03 16:25:45,610][gurobipy][INFO] - Presolve removed 296605 rows and 0 columns (presolve time = 85s)...
[2026-05-03 16:25:50,322][gurobipy][INFO] - Presolve removed 300574 rows and 0 columns (presolve time = 90s)...
[2026-05-03 16:25:55,309][gurobipy][INFO] - Presolve removed 300574 rows and 0 columns (presolve time = 95s)...
[2026-05-03 16:26:01,472][gurobipy][INFO] - Presolve removed 300574 rows and 0 columns (presolve time = 101s)...
[2026-05-03 16:26:05,318][gurobipy][INFO] - Presolve removed 300574 rows and 0 columns (presolve time = 105s)...
[2026-05-03 16:26:10,359][gurobipy][INFO] - Presolve removed 300574 rows and 0 columns (presolve time = 110s)...
[2026-05-03 16:26:15,352][gurobipy][INFO] - Presolve removed 300574 rows and 0 columns (presolve time = 115s)...
[2026-05-03 16:26:20,314][gurobipy][INFO] - Presolve removed 300574 rows and 0 columns (presolve time = 120s)...
[2026-05-03 16:26:25,422][gurobipy][INFO] - Presolve removed 300574 rows and 0 columns (presolve time = 125s)...
[2026-05-03 16:26:30,577][gurobipy][INFO] - Presolve removed 300574 rows and 0 columns (presolve time = 130s)...
[2026-05-03 16:26:35,383][gurobipy][INFO] - Presolve removed 300574 rows and 0 columns (presolve time = 135s)...
[2026-05-03 16:26:40,388][gurobipy][INFO] - Presolve removed 300574 rows and 0 columns (presolve time = 140s)...
[2026-05-03 16:26:45,335][gurobipy][INFO] - Presolve removed 300574 rows and 0 columns (presolve time = 145s)...
[2026-05-03 16:26:50,575][gurobipy][INFO] - Presolve removed 300574 rows and 0 columns (presolve time = 150s)...
[2026-05-03 16:26:55,402][gurobipy][INFO] - Presolve removed 300574 rows and 0 columns (presolve time = 155s)...
[2026-05-03 16:27:00,404][gurobipy][INFO] - Presolve removed 300574 rows and 0 columns (presolve time = 160s)...
[2026-05-03 16:27:05,317][gurobipy][INFO] - Presolve removed 300574 rows and 0 columns (presolve time = 165s)...
[2026-05-03 16:27:10,949][gurobipy][INFO] - Presolve removed 6053828 rows and 54052 columns (presolve time = 171s)...
[2026-05-03 16:27:10,949][gurobipy][INFO] - Presolve removed 6053828 rows and 54052 columns
[2026-05-03 16:27:10,949][gurobipy][INFO] - Presolve time: 170.64s
[2026-05-03 16:27:11,005][gurobipy][INFO] - Presolved: 704455 rows, 6746 columns, 1481128 nonzeros
[2026-05-03 16:27:11,452][gurobipy][INFO] - Variable types: 0 continuous, 6746 integer (6746 binary)
[2026-05-03 16:27:11,916][gurobipy][INFO] - Performing another presolve...
[2026-05-03 16:27:12,100][gurobipy][INFO] - Presolve removed 704270 rows and 6716 columns
[2026-05-03 16:27:12,100][gurobipy][INFO] - Presolve time: 0.18s
[2026-05-03 16:27:13,549][gurobipy][INFO] - 
[2026-05-03 16:27:13,549][gurobipy][INFO] - Explored 1 nodes (0 simplex iterations) in 174.80 seconds (112.25 work units)
[2026-05-03 16:27:13,549][gurobipy][INFO] - Thread count was 32 (of 128 available processors)
[2026-05-03 16:27:13,549][gurobipy][INFO] - 
[2026-05-03 16:27:13,549][gurobipy][INFO] - Solution count 2: 0.00381591 0.00402974 
[2026-05-03 16:27:13,549][gurobipy][INFO] - 
[2026-05-03 16:27:13,549][gurobipy][INFO] - Optimal solution found (tolerance 0.00e+00)
[2026-05-03 16:27:13,725][gurobipy][INFO] - Best objective 3.815914997145e-03, best bound 3.815914997145e-03, gap 0.0000%
