[2026-05-03 16:24:33,853][gurobipy][INFO] - Set parameter WLSAccessID
[2026-05-03 16:24:33,853][gurobipy][INFO] - Set parameter WLSSecret
[2026-05-03 16:24:33,853][gurobipy][INFO] - Set parameter LicenseID to value 2619742
[2026-05-03 16:24:33,925][gurobipy][INFO] - Academic license 2619742 - for non-commercial use only - registered to it___@mail.huji.ac.il
[2026-05-03 16:24:33,926][gurobipy][INFO] - Set parameter OutputFlag to value 1
[2026-05-03 16:24:33,927][gurobipy][INFO] - Set parameter MIPGap to value 0
[2026-05-03 16:24:33,927][gurobipy][INFO] - Set parameter TimeLimit to value 300
[2026-05-03 16:36:02,819][gurobipy][INFO] - Gurobi Optimizer version 13.0.1 build v13.0.1rc0 (linux64 - "Ubuntu 22.04.5 LTS")
[2026-05-03 16:36:02,819][gurobipy][INFO] - 
[2026-05-03 16:36:02,819][gurobipy][INFO] - CPU model: Intel(R) Xeon(R) Platinum 8358 CPU @ 2.60GHz, instruction set [SSE2|AVX|AVX2|AVX512]
[2026-05-03 16:36:02,819][gurobipy][INFO] - Thread count: 64 physical cores, 128 logical processors, using up to 32 threads
[2026-05-03 16:36:02,819][gurobipy][INFO] - 
[2026-05-03 16:36:02,819][gurobipy][INFO] - Non-default parameters:
[2026-05-03 16:36:02,819][gurobipy][INFO] - TimeLimit  300
[2026-05-03 16:36:02,819][gurobipy][INFO] - MIPGap  0
[2026-05-03 16:36:02,820][gurobipy][INFO] - 
[2026-05-03 16:36:03,084][gurobipy][INFO] - Academic license 2619742 - for non-commercial use only - registered to it___@mail.huji.ac.il
[2026-05-03 16:36:03,084][gurobipy][INFO] - Optimize a model with 17152734 rows, 60798 columns and 34305468 nonzeros (Min)
[2026-05-03 16:36:03,442][gurobipy][INFO] - Model fingerprint: 0xaddd0ed2
[2026-05-03 16:36:03,443][gurobipy][INFO] - Model has 60798 linear objective coefficients and an objective constant of 9.9999999999999989e-01
[2026-05-03 16:36:03,443][gurobipy][INFO] - Variable types: 0 continuous, 60798 integer (60798 binary)
[2026-05-03 16:36:03,502][gurobipy][INFO] - Coefficient statistics:
[2026-05-03 16:36:03,503][gurobipy][INFO] -   Matrix range     [1e+00, 1e+00]
[2026-05-03 16:36:03,503][gurobipy][INFO] -   Objective range  [2e-05, 2e-05]
[2026-05-03 16:36:03,503][gurobipy][INFO] -   Bounds range     [1e+00, 1e+00]
[2026-05-03 16:36:03,503][gurobipy][INFO] -   RHS range        [1e+00, 1e+00]
[2026-05-03 16:36:03,503][gurobipy][INFO] - 
[2026-05-03 16:36:04,275][gurobipy][INFO] - Found heuristic solution: objective 0.0551827
[2026-05-03 16:36:13,744][gurobipy][INFO] - Presolve removed 0 rows and 0 columns (presolve time = 7s)...
[2026-05-03 16:36:17,523][gurobipy][INFO] - Presolve removed 0 rows and 0 columns (presolve time = 10s)...
[2026-05-03 16:36:23,358][gurobipy][INFO] - Presolve removed 0 rows and 0 columns (presolve time = 16s)...
[2026-05-03 16:36:27,210][gurobipy][INFO] - Presolve removed 0 rows and 0 columns (presolve time = 20s)...
[2026-05-03 16:36:32,207][gurobipy][INFO] - Presolve removed 0 rows and 0 columns (presolve time = 25s)...
[2026-05-03 16:36:38,081][gurobipy][INFO] - Presolve removed 0 rows and 0 columns (presolve time = 31s)...
[2026-05-03 16:36:43,261][gurobipy][INFO] - Presolve removed 0 rows and 0 columns (presolve time = 36s)...
[2026-05-03 16:36:47,215][gurobipy][INFO] - Presolve removed 0 rows and 0 columns (presolve time = 40s)...
[2026-05-03 16:36:52,215][gurobipy][INFO] - Presolve removed 0 rows and 0 columns (presolve time = 45s)...
[2026-05-03 16:36:57,209][gurobipy][INFO] - Presolve removed 0 rows and 0 columns (presolve time = 50s)...
[2026-05-03 16:37:02,229][gurobipy][INFO] - Presolve removed 604036 rows and 0 columns (presolve time = 55s)...
[2026-05-03 16:37:07,260][gurobipy][INFO] - Presolve removed 604342 rows and 0 columns (presolve time = 60s)...
[2026-05-03 16:37:12,842][gurobipy][INFO] - Presolve removed 607776 rows and 0 columns (presolve time = 66s)...
[2026-05-03 16:37:17,434][gurobipy][INFO] - Presolve removed 624017 rows and 0 columns (presolve time = 70s)...
[2026-05-03 16:37:22,947][gurobipy][INFO] - Presolve removed 634138 rows and 0 columns (presolve time = 76s)...
[2026-05-03 16:37:27,456][gurobipy][INFO] - Presolve removed 651074 rows and 0 columns (presolve time = 80s)...
[2026-05-03 16:37:32,649][gurobipy][INFO] - Presolve removed 655344 rows and 0 columns (presolve time = 85s)...
[2026-05-03 16:37:37,782][gurobipy][INFO] - Presolve removed 660470 rows and 0 columns (presolve time = 91s)...
[2026-05-03 16:37:42,466][gurobipy][INFO] - Presolve removed 661147 rows and 0 columns (presolve time = 95s)...
[2026-05-03 16:37:47,824][gurobipy][INFO] - Presolve removed 663766 rows and 0 columns (presolve time = 101s)...
[2026-05-03 16:37:52,336][gurobipy][INFO] - Presolve removed 665790 rows and 0 columns (presolve time = 105s)...
[2026-05-03 16:37:58,006][gurobipy][INFO] - Presolve removed 672374 rows and 0 columns (presolve time = 111s)...
[2026-05-03 16:38:02,473][gurobipy][INFO] - Presolve removed 679521 rows and 0 columns (presolve time = 115s)...
[2026-05-03 16:38:07,578][gurobipy][INFO] - Presolve removed 682348 rows and 0 columns (presolve time = 120s)...
[2026-05-03 16:38:12,438][gurobipy][INFO] - Presolve removed 685446 rows and 0 columns (presolve time = 125s)...
[2026-05-03 16:38:17,321][gurobipy][INFO] - Presolve removed 696994 rows and 0 columns (presolve time = 130s)...
[2026-05-03 16:38:22,862][gurobipy][INFO] - Presolve removed 697726 rows and 0 columns (presolve time = 136s)...
[2026-05-03 16:38:27,839][gurobipy][INFO] - Presolve removed 697768 rows and 0 columns (presolve time = 141s)...
[2026-05-03 16:38:32,209][gurobipy][INFO] - Presolve removed 700942 rows and 0 columns (presolve time = 145s)...
[2026-05-03 16:38:37,353][gurobipy][INFO] - Presolve removed 704585 rows and 0 columns (presolve time = 150s)...
[2026-05-03 16:38:42,440][gurobipy][INFO] - Presolve removed 704585 rows and 0 columns (presolve time = 155s)...
[2026-05-03 16:38:47,586][gurobipy][INFO] - Presolve removed 709003 rows and 0 columns (presolve time = 160s)...
[2026-05-03 16:38:52,610][gurobipy][INFO] - Presolve removed 711736 rows and 0 columns (presolve time = 165s)...
[2026-05-03 16:38:57,782][gurobipy][INFO] - Presolve removed 712501 rows and 0 columns (presolve time = 171s)...
[2026-05-03 16:39:02,887][gurobipy][INFO] - Presolve removed 713949 rows and 0 columns (presolve time = 176s)...
[2026-05-03 16:39:07,474][gurobipy][INFO] - Presolve removed 714849 rows and 0 columns (presolve time = 180s)...
[2026-05-03 16:39:12,964][gurobipy][INFO] - Presolve removed 719470 rows and 0 columns (presolve time = 186s)...
[2026-05-03 16:39:17,836][gurobipy][INFO] - Presolve removed 720106 rows and 0 columns (presolve time = 191s)...
[2026-05-03 16:39:22,636][gurobipy][INFO] - Presolve removed 720141 rows and 0 columns (presolve time = 195s)...
[2026-05-03 16:39:27,497][gurobipy][INFO] - Presolve removed 721130 rows and 0 columns (presolve time = 200s)...
[2026-05-03 16:39:32,514][gurobipy][INFO] - Presolve removed 724974 rows and 0 columns (presolve time = 205s)...
[2026-05-03 16:39:37,213][gurobipy][INFO] - Presolve removed 727772 rows and 0 columns (presolve time = 210s)...
[2026-05-03 16:39:42,974][gurobipy][INFO] - Presolve removed 727922 rows and 0 columns (presolve time = 216s)...
[2026-05-03 16:39:47,777][gurobipy][INFO] - Presolve removed 729971 rows and 0 columns (presolve time = 221s)...
[2026-05-03 16:39:52,302][gurobipy][INFO] - Presolve removed 730151 rows and 0 columns (presolve time = 225s)...
[2026-05-03 16:39:57,505][gurobipy][INFO] - Presolve removed 731935 rows and 0 columns (presolve time = 230s)...
[2026-05-03 16:40:02,250][gurobipy][INFO] - Presolve removed 735053 rows and 0 columns (presolve time = 235s)...
[2026-05-03 16:40:07,531][gurobipy][INFO] - Presolve removed 737440 rows and 0 columns (presolve time = 240s)...
[2026-05-03 16:40:12,886][gurobipy][INFO] - Presolve removed 737440 rows and 0 columns (presolve time = 246s)...
[2026-05-03 16:40:17,228][gurobipy][INFO] - Presolve removed 738494 rows and 0 columns (presolve time = 250s)...
[2026-05-03 16:40:22,636][gurobipy][INFO] - Presolve removed 741049 rows and 0 columns (presolve time = 255s)...
[2026-05-03 16:40:27,958][gurobipy][INFO] - Presolve removed 741083 rows and 0 columns (presolve time = 261s)...
[2026-05-03 16:40:33,163][gurobipy][INFO] - Presolve removed 745112 rows and 0 columns (presolve time = 266s)...
[2026-05-03 16:40:37,238][gurobipy][INFO] - Presolve removed 745112 rows and 0 columns (presolve time = 270s)...
[2026-05-03 16:40:42,432][gurobipy][INFO] - Presolve removed 745121 rows and 0 columns (presolve time = 275s)...
[2026-05-03 16:40:48,098][gurobipy][INFO] - Presolve removed 747803 rows and 0 columns (presolve time = 281s)...
[2026-05-03 16:40:53,195][gurobipy][INFO] - Presolve removed 747828 rows and 0 columns (presolve time = 286s)...
[2026-05-03 16:40:57,655][gurobipy][INFO] - Presolve removed 749125 rows and 0 columns (presolve time = 290s)...
[2026-05-03 16:41:02,581][gurobipy][INFO] - Presolve removed 761581 rows and 0 columns (presolve time = 295s)...
[2026-05-03 16:41:03,467][gurobipy][INFO] - Presolve removed 761581 rows and 0 columns
[2026-05-03 16:41:03,467][gurobipy][INFO] - Presolve time: 296.26s
[2026-05-03 16:41:04,470][gurobipy][INFO] - 
[2026-05-03 16:41:04,470][gurobipy][INFO] - Explored 0 nodes (0 simplex iterations) in 301.65 seconds (185.66 work units)
[2026-05-03 16:41:04,470][gurobipy][INFO] - Thread count was 1 (of 128 available processors)
[2026-05-03 16:41:04,470][gurobipy][INFO] - 
[2026-05-03 16:41:04,470][gurobipy][INFO] - Solution count 1: 0.0551827 
[2026-05-03 16:41:04,470][gurobipy][INFO] - 
[2026-05-03 16:41:04,470][gurobipy][INFO] - Time limit reached
[2026-05-03 16:41:04,722][gurobipy][INFO] - Best objective 5.518273627417e-02, best bound -, gap -
