[2026-05-03 17:47:21,297][gurobipy][INFO] - Set parameter WLSAccessID
[2026-05-03 17:47:21,298][gurobipy][INFO] - Set parameter WLSSecret
[2026-05-03 17:47:21,298][gurobipy][INFO] - Set parameter LicenseID to value 2619742
[2026-05-03 17:47:21,591][gurobipy][INFO] - Academic license 2619742 - for non-commercial use only - registered to it___@mail.huji.ac.il
[2026-05-03 17:47:21,593][gurobipy][INFO] - Set parameter OutputFlag to value 1
[2026-05-03 17:47:21,593][gurobipy][INFO] - Set parameter MIPGap to value 0
[2026-05-03 17:47:21,593][gurobipy][INFO] - Set parameter TimeLimit to value 300
[2026-05-03 17:52:48,501][gurobipy][INFO] - Gurobi Optimizer version 13.0.1 build v13.0.1rc0 (linux64 - "Ubuntu 22.04.5 LTS")
[2026-05-03 17:52:48,502][gurobipy][INFO] - 
[2026-05-03 17:52:48,502][gurobipy][INFO] - CPU model: Intel(R) Xeon(R) Platinum 8358 CPU @ 2.60GHz, instruction set [SSE2|AVX|AVX2|AVX512]
[2026-05-03 17:52:48,502][gurobipy][INFO] - Thread count: 64 physical cores, 128 logical processors, using up to 32 threads
[2026-05-03 17:52:48,502][gurobipy][INFO] - 
[2026-05-03 17:52:48,502][gurobipy][INFO] - Non-default parameters:
[2026-05-03 17:52:48,502][gurobipy][INFO] - TimeLimit  300
[2026-05-03 17:52:48,502][gurobipy][INFO] - MIPGap  0
[2026-05-03 17:52:48,502][gurobipy][INFO] - 
[2026-05-03 17:52:48,502][gurobipy][INFO] - Academic license 2619742 - for non-commercial use only - registered to it___@mail.huji.ac.il
[2026-05-03 17:52:48,502][gurobipy][INFO] - Optimize a model with 3398725 rows, 999910 columns and 6797450 nonzeros (Min)
[2026-05-03 17:52:48,595][gurobipy][INFO] - Model fingerprint: 0x8d9a156d
[2026-05-03 17:52:48,596][gurobipy][INFO] - Model has 999910 linear objective coefficients and an objective constant of 1
[2026-05-03 17:52:48,597][gurobipy][INFO] - Variable types: 0 continuous, 999910 integer (999910 binary)
[2026-05-03 17:52:48,621][gurobipy][INFO] - Coefficient statistics:
[2026-05-03 17:52:48,621][gurobipy][INFO] -   Matrix range     [1e+00, 1e+00]
[2026-05-03 17:52:48,621][gurobipy][INFO] -   Objective range  [1e-06, 1e-06]
[2026-05-03 17:52:48,621][gurobipy][INFO] -   Bounds range     [1e+00, 1e+00]
[2026-05-03 17:52:48,621][gurobipy][INFO] -   RHS range        [1e+00, 1e+00]
[2026-05-03 17:52:48,621][gurobipy][INFO] - 
[2026-05-03 17:52:48,839][gurobipy][INFO] - Found heuristic solution: objective 0.0002680
[2026-05-03 17:52:54,468][gurobipy][INFO] - Presolve removed 130376 rows and 185398 columns (presolve time = 5s)...
[2026-05-03 17:52:59,469][gurobipy][INFO] - Presolve removed 130417 rows and 201512 columns (presolve time = 10s)...
[2026-05-03 17:53:04,470][gurobipy][INFO] - Presolve removed 130417 rows and 201512 columns (presolve time = 15s)...
[2026-05-03 17:53:09,470][gurobipy][INFO] - Presolve removed 487669 rows and 201512 columns (presolve time = 20s)...
[2026-05-03 17:53:14,485][gurobipy][INFO] - Presolve removed 487669 rows and 201512 columns (presolve time = 25s)...
[2026-05-03 17:53:19,489][gurobipy][INFO] - Presolve removed 496511 rows and 201512 columns (presolve time = 30s)...
[2026-05-03 17:53:24,482][gurobipy][INFO] - Presolve removed 496511 rows and 201512 columns (presolve time = 35s)...
[2026-05-03 17:53:29,482][gurobipy][INFO] - Presolve removed 496511 rows and 201512 columns (presolve time = 40s)...
[2026-05-03 17:53:34,497][gurobipy][INFO] - Presolve removed 497130 rows and 201512 columns (presolve time = 45s)...
[2026-05-03 17:53:39,480][gurobipy][INFO] - Presolve removed 497130 rows and 201512 columns (presolve time = 50s)...
[2026-05-03 17:53:44,481][gurobipy][INFO] - Presolve removed 497130 rows and 201512 columns (presolve time = 55s)...
[2026-05-03 17:53:49,481][gurobipy][INFO] - Presolve removed 497130 rows and 201512 columns (presolve time = 60s)...
[2026-05-03 17:53:54,484][gurobipy][INFO] - Presolve removed 497130 rows and 201512 columns (presolve time = 65s)...
[2026-05-03 17:53:59,508][gurobipy][INFO] - Presolve removed 988919 rows and 239810 columns (presolve time = 70s)...
[2026-05-03 17:54:04,479][gurobipy][INFO] - Presolve removed 1149057 rows and 399185 columns (presolve time = 75s)...
[2026-05-03 17:54:06,768][gurobipy][INFO] - Presolve removed 2693058 rows and 851480 columns
[2026-05-03 17:54:06,768][gurobipy][INFO] - Presolve time: 77.30s
[2026-05-03 17:54:06,785][gurobipy][INFO] - Presolved: 705667 rows, 148430 columns, 1500405 nonzeros
[2026-05-03 17:54:07,326][gurobipy][INFO] - Variable types: 0 continuous, 148430 integer (148430 binary)
[2026-05-03 17:54:07,521][gurobipy][INFO] - 
[2026-05-03 17:54:07,521][gurobipy][INFO] - Explored 0 nodes (0 simplex iterations) in 79.02 seconds (58.58 work units)
[2026-05-03 17:54:07,521][gurobipy][INFO] - Thread count was 32 (of 128 available processors)
[2026-05-03 17:54:07,521][gurobipy][INFO] - 
[2026-05-03 17:54:07,522][gurobipy][INFO] - Solution count 1: 0.000268024 
[2026-05-03 17:54:07,522][gurobipy][INFO] - 
[2026-05-03 17:54:07,522][gurobipy][INFO] - Optimal solution found (tolerance 0.00e+00)
[2026-05-03 17:54:07,569][gurobipy][INFO] - Best objective 2.680241234887e-04, best bound 2.680241234887e-04, gap 0.0000%
