[2026-05-03 15:39:23,417][gurobipy][INFO] - Set parameter WLSAccessID
[2026-05-03 15:39:23,417][gurobipy][INFO] - Set parameter WLSSecret
[2026-05-03 15:39:23,417][gurobipy][INFO] - Set parameter LicenseID to value 2619742
[2026-05-03 15:39:23,429][gurobipy][INFO] - Academic license 2619742 - for non-commercial use only - registered to it___@mail.huji.ac.il
[2026-05-03 15:39:23,430][gurobipy][INFO] - Set parameter OutputFlag to value 1
[2026-05-03 15:39:23,430][gurobipy][INFO] - Set parameter MIPGap to value 0
[2026-05-03 15:39:23,430][gurobipy][INFO] - Set parameter TimeLimit to value 300
[2026-05-03 15:39:23,493][gurobipy][INFO] - Set parameter WLSAccessID
[2026-05-03 15:39:23,493][gurobipy][INFO] - Set parameter WLSSecret
[2026-05-03 15:39:23,493][gurobipy][INFO] - Set parameter LicenseID to value 2619742
[2026-05-03 15:39:23,500][gurobipy][INFO] - Academic license 2619742 - for non-commercial use only - registered to it___@mail.huji.ac.il
[2026-05-03 15:39:23,501][gurobipy][INFO] - Set parameter OutputFlag to value 1
[2026-05-03 15:39:23,501][gurobipy][INFO] - Set parameter MIPGap to value 0
[2026-05-03 15:39:23,501][gurobipy][INFO] - Set parameter TimeLimit to value 300
[2026-05-03 15:41:57,463][gurobipy][INFO] - Set parameter NonConvex to value 2
[2026-05-03 15:42:01,151][gurobipy][INFO] - Gurobi Optimizer version 13.0.1 build v13.0.1rc0 (linux64 - "Ubuntu 22.04.5 LTS")
[2026-05-03 15:42:01,151][gurobipy][INFO] - 
[2026-05-03 15:42:01,151][gurobipy][INFO] - CPU model: Intel(R) Xeon(R) Platinum 8358 CPU @ 2.60GHz, instruction set [SSE2|AVX|AVX2|AVX512]
[2026-05-03 15:42:01,151][gurobipy][INFO] - Thread count: 64 physical cores, 128 logical processors, using up to 32 threads
[2026-05-03 15:42:01,151][gurobipy][INFO] - 
[2026-05-03 15:42:01,151][gurobipy][INFO] - Non-default parameters:
[2026-05-03 15:42:01,151][gurobipy][INFO] - TimeLimit  300
[2026-05-03 15:42:01,151][gurobipy][INFO] - MIPGap  0
[2026-05-03 15:42:01,151][gurobipy][INFO] - NonConvex  2
[2026-05-03 15:42:01,151][gurobipy][INFO] - 
[2026-05-03 15:42:01,152][gurobipy][INFO] - Academic license 2619742 - for non-commercial use only - registered to it___@mail.huji.ac.il
[2026-05-03 15:42:01,152][gurobipy][INFO] - Optimize a model with 3774193 rows, 48862 columns and 7548386 nonzeros (Min)
[2026-05-03 15:42:01,265][gurobipy][INFO] - Model fingerprint: 0xe5b67c3d
[2026-05-03 15:42:01,265][gurobipy][INFO] - Model has 48862 linear objective coefficients and an objective constant of 0.5
[2026-05-03 15:42:01,265][gurobipy][INFO] - Model has 40 quadratic constraints
[2026-05-03 15:42:01,266][gurobipy][INFO] - Variable types: 20 continuous, 48842 integer (48842 binary)
[2026-05-03 15:42:01,289][gurobipy][INFO] - Coefficient statistics:
[2026-05-03 15:42:01,289][gurobipy][INFO] -   Matrix range     [1e+00, 1e+00]
[2026-05-03 15:42:01,289][gurobipy][INFO] -   QMatrix range    [1e+00, 1e+00]
[2026-05-03 15:42:01,289][gurobipy][INFO] -   QLMatrix range   [8e-05, 1e+00]
[2026-05-03 15:42:01,289][gurobipy][INFO] -   Objective range  [1e-05, 3e-02]
[2026-05-03 15:42:01,289][gurobipy][INFO] -   Bounds range     [1e+00, 1e+00]
[2026-05-03 15:42:01,289][gurobipy][INFO] -   RHS range        [1e+00, 1e+00]
[2026-05-03 15:42:01,289][gurobipy][INFO] - 
[2026-05-03 15:42:01,438][gurobipy][INFO] - Found heuristic solution: objective 0.5000000
[2026-05-03 15:42:07,918][gurobipy][INFO] - Presolve removed 0 rows and 0 columns (presolve time = 6s)...
[2026-05-03 15:42:12,299][gurobipy][INFO] - Presolve removed 0 rows and 0 columns (presolve time = 10s)...
[2026-05-03 15:42:17,336][gurobipy][INFO] - Presolve removed 373250 rows and 0 columns (presolve time = 15s)...
[2026-05-03 15:42:22,363][gurobipy][INFO] - Presolve removed 373590 rows and 0 columns (presolve time = 20s)...
[2026-05-03 15:42:27,465][gurobipy][INFO] - Presolve removed 373929 rows and 0 columns (presolve time = 25s)...
[2026-05-03 15:42:32,329][gurobipy][INFO] - Presolve removed 374268 rows and 0 columns (presolve time = 30s)...
[2026-05-03 15:42:37,307][gurobipy][INFO] - Presolve removed 374566 rows and 0 columns (presolve time = 35s)...
[2026-05-03 15:42:42,310][gurobipy][INFO] - Presolve removed 379579 rows and 0 columns (presolve time = 40s)...
[2026-05-03 15:42:47,311][gurobipy][INFO] - Presolve removed 388765 rows and 0 columns (presolve time = 45s)...
[2026-05-03 15:42:52,331][gurobipy][INFO] - Presolve removed 392330 rows and 0 columns (presolve time = 50s)...
[2026-05-03 15:42:57,337][gurobipy][INFO] - Presolve removed 393211 rows and 0 columns (presolve time = 55s)...
[2026-05-03 15:43:02,456][gurobipy][INFO] - Presolve removed 396069 rows and 0 columns (presolve time = 60s)...
[2026-05-03 15:43:07,630][gurobipy][INFO] - Presolve removed 398648 rows and 0 columns (presolve time = 65s)...
[2026-05-03 15:43:12,357][gurobipy][INFO] - Presolve removed 400032 rows and 0 columns (presolve time = 70s)...
[2026-05-03 15:43:17,841][gurobipy][INFO] - Presolve removed 401345 rows and 0 columns (presolve time = 76s)...
[2026-05-03 15:43:22,299][gurobipy][INFO] - Presolve removed 404141 rows and 0 columns (presolve time = 80s)...
[2026-05-03 15:43:27,317][gurobipy][INFO] - Presolve removed 405902 rows and 0 columns (presolve time = 85s)...
[2026-05-03 15:43:32,345][gurobipy][INFO] - Presolve removed 415593 rows and 0 columns (presolve time = 90s)...
[2026-05-03 15:43:37,327][gurobipy][INFO] - Presolve removed 419231 rows and 0 columns (presolve time = 95s)...
[2026-05-03 15:43:42,944][gurobipy][INFO] - Presolve removed 420677 rows and 0 columns (presolve time = 101s)...
[2026-05-03 15:43:47,298][gurobipy][INFO] - Presolve removed 420677 rows and 0 columns (presolve time = 105s)...
[2026-05-03 15:43:53,018][gurobipy][INFO] - Presolve removed 420677 rows and 0 columns (presolve time = 111s)...
[2026-05-03 15:43:57,559][gurobipy][INFO] - Presolve removed 420677 rows and 0 columns (presolve time = 115s)...
[2026-05-03 15:44:02,465][gurobipy][INFO] - Presolve removed 420677 rows and 0 columns (presolve time = 120s)...
[2026-05-03 15:44:07,368][gurobipy][INFO] - Presolve removed 420677 rows and 0 columns (presolve time = 125s)...
[2026-05-03 15:44:12,306][gurobipy][INFO] - Presolve removed 420677 rows and 0 columns (presolve time = 130s)...
[2026-05-03 15:44:17,495][gurobipy][INFO] - Presolve removed 420677 rows and 0 columns (presolve time = 135s)...
[2026-05-03 15:44:22,321][gurobipy][INFO] - Presolve removed 420677 rows and 0 columns (presolve time = 140s)...
[2026-05-03 15:44:27,352][gurobipy][INFO] - Presolve removed 420677 rows and 0 columns (presolve time = 145s)...
[2026-05-03 15:44:32,383][gurobipy][INFO] - Presolve removed 420677 rows and 0 columns (presolve time = 150s)...
[2026-05-03 15:44:37,586][gurobipy][INFO] - Presolve removed 420677 rows and 0 columns (presolve time = 155s)...
[2026-05-03 15:44:42,302][gurobipy][INFO] - Presolve removed 420677 rows and 0 columns (presolve time = 160s)...
[2026-05-03 15:44:47,370][gurobipy][INFO] - Presolve removed 420677 rows and 0 columns (presolve time = 165s)...
[2026-05-03 15:44:52,558][gurobipy][INFO] - Presolve removed 420677 rows and 0 columns (presolve time = 170s)...
[2026-05-03 15:44:57,405][gurobipy][INFO] - Presolve removed 420677 rows and 0 columns (presolve time = 175s)...
[2026-05-03 15:45:02,679][gurobipy][INFO] - Presolve removed 420677 rows and 0 columns (presolve time = 180s)...
[2026-05-03 15:45:07,331][gurobipy][INFO] - Presolve removed 420677 rows and 0 columns (presolve time = 185s)...
[2026-05-03 15:45:12,767][gurobipy][INFO] - Presolve removed 420677 rows and 0 columns (presolve time = 190s)...
[2026-05-03 15:45:17,405][gurobipy][INFO] - Presolve removed 420677 rows and 0 columns (presolve time = 195s)...
[2026-05-03 15:45:29,508][gurobipy][INFO] - Presolve removed 420677 rows and 0 columns (presolve time = 207s)...
[2026-05-03 15:45:29,509][gurobipy][INFO] - Presolve added 0 rows and 20 columns
[2026-05-03 15:45:29,509][gurobipy][INFO] - Presolve removed 420637 rows and 0 columns
[2026-05-03 15:45:29,509][gurobipy][INFO] - Presolve time: 207.21s
[2026-05-03 15:45:29,528][gurobipy][INFO] - Presolved: 5307256 rows, 2979402 columns, 14958908 nonzeros
[2026-05-03 15:45:29,528][gurobipy][INFO] - Presolved model has 1953680 SOS constraint(s)
[2026-05-03 15:45:46,721][gurobipy][INFO] - Variable types: 1953720 continuous, 1025682 integer (1025682 binary)
[2026-05-03 15:46:23,510][gurobipy][INFO] - Set parameter NonConvex to value 2
[2026-05-03 15:46:27,980][gurobipy][INFO] - Gurobi Optimizer version 13.0.1 build v13.0.1rc0 (linux64 - "Ubuntu 22.04.5 LTS")
[2026-05-03 15:46:27,980][gurobipy][INFO] - 
[2026-05-03 15:46:27,980][gurobipy][INFO] - CPU model: Intel(R) Xeon(R) Platinum 8358 CPU @ 2.60GHz, instruction set [SSE2|AVX|AVX2|AVX512]
[2026-05-03 15:46:27,980][gurobipy][INFO] - Thread count: 64 physical cores, 128 logical processors, using up to 32 threads
[2026-05-03 15:46:27,980][gurobipy][INFO] - 
[2026-05-03 15:46:27,980][gurobipy][INFO] - Non-default parameters:
[2026-05-03 15:46:27,980][gurobipy][INFO] - TimeLimit  300
[2026-05-03 15:46:27,980][gurobipy][INFO] - MIPGap  0
[2026-05-03 15:46:27,980][gurobipy][INFO] - NonConvex  2
[2026-05-03 15:46:27,980][gurobipy][INFO] - 
[2026-05-03 15:46:27,980][gurobipy][INFO] - Academic license 2619742 - for non-commercial use only - registered to it___@mail.huji.ac.il
[2026-05-03 15:46:27,981][gurobipy][INFO] - Optimize a model with 9165481 rows, 48862 columns and 18330962 nonzeros (Min)
[2026-05-03 15:46:28,200][gurobipy][INFO] - Model fingerprint: 0x3c75b7b3
[2026-05-03 15:46:28,201][gurobipy][INFO] - Model has 48862 linear objective coefficients and an objective constant of 0.5
[2026-05-03 15:46:28,201][gurobipy][INFO] - Model has 40 quadratic constraints
[2026-05-03 15:46:28,201][gurobipy][INFO] - Variable types: 20 continuous, 48842 integer (48842 binary)
[2026-05-03 15:46:28,236][gurobipy][INFO] - Coefficient statistics:
[2026-05-03 15:46:28,237][gurobipy][INFO] -   Matrix range     [1e+00, 1e+00]
[2026-05-03 15:46:28,237][gurobipy][INFO] -   QMatrix range    [1e+00, 1e+00]
[2026-05-03 15:46:28,237][gurobipy][INFO] -   QLMatrix range   [1e-01, 9e-01]
[2026-05-03 15:46:28,237][gurobipy][INFO] -   Objective range  [1e-05, 3e-02]
[2026-05-03 15:46:28,237][gurobipy][INFO] -   Bounds range     [1e+00, 1e+00]
[2026-05-03 15:46:28,237][gurobipy][INFO] -   RHS range        [1e+00, 1e+00]
[2026-05-03 15:46:28,237][gurobipy][INFO] - 
[2026-05-03 15:46:28,518][gurobipy][INFO] - Found heuristic solution: objective 0.5000000
[2026-05-03 15:46:35,523][gurobipy][INFO] - Presolve removed 0 rows and 0 columns (presolve time = 5s)...
[2026-05-03 15:46:41,125][gurobipy][INFO] - Presolve removed 0 rows and 0 columns (presolve time = 11s)...
[2026-05-03 15:46:45,216][gurobipy][INFO] - Presolve removed 0 rows and 0 columns (presolve time = 15s)...
[2026-05-03 15:46:50,215][gurobipy][INFO] - Presolve removed 0 rows and 0 columns (presolve time = 20s)...
[2026-05-03 15:46:55,244][gurobipy][INFO] - Presolve removed 623627 rows and 0 columns (presolve time = 25s)...
[2026-05-03 15:47:00,260][gurobipy][INFO] - Presolve removed 623956 rows and 0 columns (presolve time = 30s)...
[2026-05-03 15:47:01,409][gurobipy][INFO] - 
[2026-05-03 15:47:01,409][gurobipy][INFO] - Explored 1 nodes (0 simplex iterations) in 300.26 seconds (243.28 work units)
[2026-05-03 15:47:01,409][gurobipy][INFO] - Thread count was 32 (of 128 available processors)
[2026-05-03 15:47:01,409][gurobipy][INFO] - 
[2026-05-03 15:47:01,409][gurobipy][INFO] - Solution count 1: 0.5 
[2026-05-03 15:47:01,409][gurobipy][INFO] - 
[2026-05-03 15:47:01,409][gurobipy][INFO] - Time limit reached
[2026-05-03 15:47:01,458][gurobipy][INFO] - Best objective 5.000000000000e-01, best bound 1.811682958329e-13, gap 100.0000%
[2026-05-03 15:47:05,226][gurobipy][INFO] - Presolve removed 624291 rows and 0 columns (presolve time = 35s)...
[2026-05-03 15:47:10,221][gurobipy][INFO] - Presolve removed 624649 rows and 0 columns (presolve time = 40s)...
[2026-05-03 15:47:15,263][gurobipy][INFO] - Presolve removed 624943 rows and 0 columns (presolve time = 45s)...
[2026-05-03 15:47:20,269][gurobipy][INFO] - Presolve removed 625289 rows and 0 columns (presolve time = 50s)...
[2026-05-03 15:47:25,245][gurobipy][INFO] - Presolve removed 625617 rows and 0 columns (presolve time = 55s)...
[2026-05-03 15:47:30,243][gurobipy][INFO] - Presolve removed 625871 rows and 0 columns (presolve time = 60s)...
[2026-05-03 15:47:35,276][gurobipy][INFO] - Presolve removed 626131 rows and 0 columns (presolve time = 65s)...
[2026-05-03 15:47:40,218][gurobipy][INFO] - Presolve removed 626304 rows and 0 columns (presolve time = 70s)...
[2026-05-03 15:47:45,221][gurobipy][INFO] - Presolve removed 626635 rows and 0 columns (presolve time = 75s)...
[2026-05-03 15:47:50,237][gurobipy][INFO] - Presolve removed 626808 rows and 0 columns (presolve time = 80s)...
[2026-05-03 15:47:55,277][gurobipy][INFO] - Presolve removed 626990 rows and 0 columns (presolve time = 85s)...
[2026-05-03 15:48:00,265][gurobipy][INFO] - Presolve removed 627272 rows and 0 columns (presolve time = 90s)...
[2026-05-03 15:48:05,238][gurobipy][INFO] - Presolve removed 627663 rows and 0 columns (presolve time = 95s)...
[2026-05-03 15:48:10,222][gurobipy][INFO] - Presolve removed 627894 rows and 0 columns (presolve time = 100s)...
[2026-05-03 15:48:15,255][gurobipy][INFO] - Presolve removed 628120 rows and 0 columns (presolve time = 105s)...
[2026-05-03 15:48:20,221][gurobipy][INFO] - Presolve removed 628296 rows and 0 columns (presolve time = 110s)...
[2026-05-03 15:48:25,289][gurobipy][INFO] - Presolve removed 628579 rows and 0 columns (presolve time = 115s)...
[2026-05-03 15:48:30,292][gurobipy][INFO] - Presolve removed 628852 rows and 0 columns (presolve time = 120s)...
[2026-05-03 15:48:35,258][gurobipy][INFO] - Presolve removed 629110 rows and 0 columns (presolve time = 125s)...
[2026-05-03 15:48:40,255][gurobipy][INFO] - Presolve removed 629398 rows and 0 columns (presolve time = 130s)...
[2026-05-03 15:48:45,282][gurobipy][INFO] - Presolve removed 629703 rows and 0 columns (presolve time = 135s)...
[2026-05-03 15:48:50,259][gurobipy][INFO] - Presolve removed 629960 rows and 0 columns (presolve time = 140s)...
[2026-05-03 15:48:55,251][gurobipy][INFO] - Presolve removed 630168 rows and 0 columns (presolve time = 145s)...
[2026-05-03 15:49:00,424][gurobipy][INFO] - Presolve removed 630459 rows and 0 columns (presolve time = 150s)...
[2026-05-03 15:49:05,341][gurobipy][INFO] - Presolve removed 635121 rows and 0 columns (presolve time = 155s)...
[2026-05-03 15:49:10,223][gurobipy][INFO] - Presolve removed 637204 rows and 0 columns (presolve time = 160s)...
[2026-05-03 15:49:15,341][gurobipy][INFO] - Presolve removed 642320 rows and 0 columns (presolve time = 165s)...
[2026-05-03 15:49:20,666][gurobipy][INFO] - Presolve removed 643523 rows and 0 columns (presolve time = 170s)...
[2026-05-03 15:49:25,256][gurobipy][INFO] - Presolve removed 645711 rows and 0 columns (presolve time = 175s)...
[2026-05-03 15:49:30,555][gurobipy][INFO] - Presolve removed 646160 rows and 0 columns (presolve time = 180s)...
[2026-05-03 15:49:35,347][gurobipy][INFO] - Presolve removed 648626 rows and 0 columns (presolve time = 185s)...
[2026-05-03 15:49:40,419][gurobipy][INFO] - Presolve removed 649477 rows and 0 columns (presolve time = 190s)...
[2026-05-03 15:49:45,388][gurobipy][INFO] - Presolve removed 650625 rows and 0 columns (presolve time = 195s)...
[2026-05-03 15:49:50,258][gurobipy][INFO] - Presolve removed 651980 rows and 0 columns (presolve time = 200s)...
[2026-05-03 15:49:55,547][gurobipy][INFO] - Presolve removed 652011 rows and 0 columns (presolve time = 205s)...
[2026-05-03 15:50:00,225][gurobipy][INFO] - Presolve removed 652473 rows and 0 columns (presolve time = 210s)...
[2026-05-03 15:50:05,524][gurobipy][INFO] - Presolve removed 652549 rows and 0 columns (presolve time = 215s)...
[2026-05-03 15:50:10,289][gurobipy][INFO] - Presolve removed 653010 rows and 0 columns (presolve time = 220s)...
[2026-05-03 15:50:15,305][gurobipy][INFO] - Presolve removed 655185 rows and 0 columns (presolve time = 225s)...
[2026-05-03 15:50:21,020][gurobipy][INFO] - Presolve removed 658414 rows and 0 columns (presolve time = 231s)...
[2026-05-03 15:50:25,610][gurobipy][INFO] - Presolve removed 658502 rows and 0 columns (presolve time = 235s)...
[2026-05-03 15:50:30,249][gurobipy][INFO] - Presolve removed 658737 rows and 0 columns (presolve time = 240s)...
[2026-05-03 15:50:35,220][gurobipy][INFO] - Presolve removed 658742 rows and 0 columns (presolve time = 245s)...
[2026-05-03 15:50:40,233][gurobipy][INFO] - Presolve removed 663159 rows and 0 columns (presolve time = 250s)...
[2026-05-03 15:50:45,361][gurobipy][INFO] - Presolve removed 665164 rows and 0 columns (presolve time = 255s)...
[2026-05-03 15:50:50,231][gurobipy][INFO] - Presolve removed 666962 rows and 0 columns (presolve time = 260s)...
[2026-05-03 15:50:55,558][gurobipy][INFO] - Presolve removed 666962 rows and 0 columns (presolve time = 265s)...
[2026-05-03 15:51:00,289][gurobipy][INFO] - Presolve removed 667214 rows and 0 columns (presolve time = 270s)...
[2026-05-03 15:51:05,562][gurobipy][INFO] - Presolve removed 667350 rows and 0 columns (presolve time = 275s)...
[2026-05-03 15:51:10,226][gurobipy][INFO] - Presolve removed 667352 rows and 0 columns (presolve time = 280s)...
[2026-05-03 15:51:15,229][gurobipy][INFO] - Presolve removed 667906 rows and 0 columns (presolve time = 285s)...
[2026-05-03 15:51:20,218][gurobipy][INFO] - Presolve removed 667908 rows and 0 columns (presolve time = 290s)...
[2026-05-03 15:51:25,222][gurobipy][INFO] - Presolve removed 667950 rows and 0 columns (presolve time = 295s)...
[2026-05-03 15:51:28,188][gurobipy][INFO] - Presolve added 0 rows and 20 columns
[2026-05-03 15:51:28,188][gurobipy][INFO] - Presolve removed 668032 rows and 0 columns
[2026-05-03 15:51:28,188][gurobipy][INFO] - Presolve time: 297.97s
[2026-05-03 15:51:28,587][gurobipy][INFO] - 
[2026-05-03 15:51:28,587][gurobipy][INFO] - Explored 0 nodes (0 simplex iterations) in 300.61 seconds (140.55 work units)
[2026-05-03 15:51:28,587][gurobipy][INFO] - Thread count was 1 (of 128 available processors)
[2026-05-03 15:51:28,587][gurobipy][INFO] - 
[2026-05-03 15:51:28,587][gurobipy][INFO] - Solution count 1: 0.5 
[2026-05-03 15:51:28,587][gurobipy][INFO] - 
[2026-05-03 15:51:28,587][gurobipy][INFO] - Time limit reached
[2026-05-03 15:51:28,739][gurobipy][INFO] - Best objective 5.000000000000e-01, best bound -, gap -
