[2026-04-30 14:45:15,671][gurobipy][INFO] - Set parameter WLSAccessID
[2026-04-30 14:45:15,671][gurobipy][INFO] - Set parameter WLSSecret
[2026-04-30 14:45:15,671][gurobipy][INFO] - Set parameter LicenseID to value 2619742
[2026-04-30 14:45:15,726][gurobipy][INFO] - Academic license 2619742 - for non-commercial use only - registered to it___@mail.huji.ac.il
[2026-04-30 14:45:15,727][gurobipy][INFO] - Set parameter OutputFlag to value 1
[2026-04-30 14:45:15,728][gurobipy][INFO] - Set parameter MIPGap to value 0
[2026-04-30 14:45:15,728][gurobipy][INFO] - Set parameter TimeLimit to value 300
[2026-04-30 14:45:16,801][gurobipy][INFO] - Set parameter NonConvex to value 2
[2026-04-30 14:45:16,991][gurobipy][INFO] - Gurobi Optimizer version 13.0.1 build v13.0.1rc0 (linux64 - "Ubuntu 22.04.5 LTS")
[2026-04-30 14:45:16,991][gurobipy][INFO] - 
[2026-04-30 14:45:16,991][gurobipy][INFO] - CPU model: Intel(R) Xeon(R) Platinum 8358 CPU @ 2.60GHz, instruction set [SSE2|AVX|AVX2|AVX512]
[2026-04-30 14:45:16,991][gurobipy][INFO] - Thread count: 64 physical cores, 128 logical processors, using up to 32 threads
[2026-04-30 14:45:16,991][gurobipy][INFO] - 
[2026-04-30 14:45:16,991][gurobipy][INFO] - Non-default parameters:
[2026-04-30 14:45:16,992][gurobipy][INFO] - TimeLimit  300
[2026-04-30 14:45:16,992][gurobipy][INFO] - MIPGap  0
[2026-04-30 14:45:16,992][gurobipy][INFO] - NonConvex  2
[2026-04-30 14:45:16,992][gurobipy][INFO] - 
[2026-04-30 14:45:16,992][gurobipy][INFO] - Academic license 2619742 - for non-commercial use only - registered to it___@mail.huji.ac.il
[2026-04-30 14:45:16,992][gurobipy][INFO] - Optimize a model with 24773 rows, 5020 columns and 49546 nonzeros (Min)
[2026-04-30 14:45:16,995][gurobipy][INFO] - Model fingerprint: 0xa26d030b
[2026-04-30 14:45:16,995][gurobipy][INFO] - Model has 5020 linear objective coefficients and an objective constant of 0.5
[2026-04-30 14:45:16,995][gurobipy][INFO] - Model has 40 quadratic constraints
[2026-04-30 14:45:16,995][gurobipy][INFO] - Variable types: 20 continuous, 5000 integer (5000 binary)
[2026-04-30 14:45:16,996][gurobipy][INFO] - Coefficient statistics:
[2026-04-30 14:45:16,996][gurobipy][INFO] -   Matrix range     [1e+00, 1e+00]
[2026-04-30 14:45:16,996][gurobipy][INFO] -   QMatrix range    [1e+00, 1e+00]
[2026-04-30 14:45:16,996][gurobipy][INFO] -   QLMatrix range   [9e-05, 1e+00]
[2026-04-30 14:45:16,996][gurobipy][INFO] -   Objective range  [1e-04, 3e-02]
[2026-04-30 14:45:16,996][gurobipy][INFO] -   Bounds range     [1e+00, 1e+00]
[2026-04-30 14:45:16,996][gurobipy][INFO] -   RHS range        [1e+00, 1e+00]
[2026-04-30 14:45:16,996][gurobipy][INFO] - 
[2026-04-30 14:45:16,997][gurobipy][INFO] - Found heuristic solution: objective 0.5000000
[2026-04-30 14:45:17,931][gurobipy][INFO] - Presolve added 0 rows and 16 columns
[2026-04-30 14:45:17,932][gurobipy][INFO] - Presolve removed 5523 rows and 0 columns
[2026-04-30 14:45:17,932][gurobipy][INFO] - Presolve time: 0.93s
[2026-04-30 14:45:17,932][gurobipy][INFO] - Presolved: 219270 rows, 305036 columns, 804023 nonzeros
[2026-04-30 14:45:17,932][gurobipy][INFO] - Presolved model has 200000 SOS constraint(s)
[2026-04-30 14:45:18,776][gurobipy][INFO] - Variable types: 200036 continuous, 105000 integer (105000 binary)
[2026-04-30 14:45:48,105][gurobipy][INFO] - Deterministic concurrent LP optimizer: primal simplex, dual simplex, and barrier
[2026-04-30 14:45:48,106][gurobipy][INFO] - Showing barrier log only...
[2026-04-30 14:45:48,106][gurobipy][INFO] - 
[2026-04-30 14:45:48,110][gurobipy][INFO] - Root barrier log...
[2026-04-30 14:45:48,110][gurobipy][INFO] - 
[2026-04-30 14:45:48,125][gurobipy][INFO] - Ordering time: 0.01s
[2026-04-30 14:45:48,129][gurobipy][INFO] - 
[2026-04-30 14:45:48,129][gurobipy][INFO] - Barrier statistics:
[2026-04-30 14:45:48,129][gurobipy][INFO] -  Dense cols : 179
[2026-04-30 14:45:48,129][gurobipy][INFO] -  AA' NZ     : 2.915e+04
[2026-04-30 14:45:48,129][gurobipy][INFO] -  Factor NZ  : 7.445e+04 (roughly 7 MB of memory)
[2026-04-30 14:45:48,129][gurobipy][INFO] -  Factor Ops : 3.547e+06 (less than 1 second per iteration)
[2026-04-30 14:45:48,129][gurobipy][INFO] -  Threads    : 30
[2026-04-30 14:45:48,268][gurobipy][INFO] - 
[2026-04-30 14:45:48,268][gurobipy][INFO] -                   Objective                Residual
[2026-04-30 14:45:48,268][gurobipy][INFO] - Iter       Primal          Dual         Primal    Dual     Compl     Time
[2026-04-30 14:45:48,269][gurobipy][INFO] -    0   1.25825968e+02 -2.07797781e+04  2.19e+03 2.62e-03  3.31e+00    31s
[2026-04-30 14:45:48,355][gurobipy][INFO] -    1   2.12182577e+01 -9.91312542e+03  4.51e+02 4.34e-02  9.99e-01    31s
[2026-04-30 14:45:48,371][gurobipy][INFO] -    2   1.17483411e+01 -2.43667374e+03  1.67e+02 5.69e-03  2.81e-01    31s
[2026-04-30 14:45:48,390][gurobipy][INFO] -    3   4.85770370e+00 -1.16124598e+03  5.71e+00 1.19e-03  6.42e-02    31s
[2026-04-30 14:45:48,404][gurobipy][INFO] -    4   4.55049117e+00 -1.67188371e+01  1.82e-11 1.23e-05  1.08e-03    31s
[2026-04-30 14:45:48,474][gurobipy][INFO] -    5   2.47252063e+00 -4.31954007e+00  2.55e-11 4.28e-06  3.46e-04    31s
[2026-04-30 14:45:48,507][gurobipy][INFO] -    6   1.02886041e+00 -6.61931297e-01  1.27e-11 2.05e-07  8.52e-05    32s
[2026-04-30 14:45:48,579][gurobipy][INFO] -    7   1.13371522e-01 -1.17704828e-01  1.09e-11 5.14e-08  1.16e-05    32s
[2026-04-30 14:45:48,615][gurobipy][INFO] -    8   8.94053690e-03 -6.04729061e-03  1.09e-11 4.32e-09  7.54e-07    32s
[2026-04-30 14:45:48,664][gurobipy][INFO] -    9   3.08753470e-03  7.88340162e-04  2.18e-11 2.50e-16  1.15e-07    32s
[2026-04-30 14:45:48,703][gurobipy][INFO] -   10   2.80233218e-03  1.00492816e-03  1.09e-11 1.11e-16  9.00e-08    32s
[2026-04-30 14:45:48,762][gurobipy][INFO] -   11   2.16216700e-03  1.06070258e-03  1.46e-11 2.50e-16  5.51e-08    32s
[2026-04-30 14:45:48,797][gurobipy][INFO] -   12   1.99216484e-03  1.10696715e-03  1.27e-11 2.78e-16  4.43e-08    32s
[2026-04-30 14:45:48,845][gurobipy][INFO] -   13   1.68886461e-03  1.15879139e-03  1.09e-11 2.22e-16  2.65e-08    32s
[2026-04-30 14:45:48,917][gurobipy][INFO] -   14   1.44818618e-03  1.19868491e-03  2.00e-11 2.37e-16  1.25e-08    32s
[2026-04-30 14:45:48,986][gurobipy][INFO] -   15   1.35347940e-03  1.22028131e-03  1.64e-11 3.61e-16  6.67e-09    32s
[2026-04-30 14:45:49,026][gurobipy][INFO] -   16   1.32073512e-03  1.22787477e-03  1.09e-11 1.67e-16  4.65e-09    32s
[2026-04-30 14:45:49,080][gurobipy][INFO] -   17   1.26277330e-03  1.23217641e-03  2.18e-11 2.78e-16  1.53e-09    32s
[2026-04-30 14:45:49,134][gurobipy][INFO] -   18   1.23760083e-03  1.23400887e-03  2.00e-11 1.94e-16  1.80e-10    32s
[2026-04-30 14:45:49,196][gurobipy][INFO] -   19   1.23458131e-03  1.23420198e-03  1.64e-11 3.69e-16  1.90e-11    32s
[2026-04-30 14:45:49,250][gurobipy][INFO] -   20   1.23428918e-03  1.23428848e-03  3.46e-11 1.94e-16  3.50e-14    32s
[2026-04-30 14:45:49,250][gurobipy][INFO] - 
[2026-04-30 14:45:49,250][gurobipy][INFO] - Barrier solved model in 20 iterations and 32.26 seconds (30.81 work units)
[2026-04-30 14:45:49,250][gurobipy][INFO] - Optimal objective 1.23428918e-03
[2026-04-30 14:45:49,250][gurobipy][INFO] - 
[2026-04-30 14:45:49,274][gurobipy][INFO] - 
[2026-04-30 14:45:49,274][gurobipy][INFO] - Root crossover log...
[2026-04-30 14:45:49,274][gurobipy][INFO] - 
[2026-04-30 14:45:49,277][gurobipy][INFO] -      858 DPushes remaining with DInf 1.9322456e-03                32s
[2026-04-30 14:45:49,367][gurobipy][INFO] -        0 DPushes remaining with DInf 0.0000000e+00                32s
[2026-04-30 14:45:49,370][gurobipy][INFO] - 
[2026-04-30 14:45:49,370][gurobipy][INFO] -     1038 PPushes remaining with PInf 0.0000000e+00                32s
[2026-04-30 14:45:49,411][gurobipy][INFO] -        0 PPushes remaining with PInf 0.0000000e+00                32s
[2026-04-30 14:45:49,412][gurobipy][INFO] - 
[2026-04-30 14:45:49,412][gurobipy][INFO] -   Push phase complete: Pinf 0.0000000e+00, Dinf 4.7855711e-02     32s
[2026-04-30 14:45:49,412][gurobipy][INFO] - 
[2026-04-30 14:45:49,415][gurobipy][INFO] - 
[2026-04-30 14:45:49,415][gurobipy][INFO] - Root simplex log...
[2026-04-30 14:45:49,415][gurobipy][INFO] - 
[2026-04-30 14:45:49,415][gurobipy][INFO] - Iteration    Objective       Primal Inf.    Dual Inf.      Time
[2026-04-30 14:45:49,415][gurobipy][INFO] -     1569    1.2342887e-03   0.000000e+00   4.785571e-02     32s
[2026-04-30 14:45:49,489][gurobipy][INFO] - Crossover time: 0.24 seconds (0.03 work units)
[2026-04-30 14:45:49,489][gurobipy][INFO] - Crossover changed status from Optimal to Time Limit
[2026-04-30 14:45:49,489][gurobipy][INFO] - Concurrent spin time: 1.15s (can be avoided by choosing Method=3)
[2026-04-30 14:45:49,489][gurobipy][INFO] - 
[2026-04-30 14:45:49,489][gurobipy][INFO] - Solved with dual simplex
[2026-04-30 14:45:49,490][gurobipy][INFO] - 
[2026-04-30 14:45:49,490][gurobipy][INFO] - Root simplex log...
[2026-04-30 14:45:49,490][gurobipy][INFO] - 
[2026-04-30 14:45:49,490][gurobipy][INFO] - Iteration    Objective       Primal Inf.    Dual Inf.      Time
[2026-04-30 14:45:49,490][gurobipy][INFO] -     3655    1.2342887e-03   0.000000e+00   0.000000e+00     32s
[2026-04-30 14:45:49,890][gurobipy][INFO] - 
[2026-04-30 14:45:49,890][gurobipy][INFO] - Use crossover to convert LP symmetric solution to basic solution...
[2026-04-30 14:45:59,695][gurobipy][INFO] - 
[2026-04-30 14:45:59,695][gurobipy][INFO] - Root crossover log...
[2026-04-30 14:45:59,695][gurobipy][INFO] - 
[2026-04-30 14:46:02,124][gurobipy][INFO] -   216695 variables added to crossover basis                       45s
[2026-04-30 14:46:07,158][gurobipy][INFO] -   217265 variables added to crossover basis                       50s
[2026-04-30 14:46:12,056][gurobipy][INFO] -   217655 variables added to crossover basis                       55s
[2026-04-30 14:46:17,024][gurobipy][INFO] -   217985 variables added to crossover basis                       60s
[2026-04-30 14:46:22,117][gurobipy][INFO] -   218285 variables added to crossover basis                       65s
[2026-04-30 14:46:27,121][gurobipy][INFO] -   218555 variables added to crossover basis                       70s
[2026-04-30 14:46:32,422][gurobipy][INFO] -   218825 variables added to crossover basis                       75s
[2026-04-30 14:46:37,481][gurobipy][INFO] -   219065 variables added to crossover basis                       80s
[2026-04-30 14:46:42,123][gurobipy][INFO] -   219275 variables added to crossover basis                       85s
[2026-04-30 14:46:47,572][gurobipy][INFO] -   219515 variables added to crossover basis                       91s
[2026-04-30 14:46:52,512][gurobipy][INFO] -   219725 variables added to crossover basis                       96s
[2026-04-30 14:46:57,644][gurobipy][INFO] -   219935 variables added to crossover basis                      101s
[2026-04-30 14:47:02,155][gurobipy][INFO] -   220115 variables added to crossover basis                      105s
[2026-04-30 14:47:07,474][gurobipy][INFO] -   220325 variables added to crossover basis                      110s
[2026-04-30 14:47:12,053][gurobipy][INFO] -   220505 variables added to crossover basis                      115s
[2026-04-30 14:47:17,579][gurobipy][INFO] -   220715 variables added to crossover basis                      121s
[2026-04-30 14:47:22,340][gurobipy][INFO] -   220895 variables added to crossover basis                      125s
[2026-04-30 14:47:27,091][gurobipy][INFO] -   221795 variables added to crossover basis                      130s
[2026-04-30 14:47:32,115][gurobipy][INFO] -   222275 variables added to crossover basis                      135s
[2026-04-30 14:47:37,062][gurobipy][INFO] -   222635 variables added to crossover basis                      140s
[2026-04-30 14:47:42,443][gurobipy][INFO] -   222965 variables added to crossover basis                      145s
[2026-04-30 14:47:47,441][gurobipy][INFO] -   223235 variables added to crossover basis                      150s
[2026-04-30 14:47:52,211][gurobipy][INFO] -   223475 variables added to crossover basis                      155s
[2026-04-30 14:47:57,251][gurobipy][INFO] -   223715 variables added to crossover basis                      160s
[2026-04-30 14:48:02,056][gurobipy][INFO] -   223925 variables added to crossover basis                      165s
[2026-04-30 14:48:07,648][gurobipy][INFO] -   224165 variables added to crossover basis                      171s
[2026-04-30 14:48:12,057][gurobipy][INFO] -   224345 variables added to crossover basis                      175s
[2026-04-30 14:48:17,321][gurobipy][INFO] -   224555 variables added to crossover basis                      180s
[2026-04-30 14:48:22,746][gurobipy][INFO] -   224765 variables added to crossover basis                      186s
[2026-04-30 14:48:27,456][gurobipy][INFO] -   224945 variables added to crossover basis                      190s
[2026-04-30 14:48:32,231][gurobipy][INFO] -   225125 variables added to crossover basis                      195s
[2026-04-30 14:48:37,097][gurobipy][INFO] -   225305 variables added to crossover basis                      200s
[2026-04-30 14:48:42,101][gurobipy][INFO] -   225485 variables added to crossover basis                      205s
[2026-04-30 14:48:47,030][gurobipy][INFO] -   225665 variables added to crossover basis                      210s
[2026-04-30 14:48:52,767][gurobipy][INFO] -   225875 variables added to crossover basis                      216s
[2026-04-30 14:48:57,008][gurobipy][INFO] -   226685 variables added to crossover basis                      220s
[2026-04-30 14:49:02,087][gurobipy][INFO] -   227195 variables added to crossover basis                      225s
[2026-04-30 14:49:07,075][gurobipy][INFO] -   227555 variables added to crossover basis                      230s
[2026-04-30 14:49:12,009][gurobipy][INFO] -   227855 variables added to crossover basis                      235s
[2026-04-30 14:49:17,559][gurobipy][INFO] -   228155 variables added to crossover basis                      241s
[2026-04-30 14:49:22,434][gurobipy][INFO] -   228395 variables added to crossover basis                      245s
[2026-04-30 14:49:27,627][gurobipy][INFO] -   228635 variables added to crossover basis                      251s
[2026-04-30 14:49:32,399][gurobipy][INFO] -   228845 variables added to crossover basis                      255s
[2026-04-30 14:49:37,375][gurobipy][INFO] -   229055 variables added to crossover basis                      260s
[2026-04-30 14:49:42,523][gurobipy][INFO] -   229265 variables added to crossover basis                      266s
[2026-04-30 14:49:47,052][gurobipy][INFO] -   229445 variables added to crossover basis                      270s
[2026-04-30 14:49:52,503][gurobipy][INFO] -   229655 variables added to crossover basis                      276s
[2026-04-30 14:49:57,202][gurobipy][INFO] -   229835 variables added to crossover basis                      280s
[2026-04-30 14:50:02,743][gurobipy][INFO] -   230045 variables added to crossover basis                      286s
[2026-04-30 14:50:07,559][gurobipy][INFO] -   230225 variables added to crossover basis                      291s
[2026-04-30 14:50:12,416][gurobipy][INFO] -   230405 variables added to crossover basis                      295s
[2026-04-30 14:50:17,317][gurobipy][INFO] - 
[2026-04-30 14:50:17,317][gurobipy][INFO] - Root relaxation: time limit, 3655 iterations, 269.76 seconds (843.78 work units)
[2026-04-30 14:50:17,319][gurobipy][INFO] - 
[2026-04-30 14:50:17,319][gurobipy][INFO] -     Nodes    |    Current Node    |     Objective Bounds      |     Work
[2026-04-30 14:50:17,319][gurobipy][INFO] -  Expl Unexpl |  Obj  Depth IntInf | Incumbent    BestBd   Gap | It/Node Time
[2026-04-30 14:50:17,319][gurobipy][INFO] - 
[2026-04-30 14:50:17,319][gurobipy][INFO] -      0     0          -    0         0.50000    0.00000   100%     -  300s
[2026-04-30 14:50:17,324][gurobipy][INFO] - 
[2026-04-30 14:50:17,325][gurobipy][INFO] - Explored 1 nodes (3655 simplex iterations) in 300.33 seconds (873.96 work units)
[2026-04-30 14:50:17,325][gurobipy][INFO] - Thread count was 32 (of 128 available processors)
[2026-04-30 14:50:17,325][gurobipy][INFO] - 
[2026-04-30 14:50:17,325][gurobipy][INFO] - Solution count 1: 0.5 
[2026-04-30 14:50:17,325][gurobipy][INFO] - 
[2026-04-30 14:50:17,325][gurobipy][INFO] - Time limit reached
[2026-04-30 14:50:17,326][gurobipy][INFO] - Best objective 5.000000000000e-01, best bound 3.875049695186e-14, gap 100.0000%
