[2026-05-03 15:39:05,476][gurobipy][INFO] - Set parameter WLSAccessID
[2026-05-03 15:39:05,477][gurobipy][INFO] - Set parameter WLSSecret
[2026-05-03 15:39:05,477][gurobipy][INFO] - Set parameter LicenseID to value 2619742
[2026-05-03 15:39:05,485][gurobipy][INFO] - Academic license 2619742 - for non-commercial use only - registered to it___@mail.huji.ac.il
[2026-05-03 15:39:05,486][gurobipy][INFO] - Set parameter OutputFlag to value 1
[2026-05-03 15:39:05,486][gurobipy][INFO] - Set parameter MIPGap to value 0
[2026-05-03 15:39:05,486][gurobipy][INFO] - Set parameter TimeLimit to value 300
[2026-05-03 15:40:14,828][gurobipy][INFO] - Set parameter NonConvex to value 2
[2026-05-03 15:40:17,446][gurobipy][INFO] - Gurobi Optimizer version 13.0.1 build v13.0.1rc0 (linux64 - "Ubuntu 22.04.5 LTS")
[2026-05-03 15:40:17,446][gurobipy][INFO] - 
[2026-05-03 15:40:17,447][gurobipy][INFO] - CPU model: Intel(R) Xeon(R) Platinum 8358 CPU @ 2.60GHz, instruction set [SSE2|AVX|AVX2|AVX512]
[2026-05-03 15:40:17,447][gurobipy][INFO] - Thread count: 64 physical cores, 128 logical processors, using up to 32 threads
[2026-05-03 15:40:17,447][gurobipy][INFO] - 
[2026-05-03 15:40:17,447][gurobipy][INFO] - Non-default parameters:
[2026-05-03 15:40:17,447][gurobipy][INFO] - TimeLimit  300
[2026-05-03 15:40:17,447][gurobipy][INFO] - MIPGap  0
[2026-05-03 15:40:17,447][gurobipy][INFO] - NonConvex  2
[2026-05-03 15:40:17,447][gurobipy][INFO] - 
[2026-05-03 15:40:17,447][gurobipy][INFO] - Academic license 2619742 - for non-commercial use only - registered to it___@mail.huji.ac.il
[2026-05-03 15:40:17,447][gurobipy][INFO] - Optimize a model with 1744202 rows, 48862 columns and 3488404 nonzeros (Min)
[2026-05-03 15:40:17,510][gurobipy][INFO] - Model fingerprint: 0xef253147
[2026-05-03 15:40:17,510][gurobipy][INFO] - Model has 48862 linear objective coefficients and an objective constant of 0.5
[2026-05-03 15:40:17,510][gurobipy][INFO] - Model has 40 quadratic constraints
[2026-05-03 15:40:17,510][gurobipy][INFO] - Variable types: 20 continuous, 48842 integer (48842 binary)
[2026-05-03 15:40:17,520][gurobipy][INFO] - Coefficient statistics:
[2026-05-03 15:40:17,520][gurobipy][INFO] -   Matrix range     [1e+00, 1e+00]
[2026-05-03 15:40:17,520][gurobipy][INFO] -   QMatrix range    [1e+00, 1e+00]
[2026-05-03 15:40:17,520][gurobipy][INFO] -   QLMatrix range   [1e-05, 1e+00]
[2026-05-03 15:40:17,520][gurobipy][INFO] -   Objective range  [1e-05, 3e-02]
[2026-05-03 15:40:17,521][gurobipy][INFO] -   Bounds range     [1e+00, 1e+00]
[2026-05-03 15:40:17,521][gurobipy][INFO] -   RHS range        [1e+00, 1e+00]
[2026-05-03 15:40:17,521][gurobipy][INFO] - 
[2026-05-03 15:40:17,571][gurobipy][INFO] - Found heuristic solution: objective 0.5000000
[2026-05-03 15:40:22,866][gurobipy][INFO] - Presolve removed 0 rows and 0 columns (presolve time = 5s)...
[2026-05-03 15:40:27,968][gurobipy][INFO] - Presolve removed 285692 rows and 0 columns (presolve time = 10s)...
[2026-05-03 15:40:32,912][gurobipy][INFO] - Presolve removed 285692 rows and 0 columns (presolve time = 15s)...
[2026-05-03 15:40:37,870][gurobipy][INFO] - Presolve removed 285753 rows and 0 columns (presolve time = 20s)...
[2026-05-03 15:40:42,919][gurobipy][INFO] - Presolve removed 286265 rows and 0 columns (presolve time = 25s)...
[2026-05-03 15:40:47,877][gurobipy][INFO] - Presolve removed 286265 rows and 0 columns (presolve time = 30s)...
[2026-05-03 15:40:52,902][gurobipy][INFO] - Presolve removed 286265 rows and 0 columns (presolve time = 35s)...
[2026-05-03 15:40:57,882][gurobipy][INFO] - Presolve removed 286265 rows and 0 columns (presolve time = 40s)...
[2026-05-03 15:41:02,877][gurobipy][INFO] - Presolve removed 286265 rows and 0 columns (presolve time = 45s)...
[2026-05-03 15:41:07,863][gurobipy][INFO] - Presolve removed 286265 rows and 0 columns (presolve time = 50s)...
[2026-05-03 15:41:12,864][gurobipy][INFO] - Presolve removed 286265 rows and 0 columns (presolve time = 55s)...
[2026-05-03 15:41:18,008][gurobipy][INFO] - Presolve removed 286265 rows and 0 columns (presolve time = 60s)...
[2026-05-03 15:41:29,684][gurobipy][INFO] - Presolve removed 286265 rows and 0 columns (presolve time = 72s)...
[2026-05-03 15:41:29,684][gurobipy][INFO] - Presolve added 0 rows and 20 columns
[2026-05-03 15:41:29,684][gurobipy][INFO] - Presolve removed 286225 rows and 0 columns
[2026-05-03 15:41:29,684][gurobipy][INFO] - Presolve time: 71.82s
[2026-05-03 15:41:29,694][gurobipy][INFO] - Presolved: 3411677 rows, 2979402 columns, 11015327 nonzeros
[2026-05-03 15:41:29,694][gurobipy][INFO] - Presolved model has 1953680 SOS constraint(s)
[2026-05-03 15:41:42,987][gurobipy][INFO] - Variable types: 1953720 continuous, 1025682 integer (1025682 binary)
[2026-05-03 15:45:18,131][gurobipy][INFO] - 
[2026-05-03 15:45:18,131][gurobipy][INFO] - Explored 1 nodes (0 simplex iterations) in 300.68 seconds (263.06 work units)
[2026-05-03 15:45:18,131][gurobipy][INFO] - Thread count was 32 (of 128 available processors)
[2026-05-03 15:45:18,131][gurobipy][INFO] - 
[2026-05-03 15:45:18,131][gurobipy][INFO] - Solution count 1: 0.5 
[2026-05-03 15:45:18,132][gurobipy][INFO] - 
[2026-05-03 15:45:18,132][gurobipy][INFO] - Time limit reached
[2026-05-03 15:45:18,156][gurobipy][INFO] - Best objective 5.000000000000e-01, best bound 1.811682958329e-13, gap 100.0000%
