[2026-05-03 17:37:39,545][gurobipy][INFO] - Set parameter WLSAccessID
[2026-05-03 17:37:39,545][gurobipy][INFO] - Set parameter WLSSecret
[2026-05-03 17:37:39,546][gurobipy][INFO] - Set parameter LicenseID to value 2619742
[2026-05-03 17:37:39,575][gurobipy][INFO] - Academic license 2619742 - for non-commercial use only - registered to it___@mail.huji.ac.il
[2026-05-03 17:37:39,577][gurobipy][INFO] - Set parameter OutputFlag to value 1
[2026-05-03 17:37:39,577][gurobipy][INFO] - Set parameter MIPGap to value 0
[2026-05-03 17:37:39,577][gurobipy][INFO] - Set parameter TimeLimit to value 300
[2026-05-03 17:41:18,893][gurobipy][INFO] - Set parameter NonConvex to value 2
[2026-05-03 17:42:08,428][gurobipy][INFO] - Gurobi Optimizer version 13.0.1 build v13.0.1rc0 (linux64 - "Ubuntu 22.04.5 LTS")
[2026-05-03 17:42:08,429][gurobipy][INFO] - 
[2026-05-03 17:42:08,429][gurobipy][INFO] - CPU model: Intel(R) Xeon(R) Platinum 8358 CPU @ 2.60GHz, instruction set [SSE2|AVX|AVX2|AVX512]
[2026-05-03 17:42:08,429][gurobipy][INFO] - Thread count: 64 physical cores, 128 logical processors, using up to 32 threads
[2026-05-03 17:42:08,429][gurobipy][INFO] - 
[2026-05-03 17:42:08,429][gurobipy][INFO] - Non-default parameters:
[2026-05-03 17:42:08,429][gurobipy][INFO] - TimeLimit  300
[2026-05-03 17:42:08,429][gurobipy][INFO] - MIPGap  0
[2026-05-03 17:42:08,429][gurobipy][INFO] - NonConvex  2
[2026-05-03 17:42:08,429][gurobipy][INFO] - 
[2026-05-03 17:42:08,429][gurobipy][INFO] - Academic license 2619742 - for non-commercial use only - registered to it___@mail.huji.ac.il
[2026-05-03 17:42:08,429][gurobipy][INFO] - Optimize a model with 762346 rows, 999930 columns and 1524692 nonzeros (Min)
[2026-05-03 17:42:09,025][gurobipy][INFO] - Model fingerprint: 0xc5335803
[2026-05-03 17:42:09,026][gurobipy][INFO] - Model has 999930 linear objective coefficients and an objective constant of 0.5
[2026-05-03 17:42:09,026][gurobipy][INFO] - Model has 40 quadratic constraints
[2026-05-03 17:42:09,027][gurobipy][INFO] - Variable types: 20 continuous, 999910 integer (999910 binary)
[2026-05-03 17:42:09,118][gurobipy][INFO] - Coefficient statistics:
[2026-05-03 17:42:09,118][gurobipy][INFO] -   Matrix range     [1e+00, 1e+00]
[2026-05-03 17:42:09,118][gurobipy][INFO] -   QMatrix range    [1e+00, 1e+00]
[2026-05-03 17:42:09,118][gurobipy][INFO] -   QLMatrix range   [9e-05, 1e+00]
[2026-05-03 17:42:09,118][gurobipy][INFO] -   Objective range  [5e-07, 3e-02]
[2026-05-03 17:42:09,118][gurobipy][INFO] -   Bounds range     [1e+00, 1e+00]
[2026-05-03 17:42:09,118][gurobipy][INFO] -   RHS range        [1e+00, 1e+00]
[2026-05-03 17:42:09,118][gurobipy][INFO] - 
[2026-05-03 17:42:09,358][gurobipy][INFO] - Found heuristic solution: objective 0.5000000
[2026-05-03 17:42:19,077][gurobipy][INFO] - Presolve removed 0 rows and 0 columns (presolve time = 8s)...
[2026-05-03 17:42:22,740][gurobipy][INFO] - Presolve removed 0 rows and 0 columns (presolve time = 12s)...
[2026-05-03 17:42:26,888][gurobipy][INFO] - Presolve removed 0 rows and 0 columns (presolve time = 16s)...
[2026-05-03 17:42:31,319][gurobipy][INFO] - Presolve removed 0 rows and 0 columns (presolve time = 20s)...
[2026-05-03 17:42:35,951][gurobipy][INFO] - Presolve removed 149792 rows and 0 columns (presolve time = 25s)...
[2026-05-03 17:42:41,992][gurobipy][INFO] - Presolve removed 149792 rows and 0 columns (presolve time = 31s)...
[2026-05-03 17:42:45,982][gurobipy][INFO] - Presolve removed 149792 rows and 0 columns (presolve time = 35s)...
[2026-05-03 17:42:51,515][gurobipy][INFO] - Presolve removed 149792 rows and 0 columns (presolve time = 41s)...
[2026-05-03 17:42:55,980][gurobipy][INFO] - Presolve removed 149792 rows and 0 columns (presolve time = 45s)...
[2026-05-03 17:43:00,951][gurobipy][INFO] - Presolve removed 149792 rows and 0 columns (presolve time = 50s)...
[2026-05-03 17:43:05,950][gurobipy][INFO] - Presolve removed 149792 rows and 0 columns (presolve time = 55s)...
[2026-05-03 17:43:11,678][gurobipy][INFO] - Presolve removed 149792 rows and 0 columns (presolve time = 61s)...
[2026-05-03 17:43:16,474][gurobipy][INFO] - Presolve removed 149792 rows and 0 columns (presolve time = 66s)...
[2026-05-03 17:43:20,949][gurobipy][INFO] - Presolve removed 149792 rows and 0 columns (presolve time = 70s)...
[2026-05-03 17:43:27,347][gurobipy][INFO] - Presolve removed 149792 rows and 0 columns (presolve time = 76s)...
[2026-05-03 17:44:38,724][gurobipy][INFO] - Presolve removed 149792 rows and 0 columns (presolve time = 148s)...
[2026-05-03 17:44:38,725][gurobipy][INFO] - Presolve added 0 rows and 20 columns
[2026-05-03 17:44:38,725][gurobipy][INFO] - Presolve removed 149752 rows and 0 columns
[2026-05-03 17:44:38,725][gurobipy][INFO] - Presolve time: 147.78s
[2026-05-03 17:44:38,853][gurobipy][INFO] - Presolved: 40609014 rows, 60994550 columns, 161360533 nonzeros
[2026-05-03 17:44:38,853][gurobipy][INFO] - Presolved model has 39996400 SOS constraint(s)
