[2026-05-03 17:39:20,257][gurobipy][INFO] - Set parameter WLSAccessID
[2026-05-03 17:39:20,258][gurobipy][INFO] - Set parameter WLSSecret
[2026-05-03 17:39:20,258][gurobipy][INFO] - Set parameter LicenseID to value 2619742
[2026-05-03 17:39:20,265][gurobipy][INFO] - Academic license 2619742 - for non-commercial use only - registered to it___@mail.huji.ac.il
[2026-05-03 17:39:20,266][gurobipy][INFO] - Set parameter OutputFlag to value 1
[2026-05-03 17:39:20,266][gurobipy][INFO] - Set parameter MIPGap to value 0
[2026-05-03 17:39:20,267][gurobipy][INFO] - Set parameter TimeLimit to value 300
[2026-05-03 17:48:13,786][gurobipy][INFO] - Set parameter NonConvex to value 2
[2026-05-03 17:49:08,485][gurobipy][INFO] - Gurobi Optimizer version 13.0.1 build v13.0.1rc0 (linux64 - "Ubuntu 22.04.5 LTS")
[2026-05-03 17:49:08,485][gurobipy][INFO] - 
[2026-05-03 17:49:08,485][gurobipy][INFO] - CPU model: Intel(R) Xeon(R) Platinum 8358 CPU @ 2.60GHz, instruction set [SSE2|AVX|AVX2|AVX512]
[2026-05-03 17:49:08,485][gurobipy][INFO] - Thread count: 64 physical cores, 128 logical processors, using up to 32 threads
[2026-05-03 17:49:08,485][gurobipy][INFO] - 
[2026-05-03 17:49:08,486][gurobipy][INFO] - Non-default parameters:
[2026-05-03 17:49:08,486][gurobipy][INFO] - TimeLimit  300
[2026-05-03 17:49:08,486][gurobipy][INFO] - MIPGap  0
[2026-05-03 17:49:08,486][gurobipy][INFO] - NonConvex  2
[2026-05-03 17:49:08,486][gurobipy][INFO] - 
[2026-05-03 17:49:08,509][gurobipy][INFO] - Academic license 2619742 - for non-commercial use only - registered to it___@mail.huji.ac.il
[2026-05-03 17:49:08,509][gurobipy][INFO] - Optimize a model with 8326197 rows, 999930 columns and 16652394 nonzeros (Min)
[2026-05-03 17:49:09,271][gurobipy][INFO] - Model fingerprint: 0x219ca9d4
[2026-05-03 17:49:09,272][gurobipy][INFO] - Model has 999930 linear objective coefficients and an objective constant of 0.5
[2026-05-03 17:49:09,272][gurobipy][INFO] - Model has 40 quadratic constraints
[2026-05-03 17:49:09,272][gurobipy][INFO] - Variable types: 20 continuous, 999910 integer (999910 binary)
[2026-05-03 17:49:09,388][gurobipy][INFO] - Coefficient statistics:
[2026-05-03 17:49:09,388][gurobipy][INFO] -   Matrix range     [1e+00, 1e+00]
[2026-05-03 17:49:09,388][gurobipy][INFO] -   QMatrix range    [1e+00, 1e+00]
[2026-05-03 17:49:09,388][gurobipy][INFO] -   QLMatrix range   [2e-04, 1e+00]
[2026-05-03 17:49:09,388][gurobipy][INFO] -   Objective range  [5e-07, 3e-02]
[2026-05-03 17:49:09,388][gurobipy][INFO] -   Bounds range     [1e+00, 1e+00]
[2026-05-03 17:49:09,388][gurobipy][INFO] -   RHS range        [1e+00, 1e+00]
[2026-05-03 17:49:09,388][gurobipy][INFO] - 
[2026-05-03 17:49:09,856][gurobipy][INFO] - Found heuristic solution: objective 0.5000000
[2026-05-03 17:49:19,065][gurobipy][INFO] - Presolve removed 0 rows and 0 columns (presolve time = 6s)...
[2026-05-03 17:49:24,660][gurobipy][INFO] - Presolve removed 0 rows and 0 columns (presolve time = 12s)...
[2026-05-03 17:49:28,830][gurobipy][INFO] - Presolve removed 0 rows and 0 columns (presolve time = 16s)...
[2026-05-03 17:49:34,915][gurobipy][INFO] - Presolve removed 0 rows and 0 columns (presolve time = 22s)...
[2026-05-03 17:49:42,757][gurobipy][INFO] - Presolve removed 0 rows and 0 columns (presolve time = 30s)...
[2026-05-03 17:49:43,384][gurobipy][INFO] - Presolve removed 0 rows and 0 columns (presolve time = 30s)...
[2026-05-03 17:49:50,029][gurobipy][INFO] - Presolve removed 0 rows and 0 columns (presolve time = 37s)...
[2026-05-03 17:49:53,221][gurobipy][INFO] - Presolve removed 0 rows and 0 columns (presolve time = 40s)...
[2026-05-03 17:49:58,190][gurobipy][INFO] - Presolve removed 0 rows and 0 columns (presolve time = 45s)...
[2026-05-03 17:50:03,138][gurobipy][INFO] - Presolve removed 0 rows and 0 columns (presolve time = 50s)...
[2026-05-03 17:50:08,136][gurobipy][INFO] - Presolve removed 0 rows and 0 columns (presolve time = 55s)...
[2026-05-03 17:50:13,186][gurobipy][INFO] - Presolve removed 0 rows and 0 columns (presolve time = 60s)...
[2026-05-03 17:50:18,136][gurobipy][INFO] - Presolve removed 0 rows and 0 columns (presolve time = 65s)...
[2026-05-03 17:50:23,139][gurobipy][INFO] - Presolve removed 0 rows and 0 columns (presolve time = 70s)...
[2026-05-03 17:50:28,136][gurobipy][INFO] - Presolve removed 0 rows and 0 columns (presolve time = 75s)...
[2026-05-03 17:50:33,137][gurobipy][INFO] - Presolve removed 0 rows and 0 columns (presolve time = 80s)...
[2026-05-03 17:50:38,136][gurobipy][INFO] - Presolve removed 0 rows and 0 columns (presolve time = 85s)...
[2026-05-03 17:50:43,488][gurobipy][INFO] - Presolve removed 3222897 rows and 0 columns (presolve time = 90s)...
[2026-05-03 17:50:48,175][gurobipy][INFO] - Presolve removed 3224665 rows and 0 columns (presolve time = 95s)...
[2026-05-03 17:50:53,168][gurobipy][INFO] - Presolve removed 3226518 rows and 0 columns (presolve time = 100s)...
[2026-05-03 17:50:58,167][gurobipy][INFO] - Presolve removed 3227169 rows and 0 columns (presolve time = 105s)...
[2026-05-03 17:51:03,146][gurobipy][INFO] - Presolve removed 3227169 rows and 0 columns (presolve time = 110s)...
[2026-05-03 17:51:08,153][gurobipy][INFO] - Presolve removed 3227169 rows and 0 columns (presolve time = 115s)...
[2026-05-03 17:51:13,147][gurobipy][INFO] - Presolve removed 3227169 rows and 0 columns (presolve time = 120s)...
[2026-05-03 17:51:18,150][gurobipy][INFO] - Presolve removed 3227169 rows and 0 columns (presolve time = 125s)...
[2026-05-03 17:51:23,156][gurobipy][INFO] - Presolve removed 3227169 rows and 0 columns (presolve time = 130s)...
[2026-05-03 17:51:28,164][gurobipy][INFO] - Presolve removed 3227169 rows and 0 columns (presolve time = 135s)...
[2026-05-03 17:51:33,189][gurobipy][INFO] - Presolve removed 3227169 rows and 0 columns (presolve time = 140s)...
[2026-05-03 17:51:38,173][gurobipy][INFO] - Presolve removed 3227169 rows and 0 columns (presolve time = 145s)...
[2026-05-03 17:51:43,154][gurobipy][INFO] - Presolve removed 3227169 rows and 0 columns (presolve time = 150s)...
[2026-05-03 17:51:48,175][gurobipy][INFO] - Presolve removed 3227169 rows and 0 columns (presolve time = 155s)...
[2026-05-03 17:51:53,162][gurobipy][INFO] - Presolve removed 3227169 rows and 0 columns (presolve time = 160s)...
[2026-05-03 17:51:58,140][gurobipy][INFO] - Presolve removed 3227169 rows and 0 columns (presolve time = 165s)...
[2026-05-03 17:52:03,170][gurobipy][INFO] - Presolve removed 3227169 rows and 0 columns (presolve time = 170s)...
[2026-05-03 17:52:08,150][gurobipy][INFO] - Presolve removed 3227169 rows and 0 columns (presolve time = 175s)...
[2026-05-03 17:52:13,152][gurobipy][INFO] - Presolve removed 3227169 rows and 0 columns (presolve time = 180s)...
[2026-05-03 17:52:18,184][gurobipy][INFO] - Presolve removed 3227169 rows and 0 columns (presolve time = 185s)...
[2026-05-03 17:52:23,146][gurobipy][INFO] - Presolve removed 3227169 rows and 0 columns (presolve time = 190s)...
[2026-05-03 17:52:28,136][gurobipy][INFO] - Presolve removed 3227169 rows and 0 columns (presolve time = 195s)...
[2026-05-03 17:52:33,185][gurobipy][INFO] - Presolve removed 3227169 rows and 0 columns (presolve time = 200s)...
[2026-05-03 17:52:38,144][gurobipy][INFO] - Presolve removed 3227169 rows and 0 columns (presolve time = 205s)...
[2026-05-03 17:52:43,149][gurobipy][INFO] - Presolve removed 3227169 rows and 0 columns (presolve time = 210s)...
[2026-05-03 17:52:48,165][gurobipy][INFO] - Presolve removed 3227169 rows and 0 columns (presolve time = 215s)...
[2026-05-03 17:52:53,155][gurobipy][INFO] - Presolve removed 3227169 rows and 0 columns (presolve time = 220s)...
[2026-05-03 17:52:58,164][gurobipy][INFO] - Presolve removed 3227169 rows and 0 columns (presolve time = 225s)...
[2026-05-03 17:53:03,184][gurobipy][INFO] - Presolve removed 3227169 rows and 0 columns (presolve time = 230s)...
[2026-05-03 17:53:08,173][gurobipy][INFO] - Presolve removed 3227169 rows and 0 columns (presolve time = 235s)...
[2026-05-03 17:53:13,191][gurobipy][INFO] - Presolve removed 3227169 rows and 0 columns (presolve time = 240s)...
[2026-05-03 17:53:18,161][gurobipy][INFO] - Presolve removed 3227169 rows and 0 columns (presolve time = 245s)...
[2026-05-03 17:53:23,188][gurobipy][INFO] - Presolve removed 3227169 rows and 0 columns (presolve time = 250s)...
[2026-05-03 17:53:28,194][gurobipy][INFO] - Presolve removed 3227169 rows and 0 columns (presolve time = 255s)...
[2026-05-03 17:53:33,136][gurobipy][INFO] - Presolve removed 3227169 rows and 0 columns (presolve time = 260s)...
[2026-05-03 17:53:38,179][gurobipy][INFO] - Presolve removed 3227169 rows and 0 columns (presolve time = 265s)...
[2026-05-03 17:53:43,168][gurobipy][INFO] - Presolve removed 3227169 rows and 0 columns (presolve time = 270s)...
[2026-05-03 17:53:48,159][gurobipy][INFO] - Presolve removed 3227169 rows and 0 columns (presolve time = 275s)...
[2026-05-03 17:53:53,147][gurobipy][INFO] - Presolve removed 3227169 rows and 0 columns (presolve time = 280s)...
[2026-05-03 17:53:58,180][gurobipy][INFO] - Presolve removed 3227169 rows and 0 columns (presolve time = 285s)...
[2026-05-03 17:54:03,171][gurobipy][INFO] - Presolve removed 3227169 rows and 0 columns (presolve time = 290s)...
[2026-05-03 17:54:08,174][gurobipy][INFO] - Presolve removed 3227169 rows and 0 columns (presolve time = 295s)...
[2026-05-03 17:54:08,490][gurobipy][INFO] - Presolve added 0 rows and 20 columns
[2026-05-03 17:54:08,490][gurobipy][INFO] - Presolve removed 3227129 rows and 0 columns
[2026-05-03 17:54:08,490][gurobipy][INFO] - Presolve time: 295.35s
[2026-05-03 17:54:09,488][gurobipy][INFO] - 
[2026-05-03 17:54:09,488][gurobipy][INFO] - Explored 0 nodes (0 simplex iterations) in 301.00 seconds (227.39 work units)
[2026-05-03 17:54:09,488][gurobipy][INFO] - Thread count was 1 (of 128 available processors)
[2026-05-03 17:54:09,491][gurobipy][INFO] - 
[2026-05-03 17:54:09,491][gurobipy][INFO] - Solution count 1: 0.5 
[2026-05-03 17:54:09,491][gurobipy][INFO] - 
[2026-05-03 17:54:09,491][gurobipy][INFO] - Time limit reached
[2026-05-03 17:54:09,749][gurobipy][INFO] - Best objective 5.000000000000e-01, best bound -, gap -
