[2026-05-03 15:39:08,218][gurobipy][INFO] - Set parameter WLSAccessID
[2026-05-03 15:39:08,218][gurobipy][INFO] - Set parameter WLSSecret
[2026-05-03 15:39:08,218][gurobipy][INFO] - Set parameter LicenseID to value 2619742
[2026-05-03 15:39:08,221][gurobipy][INFO] - Set parameter WLSAccessID
[2026-05-03 15:39:08,221][gurobipy][INFO] - Set parameter WLSSecret
[2026-05-03 15:39:08,221][gurobipy][INFO] - Set parameter LicenseID to value 2619742
[2026-05-03 15:39:08,230][gurobipy][INFO] - Academic license 2619742 - for non-commercial use only - registered to it___@mail.huji.ac.il
[2026-05-03 15:39:08,230][gurobipy][INFO] - Set parameter OutputFlag to value 1
[2026-05-03 15:39:08,231][gurobipy][INFO] - Set parameter MIPGap to value 0
[2026-05-03 15:39:08,231][gurobipy][INFO] - Set parameter TimeLimit to value 300
[2026-05-03 15:39:08,267][gurobipy][INFO] - Academic license 2619742 - for non-commercial use only - registered to it___@mail.huji.ac.il
[2026-05-03 15:39:08,269][gurobipy][INFO] - Set parameter OutputFlag to value 1
[2026-05-03 15:39:08,269][gurobipy][INFO] - Set parameter MIPGap to value 0
[2026-05-03 15:39:08,269][gurobipy][INFO] - Set parameter TimeLimit to value 300
[2026-05-03 15:39:15,309][gurobipy][INFO] - Set parameter NonConvex to value 2
[2026-05-03 15:39:17,257][gurobipy][INFO] - Gurobi Optimizer version 13.0.1 build v13.0.1rc0 (linux64 - "Ubuntu 22.04.5 LTS")
[2026-05-03 15:39:17,257][gurobipy][INFO] - 
[2026-05-03 15:39:17,257][gurobipy][INFO] - CPU model: Intel(R) Xeon(R) Platinum 8358 CPU @ 2.60GHz, instruction set [SSE2|AVX|AVX2|AVX512]
[2026-05-03 15:39:17,257][gurobipy][INFO] - Thread count: 64 physical cores, 128 logical processors, using up to 32 threads
[2026-05-03 15:39:17,257][gurobipy][INFO] - 
[2026-05-03 15:39:17,257][gurobipy][INFO] - Non-default parameters:
[2026-05-03 15:39:17,258][gurobipy][INFO] - TimeLimit  300
[2026-05-03 15:39:17,258][gurobipy][INFO] - MIPGap  0
[2026-05-03 15:39:17,258][gurobipy][INFO] - NonConvex  2
[2026-05-03 15:39:17,258][gurobipy][INFO] - 
[2026-05-03 15:39:17,258][gurobipy][INFO] - Academic license 2619742 - for non-commercial use only - registered to it___@mail.huji.ac.il
[2026-05-03 15:39:17,258][gurobipy][INFO] - Optimize a model with 171114 rows, 48862 columns and 342228 nonzeros (Min)
[2026-05-03 15:39:17,290][gurobipy][INFO] - Model fingerprint: 0x4d4feb90
[2026-05-03 15:39:17,290][gurobipy][INFO] - Model has 48862 linear objective coefficients and an objective constant of 0.5
[2026-05-03 15:39:17,290][gurobipy][INFO] - Model has 40 quadratic constraints
[2026-05-03 15:39:17,290][gurobipy][INFO] - Variable types: 20 continuous, 48842 integer (48842 binary)
[2026-05-03 15:39:17,295][gurobipy][INFO] - Coefficient statistics:
[2026-05-03 15:39:17,295][gurobipy][INFO] -   Matrix range     [1e+00, 1e+00]
[2026-05-03 15:39:17,295][gurobipy][INFO] -   QMatrix range    [1e+00, 1e+00]
[2026-05-03 15:39:17,295][gurobipy][INFO] -   QLMatrix range   [3e-05, 1e+00]
[2026-05-03 15:39:17,295][gurobipy][INFO] -   Objective range  [1e-05, 3e-02]
[2026-05-03 15:39:17,295][gurobipy][INFO] -   Bounds range     [1e+00, 1e+00]
[2026-05-03 15:39:17,295][gurobipy][INFO] -   RHS range        [1e+00, 1e+00]
[2026-05-03 15:39:17,295][gurobipy][INFO] - 
[2026-05-03 15:39:17,308][gurobipy][INFO] - Found heuristic solution: objective 0.5000000
[2026-05-03 15:39:28,400][gurobipy][INFO] - Presolve removed 25988 rows and 0 columns (presolve time = 11s)...
[2026-05-03 15:39:28,400][gurobipy][INFO] - Presolve added 0 rows and 20 columns
[2026-05-03 15:39:28,400][gurobipy][INFO] - Presolve removed 25948 rows and 0 columns
[2026-05-03 15:39:28,400][gurobipy][INFO] - Presolve time: 11.02s
[2026-05-03 15:39:28,406][gurobipy][INFO] - Presolved: 2098866 rows, 2979402 columns, 8131003 nonzeros
[2026-05-03 15:39:28,406][gurobipy][INFO] - Presolved model has 1953680 SOS constraint(s)
[2026-05-03 15:39:38,430][gurobipy][INFO] - Variable types: 1953720 continuous, 1025682 integer (1025682 binary)
[2026-05-03 15:39:43,972][gurobipy][INFO] - Set parameter NonConvex to value 2
[2026-05-03 15:39:46,306][gurobipy][INFO] - Gurobi Optimizer version 13.0.1 build v13.0.1rc0 (linux64 - "Ubuntu 22.04.5 LTS")
[2026-05-03 15:39:46,306][gurobipy][INFO] - 
[2026-05-03 15:39:46,306][gurobipy][INFO] - CPU model: Intel(R) Xeon(R) Platinum 8358 CPU @ 2.60GHz, instruction set [SSE2|AVX|AVX2|AVX512]
[2026-05-03 15:39:46,306][gurobipy][INFO] - Thread count: 64 physical cores, 128 logical processors, using up to 32 threads
[2026-05-03 15:39:46,306][gurobipy][INFO] - 
[2026-05-03 15:39:46,306][gurobipy][INFO] - Non-default parameters:
[2026-05-03 15:39:46,306][gurobipy][INFO] - TimeLimit  300
[2026-05-03 15:39:46,306][gurobipy][INFO] - MIPGap  0
[2026-05-03 15:39:46,306][gurobipy][INFO] - NonConvex  2
[2026-05-03 15:39:46,306][gurobipy][INFO] - 
[2026-05-03 15:39:46,306][gurobipy][INFO] - Academic license 2619742 - for non-commercial use only - registered to it___@mail.huji.ac.il
[2026-05-03 15:39:46,306][gurobipy][INFO] - Optimize a model with 867952 rows, 48862 columns and 1735904 nonzeros (Min)
[2026-05-03 15:39:46,351][gurobipy][INFO] - Model fingerprint: 0x942c8fc0
[2026-05-03 15:39:46,352][gurobipy][INFO] - Model has 48862 linear objective coefficients and an objective constant of 0.5
[2026-05-03 15:39:46,352][gurobipy][INFO] - Model has 40 quadratic constraints
[2026-05-03 15:39:46,352][gurobipy][INFO] - Variable types: 20 continuous, 48842 integer (48842 binary)
[2026-05-03 15:39:46,359][gurobipy][INFO] - Coefficient statistics:
[2026-05-03 15:39:46,359][gurobipy][INFO] -   Matrix range     [1e+00, 1e+00]
[2026-05-03 15:39:46,359][gurobipy][INFO] -   QMatrix range    [1e+00, 1e+00]
[2026-05-03 15:39:46,359][gurobipy][INFO] -   QLMatrix range   [3e-05, 1e+00]
[2026-05-03 15:39:46,359][gurobipy][INFO] -   Objective range  [1e-05, 3e-02]
[2026-05-03 15:39:46,359][gurobipy][INFO] -   Bounds range     [1e+00, 1e+00]
[2026-05-03 15:39:46,359][gurobipy][INFO] -   RHS range        [1e+00, 1e+00]
[2026-05-03 15:39:46,359][gurobipy][INFO] - 
[2026-05-03 15:39:46,383][gurobipy][INFO] - Found heuristic solution: objective 0.5000000
[2026-05-03 15:39:51,515][gurobipy][INFO] - Presolve removed 0 rows and 0 columns (presolve time = 5s)...
[2026-05-03 15:39:56,525][gurobipy][INFO] - Presolve removed 264475 rows and 0 columns (presolve time = 10s)...
[2026-05-03 15:40:01,619][gurobipy][INFO] - Presolve removed 264475 rows and 0 columns (presolve time = 15s)...
[2026-05-03 15:40:11,837][gurobipy][INFO] - Presolve removed 264475 rows and 0 columns (presolve time = 25s)...
[2026-05-03 15:40:11,837][gurobipy][INFO] - Presolve added 0 rows and 20 columns
[2026-05-03 15:40:11,837][gurobipy][INFO] - Presolve removed 264435 rows and 0 columns
[2026-05-03 15:40:11,837][gurobipy][INFO] - Presolve time: 25.32s
[2026-05-03 15:40:11,846][gurobipy][INFO] - Presolved: 2557217 rows, 2979402 columns, 9285765 nonzeros
[2026-05-03 15:40:11,846][gurobipy][INFO] - Presolved model has 1953680 SOS constraint(s)
[2026-05-03 15:40:23,417][gurobipy][INFO] - Variable types: 1953720 continuous, 1025682 integer (1025682 binary)
[2026-05-03 15:44:46,633][gurobipy][INFO] - 
[2026-05-03 15:44:46,633][gurobipy][INFO] - Explored 1 nodes (0 simplex iterations) in 300.33 seconds (421.64 work units)
[2026-05-03 15:44:46,633][gurobipy][INFO] - Thread count was 32 (of 128 available processors)
[2026-05-03 15:44:46,634][gurobipy][INFO] - 
[2026-05-03 15:44:46,634][gurobipy][INFO] - Solution count 1: 0.5 
[2026-05-03 15:44:46,634][gurobipy][INFO] - 
[2026-05-03 15:44:46,634][gurobipy][INFO] - Time limit reached
[2026-05-03 15:44:46,649][gurobipy][INFO] - Best objective 5.000000000000e-01, best bound 1.811682958329e-13, gap 100.0000%
[2026-05-03 16:02:46,194][gurobipy][INFO] - 
[2026-05-03 16:02:46,194][gurobipy][INFO] - Explored 1 nodes (0 simplex iterations) in 1408.94 seconds (1464.48 work units)
[2026-05-03 16:02:46,194][gurobipy][INFO] - Thread count was 32 (of 128 available processors)
[2026-05-03 16:02:46,194][gurobipy][INFO] - 
[2026-05-03 16:02:46,194][gurobipy][INFO] - Solution count 1: 0.5 
[2026-05-03 16:02:46,194][gurobipy][INFO] - 
[2026-05-03 16:02:46,194][gurobipy][INFO] - Time limit reached
[2026-05-03 16:02:46,201][gurobipy][INFO] - Best objective 5.000000000000e-01, best bound 1.811682958329e-13, gap 100.0000%
