[2026-05-03 17:44:06,297][gurobipy][INFO] - Set parameter WLSAccessID
[2026-05-03 17:44:06,298][gurobipy][INFO] - Set parameter WLSSecret
[2026-05-03 17:44:06,298][gurobipy][INFO] - Set parameter LicenseID to value 2619742
[2026-05-03 17:44:06,307][gurobipy][INFO] - Academic license 2619742 - for non-commercial use only - registered to it___@mail.huji.ac.il
[2026-05-03 17:44:06,308][gurobipy][INFO] - Set parameter OutputFlag to value 1
[2026-05-03 17:44:06,308][gurobipy][INFO] - Set parameter MIPGap to value 0
[2026-05-03 17:44:06,308][gurobipy][INFO] - Set parameter TimeLimit to value 300
[2026-05-03 17:47:51,627][gurobipy][INFO] - Gurobi Optimizer version 13.0.1 build v13.0.1rc0 (linux64 - "Ubuntu 22.04.5 LTS")
[2026-05-03 17:47:51,628][gurobipy][INFO] - 
[2026-05-03 17:47:51,628][gurobipy][INFO] - CPU model: Intel(R) Xeon(R) Platinum 8358 CPU @ 2.60GHz, instruction set [SSE2|AVX|AVX2|AVX512]
[2026-05-03 17:47:51,628][gurobipy][INFO] - Thread count: 64 physical cores, 128 logical processors, using up to 32 threads
[2026-05-03 17:47:51,628][gurobipy][INFO] - 
[2026-05-03 17:47:51,628][gurobipy][INFO] - Non-default parameters:
[2026-05-03 17:47:51,628][gurobipy][INFO] - TimeLimit  300
[2026-05-03 17:47:51,628][gurobipy][INFO] - MIPGap  0
[2026-05-03 17:47:51,628][gurobipy][INFO] - 
[2026-05-03 17:47:51,654][gurobipy][INFO] - Academic license 2619742 - for non-commercial use only - registered to it___@mail.huji.ac.il
[2026-05-03 17:47:51,654][gurobipy][INFO] - Optimize a model with 924388 rows, 999910 columns and 1848776 nonzeros (Min)
[2026-05-03 17:47:51,697][gurobipy][INFO] - Model fingerprint: 0x233fd7e8
[2026-05-03 17:47:51,698][gurobipy][INFO] - Model has 999910 linear objective coefficients and an objective constant of 1
[2026-05-03 17:47:51,699][gurobipy][INFO] - Variable types: 0 continuous, 999910 integer (999910 binary)
[2026-05-03 17:47:51,713][gurobipy][INFO] - Coefficient statistics:
[2026-05-03 17:47:51,713][gurobipy][INFO] -   Matrix range     [1e+00, 1e+00]
[2026-05-03 17:47:51,713][gurobipy][INFO] -   Objective range  [1e-06, 1e-06]
[2026-05-03 17:47:51,713][gurobipy][INFO] -   Bounds range     [1e+00, 1e+00]
[2026-05-03 17:47:51,713][gurobipy][INFO] -   RHS range        [1e+00, 1e+00]
[2026-05-03 17:47:51,713][gurobipy][INFO] - 
[2026-05-03 17:47:51,808][gurobipy][INFO] - Found heuristic solution: objective 0.0000660
[2026-05-03 17:47:57,057][gurobipy][INFO] - Presolve removed 265994 rows and 749702 columns (presolve time = 5s)...
[2026-05-03 17:47:58,954][gurobipy][INFO] - Presolve removed 805840 rows and 955750 columns
[2026-05-03 17:47:58,954][gurobipy][INFO] - Presolve time: 6.91s
[2026-05-03 17:47:58,958][gurobipy][INFO] - Presolved: 118548 rows, 44160 columns, 275218 nonzeros
[2026-05-03 17:47:59,054][gurobipy][INFO] - Variable types: 0 continuous, 44160 integer (44160 binary)
[2026-05-03 17:47:59,133][gurobipy][INFO] - 
[2026-05-03 17:47:59,133][gurobipy][INFO] - Explored 0 nodes (0 simplex iterations) in 7.50 seconds (8.15 work units)
[2026-05-03 17:47:59,133][gurobipy][INFO] - Thread count was 32 (of 128 available processors)
[2026-05-03 17:47:59,133][gurobipy][INFO] - 
[2026-05-03 17:47:59,133][gurobipy][INFO] - Solution count 1: 6.60059e-05 
[2026-05-03 17:47:59,133][gurobipy][INFO] - 
[2026-05-03 17:47:59,133][gurobipy][INFO] - Optimal solution found (tolerance 0.00e+00)
[2026-05-03 17:47:59,152][gurobipy][INFO] - Best objective 6.600594185269e-05, best bound 6.600594185269e-05, gap 0.0000%
