[2026-05-03 17:34:23,385][gurobipy][INFO] - Set parameter WLSAccessID
[2026-05-03 17:34:23,386][gurobipy][INFO] - Set parameter WLSSecret
[2026-05-03 17:34:23,386][gurobipy][INFO] - Set parameter LicenseID to value 2619742
[2026-05-03 17:34:23,393][gurobipy][INFO] - Academic license 2619742 - for non-commercial use only - registered to it___@mail.huji.ac.il
[2026-05-03 17:34:23,394][gurobipy][INFO] - Set parameter OutputFlag to value 1
[2026-05-03 17:34:23,395][gurobipy][INFO] - Set parameter MIPGap to value 0
[2026-05-03 17:34:23,395][gurobipy][INFO] - Set parameter TimeLimit to value 300
[2026-05-03 17:37:38,806][gurobipy][INFO] - Set parameter NonConvex to value 2
[2026-05-03 17:38:27,737][gurobipy][INFO] - Gurobi Optimizer version 13.0.1 build v13.0.1rc0 (linux64 - "Ubuntu 22.04.5 LTS")
[2026-05-03 17:38:27,738][gurobipy][INFO] - 
[2026-05-03 17:38:27,738][gurobipy][INFO] - CPU model: Intel(R) Xeon(R) Platinum 8358 CPU @ 2.60GHz, instruction set [SSE2|AVX|AVX2|AVX512]
[2026-05-03 17:38:27,738][gurobipy][INFO] - Thread count: 64 physical cores, 128 logical processors, using up to 32 threads
[2026-05-03 17:38:27,738][gurobipy][INFO] - 
[2026-05-03 17:38:27,738][gurobipy][INFO] - Non-default parameters:
[2026-05-03 17:38:27,738][gurobipy][INFO] - TimeLimit  300
[2026-05-03 17:38:27,738][gurobipy][INFO] - MIPGap  0
[2026-05-03 17:38:27,738][gurobipy][INFO] - NonConvex  2
[2026-05-03 17:38:27,738][gurobipy][INFO] - 
[2026-05-03 17:38:27,738][gurobipy][INFO] - Academic license 2619742 - for non-commercial use only - registered to it___@mail.huji.ac.il
[2026-05-03 17:38:27,739][gurobipy][INFO] - Optimize a model with 197257 rows, 999930 columns and 394514 nonzeros (Min)
[2026-05-03 17:38:28,317][gurobipy][INFO] - Model fingerprint: 0xade971cb
[2026-05-03 17:38:28,318][gurobipy][INFO] - Model has 999930 linear objective coefficients and an objective constant of 0.5
[2026-05-03 17:38:28,318][gurobipy][INFO] - Model has 40 quadratic constraints
[2026-05-03 17:38:28,318][gurobipy][INFO] - Variable types: 20 continuous, 999910 integer (999910 binary)
[2026-05-03 17:38:28,400][gurobipy][INFO] - Coefficient statistics:
[2026-05-03 17:38:28,400][gurobipy][INFO] -   Matrix range     [1e+00, 1e+00]
[2026-05-03 17:38:28,400][gurobipy][INFO] -   QMatrix range    [1e+00, 1e+00]
[2026-05-03 17:38:28,400][gurobipy][INFO] -   QLMatrix range   [9e-05, 1e+00]
[2026-05-03 17:38:28,400][gurobipy][INFO] -   Objective range  [5e-07, 3e-02]
[2026-05-03 17:38:28,400][gurobipy][INFO] -   Bounds range     [1e+00, 1e+00]
[2026-05-03 17:38:28,400][gurobipy][INFO] -   RHS range        [1e+00, 1e+00]
[2026-05-03 17:38:28,400][gurobipy][INFO] - 
[2026-05-03 17:38:28,621][gurobipy][INFO] - Found heuristic solution: objective 0.5000000
[2026-05-03 17:38:37,781][gurobipy][INFO] - Presolve removed 0 rows and 0 columns (presolve time = 8s)...
[2026-05-03 17:38:41,279][gurobipy][INFO] - Presolve removed 0 rows and 0 columns (presolve time = 11s)...
[2026-05-03 17:38:45,330][gurobipy][INFO] - Presolve removed 0 rows and 0 columns (presolve time = 15s)...
[2026-05-03 17:38:51,801][gurobipy][INFO] - Presolve removed 21424 rows and 0 columns (presolve time = 22s)...
[2026-05-03 17:38:55,106][gurobipy][INFO] - Presolve removed 21424 rows and 0 columns (presolve time = 25s)...
[2026-05-03 17:39:00,403][gurobipy][INFO] - Presolve removed 21424 rows and 0 columns (presolve time = 30s)...
[2026-05-03 17:39:06,248][gurobipy][INFO] - Presolve removed 21424 rows and 0 columns (presolve time = 36s)...
[2026-05-03 17:39:10,483][gurobipy][INFO] - Presolve removed 21424 rows and 0 columns (presolve time = 40s)...
[2026-05-03 17:39:15,069][gurobipy][INFO] - Presolve removed 21424 rows and 0 columns (presolve time = 45s)...
[2026-05-03 17:39:20,735][gurobipy][INFO] - Presolve removed 21424 rows and 0 columns (presolve time = 51s)...
[2026-05-03 17:40:36,463][gurobipy][INFO] - Presolve removed 21424 rows and 0 columns (presolve time = 126s)...
[2026-05-03 17:40:36,463][gurobipy][INFO] - Presolve added 0 rows and 20 columns
[2026-05-03 17:40:36,463][gurobipy][INFO] - Presolve removed 21384 rows and 0 columns
[2026-05-03 17:40:36,463][gurobipy][INFO] - Presolve time: 126.42s
[2026-05-03 17:40:36,589][gurobipy][INFO] - Presolved: 40172293 rows, 60994550 columns, 160358745 nonzeros
[2026-05-03 17:40:36,589][gurobipy][INFO] - Presolved model has 39996400 SOS constraint(s)
