[2026-05-03 17:41:30,690][gurobipy][INFO] - Set parameter WLSAccessID
[2026-05-03 17:41:30,691][gurobipy][INFO] - Set parameter WLSSecret
[2026-05-03 17:41:30,691][gurobipy][INFO] - Set parameter LicenseID to value 2619742
[2026-05-03 17:41:30,702][gurobipy][INFO] - Academic license 2619742 - for non-commercial use only - registered to it___@mail.huji.ac.il
[2026-05-03 17:41:30,703][gurobipy][INFO] - Set parameter OutputFlag to value 1
[2026-05-03 17:41:30,703][gurobipy][INFO] - Set parameter MIPGap to value 0
[2026-05-03 17:41:30,704][gurobipy][INFO] - Set parameter TimeLimit to value 300
[2026-05-03 17:46:57,720][gurobipy][INFO] - Set parameter NonConvex to value 2
[2026-05-03 17:47:47,712][gurobipy][INFO] - Gurobi Optimizer version 13.0.1 build v13.0.1rc0 (linux64 - "Ubuntu 22.04.5 LTS")
[2026-05-03 17:47:47,712][gurobipy][INFO] - 
[2026-05-03 17:47:47,712][gurobipy][INFO] - CPU model: Intel(R) Xeon(R) Platinum 8358 CPU @ 2.60GHz, instruction set [SSE2|AVX|AVX2|AVX512]
[2026-05-03 17:47:47,712][gurobipy][INFO] - Thread count: 64 physical cores, 128 logical processors, using up to 32 threads
[2026-05-03 17:47:47,712][gurobipy][INFO] - 
[2026-05-03 17:47:47,713][gurobipy][INFO] - Non-default parameters:
[2026-05-03 17:47:47,713][gurobipy][INFO] - TimeLimit  300
[2026-05-03 17:47:47,713][gurobipy][INFO] - MIPGap  0
[2026-05-03 17:47:47,713][gurobipy][INFO] - NonConvex  2
[2026-05-03 17:47:47,713][gurobipy][INFO] - 
[2026-05-03 17:47:47,737][gurobipy][INFO] - Academic license 2619742 - for non-commercial use only - registered to it___@mail.huji.ac.il
[2026-05-03 17:47:47,737][gurobipy][INFO] - Optimize a model with 3398725 rows, 999930 columns and 6797450 nonzeros (Min)
[2026-05-03 17:47:48,394][gurobipy][INFO] - Model fingerprint: 0x55484dfa
[2026-05-03 17:47:48,395][gurobipy][INFO] - Model has 999930 linear objective coefficients and an objective constant of 0.5
[2026-05-03 17:47:48,395][gurobipy][INFO] - Model has 40 quadratic constraints
[2026-05-03 17:47:48,396][gurobipy][INFO] - Variable types: 20 continuous, 999910 integer (999910 binary)
[2026-05-03 17:47:48,493][gurobipy][INFO] - Coefficient statistics:
[2026-05-03 17:47:48,493][gurobipy][INFO] -   Matrix range     [1e+00, 1e+00]
[2026-05-03 17:47:48,493][gurobipy][INFO] -   QMatrix range    [1e+00, 1e+00]
[2026-05-03 17:47:48,493][gurobipy][INFO] -   QLMatrix range   [5e-05, 1e+00]
[2026-05-03 17:47:48,493][gurobipy][INFO] -   Objective range  [5e-07, 3e-02]
[2026-05-03 17:47:48,493][gurobipy][INFO] -   Bounds range     [1e+00, 1e+00]
[2026-05-03 17:47:48,493][gurobipy][INFO] -   RHS range        [1e+00, 1e+00]
[2026-05-03 17:47:48,493][gurobipy][INFO] - 
[2026-05-03 17:47:48,799][gurobipy][INFO] - Found heuristic solution: objective 0.5000000
[2026-05-03 17:47:56,024][gurobipy][INFO] - Presolve removed 0 rows and 0 columns (presolve time = 5s)...
[2026-05-03 17:48:00,893][gurobipy][INFO] - Presolve removed 0 rows and 0 columns (presolve time = 10s)...
[2026-05-03 17:48:08,650][gurobipy][INFO] - Presolve removed 0 rows and 0 columns (presolve time = 18s)...
[2026-05-03 17:48:14,251][gurobipy][INFO] - Presolve removed 0 rows and 0 columns (presolve time = 23s)...
[2026-05-03 17:48:16,997][gurobipy][INFO] - Presolve removed 0 rows and 0 columns (presolve time = 26s)...
[2026-05-03 17:48:20,783][gurobipy][INFO] - Presolve removed 0 rows and 0 columns (presolve time = 30s)...
[2026-05-03 17:48:25,904][gurobipy][INFO] - Presolve removed 0 rows and 0 columns (presolve time = 35s)...
[2026-05-03 17:48:30,783][gurobipy][INFO] - Presolve removed 0 rows and 0 columns (presolve time = 40s)...
[2026-05-03 17:48:36,710][gurobipy][INFO] - Presolve removed 1183721 rows and 0 columns (presolve time = 46s)...
[2026-05-03 17:48:40,859][gurobipy][INFO] - Presolve removed 1183897 rows and 0 columns (presolve time = 50s)...
[2026-05-03 17:48:45,794][gurobipy][INFO] - Presolve removed 1183897 rows and 0 columns (presolve time = 55s)...
[2026-05-03 17:48:50,807][gurobipy][INFO] - Presolve removed 1183897 rows and 0 columns (presolve time = 60s)...
[2026-05-03 17:48:55,800][gurobipy][INFO] - Presolve removed 1183897 rows and 0 columns (presolve time = 65s)...
[2026-05-03 17:49:00,809][gurobipy][INFO] - Presolve removed 1183897 rows and 0 columns (presolve time = 70s)...
[2026-05-03 17:49:05,809][gurobipy][INFO] - Presolve removed 1183897 rows and 0 columns (presolve time = 75s)...
[2026-05-03 17:49:10,795][gurobipy][INFO] - Presolve removed 1183897 rows and 0 columns (presolve time = 80s)...
[2026-05-03 17:49:15,827][gurobipy][INFO] - Presolve removed 1183897 rows and 0 columns (presolve time = 85s)...
[2026-05-03 17:49:20,811][gurobipy][INFO] - Presolve removed 1183897 rows and 0 columns (presolve time = 90s)...
[2026-05-03 17:49:25,783][gurobipy][INFO] - Presolve removed 1183897 rows and 0 columns (presolve time = 95s)...
[2026-05-03 17:49:32,305][gurobipy][INFO] - Presolve removed 1183897 rows and 0 columns (presolve time = 102s)...
[2026-05-03 17:49:35,844][gurobipy][INFO] - Presolve removed 1183897 rows and 0 columns (presolve time = 105s)...
[2026-05-03 17:49:40,841][gurobipy][INFO] - Presolve removed 1183897 rows and 0 columns (presolve time = 110s)...
[2026-05-03 17:49:46,033][gurobipy][INFO] - Presolve removed 1183897 rows and 0 columns (presolve time = 115s)...
[2026-05-03 17:49:51,233][gurobipy][INFO] - Presolve removed 1183897 rows and 0 columns (presolve time = 120s)...
[2026-05-03 17:49:56,602][gurobipy][INFO] - Presolve removed 1183897 rows and 0 columns (presolve time = 126s)...
[2026-05-03 17:50:00,782][gurobipy][INFO] - Presolve removed 1183897 rows and 0 columns (presolve time = 130s)...
[2026-05-03 17:50:05,821][gurobipy][INFO] - Presolve removed 1183897 rows and 0 columns (presolve time = 135s)...
[2026-05-03 17:50:10,797][gurobipy][INFO] - Presolve removed 1183897 rows and 0 columns (presolve time = 140s)...
[2026-05-03 17:50:15,804][gurobipy][INFO] - Presolve removed 1183897 rows and 0 columns (presolve time = 145s)...
[2026-05-03 17:50:20,794][gurobipy][INFO] - Presolve removed 1183897 rows and 0 columns (presolve time = 150s)...
[2026-05-03 17:50:25,845][gurobipy][INFO] - Presolve removed 1183897 rows and 0 columns (presolve time = 155s)...
[2026-05-03 17:50:30,811][gurobipy][INFO] - Presolve removed 1183897 rows and 0 columns (presolve time = 160s)...
[2026-05-03 17:50:35,808][gurobipy][INFO] - Presolve removed 1183897 rows and 0 columns (presolve time = 165s)...
[2026-05-03 17:50:40,808][gurobipy][INFO] - Presolve removed 1183897 rows and 0 columns (presolve time = 170s)...
[2026-05-03 17:50:45,812][gurobipy][INFO] - Presolve removed 1183897 rows and 0 columns (presolve time = 175s)...
[2026-05-03 17:50:50,809][gurobipy][INFO] - Presolve removed 1183897 rows and 0 columns (presolve time = 180s)...
[2026-05-03 17:50:55,797][gurobipy][INFO] - Presolve removed 1183897 rows and 0 columns (presolve time = 185s)...
[2026-05-03 17:51:00,806][gurobipy][INFO] - Presolve removed 1183897 rows and 0 columns (presolve time = 190s)...
[2026-05-03 17:51:06,455][gurobipy][INFO] - Presolve removed 1183897 rows and 0 columns (presolve time = 196s)...
[2026-05-03 17:51:10,798][gurobipy][INFO] - Presolve removed 1183897 rows and 0 columns (presolve time = 200s)...
[2026-05-03 17:51:15,807][gurobipy][INFO] - Presolve removed 1183897 rows and 0 columns (presolve time = 205s)...
[2026-05-03 17:51:23,390][gurobipy][INFO] - Presolve removed 1183897 rows and 0 columns (presolve time = 213s)...
[2026-05-03 17:51:25,792][gurobipy][INFO] - Presolve removed 1183897 rows and 0 columns (presolve time = 215s)...
[2026-05-03 17:51:30,810][gurobipy][INFO] - Presolve removed 1183897 rows and 0 columns (presolve time = 220s)...
[2026-05-03 17:51:36,191][gurobipy][INFO] - Presolve removed 1183897 rows and 0 columns (presolve time = 225s)...
[2026-05-03 17:51:41,014][gurobipy][INFO] - Presolve removed 1183897 rows and 0 columns (presolve time = 230s)...
[2026-05-03 17:51:46,858][gurobipy][INFO] - Presolve removed 1183897 rows and 0 columns (presolve time = 236s)...
[2026-05-03 17:53:04,208][gurobipy][INFO] - Presolve removed 1183897 rows and 0 columns (presolve time = 313s)...
[2026-05-03 17:53:04,209][gurobipy][INFO] - Presolve added 0 rows and 20 columns
[2026-05-03 17:53:04,209][gurobipy][INFO] - Presolve removed 1183857 rows and 0 columns
[2026-05-03 17:53:04,209][gurobipy][INFO] - Presolve time: 313.43s
[2026-05-03 17:53:04,363][gurobipy][INFO] - Presolved: 42211288 rows, 60994550 columns, 165598924 nonzeros
[2026-05-03 17:53:04,364][gurobipy][INFO] - Presolved model has 39996400 SOS constraint(s)
