[2026-04-30 14:54:13,930][gurobipy][INFO] - Set parameter WLSAccessID
[2026-04-30 14:54:13,930][gurobipy][INFO] - Set parameter WLSSecret
[2026-04-30 14:54:13,930][gurobipy][INFO] - Set parameter LicenseID to value 2619742
[2026-04-30 14:54:13,982][gurobipy][INFO] - Academic license 2619742 - for non-commercial use only - registered to it___@mail.huji.ac.il
[2026-04-30 14:54:13,984][gurobipy][INFO] - Set parameter OutputFlag to value 1
[2026-04-30 14:54:13,984][gurobipy][INFO] - Set parameter MIPGap to value 0
[2026-04-30 14:54:13,984][gurobipy][INFO] - Set parameter TimeLimit to value 300
[2026-04-30 14:54:26,638][gurobipy][INFO] - Gurobi Optimizer version 13.0.1 build v13.0.1rc0 (linux64 - "Ubuntu 22.04.5 LTS")
[2026-04-30 14:54:26,639][gurobipy][INFO] - 
[2026-04-30 14:54:26,639][gurobipy][INFO] - CPU model: Intel(R) Xeon(R) Platinum 8358 CPU @ 2.60GHz, instruction set [SSE2|AVX|AVX2|AVX512]
[2026-04-30 14:54:26,639][gurobipy][INFO] - Thread count: 64 physical cores, 128 logical processors, using up to 32 threads
[2026-04-30 14:54:26,639][gurobipy][INFO] - 
[2026-04-30 14:54:26,639][gurobipy][INFO] - Non-default parameters:
[2026-04-30 14:54:26,639][gurobipy][INFO] - TimeLimit  300
[2026-04-30 14:54:26,639][gurobipy][INFO] - MIPGap  0
[2026-04-30 14:54:26,639][gurobipy][INFO] - 
[2026-04-30 14:54:26,639][gurobipy][INFO] - Academic license 2619742 - for non-commercial use only - registered to it___@mail.huji.ac.il
[2026-04-30 14:54:26,640][gurobipy][INFO] - Optimize a model with 297581 rows, 5000 columns and 595162 nonzeros (Min)
[2026-04-30 14:54:26,645][gurobipy][INFO] - Model fingerprint: 0x1d099deb
[2026-04-30 14:54:26,645][gurobipy][INFO] - Model has 5000 linear objective coefficients and an objective constant of 1
[2026-04-30 14:54:26,645][gurobipy][INFO] - Variable types: 0 continuous, 5000 integer (5000 binary)
[2026-04-30 14:54:26,647][gurobipy][INFO] - Coefficient statistics:
[2026-04-30 14:54:26,647][gurobipy][INFO] -   Matrix range     [1e+00, 1e+00]
[2026-04-30 14:54:26,647][gurobipy][INFO] -   Objective range  [2e-04, 2e-04]
[2026-04-30 14:54:26,647][gurobipy][INFO] -   Bounds range     [1e+00, 1e+00]
[2026-04-30 14:54:26,647][gurobipy][INFO] -   RHS range        [1e+00, 1e+00]
[2026-04-30 14:54:26,647][gurobipy][INFO] - 
[2026-04-30 14:54:26,656][gurobipy][INFO] - Found heuristic solution: objective 0.0296000
[2026-04-30 14:54:31,746][gurobipy][INFO] - Presolve removed 128911 rows and 0 columns (presolve time = 5s)...
[2026-04-30 14:54:36,702][gurobipy][INFO] - Presolve removed 128911 rows and 0 columns (presolve time = 10s)...
[2026-04-30 14:54:39,993][gurobipy][INFO] - Presolve removed 255520 rows and 3447 columns
[2026-04-30 14:54:39,993][gurobipy][INFO] - Presolve time: 13.30s
[2026-04-30 14:54:39,995][gurobipy][INFO] - Presolved: 42061 rows, 1553 columns, 121700 nonzeros
[2026-04-30 14:54:40,025][gurobipy][INFO] - Variable types: 0 continuous, 1553 integer (1553 binary)
[2026-04-30 14:54:40,034][gurobipy][INFO] - 
[2026-04-30 14:54:40,034][gurobipy][INFO] - Explored 0 nodes (0 simplex iterations) in 13.39 seconds (4.78 work units)
[2026-04-30 14:54:40,034][gurobipy][INFO] - Thread count was 32 (of 128 available processors)
[2026-04-30 14:54:40,034][gurobipy][INFO] - 
[2026-04-30 14:54:40,034][gurobipy][INFO] - Solution count 1: 0.0296 
[2026-04-30 14:54:40,034][gurobipy][INFO] - 
[2026-04-30 14:54:40,034][gurobipy][INFO] - Optimal solution found (tolerance 0.00e+00)
[2026-04-30 14:54:40,037][gurobipy][INFO] - Best objective 2.959999999999e-02, best bound 2.959999999999e-02, gap 0.0000%
