[2026-05-03 17:46:43,341][gurobipy][INFO] - Set parameter WLSAccessID
[2026-05-03 17:46:43,342][gurobipy][INFO] - Set parameter WLSSecret
[2026-05-03 17:46:43,342][gurobipy][INFO] - Set parameter LicenseID to value 2619742
[2026-05-03 17:46:43,590][gurobipy][INFO] - Academic license 2619742 - for non-commercial use only - registered to it___@mail.huji.ac.il
[2026-05-03 17:46:43,592][gurobipy][INFO] - Set parameter OutputFlag to value 1
[2026-05-03 17:46:43,593][gurobipy][INFO] - Set parameter MIPGap to value 0
[2026-05-03 17:46:43,593][gurobipy][INFO] - Set parameter TimeLimit to value 300
[2026-05-03 17:50:05,439][gurobipy][INFO] - Gurobi Optimizer version 13.0.1 build v13.0.1rc0 (linux64 - "Ubuntu 22.04.5 LTS")
[2026-05-03 17:50:05,440][gurobipy][INFO] - 
[2026-05-03 17:50:05,440][gurobipy][INFO] - CPU model: Intel(R) Xeon(R) Platinum 8358 CPU @ 2.60GHz, instruction set [SSE2|AVX|AVX2|AVX512]
[2026-05-03 17:50:05,440][gurobipy][INFO] - Thread count: 64 physical cores, 128 logical processors, using up to 32 threads
[2026-05-03 17:50:05,440][gurobipy][INFO] - 
[2026-05-03 17:50:05,440][gurobipy][INFO] - Non-default parameters:
[2026-05-03 17:50:05,440][gurobipy][INFO] - TimeLimit  300
[2026-05-03 17:50:05,440][gurobipy][INFO] - MIPGap  0
[2026-05-03 17:50:05,440][gurobipy][INFO] - 
[2026-05-03 17:50:05,441][gurobipy][INFO] - Academic license 2619742 - for non-commercial use only - registered to it___@mail.huji.ac.il
[2026-05-03 17:50:05,441][gurobipy][INFO] - Optimize a model with 175951 rows, 999910 columns and 351902 nonzeros (Min)
[2026-05-03 17:50:05,460][gurobipy][INFO] - Model fingerprint: 0x8ddd42ef
[2026-05-03 17:50:05,462][gurobipy][INFO] - Model has 999910 linear objective coefficients and an objective constant of 1
[2026-05-03 17:50:05,463][gurobipy][INFO] - Variable types: 0 continuous, 999910 integer (999910 binary)
[2026-05-03 17:50:05,471][gurobipy][INFO] - Coefficient statistics:
[2026-05-03 17:50:05,471][gurobipy][INFO] -   Matrix range     [1e+00, 1e+00]
[2026-05-03 17:50:05,471][gurobipy][INFO] -   Objective range  [1e-06, 1e-06]
[2026-05-03 17:50:05,471][gurobipy][INFO] -   Bounds range     [1e+00, 1e+00]
[2026-05-03 17:50:05,471][gurobipy][INFO] -   RHS range        [1e+00, 1e+00]
[2026-05-03 17:50:05,471][gurobipy][INFO] - 
[2026-05-03 17:50:05,525][gurobipy][INFO] - Found heuristic solution: objective 0.0000130
[2026-05-03 17:50:05,841][gurobipy][INFO] - Presolve removed 0 rows and 859632 columns
[2026-05-03 17:50:05,841][gurobipy][INFO] - Presolve time: 0.22s
[2026-05-03 17:50:05,844][gurobipy][INFO] - Presolved: 175951 rows, 140278 columns, 351902 nonzeros
[2026-05-03 17:50:05,969][gurobipy][INFO] - Variable types: 0 continuous, 140278 integer (140278 binary)
[2026-05-03 17:50:06,012][gurobipy][INFO] - 
[2026-05-03 17:50:06,012][gurobipy][INFO] - Explored 0 nodes (0 simplex iterations) in 0.57 seconds (0.22 work units)
[2026-05-03 17:50:06,012][gurobipy][INFO] - Thread count was 32 (of 128 available processors)
[2026-05-03 17:50:06,012][gurobipy][INFO] - 
[2026-05-03 17:50:06,012][gurobipy][INFO] - Solution count 1: 1.30012e-05 
[2026-05-03 17:50:06,012][gurobipy][INFO] - 
[2026-05-03 17:50:06,012][gurobipy][INFO] - Optimal solution found (tolerance 0.00e+00)
[2026-05-03 17:50:06,022][gurobipy][INFO] - Best objective 1.300117142344e-05, best bound 1.300117142344e-05, gap 0.0000%
