[2026-05-03 16:21:55,370][gurobipy][INFO] - Set parameter WLSAccessID
[2026-05-03 16:21:55,370][gurobipy][INFO] - Set parameter WLSSecret
[2026-05-03 16:21:55,370][gurobipy][INFO] - Set parameter LicenseID to value 2619742
[2026-05-03 16:21:55,401][gurobipy][INFO] - Academic license 2619742 - for non-commercial use only - registered to it___@mail.huji.ac.il
[2026-05-03 16:21:55,402][gurobipy][INFO] - Set parameter OutputFlag to value 1
[2026-05-03 16:21:55,402][gurobipy][INFO] - Set parameter MIPGap to value 0
[2026-05-03 16:21:55,402][gurobipy][INFO] - Set parameter TimeLimit to value 300
[2026-05-03 16:24:09,067][gurobipy][INFO] - Gurobi Optimizer version 13.0.1 build v13.0.1rc0 (linux64 - "Ubuntu 22.04.5 LTS")
[2026-05-03 16:24:09,068][gurobipy][INFO] - 
[2026-05-03 16:24:09,068][gurobipy][INFO] - CPU model: Intel(R) Xeon(R) Platinum 8358 CPU @ 2.60GHz, instruction set [SSE2|AVX|AVX2|AVX512]
[2026-05-03 16:24:09,068][gurobipy][INFO] - Thread count: 64 physical cores, 128 logical processors, using up to 32 threads
[2026-05-03 16:24:09,068][gurobipy][INFO] - 
[2026-05-03 16:24:09,068][gurobipy][INFO] - Non-default parameters:
[2026-05-03 16:24:09,068][gurobipy][INFO] - TimeLimit  300
[2026-05-03 16:24:09,068][gurobipy][INFO] - MIPGap  0
[2026-05-03 16:24:09,068][gurobipy][INFO] - 
[2026-05-03 16:24:09,069][gurobipy][INFO] - Academic license 2619742 - for non-commercial use only - registered to it___@mail.huji.ac.il
[2026-05-03 16:24:09,069][gurobipy][INFO] - Optimize a model with 3310615 rows, 60798 columns and 6621230 nonzeros (Min)
[2026-05-03 16:24:09,133][gurobipy][INFO] - Model fingerprint: 0xdfa70758
[2026-05-03 16:24:09,133][gurobipy][INFO] - Model has 60798 linear objective coefficients and an objective constant of 9.9999999999999989e-01
[2026-05-03 16:24:09,133][gurobipy][INFO] - Variable types: 0 continuous, 60798 integer (60798 binary)
[2026-05-03 16:24:09,145][gurobipy][INFO] - Coefficient statistics:
[2026-05-03 16:24:09,145][gurobipy][INFO] -   Matrix range     [1e+00, 1e+00]
[2026-05-03 16:24:09,145][gurobipy][INFO] -   Objective range  [2e-05, 2e-05]
[2026-05-03 16:24:09,145][gurobipy][INFO] -   Bounds range     [1e+00, 1e+00]
[2026-05-03 16:24:09,145][gurobipy][INFO] -   RHS range        [1e+00, 1e+00]
[2026-05-03 16:24:09,145][gurobipy][INFO] - 
[2026-05-03 16:24:09,273][gurobipy][INFO] - Found heuristic solution: objective 0.0020231
[2026-05-03 16:24:15,203][gurobipy][INFO] - Presolve removed 0 rows and 0 columns (presolve time = 5s)...
[2026-05-03 16:24:19,757][gurobipy][INFO] - Presolve removed 0 rows and 0 columns (presolve time = 10s)...
[2026-05-03 16:24:24,782][gurobipy][INFO] - Presolve removed 129215 rows and 0 columns (presolve time = 15s)...
[2026-05-03 16:24:29,777][gurobipy][INFO] - Presolve removed 146506 rows and 0 columns (presolve time = 20s)...
[2026-05-03 16:24:34,942][gurobipy][INFO] - Presolve removed 159099 rows and 0 columns (presolve time = 25s)...
[2026-05-03 16:24:39,763][gurobipy][INFO] - Presolve removed 159099 rows and 0 columns (presolve time = 30s)...
[2026-05-03 16:24:44,910][gurobipy][INFO] - Presolve removed 159099 rows and 0 columns (presolve time = 35s)...
[2026-05-03 16:24:49,928][gurobipy][INFO] - Presolve removed 159099 rows and 0 columns (presolve time = 40s)...
[2026-05-03 16:24:54,876][gurobipy][INFO] - Presolve removed 159099 rows and 0 columns (presolve time = 45s)...
[2026-05-03 16:24:59,843][gurobipy][INFO] - Presolve removed 159099 rows and 0 columns (presolve time = 50s)...
[2026-05-03 16:25:01,923][gurobipy][INFO] - Presolve removed 3219102 rows and 59018 columns
[2026-05-03 16:25:01,923][gurobipy][INFO] - Presolve time: 52.17s
[2026-05-03 16:25:01,963][gurobipy][INFO] - Presolved: 91513 rows, 1780 columns, 200260 nonzeros
[2026-05-03 16:25:02,019][gurobipy][INFO] - Variable types: 0 continuous, 1780 integer (1780 binary)
[2026-05-03 16:25:02,172][gurobipy][INFO] - Performing another presolve...
[2026-05-03 16:25:02,176][gurobipy][INFO] - Presolve removed 91491 rows and 1768 columns
[2026-05-03 16:25:02,176][gurobipy][INFO] - Presolve time: 0.00s
[2026-05-03 16:25:02,179][gurobipy][INFO] - Performing another presolve...
[2026-05-03 16:25:02,179][gurobipy][INFO] - Presolve removed 12 rows and 5 columns
[2026-05-03 16:25:02,179][gurobipy][INFO] - Presolve time: 0.00s
[2026-05-03 16:25:02,182][gurobipy][INFO] - Found heuristic solution: objective 0.0020066
[2026-05-03 16:25:02,184][gurobipy][INFO] - 
[2026-05-03 16:25:02,184][gurobipy][INFO] - Root simplex log...
[2026-05-03 16:25:02,184][gurobipy][INFO] - 
[2026-05-03 16:25:02,184][gurobipy][INFO] - Iteration    Objective       Primal Inf.    Dual Inf.      Time
[2026-05-03 16:25:02,184][gurobipy][INFO] -        0    1.9901970e-03   0.000000e+00   0.000000e+00     53s
[2026-05-03 16:25:02,184][gurobipy][INFO] - 
[2026-05-03 16:25:02,184][gurobipy][INFO] - Root relaxation: objective 1.990197e-03, 0 iterations, 0.00 seconds (0.00 work units)
[2026-05-03 16:25:02,188][gurobipy][INFO] - 
[2026-05-03 16:25:02,189][gurobipy][INFO] -     Nodes    |    Current Node    |     Objective Bounds      |     Work
[2026-05-03 16:25:02,189][gurobipy][INFO] -  Expl Unexpl |  Obj  Depth IntInf | Incumbent    BestBd   Gap | It/Node Time
[2026-05-03 16:25:02,189][gurobipy][INFO] - 
[2026-05-03 16:25:02,189][gurobipy][INFO] - *    0     0               0       0.0019902    0.00199  0.00%     -   53s
[2026-05-03 16:25:02,529][gurobipy][INFO] - 
[2026-05-03 16:25:02,529][gurobipy][INFO] - Explored 1 nodes (0 simplex iterations) in 53.45 seconds (46.35 work units)
[2026-05-03 16:25:02,529][gurobipy][INFO] - Thread count was 32 (of 128 available processors)
[2026-05-03 16:25:02,529][gurobipy][INFO] - 
[2026-05-03 16:25:02,529][gurobipy][INFO] - Solution count 4: 0.0019902 0.00200664 0.00202309 0.00203954 
[2026-05-03 16:25:02,530][gurobipy][INFO] - 
[2026-05-03 16:25:02,530][gurobipy][INFO] - Optimal solution found (tolerance 0.00e+00)
[2026-05-03 16:25:02,614][gurobipy][INFO] - Best objective 1.990197045897e-03, best bound 1.990197045897e-03, gap 0.0000%
