[2026-04-30 14:57:17,845][gurobipy][INFO] - Set parameter WLSAccessID
[2026-04-30 14:57:17,845][gurobipy][INFO] - Set parameter WLSSecret
[2026-04-30 14:57:17,845][gurobipy][INFO] - Set parameter LicenseID to value 2619742
[2026-04-30 14:57:17,878][gurobipy][INFO] - Academic license 2619742 - for non-commercial use only - registered to it___@mail.huji.ac.il
[2026-04-30 14:57:17,879][gurobipy][INFO] - Set parameter OutputFlag to value 1
[2026-04-30 14:57:17,880][gurobipy][INFO] - Set parameter MIPGap to value 0
[2026-04-30 14:57:17,880][gurobipy][INFO] - Set parameter TimeLimit to value 300
[2026-04-30 14:57:55,813][gurobipy][INFO] - Gurobi Optimizer version 13.0.1 build v13.0.1rc0 (linux64 - "Ubuntu 22.04.5 LTS")
[2026-04-30 14:57:55,814][gurobipy][INFO] - 
[2026-04-30 14:57:55,814][gurobipy][INFO] - CPU model: Intel(R) Xeon(R) Platinum 8358 CPU @ 2.60GHz, instruction set [SSE2|AVX|AVX2|AVX512]
[2026-04-30 14:57:55,814][gurobipy][INFO] - Thread count: 64 physical cores, 128 logical processors, using up to 32 threads
[2026-04-30 14:57:55,814][gurobipy][INFO] - 
[2026-04-30 14:57:55,814][gurobipy][INFO] - Non-default parameters:
[2026-04-30 14:57:55,814][gurobipy][INFO] - TimeLimit  300
[2026-04-30 14:57:55,814][gurobipy][INFO] - MIPGap  0
[2026-04-30 14:57:55,815][gurobipy][INFO] - 
[2026-04-30 14:57:55,815][gurobipy][INFO] - Academic license 2619742 - for non-commercial use only - registered to it___@mail.huji.ac.il
[2026-04-30 14:57:55,815][gurobipy][INFO] - Optimize a model with 919827 rows, 5000 columns and 1839654 nonzeros (Min)
[2026-04-30 14:57:55,832][gurobipy][INFO] - Model fingerprint: 0x0a8d02ed
[2026-04-30 14:57:55,832][gurobipy][INFO] - Model has 5000 linear objective coefficients and an objective constant of 1
[2026-04-30 14:57:55,832][gurobipy][INFO] - Variable types: 0 continuous, 5000 integer (5000 binary)
[2026-04-30 14:57:55,835][gurobipy][INFO] - Coefficient statistics:
[2026-04-30 14:57:55,835][gurobipy][INFO] -   Matrix range     [1e+00, 1e+00]
[2026-04-30 14:57:55,835][gurobipy][INFO] -   Objective range  [2e-04, 2e-04]
[2026-04-30 14:57:55,835][gurobipy][INFO] -   Bounds range     [1e+00, 1e+00]
[2026-04-30 14:57:55,835][gurobipy][INFO] -   RHS range        [1e+00, 1e+00]
[2026-04-30 14:57:55,835][gurobipy][INFO] - 
[2026-04-30 14:57:55,859][gurobipy][INFO] - Found heuristic solution: objective 0.1674000
[2026-04-30 14:58:00,955][gurobipy][INFO] - Presolve removed 438718 rows and 0 columns (presolve time = 5s)...
[2026-04-30 14:58:05,972][gurobipy][INFO] - Presolve removed 439871 rows and 0 columns (presolve time = 10s)...
[2026-04-30 14:58:10,974][gurobipy][INFO] - Presolve removed 439871 rows and 0 columns (presolve time = 15s)...
[2026-04-30 14:58:15,966][gurobipy][INFO] - Presolve removed 439871 rows and 0 columns (presolve time = 20s)...
[2026-04-30 14:58:20,491][gurobipy][INFO] - Presolve removed 891891 rows and 3516 columns
[2026-04-30 14:58:20,492][gurobipy][INFO] - Presolve time: 24.54s
[2026-04-30 14:58:20,500][gurobipy][INFO] - Presolved: 27936 rows, 1484 columns, 57498 nonzeros
[2026-04-30 14:58:20,511][gurobipy][INFO] - Variable types: 0 continuous, 1484 integer (1484 binary)
[2026-04-30 14:58:20,689][gurobipy][INFO] - Performing another presolve...
[2026-04-30 14:58:25,731][gurobipy][INFO] - Presolve removed 3363 rows and 302 columns (presolve time = 5s)...
[2026-04-30 14:58:26,347][gurobipy][INFO] - Presolve removed 4575 rows and 731 columns
[2026-04-30 14:58:26,347][gurobipy][INFO] - Presolve time: 5.66s
[2026-04-30 14:58:26,378][gurobipy][INFO] - 
[2026-04-30 14:58:26,378][gurobipy][INFO] - Root simplex log...
[2026-04-30 14:58:26,378][gurobipy][INFO] - 
[2026-04-30 14:58:26,378][gurobipy][INFO] - Iteration    Objective       Primal Inf.    Dual Inf.      Time
[2026-04-30 14:58:26,378][gurobipy][INFO] -        0    3.4920000e-01   2.718000e-01   0.000000e+00     31s
[2026-04-30 14:58:26,378][gurobipy][INFO] -      136    9.4400000e-02   0.000000e+00   0.000000e+00     31s
[2026-04-30 14:58:26,378][gurobipy][INFO] -      136    9.4400000e-02   0.000000e+00   0.000000e+00     31s
[2026-04-30 14:58:26,379][gurobipy][INFO] - 
[2026-04-30 14:58:26,379][gurobipy][INFO] - Use crossover to convert LP symmetric solution to basic solution...
[2026-04-30 14:58:26,386][gurobipy][INFO] - 
[2026-04-30 14:58:26,386][gurobipy][INFO] - Root crossover log...
[2026-04-30 14:58:26,386][gurobipy][INFO] - 
[2026-04-30 14:58:26,406][gurobipy][INFO] -        0 DPushes remaining with DInf 0.0000000e+00                31s
[2026-04-30 14:58:26,407][gurobipy][INFO] - 
[2026-04-30 14:58:26,407][gurobipy][INFO] -        0 PPushes remaining with PInf 0.0000000e+00                31s
[2026-04-30 14:58:26,408][gurobipy][INFO] - 
[2026-04-30 14:58:26,408][gurobipy][INFO] -   Push phase complete: Pinf 0.0000000e+00, Dinf 0.0000000e+00     31s
[2026-04-30 14:58:26,408][gurobipy][INFO] - 
[2026-04-30 14:58:26,410][gurobipy][INFO] - 
[2026-04-30 14:58:26,410][gurobipy][INFO] - Root simplex log...
[2026-04-30 14:58:26,410][gurobipy][INFO] - 
[2026-04-30 14:58:26,411][gurobipy][INFO] - Iteration    Objective       Primal Inf.    Dual Inf.      Time
[2026-04-30 14:58:26,411][gurobipy][INFO] -     1053    9.4400000e-02   0.000000e+00   0.000000e+00     31s
[2026-04-30 14:58:26,411][gurobipy][INFO] - Crossover time: 0.03 seconds (0.03 work units)
[2026-04-30 14:58:26,411][gurobipy][INFO] - 
[2026-04-30 14:58:26,411][gurobipy][INFO] - Root relaxation: objective 9.440000e-02, 1053 iterations, 0.05 seconds (0.05 work units)
[2026-04-30 14:58:26,465][gurobipy][INFO] - 
[2026-04-30 14:58:26,465][gurobipy][INFO] -     Nodes    |    Current Node    |     Objective Bounds      |     Work
[2026-04-30 14:58:26,465][gurobipy][INFO] -  Expl Unexpl |  Obj  Depth IntInf | Incumbent    BestBd   Gap | It/Node Time
[2026-04-30 14:58:26,465][gurobipy][INFO] - 
[2026-04-30 14:58:26,465][gurobipy][INFO] - *    0     0               0       0.0944000    0.09440  0.00%     -   30s
[2026-04-30 14:58:26,513][gurobipy][INFO] - 
[2026-04-30 14:58:26,513][gurobipy][INFO] - Explored 1 nodes (1053 simplex iterations) in 30.70 seconds (17.27 work units)
[2026-04-30 14:58:26,513][gurobipy][INFO] - Thread count was 32 (of 128 available processors)
[2026-04-30 14:58:26,513][gurobipy][INFO] - 
[2026-04-30 14:58:26,513][gurobipy][INFO] - Solution count 2: 0.0944 0.1674 
[2026-04-30 14:58:26,514][gurobipy][INFO] - 
[2026-04-30 14:58:26,514][gurobipy][INFO] - Optimal solution found (tolerance 0.00e+00)
[2026-04-30 14:58:26,523][gurobipy][INFO] - Best objective 9.439999999999e-02, best bound 9.439999999999e-02, gap 0.0000%
