[2026-05-03 17:37:35,543][gurobipy][INFO] - Set parameter WLSAccessID
[2026-05-03 17:37:35,543][gurobipy][INFO] - Set parameter WLSSecret
[2026-05-03 17:37:35,543][gurobipy][INFO] - Set parameter LicenseID to value 2619742
[2026-05-03 17:37:35,552][gurobipy][INFO] - Academic license 2619742 - for non-commercial use only - registered to it___@mail.huji.ac.il
[2026-05-03 17:37:35,553][gurobipy][INFO] - Set parameter OutputFlag to value 1
[2026-05-03 17:37:35,553][gurobipy][INFO] - Set parameter MIPGap to value 0
[2026-05-03 17:37:35,553][gurobipy][INFO] - Set parameter TimeLimit to value 300
[2026-05-03 17:40:49,071][gurobipy][INFO] - Set parameter NonConvex to value 2
[2026-05-03 17:41:35,958][gurobipy][INFO] - Gurobi Optimizer version 13.0.1 build v13.0.1rc0 (linux64 - "Ubuntu 22.04.5 LTS")
[2026-05-03 17:41:35,959][gurobipy][INFO] - 
[2026-05-03 17:41:35,959][gurobipy][INFO] - CPU model: Intel(R) Xeon(R) Platinum 8358 CPU @ 2.60GHz, instruction set [SSE2|AVX|AVX2|AVX512]
[2026-05-03 17:41:35,959][gurobipy][INFO] - Thread count: 64 physical cores, 128 logical processors, using up to 32 threads
[2026-05-03 17:41:35,959][gurobipy][INFO] - 
[2026-05-03 17:41:35,959][gurobipy][INFO] - Non-default parameters:
[2026-05-03 17:41:35,959][gurobipy][INFO] - TimeLimit  300
[2026-05-03 17:41:35,959][gurobipy][INFO] - MIPGap  0
[2026-05-03 17:41:35,959][gurobipy][INFO] - NonConvex  2
[2026-05-03 17:41:35,959][gurobipy][INFO] - 
[2026-05-03 17:41:35,959][gurobipy][INFO] - Academic license 2619742 - for non-commercial use only - registered to it___@mail.huji.ac.il
[2026-05-03 17:41:35,959][gurobipy][INFO] - Optimize a model with 146083 rows, 999930 columns and 292166 nonzeros (Min)
[2026-05-03 17:41:36,537][gurobipy][INFO] - Model fingerprint: 0xbb418009
[2026-05-03 17:41:36,537][gurobipy][INFO] - Model has 999930 linear objective coefficients and an objective constant of 0.5
[2026-05-03 17:41:36,537][gurobipy][INFO] - Model has 40 quadratic constraints
[2026-05-03 17:41:36,538][gurobipy][INFO] - Variable types: 20 continuous, 999910 integer (999910 binary)
[2026-05-03 17:41:36,617][gurobipy][INFO] - Coefficient statistics:
[2026-05-03 17:41:36,617][gurobipy][INFO] -   Matrix range     [1e+00, 1e+00]
[2026-05-03 17:41:36,617][gurobipy][INFO] -   QMatrix range    [1e+00, 1e+00]
[2026-05-03 17:41:36,617][gurobipy][INFO] -   QLMatrix range   [9e-05, 1e+00]
[2026-05-03 17:41:36,617][gurobipy][INFO] -   Objective range  [5e-07, 3e-02]
[2026-05-03 17:41:36,617][gurobipy][INFO] -   Bounds range     [1e+00, 1e+00]
[2026-05-03 17:41:36,617][gurobipy][INFO] -   RHS range        [1e+00, 1e+00]
[2026-05-03 17:41:36,617][gurobipy][INFO] - 
[2026-05-03 17:41:36,835][gurobipy][INFO] - Found heuristic solution: objective 0.5000000
[2026-05-03 17:41:45,967][gurobipy][INFO] - Presolve removed 0 rows and 0 columns (presolve time = 8s)...
[2026-05-03 17:41:49,426][gurobipy][INFO] - Presolve removed 0 rows and 0 columns (presolve time = 11s)...
[2026-05-03 17:41:53,333][gurobipy][INFO] - Presolve removed 0 rows and 0 columns (presolve time = 15s)...
[2026-05-03 17:41:58,508][gurobipy][INFO] - Presolve removed 7483 rows and 0 columns (presolve time = 20s)...
[2026-05-03 17:42:04,232][gurobipy][INFO] - Presolve removed 7483 rows and 0 columns (presolve time = 26s)...
[2026-05-03 17:42:08,262][gurobipy][INFO] - Presolve removed 7483 rows and 0 columns (presolve time = 30s)...
[2026-05-03 17:42:13,232][gurobipy][INFO] - Presolve removed 7483 rows and 0 columns (presolve time = 35s)...
[2026-05-03 17:42:20,487][gurobipy][INFO] - Presolve removed 7483 rows and 0 columns (presolve time = 42s)...
[2026-05-03 17:42:23,224][gurobipy][INFO] - Presolve removed 7483 rows and 0 columns (presolve time = 45s)...
[2026-05-03 17:42:28,428][gurobipy][INFO] - Presolve removed 7483 rows and 0 columns (presolve time = 50s)...
[2026-05-03 17:43:39,847][gurobipy][INFO] - Presolve removed 7483 rows and 0 columns (presolve time = 122s)...
[2026-05-03 17:43:39,848][gurobipy][INFO] - Presolve added 0 rows and 20 columns
[2026-05-03 17:43:39,848][gurobipy][INFO] - Presolve removed 7443 rows and 0 columns
[2026-05-03 17:43:39,848][gurobipy][INFO] - Presolve time: 121.63s
[2026-05-03 17:43:39,955][gurobipy][INFO] - Presolved: 40135060 rows, 60994550 columns, 160270342 nonzeros
[2026-05-03 17:43:39,955][gurobipy][INFO] - Presolved model has 39996400 SOS constraint(s)
