[2026-04-30 14:46:38,115][gurobipy][INFO] - Set parameter WLSAccessID
[2026-04-30 14:46:38,115][gurobipy][INFO] - Set parameter WLSSecret
[2026-04-30 14:46:38,115][gurobipy][INFO] - Set parameter LicenseID to value 2619742
[2026-04-30 14:46:38,174][gurobipy][INFO] - Academic license 2619742 - for non-commercial use only - registered to it___@mail.huji.ac.il
[2026-04-30 14:46:38,175][gurobipy][INFO] - Set parameter OutputFlag to value 1
[2026-04-30 14:46:38,176][gurobipy][INFO] - Set parameter MIPGap to value 0
[2026-04-30 14:46:38,176][gurobipy][INFO] - Set parameter TimeLimit to value 300
[2026-04-30 14:46:41,977][gurobipy][INFO] - Gurobi Optimizer version 13.0.1 build v13.0.1rc0 (linux64 - "Ubuntu 22.04.5 LTS")
[2026-04-30 14:46:41,977][gurobipy][INFO] - 
[2026-04-30 14:46:41,977][gurobipy][INFO] - CPU model: Intel(R) Xeon(R) Platinum 8358 CPU @ 2.60GHz, instruction set [SSE2|AVX|AVX2|AVX512]
[2026-04-30 14:46:41,977][gurobipy][INFO] - Thread count: 64 physical cores, 128 logical processors, using up to 32 threads
[2026-04-30 14:46:41,977][gurobipy][INFO] - 
[2026-04-30 14:46:41,977][gurobipy][INFO] - Non-default parameters:
[2026-04-30 14:46:41,977][gurobipy][INFO] - TimeLimit  300
[2026-04-30 14:46:41,977][gurobipy][INFO] - MIPGap  0
[2026-04-30 14:46:41,978][gurobipy][INFO] - 
[2026-04-30 14:46:41,978][gurobipy][INFO] - Academic license 2619742 - for non-commercial use only - registered to it___@mail.huji.ac.il
[2026-04-30 14:46:41,978][gurobipy][INFO] - Optimize a model with 70471 rows, 5000 columns and 140942 nonzeros (Min)
[2026-04-30 14:46:41,980][gurobipy][INFO] - Model fingerprint: 0x525637d7
[2026-04-30 14:46:41,980][gurobipy][INFO] - Model has 5000 linear objective coefficients and an objective constant of 1
[2026-04-30 14:46:41,980][gurobipy][INFO] - Variable types: 0 continuous, 5000 integer (5000 binary)
[2026-04-30 14:46:41,980][gurobipy][INFO] - Coefficient statistics:
[2026-04-30 14:46:41,980][gurobipy][INFO] -   Matrix range     [1e+00, 1e+00]
[2026-04-30 14:46:41,980][gurobipy][INFO] -   Objective range  [2e-04, 2e-04]
[2026-04-30 14:46:41,980][gurobipy][INFO] -   Bounds range     [1e+00, 1e+00]
[2026-04-30 14:46:41,980][gurobipy][INFO] -   RHS range        [1e+00, 1e+00]
[2026-04-30 14:46:41,980][gurobipy][INFO] - 
[2026-04-30 14:46:41,982][gurobipy][INFO] - Found heuristic solution: objective 0.0058000
[2026-04-30 14:46:42,879][gurobipy][INFO] - Presolve removed 67893 rows and 4607 columns
[2026-04-30 14:46:42,879][gurobipy][INFO] - Presolve time: 0.89s
[2026-04-30 14:46:42,880][gurobipy][INFO] - Presolved: 2578 rows, 393 columns, 6904 nonzeros
[2026-04-30 14:46:42,882][gurobipy][INFO] - Variable types: 0 continuous, 393 integer (393 binary)
[2026-04-30 14:46:42,884][gurobipy][INFO] - 
[2026-04-30 14:46:42,884][gurobipy][INFO] - Explored 0 nodes (0 simplex iterations) in 0.91 seconds (0.85 work units)
[2026-04-30 14:46:42,884][gurobipy][INFO] - Thread count was 32 (of 128 available processors)
[2026-04-30 14:46:42,884][gurobipy][INFO] - 
[2026-04-30 14:46:42,884][gurobipy][INFO] - Solution count 1: 0.0058 
[2026-04-30 14:46:42,884][gurobipy][INFO] - 
[2026-04-30 14:46:42,884][gurobipy][INFO] - Optimal solution found (tolerance 0.00e+00)
[2026-04-30 14:46:42,884][gurobipy][INFO] - Best objective 5.799999999988e-03, best bound 5.799999999988e-03, gap 0.0000%
