[2026-05-03 17:45:01,498][gurobipy][INFO] - Set parameter WLSAccessID
[2026-05-03 17:45:01,499][gurobipy][INFO] - Set parameter WLSSecret
[2026-05-03 17:45:01,499][gurobipy][INFO] - Set parameter LicenseID to value 2619742
[2026-05-03 17:45:01,529][gurobipy][INFO] - Academic license 2619742 - for non-commercial use only - registered to it___@mail.huji.ac.il
[2026-05-03 17:45:01,531][gurobipy][INFO] - Set parameter OutputFlag to value 1
[2026-05-03 17:45:01,531][gurobipy][INFO] - Set parameter MIPGap to value 0
[2026-05-03 17:45:01,531][gurobipy][INFO] - Set parameter TimeLimit to value 300
[2026-05-03 17:48:15,316][gurobipy][INFO] - Gurobi Optimizer version 13.0.1 build v13.0.1rc0 (linux64 - "Ubuntu 22.04.5 LTS")
[2026-05-03 17:48:15,317][gurobipy][INFO] - 
[2026-05-03 17:48:15,317][gurobipy][INFO] - CPU model: Intel(R) Xeon(R) Platinum 8358 CPU @ 2.60GHz, instruction set [SSE2|AVX|AVX2|AVX512]
[2026-05-03 17:48:15,317][gurobipy][INFO] - Thread count: 64 physical cores, 128 logical processors, using up to 32 threads
[2026-05-03 17:48:15,317][gurobipy][INFO] - 
[2026-05-03 17:48:15,317][gurobipy][INFO] - Non-default parameters:
[2026-05-03 17:48:15,317][gurobipy][INFO] - TimeLimit  300
[2026-05-03 17:48:15,317][gurobipy][INFO] - MIPGap  0
[2026-05-03 17:48:15,317][gurobipy][INFO] - 
[2026-05-03 17:48:15,318][gurobipy][INFO] - Academic license 2619742 - for non-commercial use only - registered to it___@mail.huji.ac.il
[2026-05-03 17:48:15,318][gurobipy][INFO] - Optimize a model with 146083 rows, 999910 columns and 292166 nonzeros (Min)
[2026-05-03 17:48:15,335][gurobipy][INFO] - Model fingerprint: 0xbc529ac8
[2026-05-03 17:48:15,335][gurobipy][INFO] - Model has 999910 linear objective coefficients and an objective constant of 1
[2026-05-03 17:48:15,336][gurobipy][INFO] - Variable types: 0 continuous, 999910 integer (999910 binary)
[2026-05-03 17:48:15,343][gurobipy][INFO] - Coefficient statistics:
[2026-05-03 17:48:15,343][gurobipy][INFO] -   Matrix range     [1e+00, 1e+00]
[2026-05-03 17:48:15,343][gurobipy][INFO] -   Objective range  [1e-06, 1e-06]
[2026-05-03 17:48:15,343][gurobipy][INFO] -   Bounds range     [1e+00, 1e+00]
[2026-05-03 17:48:15,343][gurobipy][INFO] -   RHS range        [1e+00, 1e+00]
[2026-05-03 17:48:15,343][gurobipy][INFO] - 
[2026-05-03 17:48:15,395][gurobipy][INFO] - Found heuristic solution: objective 0.0000110
[2026-05-03 17:48:15,644][gurobipy][INFO] - Presolve removed 0 rows and 877178 columns
[2026-05-03 17:48:15,644][gurobipy][INFO] - Presolve time: 0.17s
[2026-05-03 17:48:15,646][gurobipy][INFO] - Presolved: 146083 rows, 122732 columns, 292166 nonzeros
[2026-05-03 17:48:15,744][gurobipy][INFO] - Variable types: 0 continuous, 122732 integer (122732 binary)
[2026-05-03 17:48:15,777][gurobipy][INFO] - 
[2026-05-03 17:48:15,777][gurobipy][INFO] - Explored 0 nodes (0 simplex iterations) in 0.46 seconds (0.20 work units)
[2026-05-03 17:48:15,778][gurobipy][INFO] - Thread count was 32 (of 128 available processors)
[2026-05-03 17:48:15,778][gurobipy][INFO] - 
[2026-05-03 17:48:15,778][gurobipy][INFO] - Solution count 1: 1.1001e-05 
[2026-05-03 17:48:15,778][gurobipy][INFO] - 
[2026-05-03 17:48:15,778][gurobipy][INFO] - Optimal solution found (tolerance 0.00e+00)
[2026-05-03 17:48:15,786][gurobipy][INFO] - Best objective 1.100099140727e-05, best bound 1.100099140727e-05, gap 0.0000%
