[2026-05-03 15:39:30,828][gurobipy][INFO] - Set parameter WLSAccessID
[2026-05-03 15:39:30,829][gurobipy][INFO] - Set parameter WLSSecret
[2026-05-03 15:39:30,829][gurobipy][INFO] - Set parameter LicenseID to value 2619742
[2026-05-03 15:39:30,839][gurobipy][INFO] - Academic license 2619742 - for non-commercial use only - registered to it___@mail.huji.ac.il
[2026-05-03 15:39:30,840][gurobipy][INFO] - Set parameter OutputFlag to value 1
[2026-05-03 15:39:30,840][gurobipy][INFO] - Set parameter MIPGap to value 0
[2026-05-03 15:39:30,840][gurobipy][INFO] - Set parameter TimeLimit to value 300
[2026-05-03 15:39:30,951][gurobipy][INFO] - Set parameter WLSAccessID
[2026-05-03 15:39:30,951][gurobipy][INFO] - Set parameter WLSSecret
[2026-05-03 15:39:30,951][gurobipy][INFO] - Set parameter LicenseID to value 2619742
[2026-05-03 15:39:30,959][gurobipy][INFO] - Academic license 2619742 - for non-commercial use only - registered to it___@mail.huji.ac.il
[2026-05-03 15:39:30,960][gurobipy][INFO] - Set parameter OutputFlag to value 1
[2026-05-03 15:39:30,960][gurobipy][INFO] - Set parameter MIPGap to value 0
[2026-05-03 15:39:30,960][gurobipy][INFO] - Set parameter TimeLimit to value 300
[2026-05-03 15:39:31,172][gurobipy][INFO] - Set parameter WLSAccessID
[2026-05-03 15:39:31,172][gurobipy][INFO] - Set parameter WLSSecret
[2026-05-03 15:39:31,172][gurobipy][INFO] - Set parameter LicenseID to value 2619742
[2026-05-03 15:39:31,181][gurobipy][INFO] - Academic license 2619742 - for non-commercial use only - registered to it___@mail.huji.ac.il
[2026-05-03 15:39:31,182][gurobipy][INFO] - Set parameter OutputFlag to value 1
[2026-05-03 15:39:31,182][gurobipy][INFO] - Set parameter MIPGap to value 0
[2026-05-03 15:39:31,183][gurobipy][INFO] - Set parameter TimeLimit to value 300
[2026-05-03 15:40:06,212][gurobipy][INFO] - Gurobi Optimizer version 13.0.1 build v13.0.1rc0 (linux64 - "Ubuntu 22.04.5 LTS")
[2026-05-03 15:40:06,212][gurobipy][INFO] - 
[2026-05-03 15:40:06,213][gurobipy][INFO] - CPU model: Intel(R) Xeon(R) Platinum 8358 CPU @ 2.60GHz, instruction set [SSE2|AVX|AVX2|AVX512]
[2026-05-03 15:40:06,213][gurobipy][INFO] - Thread count: 64 physical cores, 128 logical processors, using up to 32 threads
[2026-05-03 15:40:06,213][gurobipy][INFO] - 
[2026-05-03 15:40:06,213][gurobipy][INFO] - Non-default parameters:
[2026-05-03 15:40:06,213][gurobipy][INFO] - TimeLimit  300
[2026-05-03 15:40:06,213][gurobipy][INFO] - MIPGap  0
[2026-05-03 15:40:06,213][gurobipy][INFO] - 
[2026-05-03 15:40:06,213][gurobipy][INFO] - Academic license 2619742 - for non-commercial use only - registered to it___@mail.huji.ac.il
[2026-05-03 15:40:06,213][gurobipy][INFO] - Optimize a model with 867952 rows, 48842 columns and 1735904 nonzeros (Min)
[2026-05-03 15:40:06,230][gurobipy][INFO] - Model fingerprint: 0x0642a559
[2026-05-03 15:40:06,230][gurobipy][INFO] - Model has 48842 linear objective coefficients and an objective constant of 1
[2026-05-03 15:40:06,230][gurobipy][INFO] - Variable types: 0 continuous, 48842 integer (48842 binary)
[2026-05-03 15:40:06,233][gurobipy][INFO] - Coefficient statistics:
[2026-05-03 15:40:06,233][gurobipy][INFO] -   Matrix range     [1e+00, 1e+00]
[2026-05-03 15:40:06,233][gurobipy][INFO] -   Objective range  [2e-05, 2e-05]
[2026-05-03 15:40:06,233][gurobipy][INFO] -   Bounds range     [1e+00, 1e+00]
[2026-05-03 15:40:06,233][gurobipy][INFO] -   RHS range        [1e+00, 1e+00]
[2026-05-03 15:40:06,233][gurobipy][INFO] - 
[2026-05-03 15:40:06,256][gurobipy][INFO] - Found heuristic solution: objective 0.0010237
[2026-05-03 15:40:11,368][gurobipy][INFO] - Presolve removed 48164 rows and 0 columns (presolve time = 5s)...
[2026-05-03 15:40:12,742][gurobipy][INFO] - Presolve removed 859410 rows and 48266 columns
[2026-05-03 15:40:12,742][gurobipy][INFO] - Presolve time: 6.41s
[2026-05-03 15:40:12,745][gurobipy][INFO] - Presolved: 8542 rows, 576 columns, 19511 nonzeros
[2026-05-03 15:40:12,751][gurobipy][INFO] - Variable types: 0 continuous, 576 integer (576 binary)
[2026-05-03 15:40:12,776][gurobipy][INFO] - 
[2026-05-03 15:40:12,776][gurobipy][INFO] - Explored 0 nodes (0 simplex iterations) in 6.56 seconds (11.16 work units)
[2026-05-03 15:40:12,776][gurobipy][INFO] - Thread count was 32 (of 128 available processors)
[2026-05-03 15:40:12,776][gurobipy][INFO] - 
[2026-05-03 15:40:12,777][gurobipy][INFO] - Solution count 1: 0.00102371 
[2026-05-03 15:40:12,777][gurobipy][INFO] - 
[2026-05-03 15:40:12,777][gurobipy][INFO] - Optimal solution found (tolerance 0.00e+00)
[2026-05-03 15:40:12,783][gurobipy][INFO] - Best objective 1.023709102711e-03, best bound 1.023709102711e-03, gap 0.0000%
[2026-05-03 15:40:58,882][gurobipy][INFO] - Gurobi Optimizer version 13.0.1 build v13.0.1rc0 (linux64 - "Ubuntu 22.04.5 LTS")
[2026-05-03 15:40:58,883][gurobipy][INFO] - 
[2026-05-03 15:40:58,883][gurobipy][INFO] - CPU model: Intel(R) Xeon(R) Platinum 8358 CPU @ 2.60GHz, instruction set [SSE2|AVX|AVX2|AVX512]
[2026-05-03 15:40:58,883][gurobipy][INFO] - Thread count: 64 physical cores, 128 logical processors, using up to 32 threads
[2026-05-03 15:40:58,883][gurobipy][INFO] - 
[2026-05-03 15:40:58,883][gurobipy][INFO] - Non-default parameters:
[2026-05-03 15:40:58,883][gurobipy][INFO] - TimeLimit  300
[2026-05-03 15:40:58,883][gurobipy][INFO] - MIPGap  0
[2026-05-03 15:40:58,883][gurobipy][INFO] - 
[2026-05-03 15:40:58,884][gurobipy][INFO] - Academic license 2619742 - for non-commercial use only - registered to it___@mail.huji.ac.il
[2026-05-03 15:40:58,884][gurobipy][INFO] - Optimize a model with 2133773 rows, 48842 columns and 4267546 nonzeros (Min)
[2026-05-03 15:40:58,926][gurobipy][INFO] - Model fingerprint: 0x48d78dc9
[2026-05-03 15:40:58,926][gurobipy][INFO] - Model has 48842 linear objective coefficients and an objective constant of 1
[2026-05-03 15:40:58,926][gurobipy][INFO] - Variable types: 0 continuous, 48842 integer (48842 binary)
[2026-05-03 15:40:58,934][gurobipy][INFO] - Coefficient statistics:
[2026-05-03 15:40:58,935][gurobipy][INFO] -   Matrix range     [1e+00, 1e+00]
[2026-05-03 15:40:58,935][gurobipy][INFO] -   Objective range  [2e-05, 2e-05]
[2026-05-03 15:40:58,935][gurobipy][INFO] -   Bounds range     [1e+00, 1e+00]
[2026-05-03 15:40:58,935][gurobipy][INFO] -   RHS range        [1e+00, 1e+00]
[2026-05-03 15:40:58,935][gurobipy][INFO] - 
[2026-05-03 15:40:59,025][gurobipy][INFO] - Found heuristic solution: objective 0.0020474
[2026-05-03 15:41:04,454][gurobipy][INFO] - Presolve removed 0 rows and 0 columns (presolve time = 5s)...
[2026-05-03 15:41:09,366][gurobipy][INFO] - Presolve removed 97065 rows and 0 columns (presolve time = 10s)...
[2026-05-03 15:41:14,371][gurobipy][INFO] - Presolve removed 101951 rows and 0 columns (presolve time = 15s)...
[2026-05-03 15:41:19,435][gurobipy][INFO] - Presolve removed 117261 rows and 0 columns (presolve time = 20s)...
[2026-05-03 15:41:24,426][gurobipy][INFO] - Presolve removed 117261 rows and 0 columns (presolve time = 25s)...
[2026-05-03 15:41:29,431][gurobipy][INFO] - Presolve removed 117261 rows and 0 columns (presolve time = 30s)...
[2026-05-03 15:41:34,486][gurobipy][INFO] - Presolve removed 117261 rows and 0 columns (presolve time = 35s)...
[2026-05-03 15:41:37,434][gurobipy][INFO] - Presolve removed 2098970 rows and 47620 columns
[2026-05-03 15:41:37,434][gurobipy][INFO] - Presolve time: 38.07s
[2026-05-03 15:41:37,448][gurobipy][INFO] - Presolved: 34803 rows, 1222 columns, 79897 nonzeros
[2026-05-03 15:41:37,467][gurobipy][INFO] - Variable types: 0 continuous, 1222 integer (1222 binary)
[2026-05-03 15:41:37,556][gurobipy][INFO] - 
[2026-05-03 15:41:37,556][gurobipy][INFO] - Explored 0 nodes (0 simplex iterations) in 38.67 seconds (36.00 work units)
[2026-05-03 15:41:37,557][gurobipy][INFO] - Thread count was 32 (of 128 available processors)
[2026-05-03 15:41:37,557][gurobipy][INFO] - 
[2026-05-03 15:41:37,557][gurobipy][INFO] - Solution count 1: 0.00204742 
[2026-05-03 15:41:37,557][gurobipy][INFO] - 
[2026-05-03 15:41:37,557][gurobipy][INFO] - Optimal solution found (tolerance 0.00e+00)
[2026-05-03 15:41:37,582][gurobipy][INFO] - Best objective 2.047418205533e-03, best bound 2.047418205533e-03, gap 0.0000%
[2026-05-03 15:42:05,453][gurobipy][INFO] - Gurobi Optimizer version 13.0.1 build v13.0.1rc0 (linux64 - "Ubuntu 22.04.5 LTS")
[2026-05-03 15:42:05,454][gurobipy][INFO] - 
[2026-05-03 15:42:05,454][gurobipy][INFO] - CPU model: Intel(R) Xeon(R) Platinum 8358 CPU @ 2.60GHz, instruction set [SSE2|AVX|AVX2|AVX512]
[2026-05-03 15:42:05,454][gurobipy][INFO] - Thread count: 64 physical cores, 128 logical processors, using up to 32 threads
[2026-05-03 15:42:05,454][gurobipy][INFO] - 
[2026-05-03 15:42:05,454][gurobipy][INFO] - Non-default parameters:
[2026-05-03 15:42:05,454][gurobipy][INFO] - TimeLimit  300
[2026-05-03 15:42:05,454][gurobipy][INFO] - MIPGap  0
[2026-05-03 15:42:05,454][gurobipy][INFO] - 
[2026-05-03 15:42:05,455][gurobipy][INFO] - Academic license 2619742 - for non-commercial use only - registered to it___@mail.huji.ac.il
[2026-05-03 15:42:05,455][gurobipy][INFO] - Optimize a model with 3899985 rows, 48842 columns and 7799970 nonzeros (Min)
[2026-05-03 15:42:05,531][gurobipy][INFO] - Model fingerprint: 0x52fa34d5
[2026-05-03 15:42:05,531][gurobipy][INFO] - Model has 48842 linear objective coefficients and an objective constant of 1
[2026-05-03 15:42:05,531][gurobipy][INFO] - Variable types: 0 continuous, 48842 integer (48842 binary)
[2026-05-03 15:42:05,545][gurobipy][INFO] - Coefficient statistics:
[2026-05-03 15:42:05,545][gurobipy][INFO] -   Matrix range     [1e+00, 1e+00]
[2026-05-03 15:42:05,545][gurobipy][INFO] -   Objective range  [2e-05, 2e-05]
[2026-05-03 15:42:05,545][gurobipy][INFO] -   Bounds range     [1e+00, 1e+00]
[2026-05-03 15:42:05,545][gurobipy][INFO] -   RHS range        [1e+00, 1e+00]
[2026-05-03 15:42:05,545][gurobipy][INFO] - 
[2026-05-03 15:42:05,708][gurobipy][INFO] - Found heuristic solution: objective 0.0040948
[2026-05-03 15:42:11,340][gurobipy][INFO] - Presolve removed 0 rows and 0 columns (presolve time = 5s)...
[2026-05-03 15:42:16,481][gurobipy][INFO] - Presolve removed 0 rows and 0 columns (presolve time = 10s)...
[2026-05-03 15:42:21,396][gurobipy][INFO] - Presolve removed 180160 rows and 0 columns (presolve time = 15s)...
[2026-05-03 15:42:26,379][gurobipy][INFO] - Presolve removed 180569 rows and 0 columns (presolve time = 20s)...
[2026-05-03 15:42:31,418][gurobipy][INFO] - Presolve removed 180921 rows and 0 columns (presolve time = 25s)...
[2026-05-03 15:42:36,417][gurobipy][INFO] - Presolve removed 181265 rows and 0 columns (presolve time = 30s)...
[2026-05-03 15:42:41,392][gurobipy][INFO] - Presolve removed 181620 rows and 0 columns (presolve time = 35s)...
[2026-05-03 15:42:46,359][gurobipy][INFO] - Presolve removed 181979 rows and 0 columns (presolve time = 40s)...
[2026-05-03 15:42:51,403][gurobipy][INFO] - Presolve removed 182363 rows and 0 columns (presolve time = 45s)...
[2026-05-03 15:42:56,394][gurobipy][INFO] - Presolve removed 192159 rows and 0 columns (presolve time = 50s)...
[2026-05-03 15:43:01,344][gurobipy][INFO] - Presolve removed 199993 rows and 0 columns (presolve time = 55s)...
[2026-05-03 15:43:06,483][gurobipy][INFO] - Presolve removed 202522 rows and 0 columns (presolve time = 60s)...
[2026-05-03 15:43:11,350][gurobipy][INFO] - Presolve removed 207887 rows and 0 columns (presolve time = 65s)...
[2026-05-03 15:43:16,536][gurobipy][INFO] - Presolve removed 208140 rows and 0 columns (presolve time = 70s)...
[2026-05-03 15:43:21,592][gurobipy][INFO] - Presolve removed 214360 rows and 0 columns (presolve time = 75s)...
[2026-05-03 15:43:26,454][gurobipy][INFO] - Presolve removed 215893 rows and 0 columns (presolve time = 80s)...
[2026-05-03 15:43:31,699][gurobipy][INFO] - Presolve removed 216005 rows and 0 columns (presolve time = 85s)...
[2026-05-03 15:43:36,375][gurobipy][INFO] - Presolve removed 216005 rows and 0 columns (presolve time = 90s)...
[2026-05-03 15:43:41,631][gurobipy][INFO] - Presolve removed 216005 rows and 0 columns (presolve time = 95s)...
[2026-05-03 15:43:46,378][gurobipy][INFO] - Presolve removed 216005 rows and 0 columns (presolve time = 100s)...
[2026-05-03 15:43:51,385][gurobipy][INFO] - Presolve removed 216005 rows and 0 columns (presolve time = 105s)...
[2026-05-03 15:43:56,419][gurobipy][INFO] - Presolve removed 216005 rows and 0 columns (presolve time = 110s)...
[2026-05-03 15:44:01,354][gurobipy][INFO] - Presolve removed 216005 rows and 0 columns (presolve time = 115s)...
[2026-05-03 15:44:06,565][gurobipy][INFO] - Presolve removed 3628613 rows and 44895 columns (presolve time = 120s)...
[2026-05-03 15:44:07,062][gurobipy][INFO] - Presolve removed 3628613 rows and 44895 columns
[2026-05-03 15:44:07,062][gurobipy][INFO] - Presolve time: 120.72s
[2026-05-03 15:44:07,074][gurobipy][INFO] - Presolved: 271372 rows, 3947 columns, 608139 nonzeros
[2026-05-03 15:44:07,240][gurobipy][INFO] - Variable types: 0 continuous, 3947 integer (3947 binary)
[2026-05-03 15:44:07,388][gurobipy][INFO] - 
[2026-05-03 15:44:07,388][gurobipy][INFO] - Explored 0 nodes (0 simplex iterations) in 121.93 seconds (70.27 work units)
[2026-05-03 15:44:07,388][gurobipy][INFO] - Thread count was 32 (of 128 available processors)
[2026-05-03 15:44:07,388][gurobipy][INFO] - 
[2026-05-03 15:44:07,388][gurobipy][INFO] - Solution count 1: 0.00409484 
[2026-05-03 15:44:07,388][gurobipy][INFO] - 
[2026-05-03 15:44:07,388][gurobipy][INFO] - Optimal solution found (tolerance 0.00e+00)
[2026-05-03 15:44:07,426][gurobipy][INFO] - Best objective 4.094836411176e-03, best bound 4.094836411176e-03, gap 0.0000%
[2026-05-03 15:46:00,149][gurobipy][INFO] - Gurobi Optimizer version 13.0.1 build v13.0.1rc0 (linux64 - "Ubuntu 22.04.5 LTS")
[2026-05-03 15:46:00,149][gurobipy][INFO] - 
[2026-05-03 15:46:00,149][gurobipy][INFO] - CPU model: Intel(R) Xeon(R) Platinum 8358 CPU @ 2.60GHz, instruction set [SSE2|AVX|AVX2|AVX512]
[2026-05-03 15:46:00,149][gurobipy][INFO] - Thread count: 64 physical cores, 128 logical processors, using up to 32 threads
[2026-05-03 15:46:00,149][gurobipy][INFO] - 
[2026-05-03 15:46:00,149][gurobipy][INFO] - Non-default parameters:
[2026-05-03 15:46:00,149][gurobipy][INFO] - TimeLimit  300
[2026-05-03 15:46:00,149][gurobipy][INFO] - MIPGap  0
[2026-05-03 15:46:00,150][gurobipy][INFO] - 
[2026-05-03 15:46:00,150][gurobipy][INFO] - Academic license 2619742 - for non-commercial use only - registered to it___@mail.huji.ac.il
[2026-05-03 15:46:00,150][gurobipy][INFO] - Optimize a model with 9803656 rows, 48842 columns and 19607312 nonzeros (Min)
[2026-05-03 15:46:00,345][gurobipy][INFO] - Model fingerprint: 0xb4da16b4
[2026-05-03 15:46:00,345][gurobipy][INFO] - Model has 48842 linear objective coefficients and an objective constant of 1
[2026-05-03 15:46:00,345][gurobipy][INFO] - Variable types: 0 continuous, 48842 integer (48842 binary)
[2026-05-03 15:46:00,377][gurobipy][INFO] - Coefficient statistics:
[2026-05-03 15:46:00,377][gurobipy][INFO] -   Matrix range     [1e+00, 1e+00]
[2026-05-03 15:46:00,377][gurobipy][INFO] -   Objective range  [2e-05, 2e-05]
[2026-05-03 15:46:00,377][gurobipy][INFO] -   Bounds range     [1e+00, 1e+00]
[2026-05-03 15:46:00,377][gurobipy][INFO] -   RHS range        [1e+00, 1e+00]
[2026-05-03 15:46:00,377][gurobipy][INFO] - 
[2026-05-03 15:46:00,863][gurobipy][INFO] - Found heuristic solution: objective 0.0101552
[2026-05-03 15:46:08,246][gurobipy][INFO] - Presolve removed 0 rows and 0 columns (presolve time = 5s)...
[2026-05-03 15:46:13,473][gurobipy][INFO] - Presolve removed 0 rows and 0 columns (presolve time = 11s)...
[2026-05-03 15:46:19,892][gurobipy][INFO] - Presolve removed 0 rows and 0 columns (presolve time = 17s)...
[2026-05-03 15:46:23,579][gurobipy][INFO] - Presolve removed 0 rows and 0 columns (presolve time = 21s)...
[2026-05-03 15:46:27,871][gurobipy][INFO] - Presolve removed 0 rows and 0 columns (presolve time = 25s)...
[2026-05-03 15:46:32,763][gurobipy][INFO] - Presolve removed 0 rows and 0 columns (presolve time = 30s)...
[2026-05-03 15:46:37,767][gurobipy][INFO] - Presolve removed 495981 rows and 0 columns (presolve time = 35s)...
[2026-05-03 15:46:42,818][gurobipy][INFO] - Presolve removed 496377 rows and 0 columns (presolve time = 40s)...
[2026-05-03 15:46:47,770][gurobipy][INFO] - Presolve removed 496831 rows and 0 columns (presolve time = 45s)...
[2026-05-03 15:46:52,890][gurobipy][INFO] - Presolve removed 497314 rows and 0 columns (presolve time = 50s)...
[2026-05-03 15:46:57,869][gurobipy][INFO] - Presolve removed 497763 rows and 0 columns (presolve time = 55s)...
[2026-05-03 15:47:02,811][gurobipy][INFO] - Presolve removed 498305 rows and 0 columns (presolve time = 60s)...
[2026-05-03 15:47:07,844][gurobipy][INFO] - Presolve removed 498744 rows and 0 columns (presolve time = 65s)...
[2026-05-03 15:47:12,856][gurobipy][INFO] - Presolve removed 499223 rows and 0 columns (presolve time = 70s)...
[2026-05-03 15:47:17,809][gurobipy][INFO] - Presolve removed 499726 rows and 0 columns (presolve time = 75s)...
[2026-05-03 15:47:22,876][gurobipy][INFO] - Presolve removed 500234 rows and 0 columns (presolve time = 80s)...
[2026-05-03 15:47:27,830][gurobipy][INFO] - Presolve removed 500706 rows and 0 columns (presolve time = 85s)...
[2026-05-03 15:47:32,817][gurobipy][INFO] - Presolve removed 501221 rows and 0 columns (presolve time = 90s)...
[2026-05-03 15:47:37,777][gurobipy][INFO] - Presolve removed 501700 rows and 0 columns (presolve time = 95s)...
[2026-05-03 15:47:42,859][gurobipy][INFO] - Presolve removed 502215 rows and 0 columns (presolve time = 100s)...
[2026-05-03 15:47:47,836][gurobipy][INFO] - Presolve removed 502656 rows and 0 columns (presolve time = 105s)...
[2026-05-03 15:47:52,775][gurobipy][INFO] - Presolve removed 503018 rows and 0 columns (presolve time = 110s)...
[2026-05-03 15:47:57,767][gurobipy][INFO] - Presolve removed 503355 rows and 0 columns (presolve time = 115s)...
[2026-05-03 15:48:03,310][gurobipy][INFO] - Presolve removed 510768 rows and 0 columns (presolve time = 121s)...
[2026-05-03 15:48:07,900][gurobipy][INFO] - Presolve removed 512881 rows and 0 columns (presolve time = 125s)...
[2026-05-03 15:48:12,768][gurobipy][INFO] - Presolve removed 519279 rows and 0 columns (presolve time = 130s)...
[2026-05-03 15:48:18,403][gurobipy][INFO] - Presolve removed 527391 rows and 0 columns (presolve time = 136s)...
[2026-05-03 15:48:22,769][gurobipy][INFO] - Presolve removed 530353 rows and 0 columns (presolve time = 140s)...
[2026-05-03 15:48:27,872][gurobipy][INFO] - Presolve removed 531329 rows and 0 columns (presolve time = 145s)...
[2026-05-03 15:48:32,847][gurobipy][INFO] - Presolve removed 534199 rows and 0 columns (presolve time = 150s)...
[2026-05-03 15:48:38,524][gurobipy][INFO] - Presolve removed 538892 rows and 0 columns (presolve time = 156s)...
[2026-05-03 15:48:43,402][gurobipy][INFO] - Presolve removed 539486 rows and 0 columns (presolve time = 161s)...
[2026-05-03 15:48:48,060][gurobipy][INFO] - Presolve removed 539995 rows and 0 columns (presolve time = 165s)...
[2026-05-03 15:48:53,039][gurobipy][INFO] - Presolve removed 543235 rows and 0 columns (presolve time = 170s)...
[2026-05-03 15:48:57,847][gurobipy][INFO] - Presolve removed 548439 rows and 0 columns (presolve time = 175s)...
[2026-05-03 15:49:03,125][gurobipy][INFO] - Presolve removed 550611 rows and 0 columns (presolve time = 180s)...
[2026-05-03 15:49:08,450][gurobipy][INFO] - Presolve removed 550652 rows and 0 columns (presolve time = 186s)...
[2026-05-03 15:49:12,810][gurobipy][INFO] - Presolve removed 551407 rows and 0 columns (presolve time = 190s)...
[2026-05-03 15:49:18,278][gurobipy][INFO] - Presolve removed 551523 rows and 0 columns (presolve time = 196s)...
[2026-05-03 15:49:22,849][gurobipy][INFO] - Presolve removed 552454 rows and 0 columns (presolve time = 200s)...
[2026-05-03 15:49:27,779][gurobipy][INFO] - Presolve removed 552937 rows and 0 columns (presolve time = 205s)...
[2026-05-03 15:49:33,052][gurobipy][INFO] - Presolve removed 554463 rows and 0 columns (presolve time = 210s)...
[2026-05-03 15:49:38,585][gurobipy][INFO] - Presolve removed 554504 rows and 0 columns (presolve time = 216s)...
[2026-05-03 15:49:42,889][gurobipy][INFO] - Presolve removed 555589 rows and 0 columns (presolve time = 220s)...
[2026-05-03 15:49:48,035][gurobipy][INFO] - Presolve removed 556037 rows and 0 columns (presolve time = 225s)...
[2026-05-03 15:49:53,585][gurobipy][INFO] - Presolve removed 556557 rows and 0 columns (presolve time = 231s)...
[2026-05-03 15:49:57,881][gurobipy][INFO] - Presolve removed 556557 rows and 0 columns (presolve time = 235s)...
[2026-05-03 15:50:02,921][gurobipy][INFO] - Presolve removed 556568 rows and 0 columns (presolve time = 240s)...
[2026-05-03 15:50:07,771][gurobipy][INFO] - Presolve removed 556615 rows and 0 columns (presolve time = 245s)...
[2026-05-03 15:50:12,855][gurobipy][INFO] - Presolve removed 559429 rows and 0 columns (presolve time = 250s)...
[2026-05-03 15:50:17,837][gurobipy][INFO] - Presolve removed 559441 rows and 0 columns (presolve time = 255s)...
[2026-05-03 15:50:22,838][gurobipy][INFO] - Presolve removed 561123 rows and 0 columns (presolve time = 260s)...
[2026-05-03 15:50:28,008][gurobipy][INFO] - Presolve removed 564146 rows and 0 columns (presolve time = 265s)...
[2026-05-03 15:50:32,770][gurobipy][INFO] - Presolve removed 567355 rows and 0 columns (presolve time = 270s)...
[2026-05-03 15:50:37,769][gurobipy][INFO] - Presolve removed 567493 rows and 0 columns (presolve time = 275s)...
[2026-05-03 15:50:43,459][gurobipy][INFO] - Presolve removed 570033 rows and 0 columns (presolve time = 281s)...
[2026-05-03 15:50:48,088][gurobipy][INFO] - Presolve removed 570877 rows and 0 columns (presolve time = 285s)...
[2026-05-03 15:50:53,168][gurobipy][INFO] - Presolve removed 574792 rows and 0 columns (presolve time = 290s)...
[2026-05-03 15:50:57,776][gurobipy][INFO] - Presolve removed 576539 rows and 0 columns (presolve time = 295s)...
[2026-05-03 15:51:00,290][gurobipy][INFO] - Presolve removed 576580 rows and 0 columns
[2026-05-03 15:51:00,290][gurobipy][INFO] - Presolve time: 297.53s
[2026-05-03 15:51:00,827][gurobipy][INFO] - 
[2026-05-03 15:51:00,827][gurobipy][INFO] - Explored 0 nodes (0 simplex iterations) in 300.68 seconds (137.97 work units)
[2026-05-03 15:51:00,827][gurobipy][INFO] - Thread count was 1 (of 128 available processors)
[2026-05-03 15:51:00,828][gurobipy][INFO] - 
[2026-05-03 15:51:00,828][gurobipy][INFO] - Solution count 1: 0.0101552 
[2026-05-03 15:51:00,828][gurobipy][INFO] - 
[2026-05-03 15:51:00,828][gurobipy][INFO] - Time limit reached
[2026-05-03 15:51:00,953][gurobipy][INFO] - Best objective 1.015519429988e-02, best bound -, gap -
