[2026-05-03 17:44:30,595][gurobipy][INFO] - Set parameter WLSAccessID
[2026-05-03 17:44:30,596][gurobipy][INFO] - Set parameter WLSSecret
[2026-05-03 17:44:30,596][gurobipy][INFO] - Set parameter LicenseID to value 2619742
[2026-05-03 17:44:30,613][gurobipy][INFO] - Academic license 2619742 - for non-commercial use only - registered to it___@mail.huji.ac.il
[2026-05-03 17:44:30,614][gurobipy][INFO] - Set parameter OutputFlag to value 1
[2026-05-03 17:44:30,615][gurobipy][INFO] - Set parameter MIPGap to value 0
[2026-05-03 17:44:30,615][gurobipy][INFO] - Set parameter TimeLimit to value 300
[2026-05-03 17:50:01,872][gurobipy][INFO] - Gurobi Optimizer version 13.0.1 build v13.0.1rc0 (linux64 - "Ubuntu 22.04.5 LTS")
[2026-05-03 17:50:01,873][gurobipy][INFO] - 
[2026-05-03 17:50:01,873][gurobipy][INFO] - CPU model: Intel(R) Xeon(R) Platinum 8358 CPU @ 2.60GHz, instruction set [SSE2|AVX|AVX2|AVX512]
[2026-05-03 17:50:01,873][gurobipy][INFO] - Thread count: 64 physical cores, 128 logical processors, using up to 32 threads
[2026-05-03 17:50:01,873][gurobipy][INFO] - 
[2026-05-03 17:50:01,873][gurobipy][INFO] - Non-default parameters:
[2026-05-03 17:50:01,873][gurobipy][INFO] - TimeLimit  300
[2026-05-03 17:50:01,873][gurobipy][INFO] - MIPGap  0
[2026-05-03 17:50:01,873][gurobipy][INFO] - 
[2026-05-03 17:50:01,873][gurobipy][INFO] - Academic license 2619742 - for non-commercial use only - registered to it___@mail.huji.ac.il
[2026-05-03 17:50:01,873][gurobipy][INFO] - Optimize a model with 3470578 rows, 999910 columns and 6941156 nonzeros (Min)
[2026-05-03 17:50:01,967][gurobipy][INFO] - Model fingerprint: 0xf743c69a
[2026-05-03 17:50:01,968][gurobipy][INFO] - Model has 999910 linear objective coefficients and an objective constant of 1
[2026-05-03 17:50:01,968][gurobipy][INFO] - Variable types: 0 continuous, 999910 integer (999910 binary)
[2026-05-03 17:50:01,992][gurobipy][INFO] - Coefficient statistics:
[2026-05-03 17:50:01,992][gurobipy][INFO] -   Matrix range     [1e+00, 1e+00]
[2026-05-03 17:50:01,992][gurobipy][INFO] -   Objective range  [1e-06, 1e-06]
[2026-05-03 17:50:01,992][gurobipy][INFO] -   Bounds range     [1e+00, 1e+00]
[2026-05-03 17:50:01,992][gurobipy][INFO] -   RHS range        [1e+00, 1e+00]
[2026-05-03 17:50:01,992][gurobipy][INFO] - 
[2026-05-03 17:50:02,196][gurobipy][INFO] - Found heuristic solution: objective 0.0002710
[2026-05-03 17:50:07,854][gurobipy][INFO] - Presolve removed 124398 rows and 170585 columns (presolve time = 5s)...
[2026-05-03 17:50:12,856][gurobipy][INFO] - Presolve removed 124454 rows and 191479 columns (presolve time = 10s)...
[2026-05-03 17:50:17,854][gurobipy][INFO] - Presolve removed 124454 rows and 191479 columns (presolve time = 15s)...
[2026-05-03 17:50:22,879][gurobipy][INFO] - Presolve removed 487701 rows and 191479 columns (presolve time = 20s)...
[2026-05-03 17:50:27,868][gurobipy][INFO] - Presolve removed 487701 rows and 191479 columns (presolve time = 25s)...
[2026-05-03 17:50:32,874][gurobipy][INFO] - Presolve removed 487701 rows and 191479 columns (presolve time = 30s)...
[2026-05-03 17:50:37,875][gurobipy][INFO] - Presolve removed 488866 rows and 191479 columns (presolve time = 35s)...
[2026-05-03 17:50:42,879][gurobipy][INFO] - Presolve removed 494911 rows and 191479 columns (presolve time = 40s)...
[2026-05-03 17:50:47,873][gurobipy][INFO] - Presolve removed 494911 rows and 191479 columns (presolve time = 45s)...
[2026-05-03 17:50:52,875][gurobipy][INFO] - Presolve removed 494911 rows and 191479 columns (presolve time = 50s)...
[2026-05-03 17:50:57,883][gurobipy][INFO] - Presolve removed 494911 rows and 191479 columns (presolve time = 55s)...
[2026-05-03 17:51:02,866][gurobipy][INFO] - Presolve removed 494911 rows and 191479 columns (presolve time = 60s)...
[2026-05-03 17:51:07,872][gurobipy][INFO] - Presolve removed 494911 rows and 191479 columns (presolve time = 65s)...
[2026-05-03 17:51:12,886][gurobipy][INFO] - Presolve removed 494911 rows and 191479 columns (presolve time = 70s)...
[2026-05-03 17:51:17,856][gurobipy][INFO] - Presolve removed 494911 rows and 191479 columns (presolve time = 75s)...
[2026-05-03 17:51:23,071][gurobipy][INFO] - Presolve removed 1330248 rows and 426458 columns (presolve time = 80s)...
[2026-05-03 17:51:26,892][gurobipy][INFO] - Presolve removed 2876766 rows and 728708 columns
[2026-05-03 17:51:26,892][gurobipy][INFO] - Presolve time: 84.04s
[2026-05-03 17:51:26,910][gurobipy][INFO] - Presolved: 593812 rows, 271202 columns, 1248186 nonzeros
[2026-05-03 17:51:27,377][gurobipy][INFO] - Variable types: 0 continuous, 271202 integer (271202 binary)
[2026-05-03 17:51:27,566][gurobipy][INFO] - 
[2026-05-03 17:51:27,566][gurobipy][INFO] - Explored 0 nodes (0 simplex iterations) in 85.69 seconds (57.51 work units)
[2026-05-03 17:51:27,566][gurobipy][INFO] - Thread count was 32 (of 128 available processors)
[2026-05-03 17:51:27,566][gurobipy][INFO] - 
[2026-05-03 17:51:27,566][gurobipy][INFO] - Solution count 1: 0.000271024 
[2026-05-03 17:51:27,567][gurobipy][INFO] - 
[2026-05-03 17:51:27,567][gurobipy][INFO] - Optimal solution found (tolerance 0.00e+00)
[2026-05-03 17:51:27,613][gurobipy][INFO] - Best objective 2.710243935131e-04, best bound 2.710243935131e-04, gap 0.0000%
