[2026-04-30 14:49:06,527][gurobipy][INFO] - Set parameter WLSAccessID
[2026-04-30 14:49:06,528][gurobipy][INFO] - Set parameter WLSSecret
[2026-04-30 14:49:06,528][gurobipy][INFO] - Set parameter LicenseID to value 2619742
[2026-04-30 14:49:06,603][gurobipy][INFO] - Academic license 2619742 - for non-commercial use only - registered to it___@mail.huji.ac.il
[2026-04-30 14:49:06,606][gurobipy][INFO] - Set parameter OutputFlag to value 1
[2026-04-30 14:49:06,607][gurobipy][INFO] - Set parameter MIPGap to value 0
[2026-04-30 14:49:06,607][gurobipy][INFO] - Set parameter TimeLimit to value 300
[2026-04-30 14:49:21,186][gurobipy][INFO] - Gurobi Optimizer version 13.0.1 build v13.0.1rc0 (linux64 - "Ubuntu 22.04.5 LTS")
[2026-04-30 14:49:21,186][gurobipy][INFO] - 
[2026-04-30 14:49:21,186][gurobipy][INFO] - CPU model: Intel(R) Xeon(R) Platinum 8358 CPU @ 2.60GHz, instruction set [SSE2|AVX|AVX2|AVX512]
[2026-04-30 14:49:21,186][gurobipy][INFO] - Thread count: 64 physical cores, 128 logical processors, using up to 32 threads
[2026-04-30 14:49:21,186][gurobipy][INFO] - 
[2026-04-30 14:49:21,186][gurobipy][INFO] - Non-default parameters:
[2026-04-30 14:49:21,186][gurobipy][INFO] - TimeLimit  300
[2026-04-30 14:49:21,186][gurobipy][INFO] - MIPGap  0
[2026-04-30 14:49:21,186][gurobipy][INFO] - 
[2026-04-30 14:49:21,187][gurobipy][INFO] - Academic license 2619742 - for non-commercial use only - registered to it___@mail.huji.ac.il
[2026-04-30 14:49:21,187][gurobipy][INFO] - Optimize a model with 312785 rows, 5000 columns and 625570 nonzeros (Min)
[2026-04-30 14:49:21,193][gurobipy][INFO] - Model fingerprint: 0xf1d14952
[2026-04-30 14:49:21,193][gurobipy][INFO] - Model has 5000 linear objective coefficients and an objective constant of 1
[2026-04-30 14:49:21,193][gurobipy][INFO] - Variable types: 0 continuous, 5000 integer (5000 binary)
[2026-04-30 14:49:21,195][gurobipy][INFO] - Coefficient statistics:
[2026-04-30 14:49:21,195][gurobipy][INFO] -   Matrix range     [1e+00, 1e+00]
[2026-04-30 14:49:21,195][gurobipy][INFO] -   Objective range  [2e-04, 2e-04]
[2026-04-30 14:49:21,195][gurobipy][INFO] -   Bounds range     [1e+00, 1e+00]
[2026-04-30 14:49:21,195][gurobipy][INFO] -   RHS range        [1e+00, 1e+00]
[2026-04-30 14:49:21,195][gurobipy][INFO] - 
[2026-04-30 14:49:21,206][gurobipy][INFO] - Found heuristic solution: objective 0.0296000
[2026-04-30 14:49:26,291][gurobipy][INFO] - Presolve removed 138872 rows and 0 columns (presolve time = 5s)...
[2026-04-30 14:49:31,291][gurobipy][INFO] - Presolve removed 138872 rows and 0 columns (presolve time = 10s)...
[2026-04-30 14:49:36,254][gurobipy][INFO] - Presolve removed 138872 rows and 0 columns (presolve time = 15s)...
[2026-04-30 14:49:41,256][gurobipy][INFO] - Presolve removed 138872 rows and 0 columns (presolve time = 20s)...
[2026-04-30 14:49:41,959][gurobipy][INFO] - Presolve removed 271463 rows and 3537 columns
[2026-04-30 14:49:41,959][gurobipy][INFO] - Presolve time: 20.71s
[2026-04-30 14:49:41,961][gurobipy][INFO] - Presolved: 41322 rows, 1463 columns, 120226 nonzeros
[2026-04-30 14:49:41,994][gurobipy][INFO] - Variable types: 0 continuous, 1463 integer (1463 binary)
[2026-04-30 14:49:42,009][gurobipy][INFO] - 
[2026-04-30 14:49:42,009][gurobipy][INFO] - Explored 0 nodes (0 simplex iterations) in 20.82 seconds (5.03 work units)
[2026-04-30 14:49:42,009][gurobipy][INFO] - Thread count was 32 (of 128 available processors)
[2026-04-30 14:49:42,009][gurobipy][INFO] - 
[2026-04-30 14:49:42,009][gurobipy][INFO] - Solution count 1: 0.0296 
[2026-04-30 14:49:42,009][gurobipy][INFO] - 
[2026-04-30 14:49:42,009][gurobipy][INFO] - Optimal solution found (tolerance 0.00e+00)
[2026-04-30 14:49:42,013][gurobipy][INFO] - Best objective 2.959999999999e-02, best bound 2.959999999999e-02, gap 0.0000%
