[2026-04-30 14:46:10,087][gurobipy][INFO] - Set parameter WLSAccessID
[2026-04-30 14:46:10,087][gurobipy][INFO] - Set parameter WLSSecret
[2026-04-30 14:46:10,087][gurobipy][INFO] - Set parameter LicenseID to value 2619742
[2026-04-30 14:46:10,166][gurobipy][INFO] - Academic license 2619742 - for non-commercial use only - registered to it___@mail.huji.ac.il
[2026-04-30 14:46:10,167][gurobipy][INFO] - Set parameter OutputFlag to value 1
[2026-04-30 14:46:10,168][gurobipy][INFO] - Set parameter MIPGap to value 0
[2026-04-30 14:46:10,168][gurobipy][INFO] - Set parameter TimeLimit to value 300
[2026-04-30 14:46:12,427][gurobipy][INFO] - Gurobi Optimizer version 13.0.1 build v13.0.1rc0 (linux64 - "Ubuntu 22.04.5 LTS")
[2026-04-30 14:46:12,428][gurobipy][INFO] - 
[2026-04-30 14:46:12,428][gurobipy][INFO] - CPU model: Intel(R) Xeon(R) Platinum 8358 CPU @ 2.60GHz, instruction set [SSE2|AVX|AVX2|AVX512]
[2026-04-30 14:46:12,428][gurobipy][INFO] - Thread count: 64 physical cores, 128 logical processors, using up to 32 threads
[2026-04-30 14:46:12,428][gurobipy][INFO] - 
[2026-04-30 14:46:12,428][gurobipy][INFO] - Non-default parameters:
[2026-04-30 14:46:12,428][gurobipy][INFO] - TimeLimit  300
[2026-04-30 14:46:12,428][gurobipy][INFO] - MIPGap  0
[2026-04-30 14:46:12,428][gurobipy][INFO] - 
[2026-04-30 14:46:12,428][gurobipy][INFO] - Academic license 2619742 - for non-commercial use only - registered to it___@mail.huji.ac.il
[2026-04-30 14:46:12,428][gurobipy][INFO] - Optimize a model with 39481 rows, 5000 columns and 78962 nonzeros (Min)
[2026-04-30 14:46:12,429][gurobipy][INFO] - Model fingerprint: 0xe0c2a034
[2026-04-30 14:46:12,429][gurobipy][INFO] - Model has 5000 linear objective coefficients and an objective constant of 1
[2026-04-30 14:46:12,430][gurobipy][INFO] - Variable types: 0 continuous, 5000 integer (5000 binary)
[2026-04-30 14:46:12,430][gurobipy][INFO] - Coefficient statistics:
[2026-04-30 14:46:12,430][gurobipy][INFO] -   Matrix range     [1e+00, 1e+00]
[2026-04-30 14:46:12,430][gurobipy][INFO] -   Objective range  [2e-04, 2e-04]
[2026-04-30 14:46:12,430][gurobipy][INFO] -   Bounds range     [1e+00, 1e+00]
[2026-04-30 14:46:12,430][gurobipy][INFO] -   RHS range        [1e+00, 1e+00]
[2026-04-30 14:46:12,430][gurobipy][INFO] - 
[2026-04-30 14:46:12,431][gurobipy][INFO] - Found heuristic solution: objective 0.0040000
[2026-04-30 14:46:12,962][gurobipy][INFO] - Presolve removed 39481 rows and 5000 columns
[2026-04-30 14:46:12,962][gurobipy][INFO] - Presolve time: 0.53s
[2026-04-30 14:46:12,962][gurobipy][INFO] - Presolve: All rows and columns removed
[2026-04-30 14:46:12,963][gurobipy][INFO] - 
[2026-04-30 14:46:12,963][gurobipy][INFO] - Explored 0 nodes (0 simplex iterations) in 0.53 seconds (0.54 work units)
[2026-04-30 14:46:12,963][gurobipy][INFO] - Thread count was 1 (of 128 available processors)
[2026-04-30 14:46:12,963][gurobipy][INFO] - 
[2026-04-30 14:46:12,963][gurobipy][INFO] - Solution count 1: 0.004 
[2026-04-30 14:46:12,963][gurobipy][INFO] - 
[2026-04-30 14:46:12,963][gurobipy][INFO] - Optimal solution found (tolerance 0.00e+00)
[2026-04-30 14:46:12,963][gurobipy][INFO] - Best objective 3.999999999988e-03, best bound 3.999999999988e-03, gap 0.0000%
