[2026-05-03 15:44:57,143][gurobipy][INFO] - Set parameter WLSAccessID
[2026-05-03 15:44:57,144][gurobipy][INFO] - Set parameter WLSSecret
[2026-05-03 15:44:57,144][gurobipy][INFO] - Set parameter LicenseID to value 2619742
[2026-05-03 15:44:57,156][gurobipy][INFO] - Academic license 2619742 - for non-commercial use only - registered to it___@mail.huji.ac.il
[2026-05-03 15:44:57,158][gurobipy][INFO] - Set parameter OutputFlag to value 1
[2026-05-03 15:44:57,158][gurobipy][INFO] - Set parameter MIPGap to value 0
[2026-05-03 15:44:57,158][gurobipy][INFO] - Set parameter TimeLimit to value 300
[2026-05-03 16:20:59,127][gurobipy][INFO] - Gurobi Optimizer version 13.0.1 build v13.0.1rc0 (linux64 - "Ubuntu 22.04.5 LTS")
[2026-05-03 16:20:59,128][gurobipy][INFO] - 
[2026-05-03 16:20:59,128][gurobipy][INFO] - CPU model: Intel(R) Xeon(R) Platinum 8358 CPU @ 2.60GHz, instruction set [SSE2|AVX|AVX2|AVX512]
[2026-05-03 16:20:59,128][gurobipy][INFO] - Thread count: 64 physical cores, 128 logical processors, using up to 32 threads
[2026-05-03 16:20:59,128][gurobipy][INFO] - 
[2026-05-03 16:20:59,128][gurobipy][INFO] - Non-default parameters:
[2026-05-03 16:20:59,128][gurobipy][INFO] - TimeLimit  300
[2026-05-03 16:20:59,128][gurobipy][INFO] - MIPGap  0
[2026-05-03 16:20:59,128][gurobipy][INFO] - 
[2026-05-03 16:20:59,128][gurobipy][INFO] - Academic license 2619742 - for non-commercial use only - registered to it___@mail.huji.ac.il
[2026-05-03 16:20:59,128][gurobipy][INFO] - Optimize a model with 53881684 rows, 3395604 columns and 107763368 nonzeros (Min)
[2026-05-03 16:21:00,195][gurobipy][INFO] - Model fingerprint: 0x4e63a029
[2026-05-03 16:21:00,197][gurobipy][INFO] - Model has 3395604 linear objective coefficients and an objective constant of 1
[2026-05-03 16:21:00,200][gurobipy][INFO] - Variable types: 0 continuous, 3395604 integer (3395604 binary)
[2026-05-03 16:21:00,384][gurobipy][INFO] - Coefficient statistics:
[2026-05-03 16:21:00,384][gurobipy][INFO] -   Matrix range     [1e+00, 1e+00]
[2026-05-03 16:21:00,384][gurobipy][INFO] -   Objective range  [3e-07, 3e-07]
[2026-05-03 16:21:00,384][gurobipy][INFO] -   Bounds range     [1e+00, 1e+00]
[2026-05-03 16:21:00,384][gurobipy][INFO] -   RHS range        [1e+00, 1e+00]
[2026-05-03 16:21:00,384][gurobipy][INFO] - 
[2026-05-03 16:21:02,156][gurobipy][INFO] - Found heuristic solution: objective 0.3988563
[2026-05-03 16:21:13,656][gurobipy][INFO] - Presolve removed 0 rows and 0 columns (presolve time = 5s)...
[2026-05-03 16:21:18,784][gurobipy][INFO] - Presolve removed 0 rows and 103829 columns (presolve time = 11s)...
[2026-05-03 16:21:23,318][gurobipy][INFO] - Presolve removed 0 rows and 103829 columns (presolve time = 15s)...
[2026-05-03 16:21:36,074][gurobipy][INFO] - Presolve removed 0 rows and 103829 columns (presolve time = 28s)...
[2026-05-03 16:21:45,938][gurobipy][INFO] - Presolve removed 92365 rows and 196194 columns (presolve time = 38s)...
