[2026-04-30 14:47:37,055][gurobipy][INFO] - Set parameter WLSAccessID
[2026-04-30 14:47:37,055][gurobipy][INFO] - Set parameter WLSSecret
[2026-04-30 14:47:37,056][gurobipy][INFO] - Set parameter LicenseID to value 2619742
[2026-04-30 14:47:37,126][gurobipy][INFO] - Academic license 2619742 - for non-commercial use only - registered to it___@mail.huji.ac.il
[2026-04-30 14:47:37,128][gurobipy][INFO] - Set parameter OutputFlag to value 1
[2026-04-30 14:47:37,128][gurobipy][INFO] - Set parameter MIPGap to value 0
[2026-04-30 14:47:37,128][gurobipy][INFO] - Set parameter TimeLimit to value 300
[2026-04-30 14:47:41,695][gurobipy][INFO] - Gurobi Optimizer version 13.0.1 build v13.0.1rc0 (linux64 - "Ubuntu 22.04.5 LTS")
[2026-04-30 14:47:41,695][gurobipy][INFO] - 
[2026-04-30 14:47:41,695][gurobipy][INFO] - CPU model: Intel(R) Xeon(R) Platinum 8358 CPU @ 2.60GHz, instruction set [SSE2|AVX|AVX2|AVX512]
[2026-04-30 14:47:41,695][gurobipy][INFO] - Thread count: 64 physical cores, 128 logical processors, using up to 32 threads
[2026-04-30 14:47:41,695][gurobipy][INFO] - 
[2026-04-30 14:47:41,695][gurobipy][INFO] - Non-default parameters:
[2026-04-30 14:47:41,695][gurobipy][INFO] - TimeLimit  300
[2026-04-30 14:47:41,695][gurobipy][INFO] - MIPGap  0
[2026-04-30 14:47:41,695][gurobipy][INFO] - 
[2026-04-30 14:47:41,696][gurobipy][INFO] - Academic license 2619742 - for non-commercial use only - registered to it___@mail.huji.ac.il
[2026-04-30 14:47:41,696][gurobipy][INFO] - Optimize a model with 93116 rows, 5000 columns and 186232 nonzeros (Min)
[2026-04-30 14:47:41,698][gurobipy][INFO] - Model fingerprint: 0x7e79f518
[2026-04-30 14:47:41,698][gurobipy][INFO] - Model has 5000 linear objective coefficients and an objective constant of 1
[2026-04-30 14:47:41,698][gurobipy][INFO] - Variable types: 0 continuous, 5000 integer (5000 binary)
[2026-04-30 14:47:41,698][gurobipy][INFO] - Coefficient statistics:
[2026-04-30 14:47:41,698][gurobipy][INFO] -   Matrix range     [1e+00, 1e+00]
[2026-04-30 14:47:41,698][gurobipy][INFO] -   Objective range  [2e-04, 2e-04]
[2026-04-30 14:47:41,698][gurobipy][INFO] -   Bounds range     [1e+00, 1e+00]
[2026-04-30 14:47:41,698][gurobipy][INFO] -   RHS range        [1e+00, 1e+00]
[2026-04-30 14:47:41,698][gurobipy][INFO] - 
[2026-04-30 14:47:41,700][gurobipy][INFO] - Found heuristic solution: objective 0.0098000
[2026-04-30 14:47:43,134][gurobipy][INFO] - Presolve removed 87582 rows and 4424 columns
[2026-04-30 14:47:43,134][gurobipy][INFO] - Presolve time: 1.43s
[2026-04-30 14:47:43,135][gurobipy][INFO] - Presolved: 5534 rows, 576 columns, 15042 nonzeros
[2026-04-30 14:47:43,139][gurobipy][INFO] - Variable types: 0 continuous, 576 integer (576 binary)
[2026-04-30 14:47:43,140][gurobipy][INFO] - 
[2026-04-30 14:47:43,140][gurobipy][INFO] - Explored 0 nodes (0 simplex iterations) in 1.45 seconds (1.43 work units)
[2026-04-30 14:47:43,140][gurobipy][INFO] - Thread count was 32 (of 128 available processors)
[2026-04-30 14:47:43,141][gurobipy][INFO] - 
[2026-04-30 14:47:43,141][gurobipy][INFO] - Solution count 1: 0.0098 
[2026-04-30 14:47:43,141][gurobipy][INFO] - 
[2026-04-30 14:47:43,141][gurobipy][INFO] - Optimal solution found (tolerance 0.00e+00)
[2026-04-30 14:47:43,141][gurobipy][INFO] - Best objective 9.799999999988e-03, best bound 9.799999999988e-03, gap 0.0000%
