[2026-05-03 16:22:37,585][gurobipy][INFO] - Set parameter WLSAccessID
[2026-05-03 16:22:37,585][gurobipy][INFO] - Set parameter WLSSecret
[2026-05-03 16:22:37,585][gurobipy][INFO] - Set parameter LicenseID to value 2619742
[2026-05-03 16:22:37,653][gurobipy][INFO] - Academic license 2619742 - for non-commercial use only - registered to it___@mail.huji.ac.il
[2026-05-03 16:22:37,655][gurobipy][INFO] - Set parameter OutputFlag to value 1
[2026-05-03 16:22:37,655][gurobipy][INFO] - Set parameter MIPGap to value 0
[2026-05-03 16:22:37,655][gurobipy][INFO] - Set parameter TimeLimit to value 300
[2026-05-03 16:23:48,155][gurobipy][INFO] - Gurobi Optimizer version 13.0.1 build v13.0.1rc0 (linux64 - "Ubuntu 22.04.5 LTS")
[2026-05-03 16:23:48,155][gurobipy][INFO] - 
[2026-05-03 16:23:48,155][gurobipy][INFO] - CPU model: Intel(R) Xeon(R) Platinum 8358 CPU @ 2.60GHz, instruction set [SSE2|AVX|AVX2|AVX512]
[2026-05-03 16:23:48,155][gurobipy][INFO] - Thread count: 64 physical cores, 128 logical processors, using up to 32 threads
[2026-05-03 16:23:48,155][gurobipy][INFO] - 
[2026-05-03 16:23:48,156][gurobipy][INFO] - Non-default parameters:
[2026-05-03 16:23:48,156][gurobipy][INFO] - TimeLimit  300
[2026-05-03 16:23:48,156][gurobipy][INFO] - MIPGap  0
[2026-05-03 16:23:48,156][gurobipy][INFO] - 
[2026-05-03 16:23:48,156][gurobipy][INFO] - Academic license 2619742 - for non-commercial use only - registered to it___@mail.huji.ac.il
[2026-05-03 16:23:48,156][gurobipy][INFO] - Optimize a model with 1738606 rows, 60798 columns and 3477212 nonzeros (Min)
[2026-05-03 16:23:48,190][gurobipy][INFO] - Model fingerprint: 0xaeaba56e
[2026-05-03 16:23:48,190][gurobipy][INFO] - Model has 60798 linear objective coefficients and an objective constant of 9.9999999999999989e-01
[2026-05-03 16:23:48,191][gurobipy][INFO] - Variable types: 0 continuous, 60798 integer (60798 binary)
[2026-05-03 16:23:48,197][gurobipy][INFO] - Coefficient statistics:
[2026-05-03 16:23:48,197][gurobipy][INFO] -   Matrix range     [1e+00, 1e+00]
[2026-05-03 16:23:48,197][gurobipy][INFO] -   Objective range  [2e-05, 2e-05]
[2026-05-03 16:23:48,197][gurobipy][INFO] -   Bounds range     [1e+00, 1e+00]
[2026-05-03 16:23:48,197][gurobipy][INFO] -   RHS range        [1e+00, 1e+00]
[2026-05-03 16:23:48,197][gurobipy][INFO] - 
[2026-05-03 16:23:48,242][gurobipy][INFO] - Found heuristic solution: objective 0.0010198
[2026-05-03 16:23:53,418][gurobipy][INFO] - Presolve removed 86971 rows and 0 columns (presolve time = 5s)...
[2026-05-03 16:23:58,476][gurobipy][INFO] - Presolve removed 100769 rows and 0 columns (presolve time = 10s)...
[2026-05-03 16:24:03,415][gurobipy][INFO] - Presolve removed 100769 rows and 0 columns (presolve time = 15s)...
[2026-05-03 16:24:05,512][gurobipy][INFO] - Presolve removed 1721169 rows and 59991 columns
[2026-05-03 16:24:05,512][gurobipy][INFO] - Presolve time: 17.11s
[2026-05-03 16:24:05,527][gurobipy][INFO] - Presolved: 17437 rows, 807 columns, 39641 nonzeros
[2026-05-03 16:24:05,539][gurobipy][INFO] - Variable types: 0 continuous, 807 integer (807 binary)
[2026-05-03 16:24:05,675][gurobipy][INFO] - Performing another presolve...
[2026-05-03 16:24:05,679][gurobipy][INFO] - Presolve removed 17437 rows and 807 columns
[2026-05-03 16:24:05,679][gurobipy][INFO] - Presolve time: 0.00s
[2026-05-03 16:24:05,734][gurobipy][INFO] - 
[2026-05-03 16:24:05,734][gurobipy][INFO] - Explored 1 nodes (0 simplex iterations) in 17.58 seconds (25.80 work units)
[2026-05-03 16:24:05,734][gurobipy][INFO] - Thread count was 32 (of 128 available processors)
[2026-05-03 16:24:05,734][gurobipy][INFO] - 
[2026-05-03 16:24:05,734][gurobipy][INFO] - Solution count 1: 0.00101977 
[2026-05-03 16:24:05,734][gurobipy][INFO] - 
[2026-05-03 16:24:05,734][gurobipy][INFO] - Optimal solution found (tolerance 0.00e+00)
[2026-05-03 16:24:05,754][gurobipy][INFO] - Best objective 1.019770387125e-03, best bound 1.019770387125e-03, gap 0.0000%
