[2026-05-03 17:46:44,408][gurobipy][INFO] - Set parameter WLSAccessID
[2026-05-03 17:46:44,408][gurobipy][INFO] - Set parameter WLSSecret
[2026-05-03 17:46:44,408][gurobipy][INFO] - Set parameter LicenseID to value 2619742
[2026-05-03 17:46:44,661][gurobipy][INFO] - Academic license 2619742 - for non-commercial use only - registered to it___@mail.huji.ac.il
[2026-05-03 17:46:44,663][gurobipy][INFO] - Set parameter OutputFlag to value 1
[2026-05-03 17:46:44,664][gurobipy][INFO] - Set parameter MIPGap to value 0
[2026-05-03 17:46:44,664][gurobipy][INFO] - Set parameter TimeLimit to value 300
[2026-05-03 17:51:05,739][gurobipy][INFO] - Gurobi Optimizer version 13.0.1 build v13.0.1rc0 (linux64 - "Ubuntu 22.04.5 LTS")
[2026-05-03 17:51:05,740][gurobipy][INFO] - 
[2026-05-03 17:51:05,740][gurobipy][INFO] - CPU model: Intel(R) Xeon(R) Platinum 8358 CPU @ 2.60GHz, instruction set [SSE2|AVX|AVX2|AVX512]
[2026-05-03 17:51:05,740][gurobipy][INFO] - Thread count: 64 physical cores, 128 logical processors, using up to 32 threads
[2026-05-03 17:51:05,740][gurobipy][INFO] - 
[2026-05-03 17:51:05,740][gurobipy][INFO] - Non-default parameters:
[2026-05-03 17:51:05,740][gurobipy][INFO] - TimeLimit  300
[2026-05-03 17:51:05,740][gurobipy][INFO] - MIPGap  0
[2026-05-03 17:51:05,741][gurobipy][INFO] - 
[2026-05-03 17:51:05,741][gurobipy][INFO] - Academic license 2619742 - for non-commercial use only - registered to it___@mail.huji.ac.il
[2026-05-03 17:51:05,741][gurobipy][INFO] - Optimize a model with 1677714 rows, 999910 columns and 3355428 nonzeros (Min)
[2026-05-03 17:51:05,797][gurobipy][INFO] - Model fingerprint: 0xcad05803
[2026-05-03 17:51:05,798][gurobipy][INFO] - Model has 999910 linear objective coefficients and an objective constant of 1
[2026-05-03 17:51:05,799][gurobipy][INFO] - Variable types: 0 continuous, 999910 integer (999910 binary)
[2026-05-03 17:51:05,816][gurobipy][INFO] - Coefficient statistics:
[2026-05-03 17:51:05,817][gurobipy][INFO] -   Matrix range     [1e+00, 1e+00]
[2026-05-03 17:51:05,817][gurobipy][INFO] -   Objective range  [1e-06, 1e-06]
[2026-05-03 17:51:05,817][gurobipy][INFO] -   Bounds range     [1e+00, 1e+00]
[2026-05-03 17:51:05,817][gurobipy][INFO] -   RHS range        [1e+00, 1e+00]
[2026-05-03 17:51:05,817][gurobipy][INFO] - 
[2026-05-03 17:51:05,931][gurobipy][INFO] - Found heuristic solution: objective 0.0001310
[2026-05-03 17:51:11,244][gurobipy][INFO] - Presolve removed 300077 rows and 607836 columns (presolve time = 5s)...
[2026-05-03 17:51:16,252][gurobipy][INFO] - Presolve removed 529995 rows and 607836 columns (presolve time = 10s)...
[2026-05-03 17:51:18,294][gurobipy][INFO] - Presolve removed 1308436 rows and 870411 columns
[2026-05-03 17:51:18,294][gurobipy][INFO] - Presolve time: 12.05s
[2026-05-03 17:51:18,302][gurobipy][INFO] - Presolved: 369278 rows, 129499 columns, 906137 nonzeros
[2026-05-03 17:51:18,585][gurobipy][INFO] - Variable types: 0 continuous, 129499 integer (129499 binary)
[2026-05-03 17:51:18,697][gurobipy][INFO] - 
[2026-05-03 17:51:18,697][gurobipy][INFO] - Explored 0 nodes (0 simplex iterations) in 12.96 seconds (18.07 work units)
[2026-05-03 17:51:18,697][gurobipy][INFO] - Thread count was 32 (of 128 available processors)
[2026-05-03 17:51:18,697][gurobipy][INFO] - 
[2026-05-03 17:51:18,697][gurobipy][INFO] - Solution count 1: 0.000131012 
[2026-05-03 17:51:18,697][gurobipy][INFO] - 
[2026-05-03 17:51:18,697][gurobipy][INFO] - Optimal solution found (tolerance 0.00e+00)
[2026-05-03 17:51:18,722][gurobipy][INFO] - Best objective 1.310117923792e-04, best bound 1.310117923792e-04, gap 0.0000%
