[2026-05-03 16:19:59,501][gurobipy][INFO] - Set parameter WLSAccessID
[2026-05-03 16:19:59,501][gurobipy][INFO] - Set parameter WLSSecret
[2026-05-03 16:19:59,502][gurobipy][INFO] - Set parameter LicenseID to value 2619742
[2026-05-03 16:19:59,511][gurobipy][INFO] - Academic license 2619742 - for non-commercial use only - registered to it___@mail.huji.ac.il
[2026-05-03 16:19:59,511][gurobipy][INFO] - Set parameter OutputFlag to value 1
[2026-05-03 16:19:59,511][gurobipy][INFO] - Set parameter MIPGap to value 0
[2026-05-03 16:19:59,512][gurobipy][INFO] - Set parameter TimeLimit to value 300
[2026-05-03 16:31:31,280][gurobipy][INFO] - Gurobi Optimizer version 13.0.1 build v13.0.1rc0 (linux64 - "Ubuntu 22.04.5 LTS")
[2026-05-03 16:31:31,281][gurobipy][INFO] - 
[2026-05-03 16:31:31,281][gurobipy][INFO] - CPU model: Intel(R) Xeon(R) Platinum 8358 CPU @ 2.60GHz, instruction set [SSE2|AVX|AVX2|AVX512]
[2026-05-03 16:31:31,281][gurobipy][INFO] - Thread count: 64 physical cores, 128 logical processors, using up to 32 threads
[2026-05-03 16:31:31,281][gurobipy][INFO] - 
[2026-05-03 16:31:31,281][gurobipy][INFO] - Non-default parameters:
[2026-05-03 16:31:31,281][gurobipy][INFO] - TimeLimit  300
[2026-05-03 16:31:31,281][gurobipy][INFO] - MIPGap  0
[2026-05-03 16:31:31,281][gurobipy][INFO] - 
[2026-05-03 16:31:31,282][gurobipy][INFO] - Academic license 2619742 - for non-commercial use only - registered to it___@mail.huji.ac.il
[2026-05-03 16:31:31,282][gurobipy][INFO] - Optimize a model with 16967095 rows, 60798 columns and 33934190 nonzeros (Min)
[2026-05-03 16:31:31,625][gurobipy][INFO] - Model fingerprint: 0xdda86dd2
[2026-05-03 16:31:31,626][gurobipy][INFO] - Model has 60798 linear objective coefficients and an objective constant of 9.9999999999999989e-01
[2026-05-03 16:31:31,626][gurobipy][INFO] - Variable types: 0 continuous, 60798 integer (60798 binary)
[2026-05-03 16:31:31,698][gurobipy][INFO] - Coefficient statistics:
[2026-05-03 16:31:31,698][gurobipy][INFO] -   Matrix range     [1e+00, 1e+00]
[2026-05-03 16:31:31,698][gurobipy][INFO] -   Objective range  [2e-05, 2e-05]
[2026-05-03 16:31:31,698][gurobipy][INFO] -   Bounds range     [1e+00, 1e+00]
[2026-05-03 16:31:31,698][gurobipy][INFO] -   RHS range        [1e+00, 1e+00]
[2026-05-03 16:31:31,698][gurobipy][INFO] - 
[2026-05-03 16:31:32,704][gurobipy][INFO] - Found heuristic solution: objective 0.0097372
[2026-05-03 16:31:41,943][gurobipy][INFO] - Presolve removed 0 rows and 0 columns (presolve time = 5s)...
[2026-05-03 16:31:47,066][gurobipy][INFO] - Presolve removed 0 rows and 0 columns (presolve time = 11s)...
[2026-05-03 16:31:52,112][gurobipy][INFO] - Presolve removed 0 rows and 0 columns (presolve time = 16s)...
[2026-05-03 16:31:57,240][gurobipy][INFO] - Presolve removed 0 rows and 0 columns (presolve time = 21s)...
[2026-05-03 16:32:01,456][gurobipy][INFO] - Presolve removed 0 rows and 0 columns (presolve time = 25s)...
[2026-05-03 16:32:06,451][gurobipy][INFO] - Presolve removed 0 rows and 0 columns (presolve time = 30s)...
[2026-05-03 16:32:11,451][gurobipy][INFO] - Presolve removed 0 rows and 0 columns (presolve time = 35s)...
[2026-05-03 16:32:19,939][gurobipy][INFO] - Presolve removed 0 rows and 0 columns (presolve time = 43s)...
[2026-05-03 16:32:22,522][gurobipy][INFO] - Presolve removed 0 rows and 0 columns (presolve time = 46s)...
[2026-05-03 16:32:26,477][gurobipy][INFO] - Presolve removed 0 rows and 0 columns (presolve time = 50s)...
[2026-05-03 16:32:33,383][gurobipy][INFO] - Presolve removed 0 rows and 0 columns (presolve time = 57s)...
[2026-05-03 16:32:36,452][gurobipy][INFO] - Presolve removed 0 rows and 0 columns (presolve time = 60s)...
[2026-05-03 16:32:41,451][gurobipy][INFO] - Presolve removed 0 rows and 0 columns (presolve time = 65s)...
[2026-05-03 16:32:46,530][gurobipy][INFO] - Presolve removed 573095 rows and 0 columns (presolve time = 70s)...
[2026-05-03 16:32:51,475][gurobipy][INFO] - Presolve removed 573365 rows and 0 columns (presolve time = 75s)...
[2026-05-03 16:32:56,479][gurobipy][INFO] - Presolve removed 573577 rows and 0 columns (presolve time = 80s)...
[2026-05-03 16:33:01,467][gurobipy][INFO] - Presolve removed 573674 rows and 0 columns (presolve time = 85s)...
[2026-05-03 16:33:07,369][gurobipy][INFO] - Presolve removed 574334 rows and 0 columns (presolve time = 91s)...
[2026-05-03 16:33:11,512][gurobipy][INFO] - Presolve removed 577597 rows and 0 columns (presolve time = 95s)...
[2026-05-03 16:33:17,149][gurobipy][INFO] - Presolve removed 579529 rows and 0 columns (presolve time = 101s)...
[2026-05-03 16:33:22,408][gurobipy][INFO] - Presolve removed 582662 rows and 0 columns (presolve time = 106s)...
[2026-05-03 16:33:27,116][gurobipy][INFO] - Presolve removed 587595 rows and 0 columns (presolve time = 111s)...
[2026-05-03 16:33:31,499][gurobipy][INFO] - Presolve removed 587595 rows and 0 columns (presolve time = 115s)...
[2026-05-03 16:33:36,484][gurobipy][INFO] - Presolve removed 591063 rows and 0 columns (presolve time = 120s)...
[2026-05-03 16:33:42,362][gurobipy][INFO] - Presolve removed 591067 rows and 0 columns (presolve time = 126s)...
[2026-05-03 16:33:46,681][gurobipy][INFO] - Presolve removed 592007 rows and 0 columns (presolve time = 130s)...
[2026-05-03 16:33:51,507][gurobipy][INFO] - Presolve removed 598624 rows and 0 columns (presolve time = 135s)...
[2026-05-03 16:33:56,965][gurobipy][INFO] - Presolve removed 600749 rows and 0 columns (presolve time = 141s)...
[2026-05-03 16:34:02,251][gurobipy][INFO] - Presolve removed 600808 rows and 0 columns (presolve time = 146s)...
[2026-05-03 16:34:06,784][gurobipy][INFO] - Presolve removed 603209 rows and 0 columns (presolve time = 150s)...
[2026-05-03 16:34:11,655][gurobipy][INFO] - Presolve removed 603243 rows and 0 columns (presolve time = 155s)...
[2026-05-03 16:34:17,466][gurobipy][INFO] - Presolve removed 603934 rows and 0 columns (presolve time = 161s)...
[2026-05-03 16:34:22,605][gurobipy][INFO] - Presolve removed 606131 rows and 0 columns (presolve time = 166s)...
[2026-05-03 16:34:26,767][gurobipy][INFO] - Presolve removed 612969 rows and 0 columns (presolve time = 170s)...
[2026-05-03 16:34:32,458][gurobipy][INFO] - Presolve removed 613076 rows and 0 columns (presolve time = 176s)...
[2026-05-03 16:34:37,106][gurobipy][INFO] - Presolve removed 613271 rows and 0 columns (presolve time = 181s)...
[2026-05-03 16:34:41,500][gurobipy][INFO] - Presolve removed 613271 rows and 0 columns (presolve time = 185s)...
[2026-05-03 16:34:46,494][gurobipy][INFO] - Presolve removed 613280 rows and 0 columns (presolve time = 190s)...
[2026-05-03 16:34:52,102][gurobipy][INFO] - Presolve removed 613282 rows and 0 columns (presolve time = 196s)...
[2026-05-03 16:34:57,550][gurobipy][INFO] - Presolve removed 618260 rows and 0 columns (presolve time = 201s)...
[2026-05-03 16:35:01,469][gurobipy][INFO] - Presolve removed 619498 rows and 0 columns (presolve time = 205s)...
[2026-05-03 16:35:07,226][gurobipy][INFO] - Presolve removed 620181 rows and 0 columns (presolve time = 211s)...
[2026-05-03 16:35:12,560][gurobipy][INFO] - Presolve removed 620181 rows and 0 columns (presolve time = 216s)...
[2026-05-03 16:35:16,624][gurobipy][INFO] - Presolve removed 620646 rows and 0 columns (presolve time = 220s)...
[2026-05-03 16:35:21,626][gurobipy][INFO] - Presolve removed 624947 rows and 0 columns (presolve time = 225s)...
[2026-05-03 16:35:26,475][gurobipy][INFO] - Presolve removed 625564 rows and 0 columns (presolve time = 230s)...
[2026-05-03 16:35:32,182][gurobipy][INFO] - Presolve removed 630560 rows and 0 columns (presolve time = 236s)...
[2026-05-03 16:35:36,907][gurobipy][INFO] - Presolve removed 630560 rows and 0 columns (presolve time = 240s)...
[2026-05-03 16:35:42,280][gurobipy][INFO] - Presolve removed 630703 rows and 0 columns (presolve time = 246s)...
[2026-05-03 16:35:47,487][gurobipy][INFO] - Presolve removed 637346 rows and 0 columns (presolve time = 251s)...
[2026-05-03 16:35:51,478][gurobipy][INFO] - Presolve removed 644461 rows and 0 columns (presolve time = 255s)...
[2026-05-03 16:35:57,141][gurobipy][INFO] - Presolve removed 646892 rows and 0 columns (presolve time = 261s)...
[2026-05-03 16:36:01,467][gurobipy][INFO] - Presolve removed 646903 rows and 0 columns (presolve time = 265s)...
[2026-05-03 16:36:07,264][gurobipy][INFO] - Presolve removed 646918 rows and 0 columns (presolve time = 271s)...
[2026-05-03 16:36:12,333][gurobipy][INFO] - Presolve removed 647862 rows and 0 columns (presolve time = 276s)...
[2026-05-03 16:36:17,217][gurobipy][INFO] - Presolve removed 647871 rows and 0 columns (presolve time = 281s)...
[2026-05-03 16:36:21,451][gurobipy][INFO] - Presolve removed 647873 rows and 0 columns (presolve time = 285s)...
[2026-05-03 16:36:26,907][gurobipy][INFO] - Presolve removed 652239 rows and 0 columns (presolve time = 290s)...
[2026-05-03 16:36:31,283][gurobipy][INFO] - Presolve removed 652239 rows and 0 columns
[2026-05-03 16:36:31,283][gurobipy][INFO] - Presolve time: 294.83s
[2026-05-03 16:36:32,176][gurobipy][INFO] - 
[2026-05-03 16:36:32,176][gurobipy][INFO] - Explored 0 nodes (0 simplex iterations) in 300.89 seconds (184.68 work units)
[2026-05-03 16:36:32,176][gurobipy][INFO] - Thread count was 1 (of 128 available processors)
[2026-05-03 16:36:32,177][gurobipy][INFO] - 
[2026-05-03 16:36:32,177][gurobipy][INFO] - Solution count 1: 0.00973716 
[2026-05-03 16:36:32,177][gurobipy][INFO] - 
[2026-05-03 16:36:32,177][gurobipy][INFO] - Time limit reached
[2026-05-03 16:36:32,410][gurobipy][INFO] - Best objective 9.737162406601e-03, best bound -, gap -
