[2026-05-03 16:21:31,127][gurobipy][INFO] - Set parameter WLSAccessID
[2026-05-03 16:21:31,127][gurobipy][INFO] - Set parameter WLSSecret
[2026-05-03 16:21:31,127][gurobipy][INFO] - Set parameter LicenseID to value 2619742
[2026-05-03 16:21:31,156][gurobipy][INFO] - Academic license 2619742 - for non-commercial use only - registered to it___@mail.huji.ac.il
[2026-05-03 16:21:31,157][gurobipy][INFO] - Set parameter OutputFlag to value 1
[2026-05-03 16:21:31,157][gurobipy][INFO] - Set parameter MIPGap to value 0
[2026-05-03 16:21:31,158][gurobipy][INFO] - Set parameter TimeLimit to value 300
[2026-05-03 16:25:41,096][gurobipy][INFO] - Gurobi Optimizer version 13.0.1 build v13.0.1rc0 (linux64 - "Ubuntu 22.04.5 LTS")
[2026-05-03 16:25:41,097][gurobipy][INFO] - 
[2026-05-03 16:25:41,097][gurobipy][INFO] - CPU model: Intel(R) Xeon(R) Platinum 8358 CPU @ 2.60GHz, instruction set [SSE2|AVX|AVX2|AVX512]
[2026-05-03 16:25:41,097][gurobipy][INFO] - Thread count: 64 physical cores, 128 logical processors, using up to 32 threads
[2026-05-03 16:25:41,097][gurobipy][INFO] - 
[2026-05-03 16:25:41,097][gurobipy][INFO] - Non-default parameters:
[2026-05-03 16:25:41,097][gurobipy][INFO] - TimeLimit  300
[2026-05-03 16:25:41,097][gurobipy][INFO] - MIPGap  0
[2026-05-03 16:25:41,097][gurobipy][INFO] - 
[2026-05-03 16:25:41,098][gurobipy][INFO] - Academic license 2619742 - for non-commercial use only - registered to it___@mail.huji.ac.il
[2026-05-03 16:25:41,098][gurobipy][INFO] - Optimize a model with 6490742 rows, 60798 columns and 12981484 nonzeros (Min)
[2026-05-03 16:25:41,221][gurobipy][INFO] - Model fingerprint: 0xd4229d66
[2026-05-03 16:25:41,221][gurobipy][INFO] - Model has 60798 linear objective coefficients and an objective constant of 9.9999999999999989e-01
[2026-05-03 16:25:41,222][gurobipy][INFO] - Variable types: 0 continuous, 60798 integer (60798 binary)
[2026-05-03 16:25:41,245][gurobipy][INFO] - Coefficient statistics:
[2026-05-03 16:25:41,245][gurobipy][INFO] -   Matrix range     [1e+00, 1e+00]
[2026-05-03 16:25:41,245][gurobipy][INFO] -   Objective range  [2e-05, 2e-05]
[2026-05-03 16:25:41,245][gurobipy][INFO] -   Bounds range     [1e+00, 1e+00]
[2026-05-03 16:25:41,245][gurobipy][INFO] -   RHS range        [1e+00, 1e+00]
[2026-05-03 16:25:41,245][gurobipy][INFO] - 
[2026-05-03 16:25:41,548][gurobipy][INFO] - Found heuristic solution: objective 0.0038982
[2026-05-03 16:25:48,416][gurobipy][INFO] - Presolve removed 0 rows and 0 columns (presolve time = 6s)...
[2026-05-03 16:25:53,577][gurobipy][INFO] - Presolve removed 0 rows and 0 columns (presolve time = 11s)...
[2026-05-03 16:25:57,806][gurobipy][INFO] - Presolve removed 0 rows and 0 columns (presolve time = 15s)...
[2026-05-03 16:26:02,570][gurobipy][INFO] - Presolve removed 234833 rows and 0 columns (presolve time = 20s)...
[2026-05-03 16:26:07,549][gurobipy][INFO] - Presolve removed 252632 rows and 0 columns (presolve time = 25s)...
[2026-05-03 16:26:12,642][gurobipy][INFO] - Presolve removed 265475 rows and 0 columns (presolve time = 30s)...
[2026-05-03 16:26:17,787][gurobipy][INFO] - Presolve removed 272829 rows and 0 columns (presolve time = 35s)...
[2026-05-03 16:26:22,563][gurobipy][INFO] - Presolve removed 292173 rows and 0 columns (presolve time = 40s)...
[2026-05-03 16:26:27,653][gurobipy][INFO] - Presolve removed 301736 rows and 0 columns (presolve time = 45s)...
[2026-05-03 16:26:32,581][gurobipy][INFO] - Presolve removed 305518 rows and 0 columns (presolve time = 50s)...
[2026-05-03 16:26:37,572][gurobipy][INFO] - Presolve removed 308155 rows and 0 columns (presolve time = 55s)...
[2026-05-03 16:26:42,762][gurobipy][INFO] - Presolve removed 320119 rows and 0 columns (presolve time = 60s)...
[2026-05-03 16:26:47,833][gurobipy][INFO] - Presolve removed 322739 rows and 0 columns (presolve time = 65s)...
[2026-05-03 16:26:52,865][gurobipy][INFO] - Presolve removed 325470 rows and 0 columns (presolve time = 70s)...
[2026-05-03 16:26:57,864][gurobipy][INFO] - Presolve removed 326789 rows and 0 columns (presolve time = 75s)...
[2026-05-03 16:27:02,621][gurobipy][INFO] - Presolve removed 329987 rows and 0 columns (presolve time = 80s)...
[2026-05-03 16:27:07,577][gurobipy][INFO] - Presolve removed 335523 rows and 0 columns (presolve time = 85s)...
[2026-05-03 16:27:12,552][gurobipy][INFO] - Presolve removed 338151 rows and 0 columns (presolve time = 90s)...
[2026-05-03 16:27:17,778][gurobipy][INFO] - Presolve removed 338151 rows and 0 columns (presolve time = 95s)...
[2026-05-03 16:27:22,745][gurobipy][INFO] - Presolve removed 338151 rows and 0 columns (presolve time = 100s)...
[2026-05-03 16:27:27,553][gurobipy][INFO] - Presolve removed 338151 rows and 0 columns (presolve time = 105s)...
[2026-05-03 16:27:32,564][gurobipy][INFO] - Presolve removed 338151 rows and 0 columns (presolve time = 110s)...
[2026-05-03 16:27:37,611][gurobipy][INFO] - Presolve removed 338151 rows and 0 columns (presolve time = 115s)...
[2026-05-03 16:27:42,668][gurobipy][INFO] - Presolve removed 338151 rows and 0 columns (presolve time = 120s)...
[2026-05-03 16:27:47,723][gurobipy][INFO] - Presolve removed 338151 rows and 0 columns (presolve time = 125s)...
[2026-05-03 16:27:52,721][gurobipy][INFO] - Presolve removed 338151 rows and 0 columns (presolve time = 130s)...
[2026-05-03 16:27:57,569][gurobipy][INFO] - Presolve removed 338151 rows and 0 columns (presolve time = 135s)...
[2026-05-03 16:28:02,689][gurobipy][INFO] - Presolve removed 338151 rows and 0 columns (presolve time = 140s)...
[2026-05-03 16:28:07,738][gurobipy][INFO] - Presolve removed 338151 rows and 0 columns (presolve time = 145s)...
[2026-05-03 16:28:12,791][gurobipy][INFO] - Presolve removed 338151 rows and 0 columns (presolve time = 150s)...
[2026-05-03 16:28:17,636][gurobipy][INFO] - Presolve removed 338151 rows and 0 columns (presolve time = 155s)...
[2026-05-03 16:28:22,685][gurobipy][INFO] - Presolve removed 338151 rows and 0 columns (presolve time = 160s)...
[2026-05-03 16:28:26,775][gurobipy][INFO] - Presolve removed 5960220 rows and 55473 columns
[2026-05-03 16:28:26,775][gurobipy][INFO] - Presolve time: 164.23s
[2026-05-03 16:28:26,835][gurobipy][INFO] - Presolved: 530522 rows, 5325 columns, 1137385 nonzeros
[2026-05-03 16:28:27,157][gurobipy][INFO] - Variable types: 0 continuous, 5325 integer (5325 binary)
[2026-05-03 16:28:27,572][gurobipy][INFO] - Performing another presolve...
[2026-05-03 16:28:27,793][gurobipy][INFO] - Presolve removed 530362 rows and 5293 columns
[2026-05-03 16:28:27,793][gurobipy][INFO] - Presolve time: 0.20s
[2026-05-03 16:28:28,800][gurobipy][INFO] - 
[2026-05-03 16:28:28,800][gurobipy][INFO] - Explored 1 nodes (0 simplex iterations) in 167.70 seconds (102.91 work units)
[2026-05-03 16:28:28,800][gurobipy][INFO] - Thread count was 32 (of 128 available processors)
[2026-05-03 16:28:28,800][gurobipy][INFO] - 
[2026-05-03 16:28:28,800][gurobipy][INFO] - Solution count 2: 0.00389815 0.00401329 
[2026-05-03 16:28:28,800][gurobipy][INFO] - 
[2026-05-03 16:28:28,800][gurobipy][INFO] - Optimal solution found (tolerance 0.00e+00)
[2026-05-03 16:28:29,087][gurobipy][INFO] - Best objective 3.898154544499e-03, best bound 3.898154544499e-03, gap 0.0000%
