[2026-05-03 15:39:35,716][gurobipy][INFO] - Set parameter WLSAccessID
[2026-05-03 15:39:35,716][gurobipy][INFO] - Set parameter WLSSecret
[2026-05-03 15:39:35,716][gurobipy][INFO] - Set parameter LicenseID to value 2619742
[2026-05-03 15:39:35,787][gurobipy][INFO] - Academic license 2619742 - for non-commercial use only - registered to it___@mail.huji.ac.il
[2026-05-03 15:39:35,788][gurobipy][INFO] - Set parameter OutputFlag to value 1
[2026-05-03 15:39:35,788][gurobipy][INFO] - Set parameter MIPGap to value 0
[2026-05-03 15:39:35,788][gurobipy][INFO] - Set parameter TimeLimit to value 300
[2026-05-03 15:39:35,855][gurobipy][INFO] - Set parameter WLSAccessID
[2026-05-03 15:39:35,855][gurobipy][INFO] - Set parameter WLSSecret
[2026-05-03 15:39:35,855][gurobipy][INFO] - Set parameter LicenseID to value 2619742
[2026-05-03 15:39:35,863][gurobipy][INFO] - Academic license 2619742 - for non-commercial use only - registered to it___@mail.huji.ac.il
[2026-05-03 15:39:35,863][gurobipy][INFO] - Set parameter OutputFlag to value 1
[2026-05-03 15:39:35,863][gurobipy][INFO] - Set parameter MIPGap to value 0
[2026-05-03 15:39:35,863][gurobipy][INFO] - Set parameter TimeLimit to value 300
[2026-05-03 15:42:22,509][gurobipy][INFO] - Gurobi Optimizer version 13.0.1 build v13.0.1rc0 (linux64 - "Ubuntu 22.04.5 LTS")
[2026-05-03 15:42:22,510][gurobipy][INFO] - 
[2026-05-03 15:42:22,510][gurobipy][INFO] - CPU model: Intel(R) Xeon(R) Platinum 8358 CPU @ 2.60GHz, instruction set [SSE2|AVX|AVX2|AVX512]
[2026-05-03 15:42:22,510][gurobipy][INFO] - Thread count: 64 physical cores, 128 logical processors, using up to 32 threads
[2026-05-03 15:42:22,510][gurobipy][INFO] - 
[2026-05-03 15:42:22,510][gurobipy][INFO] - Non-default parameters:
[2026-05-03 15:42:22,510][gurobipy][INFO] - TimeLimit  300
[2026-05-03 15:42:22,510][gurobipy][INFO] - MIPGap  0
[2026-05-03 15:42:22,510][gurobipy][INFO] - 
[2026-05-03 15:42:22,510][gurobipy][INFO] - Academic license 2619742 - for non-commercial use only - registered to it___@mail.huji.ac.il
[2026-05-03 15:42:22,510][gurobipy][INFO] - Optimize a model with 4095570 rows, 48842 columns and 8191140 nonzeros (Min)
[2026-05-03 15:42:22,591][gurobipy][INFO] - Model fingerprint: 0x21bcb2a9
[2026-05-03 15:42:22,591][gurobipy][INFO] - Model has 48842 linear objective coefficients and an objective constant of 1
[2026-05-03 15:42:22,591][gurobipy][INFO] - Variable types: 0 continuous, 48842 integer (48842 binary)
[2026-05-03 15:42:22,604][gurobipy][INFO] - Coefficient statistics:
[2026-05-03 15:42:22,604][gurobipy][INFO] -   Matrix range     [1e+00, 1e+00]
[2026-05-03 15:42:22,604][gurobipy][INFO] -   Objective range  [2e-05, 2e-05]
[2026-05-03 15:42:22,604][gurobipy][INFO] -   Bounds range     [1e+00, 1e+00]
[2026-05-03 15:42:22,605][gurobipy][INFO] -   RHS range        [1e+00, 1e+00]
[2026-05-03 15:42:22,605][gurobipy][INFO] - 
[2026-05-03 15:42:22,770][gurobipy][INFO] - Found heuristic solution: objective 0.0040744
[2026-05-03 15:42:28,495][gurobipy][INFO] - Presolve removed 0 rows and 0 columns (presolve time = 5s)...
[2026-05-03 15:42:33,517][gurobipy][INFO] - Presolve removed 0 rows and 0 columns (presolve time = 10s)...
[2026-05-03 15:42:38,420][gurobipy][INFO] - Presolve removed 182280 rows and 0 columns (presolve time = 15s)...
[2026-05-03 15:42:43,438][gurobipy][INFO] - Presolve removed 182718 rows and 0 columns (presolve time = 20s)...
[2026-05-03 15:42:48,493][gurobipy][INFO] - Presolve removed 183119 rows and 0 columns (presolve time = 25s)...
[2026-05-03 15:42:53,457][gurobipy][INFO] - Presolve removed 196618 rows and 0 columns (presolve time = 30s)...
[2026-05-03 15:42:58,486][gurobipy][INFO] - Presolve removed 207409 rows and 0 columns (presolve time = 35s)...
[2026-05-03 15:43:03,450][gurobipy][INFO] - Presolve removed 212742 rows and 0 columns (presolve time = 40s)...
[2026-05-03 15:43:08,421][gurobipy][INFO] - Presolve removed 216533 rows and 0 columns (presolve time = 45s)...
[2026-05-03 15:43:13,588][gurobipy][INFO] - Presolve removed 218114 rows and 0 columns (presolve time = 50s)...
[2026-05-03 15:43:18,755][gurobipy][INFO] - Presolve removed 219805 rows and 0 columns (presolve time = 55s)...
[2026-05-03 15:43:23,437][gurobipy][INFO] - Presolve removed 221005 rows and 0 columns (presolve time = 60s)...
[2026-05-03 15:43:28,515][gurobipy][INFO] - Presolve removed 223550 rows and 0 columns (presolve time = 65s)...
[2026-05-03 15:43:33,419][gurobipy][INFO] - Presolve removed 227749 rows and 0 columns (presolve time = 70s)...
[2026-05-03 15:43:38,525][gurobipy][INFO] - Presolve removed 227749 rows and 0 columns (presolve time = 75s)...
[2026-05-03 15:43:43,641][gurobipy][INFO] - Presolve removed 227749 rows and 0 columns (presolve time = 80s)...
[2026-05-03 15:43:48,636][gurobipy][INFO] - Presolve removed 227749 rows and 0 columns (presolve time = 85s)...
[2026-05-03 15:43:53,542][gurobipy][INFO] - Presolve removed 227749 rows and 0 columns (presolve time = 90s)...
[2026-05-03 15:43:58,467][gurobipy][INFO] - Presolve removed 227749 rows and 0 columns (presolve time = 95s)...
[2026-05-03 15:44:03,655][gurobipy][INFO] - Presolve removed 3817196 rows and 45078 columns (presolve time = 100s)...
[2026-05-03 15:44:03,655][gurobipy][INFO] - Presolve removed 3817196 rows and 45078 columns
[2026-05-03 15:44:03,655][gurobipy][INFO] - Presolve time: 100.24s
[2026-05-03 15:44:03,674][gurobipy][INFO] - Presolved: 278374 rows, 3764 columns, 606445 nonzeros
[2026-05-03 15:44:03,828][gurobipy][INFO] - Variable types: 0 continuous, 3764 integer (3764 binary)
[2026-05-03 15:44:03,990][gurobipy][INFO] - 
[2026-05-03 15:44:03,990][gurobipy][INFO] - Explored 0 nodes (0 simplex iterations) in 101.48 seconds (75.02 work units)
[2026-05-03 15:44:03,990][gurobipy][INFO] - Thread count was 32 (of 128 available processors)
[2026-05-03 15:44:03,990][gurobipy][INFO] - 
[2026-05-03 15:44:03,990][gurobipy][INFO] - Solution count 1: 0.00407436 
[2026-05-03 15:44:03,990][gurobipy][INFO] - 
[2026-05-03 15:44:03,990][gurobipy][INFO] - Optimal solution found (tolerance 0.00e+00)
[2026-05-03 15:44:04,039][gurobipy][INFO] - Best objective 4.074362229120e-03, best bound 4.074362229120e-03, gap 0.0000%
[2026-05-03 15:46:18,063][gurobipy][INFO] - Gurobi Optimizer version 13.0.1 build v13.0.1rc0 (linux64 - "Ubuntu 22.04.5 LTS")
[2026-05-03 15:46:18,064][gurobipy][INFO] - 
[2026-05-03 15:46:18,064][gurobipy][INFO] - CPU model: Intel(R) Xeon(R) Platinum 8358 CPU @ 2.60GHz, instruction set [SSE2|AVX|AVX2|AVX512]
[2026-05-03 15:46:18,064][gurobipy][INFO] - Thread count: 64 physical cores, 128 logical processors, using up to 32 threads
[2026-05-03 15:46:18,064][gurobipy][INFO] - 
[2026-05-03 15:46:18,064][gurobipy][INFO] - Non-default parameters:
[2026-05-03 15:46:18,064][gurobipy][INFO] - TimeLimit  300
[2026-05-03 15:46:18,064][gurobipy][INFO] - MIPGap  0
[2026-05-03 15:46:18,064][gurobipy][INFO] - 
[2026-05-03 15:46:18,065][gurobipy][INFO] - Academic license 2619742 - for non-commercial use only - registered to it___@mail.huji.ac.il
[2026-05-03 15:46:18,065][gurobipy][INFO] - Optimize a model with 10109889 rows, 48842 columns and 20219778 nonzeros (Min)
[2026-05-03 15:46:18,282][gurobipy][INFO] - Model fingerprint: 0x851b0c87
[2026-05-03 15:46:18,282][gurobipy][INFO] - Model has 48842 linear objective coefficients and an objective constant of 1
[2026-05-03 15:46:18,282][gurobipy][INFO] - Variable types: 0 continuous, 48842 integer (48842 binary)
[2026-05-03 15:46:18,315][gurobipy][INFO] - Coefficient statistics:
[2026-05-03 15:46:18,315][gurobipy][INFO] -   Matrix range     [1e+00, 1e+00]
[2026-05-03 15:46:18,315][gurobipy][INFO] -   Objective range  [2e-05, 2e-05]
[2026-05-03 15:46:18,315][gurobipy][INFO] -   Bounds range     [1e+00, 1e+00]
[2026-05-03 15:46:18,315][gurobipy][INFO] -   RHS range        [1e+00, 1e+00]
[2026-05-03 15:46:18,315][gurobipy][INFO] - 
[2026-05-03 15:46:18,815][gurobipy][INFO] - Found heuristic solution: objective 0.0101552
[2026-05-03 15:46:26,223][gurobipy][INFO] - Presolve removed 0 rows and 0 columns (presolve time = 6s)...
[2026-05-03 15:46:31,439][gurobipy][INFO] - Presolve removed 0 rows and 0 columns (presolve time = 11s)...
[2026-05-03 15:46:37,152][gurobipy][INFO] - Presolve removed 0 rows and 0 columns (presolve time = 16s)...
[2026-05-03 15:46:40,839][gurobipy][INFO] - Presolve removed 0 rows and 0 columns (presolve time = 20s)...
[2026-05-03 15:46:45,714][gurobipy][INFO] - Presolve removed 0 rows and 0 columns (presolve time = 25s)...
[2026-05-03 15:46:50,716][gurobipy][INFO] - Presolve removed 0 rows and 0 columns (presolve time = 30s)...
[2026-05-03 15:46:55,779][gurobipy][INFO] - Presolve removed 459414 rows and 0 columns (presolve time = 35s)...
[2026-05-03 15:47:00,789][gurobipy][INFO] - Presolve removed 459748 rows and 0 columns (presolve time = 40s)...
[2026-05-03 15:47:05,725][gurobipy][INFO] - Presolve removed 459998 rows and 0 columns (presolve time = 45s)...
[2026-05-03 15:47:10,733][gurobipy][INFO] - Presolve removed 460328 rows and 0 columns (presolve time = 50s)...
[2026-05-03 15:47:15,724][gurobipy][INFO] - Presolve removed 460661 rows and 0 columns (presolve time = 55s)...
[2026-05-03 15:47:20,731][gurobipy][INFO] - Presolve removed 460965 rows and 0 columns (presolve time = 60s)...
[2026-05-03 15:47:25,718][gurobipy][INFO] - Presolve removed 461102 rows and 0 columns (presolve time = 65s)...
[2026-05-03 15:47:30,730][gurobipy][INFO] - Presolve removed 461253 rows and 0 columns (presolve time = 70s)...
[2026-05-03 15:47:35,732][gurobipy][INFO] - Presolve removed 461359 rows and 0 columns (presolve time = 75s)...
[2026-05-03 15:47:40,785][gurobipy][INFO] - Presolve removed 461469 rows and 0 columns (presolve time = 80s)...
[2026-05-03 15:47:45,754][gurobipy][INFO] - Presolve removed 461566 rows and 0 columns (presolve time = 85s)...
[2026-05-03 15:47:50,740][gurobipy][INFO] - Presolve removed 461681 rows and 0 columns (presolve time = 90s)...
[2026-05-03 15:47:55,797][gurobipy][INFO] - Presolve removed 467771 rows and 0 columns (presolve time = 95s)...
[2026-05-03 15:48:00,717][gurobipy][INFO] - Presolve removed 478514 rows and 0 columns (presolve time = 100s)...
[2026-05-03 15:48:06,073][gurobipy][INFO] - Presolve removed 480677 rows and 0 columns (presolve time = 105s)...
[2026-05-03 15:48:10,728][gurobipy][INFO] - Presolve removed 483946 rows and 0 columns (presolve time = 110s)...
[2026-05-03 15:48:15,777][gurobipy][INFO] - Presolve removed 487678 rows and 0 columns (presolve time = 115s)...
[2026-05-03 15:48:21,035][gurobipy][INFO] - Presolve removed 489308 rows and 0 columns (presolve time = 120s)...
[2026-05-03 15:48:25,794][gurobipy][INFO] - Presolve removed 491272 rows and 0 columns (presolve time = 125s)...
[2026-05-03 15:48:30,715][gurobipy][INFO] - Presolve removed 491951 rows and 0 columns (presolve time = 130s)...
[2026-05-03 15:48:35,728][gurobipy][INFO] - Presolve removed 494229 rows and 0 columns (presolve time = 135s)...
[2026-05-03 15:48:41,559][gurobipy][INFO] - Presolve removed 497551 rows and 0 columns (presolve time = 141s)...
[2026-05-03 15:48:45,877][gurobipy][INFO] - Presolve removed 499542 rows and 0 columns (presolve time = 145s)...
[2026-05-03 15:48:50,723][gurobipy][INFO] - Presolve removed 503146 rows and 0 columns (presolve time = 150s)...
[2026-05-03 15:48:55,986][gurobipy][INFO] - Presolve removed 503602 rows and 0 columns (presolve time = 155s)...
[2026-05-03 15:49:01,244][gurobipy][INFO] - Presolve removed 504468 rows and 0 columns (presolve time = 161s)...
[2026-05-03 15:49:05,780][gurobipy][INFO] - Presolve removed 504655 rows and 0 columns (presolve time = 165s)...
[2026-05-03 15:49:10,900][gurobipy][INFO] - Presolve removed 504724 rows and 0 columns (presolve time = 170s)...
[2026-05-03 15:49:15,728][gurobipy][INFO] - Presolve removed 505800 rows and 0 columns (presolve time = 175s)...
[2026-05-03 15:49:20,874][gurobipy][INFO] - Presolve removed 505826 rows and 0 columns (presolve time = 180s)...
[2026-05-03 15:49:26,717][gurobipy][INFO] - Presolve removed 505899 rows and 0 columns (presolve time = 186s)...
[2026-05-03 15:49:30,729][gurobipy][INFO] - Presolve removed 507633 rows and 0 columns (presolve time = 190s)...
[2026-05-03 15:49:35,874][gurobipy][INFO] - Presolve removed 511162 rows and 0 columns (presolve time = 195s)...
[2026-05-03 15:49:41,693][gurobipy][INFO] - Presolve removed 512418 rows and 0 columns (presolve time = 201s)...
[2026-05-03 15:49:46,093][gurobipy][INFO] - Presolve removed 512848 rows and 0 columns (presolve time = 205s)...
[2026-05-03 15:49:51,687][gurobipy][INFO] - Presolve removed 512857 rows and 0 columns (presolve time = 211s)...
[2026-05-03 15:49:56,680][gurobipy][INFO] - Presolve removed 512857 rows and 0 columns (presolve time = 216s)...
[2026-05-03 15:50:00,721][gurobipy][INFO] - Presolve removed 516627 rows and 0 columns (presolve time = 220s)...
[2026-05-03 15:50:05,836][gurobipy][INFO] - Presolve removed 516723 rows and 0 columns (presolve time = 225s)...
[2026-05-03 15:50:11,005][gurobipy][INFO] - Presolve removed 516898 rows and 0 columns (presolve time = 230s)...
[2026-05-03 15:50:15,723][gurobipy][INFO] - Presolve removed 516922 rows and 0 columns (presolve time = 235s)...
[2026-05-03 15:50:21,476][gurobipy][INFO] - Presolve removed 516985 rows and 0 columns (presolve time = 241s)...
[2026-05-03 15:50:25,718][gurobipy][INFO] - Presolve removed 520153 rows and 0 columns (presolve time = 245s)...
[2026-05-03 15:50:30,840][gurobipy][INFO] - Presolve removed 523034 rows and 0 columns (presolve time = 250s)...
[2026-05-03 15:50:36,015][gurobipy][INFO] - Presolve removed 526852 rows and 0 columns (presolve time = 255s)...
[2026-05-03 15:50:41,273][gurobipy][INFO] - Presolve removed 527742 rows and 0 columns (presolve time = 261s)...
[2026-05-03 15:50:45,780][gurobipy][INFO] - Presolve removed 527797 rows and 0 columns (presolve time = 265s)...
[2026-05-03 15:50:50,773][gurobipy][INFO] - Presolve removed 527797 rows and 0 columns (presolve time = 270s)...
[2026-05-03 15:50:56,358][gurobipy][INFO] - Presolve removed 527848 rows and 0 columns (presolve time = 276s)...
[2026-05-03 15:51:00,962][gurobipy][INFO] - Presolve removed 527872 rows and 0 columns (presolve time = 280s)...
[2026-05-03 15:51:05,970][gurobipy][INFO] - Presolve removed 530197 rows and 0 columns (presolve time = 285s)...
[2026-05-03 15:51:11,343][gurobipy][INFO] - Presolve removed 530206 rows and 0 columns (presolve time = 291s)...
[2026-05-03 15:51:16,160][gurobipy][INFO] - Presolve removed 530784 rows and 0 columns (presolve time = 295s)...
[2026-05-03 15:51:18,093][gurobipy][INFO] - Presolve removed 530784 rows and 0 columns
[2026-05-03 15:51:18,093][gurobipy][INFO] - Presolve time: 297.38s
[2026-05-03 15:51:18,668][gurobipy][INFO] - 
[2026-05-03 15:51:18,668][gurobipy][INFO] - Explored 0 nodes (0 simplex iterations) in 300.60 seconds (135.53 work units)
[2026-05-03 15:51:18,668][gurobipy][INFO] - Thread count was 1 (of 128 available processors)
[2026-05-03 15:51:18,668][gurobipy][INFO] - 
[2026-05-03 15:51:18,668][gurobipy][INFO] - Solution count 1: 0.0101552 
[2026-05-03 15:51:18,668][gurobipy][INFO] - 
[2026-05-03 15:51:18,668][gurobipy][INFO] - Time limit reached
[2026-05-03 15:51:18,796][gurobipy][INFO] - Best objective 1.015519429988e-02, best bound -, gap -
