[2026-05-03 15:42:50,450][gurobipy][INFO] - Set parameter WLSAccessID
[2026-05-03 15:42:50,451][gurobipy][INFO] - Set parameter WLSSecret
[2026-05-03 15:42:50,451][gurobipy][INFO] - Set parameter LicenseID to value 2619742
[2026-05-03 15:42:50,481][gurobipy][INFO] - Academic license 2619742 - for non-commercial use only - registered to it___@mail.huji.ac.il
[2026-05-03 15:42:50,483][gurobipy][INFO] - Set parameter OutputFlag to value 1
[2026-05-03 15:42:50,483][gurobipy][INFO] - Set parameter MIPGap to value 0
[2026-05-03 15:42:50,484][gurobipy][INFO] - Set parameter TimeLimit to value 300
[2026-05-03 15:59:53,605][gurobipy][INFO] - Set parameter NonConvex to value 2
[2026-05-03 16:02:45,555][gurobipy][INFO] - Gurobi Optimizer version 13.0.1 build v13.0.1rc0 (linux64 - "Ubuntu 22.04.5 LTS")
[2026-05-03 16:02:45,555][gurobipy][INFO] - 
[2026-05-03 16:02:45,556][gurobipy][INFO] - CPU model: Intel(R) Xeon(R) Platinum 8358 CPU @ 2.60GHz, instruction set [SSE2|AVX|AVX2|AVX512]
[2026-05-03 16:02:45,556][gurobipy][INFO] - Thread count: 64 physical cores, 128 logical processors, using up to 32 threads
[2026-05-03 16:02:45,556][gurobipy][INFO] - 
[2026-05-03 16:02:45,556][gurobipy][INFO] - Non-default parameters:
[2026-05-03 16:02:45,556][gurobipy][INFO] - TimeLimit  300
[2026-05-03 16:02:45,556][gurobipy][INFO] - MIPGap  0
[2026-05-03 16:02:45,556][gurobipy][INFO] - NonConvex  2
[2026-05-03 16:02:45,556][gurobipy][INFO] - 
[2026-05-03 16:02:45,556][gurobipy][INFO] - Academic license 2619742 - for non-commercial use only - registered to it___@mail.huji.ac.il
[2026-05-03 16:02:45,556][gurobipy][INFO] - Optimize a model with 25770112 rows, 3395624 columns and 51540224 nonzeros (Min)
[2026-05-03 16:02:48,009][gurobipy][INFO] - Model fingerprint: 0x79fd48e0
[2026-05-03 16:02:48,011][gurobipy][INFO] - Model has 3395624 linear objective coefficients and an objective constant of 0.5
[2026-05-03 16:02:48,011][gurobipy][INFO] - Model has 40 quadratic constraints
[2026-05-03 16:02:48,014][gurobipy][INFO] - Variable types: 20 continuous, 3395604 integer (3395604 binary)
[2026-05-03 16:02:48,400][gurobipy][INFO] - Coefficient statistics:
[2026-05-03 16:02:48,400][gurobipy][INFO] -   Matrix range     [1e+00, 1e+00]
[2026-05-03 16:02:48,400][gurobipy][INFO] -   QMatrix range    [1e+00, 1e+00]
[2026-05-03 16:02:48,400][gurobipy][INFO] -   QLMatrix range   [3e-06, 1e+00]
[2026-05-03 16:02:48,400][gurobipy][INFO] -   Objective range  [1e-07, 3e-02]
[2026-05-03 16:02:48,400][gurobipy][INFO] -   Bounds range     [1e+00, 1e+00]
[2026-05-03 16:02:48,400][gurobipy][INFO] -   RHS range        [1e+00, 1e+00]
[2026-05-03 16:02:48,400][gurobipy][INFO] - 
[2026-05-03 16:02:49,815][gurobipy][INFO] - Found heuristic solution: objective 0.5000000
[2026-05-03 16:03:04,661][gurobipy][INFO] - Presolve removed 0 rows and 0 columns (presolve time = 5s)...
[2026-05-03 16:03:17,785][gurobipy][INFO] - Presolve removed 0 rows and 0 columns (presolve time = 18s)...
[2026-05-03 16:03:19,620][gurobipy][INFO] - Presolve removed 0 rows and 0 columns (presolve time = 20s)...
[2026-05-03 16:03:33,220][gurobipy][INFO] - Presolve removed 0 rows and 0 columns (presolve time = 34s)...
[2026-05-03 16:03:35,397][gurobipy][INFO] - Presolve removed 0 rows and 0 columns (presolve time = 36s)...
[2026-05-03 16:03:45,408][gurobipy][INFO] - Presolve removed 0 rows and 0 columns (presolve time = 46s)...
[2026-05-03 16:03:52,457][gurobipy][INFO] - Presolve removed 0 rows and 0 columns (presolve time = 53s)...
[2026-05-03 16:04:06,742][gurobipy][INFO] - Presolve removed 0 rows and 0 columns (presolve time = 67s)...
[2026-05-03 16:04:17,676][gurobipy][INFO] - Presolve removed 0 rows and 0 columns (presolve time = 78s)...
[2026-05-03 16:04:19,837][gurobipy][INFO] - Presolve removed 0 rows and 0 columns (presolve time = 80s)...
[2026-05-03 16:04:27,935][gurobipy][INFO] - Presolve removed 0 rows and 0 columns (presolve time = 88s)...
[2026-05-03 16:04:29,615][gurobipy][INFO] - Presolve removed 0 rows and 0 columns (presolve time = 90s)...
[2026-05-03 16:04:34,610][gurobipy][INFO] - Presolve removed 0 rows and 0 columns (presolve time = 95s)...
[2026-05-03 16:04:39,611][gurobipy][INFO] - Presolve removed 0 rows and 0 columns (presolve time = 100s)...
[2026-05-03 16:04:44,616][gurobipy][INFO] - Presolve removed 0 rows and 0 columns (presolve time = 105s)...
[2026-05-03 16:04:49,617][gurobipy][INFO] - Presolve removed 0 rows and 0 columns (presolve time = 110s)...
[2026-05-03 16:04:54,616][gurobipy][INFO] - Presolve removed 0 rows and 0 columns (presolve time = 115s)...
[2026-05-03 16:04:59,618][gurobipy][INFO] - Presolve removed 0 rows and 0 columns (presolve time = 120s)...
[2026-05-03 16:05:04,618][gurobipy][INFO] - Presolve removed 0 rows and 0 columns (presolve time = 125s)...
[2026-05-03 16:05:09,614][gurobipy][INFO] - Presolve removed 0 rows and 0 columns (presolve time = 130s)...
[2026-05-03 16:05:14,620][gurobipy][INFO] - Presolve removed 0 rows and 0 columns (presolve time = 135s)...
[2026-05-03 16:05:19,624][gurobipy][INFO] - Presolve removed 0 rows and 0 columns (presolve time = 140s)...
[2026-05-03 16:05:24,614][gurobipy][INFO] - Presolve removed 0 rows and 0 columns (presolve time = 145s)...
[2026-05-03 16:05:29,607][gurobipy][INFO] - Presolve removed 0 rows and 0 columns (presolve time = 150s)...
[2026-05-03 16:05:34,617][gurobipy][INFO] - Presolve removed 0 rows and 0 columns (presolve time = 155s)...
[2026-05-03 16:05:39,609][gurobipy][INFO] - Presolve removed 0 rows and 0 columns (presolve time = 160s)...
[2026-05-03 16:05:44,614][gurobipy][INFO] - Presolve removed 0 rows and 0 columns (presolve time = 165s)...
[2026-05-03 16:05:49,617][gurobipy][INFO] - Presolve removed 0 rows and 0 columns (presolve time = 170s)...
[2026-05-03 16:05:54,610][gurobipy][INFO] - Presolve removed 0 rows and 0 columns (presolve time = 175s)...
[2026-05-03 16:05:59,607][gurobipy][INFO] - Presolve removed 0 rows and 0 columns (presolve time = 180s)...
[2026-05-03 16:06:04,614][gurobipy][INFO] - Presolve removed 0 rows and 0 columns (presolve time = 185s)...
[2026-05-03 16:06:09,609][gurobipy][INFO] - Presolve removed 0 rows and 0 columns (presolve time = 190s)...
[2026-05-03 16:06:14,616][gurobipy][INFO] - Presolve removed 0 rows and 0 columns (presolve time = 195s)...
[2026-05-03 16:06:19,606][gurobipy][INFO] - Presolve removed 0 rows and 0 columns (presolve time = 200s)...
[2026-05-03 16:06:24,616][gurobipy][INFO] - Presolve removed 0 rows and 0 columns (presolve time = 205s)...
[2026-05-03 16:06:29,613][gurobipy][INFO] - Presolve removed 0 rows and 0 columns (presolve time = 210s)...
[2026-05-03 16:06:34,607][gurobipy][INFO] - Presolve removed 0 rows and 0 columns (presolve time = 215s)...
[2026-05-03 16:06:39,612][gurobipy][INFO] - Presolve removed 0 rows and 0 columns (presolve time = 220s)...
[2026-05-03 16:06:56,885][gurobipy][INFO] - Presolve removed 0 rows and 0 columns (presolve time = 237s)...
[2026-05-03 16:06:59,616][gurobipy][INFO] - Presolve removed 0 rows and 0 columns (presolve time = 240s)...
[2026-05-03 16:07:04,608][gurobipy][INFO] - Presolve removed 0 rows and 0 columns (presolve time = 245s)...
[2026-05-03 16:07:09,612][gurobipy][INFO] - Presolve removed 0 rows and 0 columns (presolve time = 250s)...
[2026-05-03 16:07:14,616][gurobipy][INFO] - Presolve removed 0 rows and 0 columns (presolve time = 255s)...
[2026-05-03 16:07:19,611][gurobipy][INFO] - Presolve removed 0 rows and 0 columns (presolve time = 260s)...
[2026-05-03 16:07:24,617][gurobipy][INFO] - Presolve removed 0 rows and 0 columns (presolve time = 265s)...
[2026-05-03 16:07:29,607][gurobipy][INFO] - Presolve removed 0 rows and 0 columns (presolve time = 270s)...
[2026-05-03 16:07:34,613][gurobipy][INFO] - Presolve removed 0 rows and 0 columns (presolve time = 275s)...
[2026-05-03 16:07:39,617][gurobipy][INFO] - Presolve removed 0 rows and 0 columns (presolve time = 280s)...
[2026-05-03 16:07:44,609][gurobipy][INFO] - Presolve removed 0 rows and 0 columns (presolve time = 285s)...
[2026-05-03 16:07:45,565][gurobipy][INFO] - Presolve added 40 rows and 20 columns
[2026-05-03 16:07:45,566][gurobipy][INFO] - Presolve time: 285.96s
[2026-05-03 16:07:48,148][gurobipy][INFO] - 
[2026-05-03 16:07:48,148][gurobipy][INFO] - Explored 0 nodes (0 simplex iterations) in 302.59 seconds (929.48 work units)
[2026-05-03 16:07:48,148][gurobipy][INFO] - Thread count was 1 (of 128 available processors)
[2026-05-03 16:07:48,155][gurobipy][INFO] - 
[2026-05-03 16:07:48,155][gurobipy][INFO] - Solution count 1: 0.5 
[2026-05-03 16:07:48,155][gurobipy][INFO] - 
[2026-05-03 16:07:48,155][gurobipy][INFO] - Time limit reached
[2026-05-03 16:07:48,776][gurobipy][INFO] - Best objective 5.000000000000e-01, best bound -, gap -
