[2026-05-03 16:19:21,837][gurobipy][INFO] - Set parameter WLSAccessID
[2026-05-03 16:19:21,837][gurobipy][INFO] - Set parameter WLSSecret
[2026-05-03 16:19:21,837][gurobipy][INFO] - Set parameter LicenseID to value 2619742
[2026-05-03 16:19:21,864][gurobipy][INFO] - Academic license 2619742 - for non-commercial use only - registered to it___@mail.huji.ac.il
[2026-05-03 16:19:21,865][gurobipy][INFO] - Set parameter OutputFlag to value 1
[2026-05-03 16:19:21,865][gurobipy][INFO] - Set parameter MIPGap to value 0
[2026-05-03 16:19:21,865][gurobipy][INFO] - Set parameter TimeLimit to value 300
[2026-05-03 16:20:27,344][gurobipy][INFO] - Gurobi Optimizer version 13.0.1 build v13.0.1rc0 (linux64 - "Ubuntu 22.04.5 LTS")
[2026-05-03 16:20:27,344][gurobipy][INFO] - 
[2026-05-03 16:20:27,344][gurobipy][INFO] - CPU model: Intel(R) Xeon(R) Platinum 8358 CPU @ 2.60GHz, instruction set [SSE2|AVX|AVX2|AVX512]
[2026-05-03 16:20:27,344][gurobipy][INFO] - Thread count: 64 physical cores, 128 logical processors, using up to 32 threads
[2026-05-03 16:20:27,344][gurobipy][INFO] - 
[2026-05-03 16:20:27,344][gurobipy][INFO] - Non-default parameters:
[2026-05-03 16:20:27,344][gurobipy][INFO] - TimeLimit  300
[2026-05-03 16:20:27,344][gurobipy][INFO] - MIPGap  0
[2026-05-03 16:20:27,344][gurobipy][INFO] - 
[2026-05-03 16:20:27,345][gurobipy][INFO] - Academic license 2619742 - for non-commercial use only - registered to it___@mail.huji.ac.il
[2026-05-03 16:20:27,345][gurobipy][INFO] - Optimize a model with 1671692 rows, 60798 columns and 3343384 nonzeros (Min)
[2026-05-03 16:20:27,378][gurobipy][INFO] - Model fingerprint: 0x19287ce1
[2026-05-03 16:20:27,378][gurobipy][INFO] - Model has 60798 linear objective coefficients and an objective constant of 9.9999999999999989e-01
[2026-05-03 16:20:27,378][gurobipy][INFO] - Variable types: 0 continuous, 60798 integer (60798 binary)
[2026-05-03 16:20:27,384][gurobipy][INFO] - Coefficient statistics:
[2026-05-03 16:20:27,384][gurobipy][INFO] -   Matrix range     [1e+00, 1e+00]
[2026-05-03 16:20:27,384][gurobipy][INFO] -   Objective range  [2e-05, 2e-05]
[2026-05-03 16:20:27,384][gurobipy][INFO] -   Bounds range     [1e+00, 1e+00]
[2026-05-03 16:20:27,384][gurobipy][INFO] -   RHS range        [1e+00, 1e+00]
[2026-05-03 16:20:27,384][gurobipy][INFO] - 
[2026-05-03 16:20:27,428][gurobipy][INFO] - Found heuristic solution: objective 0.0009375
[2026-05-03 16:20:32,617][gurobipy][INFO] - Presolve removed 67590 rows and 0 columns (presolve time = 5s)...
[2026-05-03 16:20:37,599][gurobipy][INFO] - Presolve removed 74287 rows and 0 columns (presolve time = 10s)...
[2026-05-03 16:20:41,321][gurobipy][INFO] - Presolve removed 1641567 rows and 59576 columns
[2026-05-03 16:20:41,321][gurobipy][INFO] - Presolve time: 13.73s
[2026-05-03 16:20:41,334][gurobipy][INFO] - Presolved: 30125 rows, 1222 columns, 64549 nonzeros
[2026-05-03 16:20:41,350][gurobipy][INFO] - Variable types: 0 continuous, 1222 integer (1222 binary)
[2026-05-03 16:20:41,545][gurobipy][INFO] - Performing another presolve...
[2026-05-03 16:20:41,596][gurobipy][INFO] - Presolve removed 30125 rows and 1222 columns
[2026-05-03 16:20:41,596][gurobipy][INFO] - Presolve time: 0.05s
[2026-05-03 16:20:41,770][gurobipy][INFO] - 
[2026-05-03 16:20:41,770][gurobipy][INFO] - Explored 1 nodes (0 simplex iterations) in 14.43 seconds (22.21 work units)
[2026-05-03 16:20:41,770][gurobipy][INFO] - Thread count was 32 (of 128 available processors)
[2026-05-03 16:20:41,771][gurobipy][INFO] - 
[2026-05-03 16:20:41,771][gurobipy][INFO] - Solution count 1: 0.000937531 
[2026-05-03 16:20:41,771][gurobipy][INFO] - 
[2026-05-03 16:20:41,771][gurobipy][INFO] - Optimal solution found (tolerance 0.00e+00)
[2026-05-03 16:20:41,861][gurobipy][INFO] - Best objective 9.375308397713e-04, best bound 9.375308397713e-04, gap 0.0000%
