[2026-05-03 17:40:17,153][gurobipy][INFO] - Set parameter WLSAccessID
[2026-05-03 17:40:17,154][gurobipy][INFO] - Set parameter WLSSecret
[2026-05-03 17:40:17,154][gurobipy][INFO] - Set parameter LicenseID to value 2619742
[2026-05-03 17:40:17,185][gurobipy][INFO] - Academic license 2619742 - for non-commercial use only - registered to it___@mail.huji.ac.il
[2026-05-03 17:40:17,187][gurobipy][INFO] - Set parameter OutputFlag to value 1
[2026-05-03 17:40:17,187][gurobipy][INFO] - Set parameter MIPGap to value 0
[2026-05-03 17:40:17,187][gurobipy][INFO] - Set parameter TimeLimit to value 300
[2026-05-03 17:43:59,966][gurobipy][INFO] - Set parameter NonConvex to value 2
[2026-05-03 17:44:50,689][gurobipy][INFO] - Gurobi Optimizer version 13.0.1 build v13.0.1rc0 (linux64 - "Ubuntu 22.04.5 LTS")
[2026-05-03 17:44:50,690][gurobipy][INFO] - 
[2026-05-03 17:44:50,690][gurobipy][INFO] - CPU model: Intel(R) Xeon(R) Platinum 8358 CPU @ 2.60GHz, instruction set [SSE2|AVX|AVX2|AVX512]
[2026-05-03 17:44:50,690][gurobipy][INFO] - Thread count: 64 physical cores, 128 logical processors, using up to 32 threads
[2026-05-03 17:44:50,690][gurobipy][INFO] - 
[2026-05-03 17:44:50,690][gurobipy][INFO] - Non-default parameters:
[2026-05-03 17:44:50,690][gurobipy][INFO] - TimeLimit  300
[2026-05-03 17:44:50,690][gurobipy][INFO] - MIPGap  0
[2026-05-03 17:44:50,690][gurobipy][INFO] - NonConvex  2
[2026-05-03 17:44:50,690][gurobipy][INFO] - 
[2026-05-03 17:44:50,691][gurobipy][INFO] - Academic license 2619742 - for non-commercial use only - registered to it___@mail.huji.ac.il
[2026-05-03 17:44:50,691][gurobipy][INFO] - Optimize a model with 836305 rows, 999930 columns and 1672610 nonzeros (Min)
[2026-05-03 17:44:51,293][gurobipy][INFO] - Model fingerprint: 0xedcb603a
[2026-05-03 17:44:51,294][gurobipy][INFO] - Model has 999930 linear objective coefficients and an objective constant of 0.5
[2026-05-03 17:44:51,294][gurobipy][INFO] - Model has 40 quadratic constraints
[2026-05-03 17:44:51,295][gurobipy][INFO] - Variable types: 20 continuous, 999910 integer (999910 binary)
[2026-05-03 17:44:51,381][gurobipy][INFO] - Coefficient statistics:
[2026-05-03 17:44:51,381][gurobipy][INFO] -   Matrix range     [1e+00, 1e+00]
[2026-05-03 17:44:51,381][gurobipy][INFO] -   QMatrix range    [1e+00, 1e+00]
[2026-05-03 17:44:51,381][gurobipy][INFO] -   QLMatrix range   [4e-05, 1e+00]
[2026-05-03 17:44:51,381][gurobipy][INFO] -   Objective range  [5e-07, 3e-02]
[2026-05-03 17:44:51,381][gurobipy][INFO] -   Bounds range     [1e+00, 1e+00]
[2026-05-03 17:44:51,381][gurobipy][INFO] -   RHS range        [1e+00, 1e+00]
[2026-05-03 17:44:51,381][gurobipy][INFO] - 
[2026-05-03 17:44:51,620][gurobipy][INFO] - Found heuristic solution: objective 0.5000000
[2026-05-03 17:45:01,181][gurobipy][INFO] - Presolve removed 0 rows and 0 columns (presolve time = 8s)...
[2026-05-03 17:45:04,827][gurobipy][INFO] - Presolve removed 0 rows and 0 columns (presolve time = 12s)...
[2026-05-03 17:45:08,824][gurobipy][INFO] - Presolve removed 0 rows and 0 columns (presolve time = 16s)...
[2026-05-03 17:45:13,525][gurobipy][INFO] - Presolve removed 0 rows and 0 columns (presolve time = 20s)...
[2026-05-03 17:45:18,179][gurobipy][INFO] - Presolve removed 176095 rows and 0 columns (presolve time = 25s)...
[2026-05-03 17:45:24,840][gurobipy][INFO] - Presolve removed 176095 rows and 0 columns (presolve time = 32s)...
[2026-05-03 17:45:28,172][gurobipy][INFO] - Presolve removed 176095 rows and 0 columns (presolve time = 35s)...
[2026-05-03 17:45:33,977][gurobipy][INFO] - Presolve removed 176095 rows and 0 columns (presolve time = 41s)...
[2026-05-03 17:45:38,146][gurobipy][INFO] - Presolve removed 176095 rows and 0 columns (presolve time = 45s)...
[2026-05-03 17:45:43,150][gurobipy][INFO] - Presolve removed 176095 rows and 0 columns (presolve time = 50s)...
[2026-05-03 17:45:48,211][gurobipy][INFO] - Presolve removed 176095 rows and 0 columns (presolve time = 55s)...
[2026-05-03 17:45:56,650][gurobipy][INFO] - Presolve removed 176095 rows and 0 columns (presolve time = 64s)...
[2026-05-03 17:45:58,143][gurobipy][INFO] - Presolve removed 176095 rows and 0 columns (presolve time = 65s)...
[2026-05-03 17:46:03,146][gurobipy][INFO] - Presolve removed 176095 rows and 0 columns (presolve time = 70s)...
[2026-05-03 17:46:08,940][gurobipy][INFO] - Presolve removed 176095 rows and 0 columns (presolve time = 76s)...
[2026-05-03 17:47:21,165][gurobipy][INFO] - Presolve removed 176095 rows and 0 columns (presolve time = 148s)...
[2026-05-03 17:47:21,166][gurobipy][INFO] - Presolve added 0 rows and 20 columns
[2026-05-03 17:47:21,166][gurobipy][INFO] - Presolve removed 176055 rows and 0 columns
[2026-05-03 17:47:21,166][gurobipy][INFO] - Presolve time: 148.03s
[2026-05-03 17:47:21,294][gurobipy][INFO] - Presolved: 40656670 rows, 60994550 columns, 161482130 nonzeros
[2026-05-03 17:47:21,294][gurobipy][INFO] - Presolved model has 39996400 SOS constraint(s)
