[2026-05-03 16:10:38,645][gurobipy][INFO] - Set parameter WLSAccessID
[2026-05-03 16:10:38,645][gurobipy][INFO] - Set parameter WLSSecret
[2026-05-03 16:10:38,645][gurobipy][INFO] - Set parameter LicenseID to value 2619742
[2026-05-03 16:10:38,671][gurobipy][INFO] - Academic license 2619742 - for non-commercial use only - registered to it___@mail.huji.ac.il
[2026-05-03 16:10:38,673][gurobipy][INFO] - Set parameter OutputFlag to value 1
[2026-05-03 16:10:38,673][gurobipy][INFO] - Set parameter MIPGap to value 0
[2026-05-03 16:10:38,673][gurobipy][INFO] - Set parameter TimeLimit to value 300
[2026-05-03 16:11:47,095][gurobipy][INFO] - Set parameter NonConvex to value 2
[2026-05-03 16:11:50,013][gurobipy][INFO] - Gurobi Optimizer version 13.0.1 build v13.0.1rc0 (linux64 - "Ubuntu 22.04.5 LTS")
[2026-05-03 16:11:50,014][gurobipy][INFO] - 
[2026-05-03 16:11:50,014][gurobipy][INFO] - CPU model: Intel(R) Xeon(R) Platinum 8358 CPU @ 2.60GHz, instruction set [SSE2|AVX|AVX2|AVX512]
[2026-05-03 16:11:50,014][gurobipy][INFO] - Thread count: 64 physical cores, 128 logical processors, using up to 32 threads
[2026-05-03 16:11:50,014][gurobipy][INFO] - 
[2026-05-03 16:11:50,014][gurobipy][INFO] - Non-default parameters:
[2026-05-03 16:11:50,014][gurobipy][INFO] - TimeLimit  300
[2026-05-03 16:11:50,014][gurobipy][INFO] - MIPGap  0
[2026-05-03 16:11:50,014][gurobipy][INFO] - NonConvex  2
[2026-05-03 16:11:50,014][gurobipy][INFO] - 
[2026-05-03 16:11:50,014][gurobipy][INFO] - Academic license 2619742 - for non-commercial use only - registered to it___@mail.huji.ac.il
[2026-05-03 16:11:50,014][gurobipy][INFO] - Optimize a model with 1738606 rows, 60818 columns and 3477212 nonzeros (Min)
[2026-05-03 16:11:50,082][gurobipy][INFO] - Model fingerprint: 0xd7867a07
[2026-05-03 16:11:50,082][gurobipy][INFO] - Model has 60818 linear objective coefficients and an objective constant of 4.9999999999999994e-01
[2026-05-03 16:11:50,082][gurobipy][INFO] - Model has 40 quadratic constraints
[2026-05-03 16:11:50,082][gurobipy][INFO] - Variable types: 20 continuous, 60798 integer (60798 binary)
[2026-05-03 16:11:50,093][gurobipy][INFO] - Coefficient statistics:
[2026-05-03 16:11:50,093][gurobipy][INFO] -   Matrix range     [1e+00, 1e+00]
[2026-05-03 16:11:50,093][gurobipy][INFO] -   QMatrix range    [1e+00, 1e+00]
[2026-05-03 16:11:50,093][gurobipy][INFO] -   QLMatrix range   [5e-05, 1e+00]
[2026-05-03 16:11:50,093][gurobipy][INFO] -   Objective range  [8e-06, 3e-02]
[2026-05-03 16:11:50,093][gurobipy][INFO] -   Bounds range     [1e+00, 1e+00]
[2026-05-03 16:11:50,093][gurobipy][INFO] -   RHS range        [1e+00, 1e+00]
[2026-05-03 16:11:50,093][gurobipy][INFO] - 
[2026-05-03 16:11:50,132][gurobipy][INFO] - Found heuristic solution: objective 0.5000000
[2026-05-03 16:11:55,445][gurobipy][INFO] - Presolve removed 0 rows and 0 columns (presolve time = 5s)...
[2026-05-03 16:12:00,424][gurobipy][INFO] - Presolve removed 259040 rows and 0 columns (presolve time = 10s)...
[2026-05-03 16:12:05,463][gurobipy][INFO] - Presolve removed 262684 rows and 0 columns (presolve time = 15s)...
[2026-05-03 16:12:10,348][gurobipy][INFO] - Presolve removed 264546 rows and 0 columns (presolve time = 20s)...
[2026-05-03 16:12:15,366][gurobipy][INFO] - Presolve removed 264546 rows and 0 columns (presolve time = 25s)...
[2026-05-03 16:12:20,429][gurobipy][INFO] - Presolve removed 264546 rows and 0 columns (presolve time = 30s)...
[2026-05-03 16:12:25,346][gurobipy][INFO] - Presolve removed 264546 rows and 0 columns (presolve time = 35s)...
[2026-05-03 16:12:30,383][gurobipy][INFO] - Presolve removed 264546 rows and 0 columns (presolve time = 40s)...
[2026-05-03 16:12:35,345][gurobipy][INFO] - Presolve removed 264546 rows and 0 columns (presolve time = 45s)...
[2026-05-03 16:12:45,198][gurobipy][INFO] - Presolve removed 264546 rows and 0 columns (presolve time = 55s)...
[2026-05-03 16:12:45,198][gurobipy][INFO] - Presolve added 0 rows and 19 columns
[2026-05-03 16:12:45,198][gurobipy][INFO] - Presolve removed 264508 rows and 0 columns
[2026-05-03 16:12:45,198][gurobipy][INFO] - Presolve time: 54.85s
[2026-05-03 16:12:45,207][gurobipy][INFO] - Presolved: 3906038 rows, 3708717 columns, 12818334 nonzeros
[2026-05-03 16:12:45,207][gurobipy][INFO] - Presolved model has 2431920 SOS constraint(s)
[2026-05-03 16:13:01,543][gurobipy][INFO] - Variable types: 2431959 continuous, 1276758 integer (1276758 binary)
[2026-05-03 16:16:50,720][gurobipy][INFO] - 
[2026-05-03 16:16:50,721][gurobipy][INFO] - Explored 1 nodes (0 simplex iterations) in 300.71 seconds (375.83 work units)
[2026-05-03 16:16:50,721][gurobipy][INFO] - Thread count was 32 (of 128 available processors)
[2026-05-03 16:16:50,721][gurobipy][INFO] - 
[2026-05-03 16:16:50,721][gurobipy][INFO] - Solution count 1: 0.5 
[2026-05-03 16:16:50,721][gurobipy][INFO] - 
[2026-05-03 16:16:50,721][gurobipy][INFO] - Time limit reached
[2026-05-03 16:16:50,744][gurobipy][INFO] - Best objective 5.000000000000e-01, best bound -5.732534808173e-13, gap 100.0000%
